[2023-12-26T01:01:22.679+0000] {processor.py:161} INFO - Started process (PID=6926) to work on /usr/local/python/3.10.13/lib/python3.10/site-packages/airflow/example_dags/example_nested_branch_dag.py
[2023-12-26T01:01:22.680+0000] {processor.py:830} INFO - Processing file /usr/local/python/3.10.13/lib/python3.10/site-packages/airflow/example_dags/example_nested_branch_dag.py for tasks to queue
[2023-12-26T01:01:22.680+0000] {logging_mixin.py:188} INFO - [2023-12-26T01:01:22.680+0000] {dagbag.py:538} INFO - Filling up the DagBag from /usr/local/python/3.10.13/lib/python3.10/site-packages/airflow/example_dags/example_nested_branch_dag.py
[2023-12-26T01:01:22.690+0000] {processor.py:840} INFO - DAG(s) 'example_nested_branch_dag' retrieved from /usr/local/python/3.10.13/lib/python3.10/site-packages/airflow/example_dags/example_nested_branch_dag.py
[2023-12-26T01:01:22.815+0000] {logging_mixin.py:188} INFO - [2023-12-26T01:01:22.814+0000] {override.py:1769} INFO - Created Permission View: can delete on DAG:example_nested_branch_dag
[2023-12-26T01:01:22.843+0000] {logging_mixin.py:188} INFO - [2023-12-26T01:01:22.843+0000] {override.py:1769} INFO - Created Permission View: can read on DAG:example_nested_branch_dag
[2023-12-26T01:01:22.867+0000] {logging_mixin.py:188} INFO - [2023-12-26T01:01:22.867+0000] {override.py:1769} INFO - Created Permission View: can edit on DAG:example_nested_branch_dag
[2023-12-26T01:01:22.867+0000] {logging_mixin.py:188} INFO - [2023-12-26T01:01:22.867+0000] {dag.py:3033} INFO - Sync 1 DAGs
[2023-12-26T01:01:22.877+0000] {logging_mixin.py:188} INFO - [2023-12-26T01:01:22.876+0000] {dag.py:3055} INFO - Creating ORM DAG for example_nested_branch_dag
[2023-12-26T01:01:22.884+0000] {logging_mixin.py:188} INFO - [2023-12-26T01:01:22.884+0000] {dag.py:3820} INFO - Setting next_dagrun for example_nested_branch_dag to 2023-12-25T00:00:00+00:00, run_after=2023-12-26T00:00:00+00:00
[2023-12-26T01:01:22.922+0000] {processor.py:183} INFO - Processing /usr/local/python/3.10.13/lib/python3.10/site-packages/airflow/example_dags/example_nested_branch_dag.py took 0.245 seconds
[2023-12-26T01:02:20.173+0000] {processor.py:161} INFO - Started process (PID=8363) to work on /usr/local/python/3.10.13/lib/python3.10/site-packages/airflow/example_dags/example_nested_branch_dag.py
[2023-12-26T01:02:20.174+0000] {processor.py:830} INFO - Processing file /usr/local/python/3.10.13/lib/python3.10/site-packages/airflow/example_dags/example_nested_branch_dag.py for tasks to queue
[2023-12-26T01:02:20.174+0000] {logging_mixin.py:188} INFO - [2023-12-26T01:02:20.174+0000] {dagbag.py:538} INFO - Filling up the DagBag from /usr/local/python/3.10.13/lib/python3.10/site-packages/airflow/example_dags/example_nested_branch_dag.py
[2023-12-26T01:02:20.182+0000] {processor.py:840} INFO - DAG(s) 'example_nested_branch_dag' retrieved from /usr/local/python/3.10.13/lib/python3.10/site-packages/airflow/example_dags/example_nested_branch_dag.py
[2023-12-26T01:02:20.195+0000] {logging_mixin.py:188} INFO - [2023-12-26T01:02:20.195+0000] {dag.py:3033} INFO - Sync 1 DAGs
[2023-12-26T01:02:20.211+0000] {logging_mixin.py:188} INFO - [2023-12-26T01:02:20.211+0000] {dag.py:3820} INFO - Setting next_dagrun for example_nested_branch_dag to 2023-12-25T00:00:00+00:00, run_after=2023-12-26T00:00:00+00:00
[2023-12-26T01:02:20.245+0000] {processor.py:183} INFO - Processing /usr/local/python/3.10.13/lib/python3.10/site-packages/airflow/example_dags/example_nested_branch_dag.py took 0.074 seconds
[2023-12-26T01:03:05.927+0000] {processor.py:161} INFO - Started process (PID=8910) to work on /usr/local/python/3.10.13/lib/python3.10/site-packages/airflow/example_dags/example_nested_branch_dag.py
[2023-12-26T01:03:05.927+0000] {processor.py:830} INFO - Processing file /usr/local/python/3.10.13/lib/python3.10/site-packages/airflow/example_dags/example_nested_branch_dag.py for tasks to queue
[2023-12-26T01:03:05.928+0000] {logging_mixin.py:188} INFO - [2023-12-26T01:03:05.928+0000] {dagbag.py:538} INFO - Filling up the DagBag from /usr/local/python/3.10.13/lib/python3.10/site-packages/airflow/example_dags/example_nested_branch_dag.py
[2023-12-26T01:03:05.936+0000] {processor.py:840} INFO - DAG(s) 'example_nested_branch_dag' retrieved from /usr/local/python/3.10.13/lib/python3.10/site-packages/airflow/example_dags/example_nested_branch_dag.py
[2023-12-26T01:03:05.948+0000] {logging_mixin.py:188} INFO - [2023-12-26T01:03:05.948+0000] {dag.py:3033} INFO - Sync 1 DAGs
[2023-12-26T01:03:05.963+0000] {logging_mixin.py:188} INFO - [2023-12-26T01:03:05.963+0000] {dag.py:3820} INFO - Setting next_dagrun for example_nested_branch_dag to 2023-12-25T00:00:00+00:00, run_after=2023-12-26T00:00:00+00:00
[2023-12-26T01:03:05.996+0000] {processor.py:183} INFO - Processing /usr/local/python/3.10.13/lib/python3.10/site-packages/airflow/example_dags/example_nested_branch_dag.py took 0.072 seconds
[2023-12-26T01:03:52.468+0000] {processor.py:161} INFO - Started process (PID=9575) to work on /usr/local/python/3.10.13/lib/python3.10/site-packages/airflow/example_dags/example_nested_branch_dag.py
[2023-12-26T01:03:52.468+0000] {processor.py:830} INFO - Processing file /usr/local/python/3.10.13/lib/python3.10/site-packages/airflow/example_dags/example_nested_branch_dag.py for tasks to queue
[2023-12-26T01:03:52.469+0000] {logging_mixin.py:188} INFO - [2023-12-26T01:03:52.469+0000] {dagbag.py:538} INFO - Filling up the DagBag from /usr/local/python/3.10.13/lib/python3.10/site-packages/airflow/example_dags/example_nested_branch_dag.py
[2023-12-26T01:03:52.477+0000] {processor.py:840} INFO - DAG(s) 'example_nested_branch_dag' retrieved from /usr/local/python/3.10.13/lib/python3.10/site-packages/airflow/example_dags/example_nested_branch_dag.py
[2023-12-26T01:03:52.489+0000] {logging_mixin.py:188} INFO - [2023-12-26T01:03:52.489+0000] {dag.py:3033} INFO - Sync 1 DAGs
[2023-12-26T01:03:52.504+0000] {logging_mixin.py:188} INFO - [2023-12-26T01:03:52.504+0000] {dag.py:3820} INFO - Setting next_dagrun for example_nested_branch_dag to 2023-12-25T00:00:00+00:00, run_after=2023-12-26T00:00:00+00:00
[2023-12-26T01:03:52.541+0000] {processor.py:183} INFO - Processing /usr/local/python/3.10.13/lib/python3.10/site-packages/airflow/example_dags/example_nested_branch_dag.py took 0.075 seconds
[2023-12-26T01:04:45.098+0000] {processor.py:161} INFO - Started process (PID=10308) to work on /usr/local/python/3.10.13/lib/python3.10/site-packages/airflow/example_dags/example_nested_branch_dag.py
[2023-12-26T01:04:45.099+0000] {processor.py:830} INFO - Processing file /usr/local/python/3.10.13/lib/python3.10/site-packages/airflow/example_dags/example_nested_branch_dag.py for tasks to queue
[2023-12-26T01:04:45.100+0000] {logging_mixin.py:188} INFO - [2023-12-26T01:04:45.099+0000] {dagbag.py:538} INFO - Filling up the DagBag from /usr/local/python/3.10.13/lib/python3.10/site-packages/airflow/example_dags/example_nested_branch_dag.py
[2023-12-26T01:04:45.110+0000] {processor.py:840} INFO - DAG(s) 'example_nested_branch_dag' retrieved from /usr/local/python/3.10.13/lib/python3.10/site-packages/airflow/example_dags/example_nested_branch_dag.py
[2023-12-26T01:04:45.124+0000] {logging_mixin.py:188} INFO - [2023-12-26T01:04:45.124+0000] {dag.py:3033} INFO - Sync 1 DAGs
[2023-12-26T01:04:45.144+0000] {logging_mixin.py:188} INFO - [2023-12-26T01:04:45.144+0000] {dag.py:3820} INFO - Setting next_dagrun for example_nested_branch_dag to 2023-12-25T00:00:00+00:00, run_after=2023-12-26T00:00:00+00:00
[2023-12-26T01:04:45.184+0000] {processor.py:183} INFO - Processing /usr/local/python/3.10.13/lib/python3.10/site-packages/airflow/example_dags/example_nested_branch_dag.py took 0.089 seconds
[2023-12-26T01:05:25.057+0000] {processor.py:161} INFO - Started process (PID=10623) to work on /usr/local/python/3.10.13/lib/python3.10/site-packages/airflow/example_dags/example_nested_branch_dag.py
[2023-12-26T01:05:25.057+0000] {processor.py:830} INFO - Processing file /usr/local/python/3.10.13/lib/python3.10/site-packages/airflow/example_dags/example_nested_branch_dag.py for tasks to queue
[2023-12-26T01:05:25.058+0000] {logging_mixin.py:188} INFO - [2023-12-26T01:05:25.058+0000] {dagbag.py:538} INFO - Filling up the DagBag from /usr/local/python/3.10.13/lib/python3.10/site-packages/airflow/example_dags/example_nested_branch_dag.py
[2023-12-26T01:05:25.067+0000] {processor.py:840} INFO - DAG(s) 'example_nested_branch_dag' retrieved from /usr/local/python/3.10.13/lib/python3.10/site-packages/airflow/example_dags/example_nested_branch_dag.py
[2023-12-26T01:05:25.118+0000] {logging_mixin.py:188} INFO - [2023-12-26T01:05:25.118+0000] {dag.py:3033} INFO - Sync 1 DAGs
[2023-12-26T01:05:25.209+0000] {logging_mixin.py:188} INFO - [2023-12-26T01:05:25.209+0000] {dag.py:3820} INFO - Setting next_dagrun for example_nested_branch_dag to 2023-12-25T00:00:00+00:00, run_after=2023-12-26T00:00:00+00:00
[2023-12-26T01:05:25.242+0000] {processor.py:183} INFO - Processing /usr/local/python/3.10.13/lib/python3.10/site-packages/airflow/example_dags/example_nested_branch_dag.py took 0.188 seconds
[2023-12-26T01:06:07.749+0000] {processor.py:161} INFO - Started process (PID=11466) to work on /usr/local/python/3.10.13/lib/python3.10/site-packages/airflow/example_dags/example_nested_branch_dag.py
[2023-12-26T01:06:07.750+0000] {processor.py:830} INFO - Processing file /usr/local/python/3.10.13/lib/python3.10/site-packages/airflow/example_dags/example_nested_branch_dag.py for tasks to queue
[2023-12-26T01:06:07.750+0000] {logging_mixin.py:188} INFO - [2023-12-26T01:06:07.750+0000] {dagbag.py:538} INFO - Filling up the DagBag from /usr/local/python/3.10.13/lib/python3.10/site-packages/airflow/example_dags/example_nested_branch_dag.py
[2023-12-26T01:06:07.758+0000] {processor.py:840} INFO - DAG(s) 'example_nested_branch_dag' retrieved from /usr/local/python/3.10.13/lib/python3.10/site-packages/airflow/example_dags/example_nested_branch_dag.py
[2023-12-26T01:06:07.770+0000] {logging_mixin.py:188} INFO - [2023-12-26T01:06:07.770+0000] {dag.py:3033} INFO - Sync 1 DAGs
[2023-12-26T01:06:07.786+0000] {logging_mixin.py:188} INFO - [2023-12-26T01:06:07.786+0000] {dag.py:3820} INFO - Setting next_dagrun for example_nested_branch_dag to 2023-12-25T00:00:00+00:00, run_after=2023-12-26T00:00:00+00:00
[2023-12-26T01:06:07.819+0000] {processor.py:183} INFO - Processing /usr/local/python/3.10.13/lib/python3.10/site-packages/airflow/example_dags/example_nested_branch_dag.py took 0.072 seconds
[2023-12-26T01:06:53.280+0000] {processor.py:161} INFO - Started process (PID=12192) to work on /usr/local/python/3.10.13/lib/python3.10/site-packages/airflow/example_dags/example_nested_branch_dag.py
[2023-12-26T01:06:53.281+0000] {processor.py:830} INFO - Processing file /usr/local/python/3.10.13/lib/python3.10/site-packages/airflow/example_dags/example_nested_branch_dag.py for tasks to queue
[2023-12-26T01:06:53.282+0000] {logging_mixin.py:188} INFO - [2023-12-26T01:06:53.281+0000] {dagbag.py:538} INFO - Filling up the DagBag from /usr/local/python/3.10.13/lib/python3.10/site-packages/airflow/example_dags/example_nested_branch_dag.py
[2023-12-26T01:06:53.289+0000] {processor.py:840} INFO - DAG(s) 'example_nested_branch_dag' retrieved from /usr/local/python/3.10.13/lib/python3.10/site-packages/airflow/example_dags/example_nested_branch_dag.py
[2023-12-26T01:06:53.302+0000] {logging_mixin.py:188} INFO - [2023-12-26T01:06:53.301+0000] {dag.py:3033} INFO - Sync 1 DAGs
[2023-12-26T01:06:53.319+0000] {logging_mixin.py:188} INFO - [2023-12-26T01:06:53.318+0000] {dag.py:3820} INFO - Setting next_dagrun for example_nested_branch_dag to 2023-12-25T00:00:00+00:00, run_after=2023-12-26T00:00:00+00:00
[2023-12-26T01:06:53.353+0000] {processor.py:183} INFO - Processing /usr/local/python/3.10.13/lib/python3.10/site-packages/airflow/example_dags/example_nested_branch_dag.py took 0.075 seconds
[2023-12-26T01:07:43.617+0000] {processor.py:161} INFO - Started process (PID=12642) to work on /usr/local/python/3.10.13/lib/python3.10/site-packages/airflow/example_dags/example_nested_branch_dag.py
[2023-12-26T01:07:43.618+0000] {processor.py:830} INFO - Processing file /usr/local/python/3.10.13/lib/python3.10/site-packages/airflow/example_dags/example_nested_branch_dag.py for tasks to queue
[2023-12-26T01:07:43.619+0000] {logging_mixin.py:188} INFO - [2023-12-26T01:07:43.618+0000] {dagbag.py:538} INFO - Filling up the DagBag from /usr/local/python/3.10.13/lib/python3.10/site-packages/airflow/example_dags/example_nested_branch_dag.py
[2023-12-26T01:07:43.627+0000] {processor.py:840} INFO - DAG(s) 'example_nested_branch_dag' retrieved from /usr/local/python/3.10.13/lib/python3.10/site-packages/airflow/example_dags/example_nested_branch_dag.py
[2023-12-26T01:07:43.640+0000] {logging_mixin.py:188} INFO - [2023-12-26T01:07:43.640+0000] {dag.py:3033} INFO - Sync 1 DAGs
[2023-12-26T01:07:43.656+0000] {logging_mixin.py:188} INFO - [2023-12-26T01:07:43.656+0000] {dag.py:3820} INFO - Setting next_dagrun for example_nested_branch_dag to 2023-12-25T00:00:00+00:00, run_after=2023-12-26T00:00:00+00:00
[2023-12-26T01:07:43.692+0000] {processor.py:183} INFO - Processing /usr/local/python/3.10.13/lib/python3.10/site-packages/airflow/example_dags/example_nested_branch_dag.py took 0.077 seconds
