[2023-12-26T01:01:54.338+0000] {processor.py:161} INFO - Started process (PID=7441) to work on /usr/local/python/3.10.13/lib/python3.10/site-packages/airflow/example_dags/example_dynamic_task_mapping.py
[2023-12-26T01:01:54.339+0000] {processor.py:830} INFO - Processing file /usr/local/python/3.10.13/lib/python3.10/site-packages/airflow/example_dags/example_dynamic_task_mapping.py for tasks to queue
[2023-12-26T01:01:54.340+0000] {logging_mixin.py:188} INFO - [2023-12-26T01:01:54.340+0000] {dagbag.py:538} INFO - Filling up the DagBag from /usr/local/python/3.10.13/lib/python3.10/site-packages/airflow/example_dags/example_dynamic_task_mapping.py
[2023-12-26T01:01:54.349+0000] {processor.py:840} INFO - DAG(s) 'example_dynamic_task_mapping' retrieved from /usr/local/python/3.10.13/lib/python3.10/site-packages/airflow/example_dags/example_dynamic_task_mapping.py
[2023-12-26T01:01:54.497+0000] {logging_mixin.py:188} INFO - [2023-12-26T01:01:54.496+0000] {override.py:1769} INFO - Created Permission View: can delete on DAG:example_dynamic_task_mapping
[2023-12-26T01:01:54.534+0000] {logging_mixin.py:188} INFO - [2023-12-26T01:01:54.534+0000] {override.py:1769} INFO - Created Permission View: can read on DAG:example_dynamic_task_mapping
[2023-12-26T01:01:54.569+0000] {logging_mixin.py:188} INFO - [2023-12-26T01:01:54.569+0000] {override.py:1769} INFO - Created Permission View: can edit on DAG:example_dynamic_task_mapping
[2023-12-26T01:01:54.569+0000] {logging_mixin.py:188} INFO - [2023-12-26T01:01:54.569+0000] {dag.py:3033} INFO - Sync 1 DAGs
[2023-12-26T01:01:54.578+0000] {logging_mixin.py:188} INFO - [2023-12-26T01:01:54.578+0000] {dag.py:3055} INFO - Creating ORM DAG for example_dynamic_task_mapping
[2023-12-26T01:01:54.585+0000] {logging_mixin.py:188} INFO - [2023-12-26T01:01:54.585+0000] {dag.py:3820} INFO - Setting next_dagrun for example_dynamic_task_mapping to 2022-03-04T00:00:00+00:00, run_after=2022-03-05T00:00:00+00:00
[2023-12-26T01:01:54.628+0000] {processor.py:183} INFO - Processing /usr/local/python/3.10.13/lib/python3.10/site-packages/airflow/example_dags/example_dynamic_task_mapping.py took 0.292 seconds
[2023-12-26T01:02:43.907+0000] {processor.py:161} INFO - Started process (PID=8687) to work on /usr/local/python/3.10.13/lib/python3.10/site-packages/airflow/example_dags/example_dynamic_task_mapping.py
[2023-12-26T01:02:43.908+0000] {processor.py:830} INFO - Processing file /usr/local/python/3.10.13/lib/python3.10/site-packages/airflow/example_dags/example_dynamic_task_mapping.py for tasks to queue
[2023-12-26T01:02:43.909+0000] {logging_mixin.py:188} INFO - [2023-12-26T01:02:43.909+0000] {dagbag.py:538} INFO - Filling up the DagBag from /usr/local/python/3.10.13/lib/python3.10/site-packages/airflow/example_dags/example_dynamic_task_mapping.py
[2023-12-26T01:02:43.915+0000] {processor.py:840} INFO - DAG(s) 'example_dynamic_task_mapping' retrieved from /usr/local/python/3.10.13/lib/python3.10/site-packages/airflow/example_dags/example_dynamic_task_mapping.py
[2023-12-26T01:02:43.925+0000] {logging_mixin.py:188} INFO - [2023-12-26T01:02:43.925+0000] {dag.py:3033} INFO - Sync 1 DAGs
[2023-12-26T01:02:43.944+0000] {logging_mixin.py:188} INFO - [2023-12-26T01:02:43.943+0000] {dag.py:3820} INFO - Setting next_dagrun for example_dynamic_task_mapping to 2022-03-04T00:00:00+00:00, run_after=2022-03-05T00:00:00+00:00
[2023-12-26T01:02:43.981+0000] {processor.py:183} INFO - Processing /usr/local/python/3.10.13/lib/python3.10/site-packages/airflow/example_dags/example_dynamic_task_mapping.py took 0.075 seconds
[2023-12-26T01:03:34.755+0000] {processor.py:161} INFO - Started process (PID=9370) to work on /usr/local/python/3.10.13/lib/python3.10/site-packages/airflow/example_dags/example_dynamic_task_mapping.py
[2023-12-26T01:03:34.756+0000] {processor.py:830} INFO - Processing file /usr/local/python/3.10.13/lib/python3.10/site-packages/airflow/example_dags/example_dynamic_task_mapping.py for tasks to queue
[2023-12-26T01:03:34.757+0000] {logging_mixin.py:188} INFO - [2023-12-26T01:03:34.757+0000] {dagbag.py:538} INFO - Filling up the DagBag from /usr/local/python/3.10.13/lib/python3.10/site-packages/airflow/example_dags/example_dynamic_task_mapping.py
[2023-12-26T01:03:34.762+0000] {processor.py:840} INFO - DAG(s) 'example_dynamic_task_mapping' retrieved from /usr/local/python/3.10.13/lib/python3.10/site-packages/airflow/example_dags/example_dynamic_task_mapping.py
[2023-12-26T01:03:34.772+0000] {logging_mixin.py:188} INFO - [2023-12-26T01:03:34.772+0000] {dag.py:3033} INFO - Sync 1 DAGs
[2023-12-26T01:03:34.787+0000] {logging_mixin.py:188} INFO - [2023-12-26T01:03:34.787+0000] {dag.py:3820} INFO - Setting next_dagrun for example_dynamic_task_mapping to 2022-03-04T00:00:00+00:00, run_after=2022-03-05T00:00:00+00:00
[2023-12-26T01:03:34.824+0000] {processor.py:183} INFO - Processing /usr/local/python/3.10.13/lib/python3.10/site-packages/airflow/example_dags/example_dynamic_task_mapping.py took 0.071 seconds
[2023-12-26T01:04:37.217+0000] {processor.py:161} INFO - Started process (PID=10257) to work on /usr/local/python/3.10.13/lib/python3.10/site-packages/airflow/example_dags/example_dynamic_task_mapping.py
[2023-12-26T01:04:37.218+0000] {processor.py:830} INFO - Processing file /usr/local/python/3.10.13/lib/python3.10/site-packages/airflow/example_dags/example_dynamic_task_mapping.py for tasks to queue
[2023-12-26T01:04:37.218+0000] {logging_mixin.py:188} INFO - [2023-12-26T01:04:37.218+0000] {dagbag.py:538} INFO - Filling up the DagBag from /usr/local/python/3.10.13/lib/python3.10/site-packages/airflow/example_dags/example_dynamic_task_mapping.py
[2023-12-26T01:04:37.224+0000] {processor.py:840} INFO - DAG(s) 'example_dynamic_task_mapping' retrieved from /usr/local/python/3.10.13/lib/python3.10/site-packages/airflow/example_dags/example_dynamic_task_mapping.py
[2023-12-26T01:04:37.234+0000] {logging_mixin.py:188} INFO - [2023-12-26T01:04:37.234+0000] {dag.py:3033} INFO - Sync 1 DAGs
[2023-12-26T01:04:37.251+0000] {logging_mixin.py:188} INFO - [2023-12-26T01:04:37.251+0000] {dag.py:3820} INFO - Setting next_dagrun for example_dynamic_task_mapping to 2022-03-04T00:00:00+00:00, run_after=2022-03-05T00:00:00+00:00
[2023-12-26T01:04:37.297+0000] {processor.py:183} INFO - Processing /usr/local/python/3.10.13/lib/python3.10/site-packages/airflow/example_dags/example_dynamic_task_mapping.py took 0.082 seconds
[2023-12-26T01:05:32.819+0000] {processor.py:161} INFO - Started process (PID=10793) to work on /usr/local/python/3.10.13/lib/python3.10/site-packages/airflow/example_dags/example_dynamic_task_mapping.py
[2023-12-26T01:05:32.820+0000] {processor.py:830} INFO - Processing file /usr/local/python/3.10.13/lib/python3.10/site-packages/airflow/example_dags/example_dynamic_task_mapping.py for tasks to queue
[2023-12-26T01:05:32.821+0000] {logging_mixin.py:188} INFO - [2023-12-26T01:05:32.820+0000] {dagbag.py:538} INFO - Filling up the DagBag from /usr/local/python/3.10.13/lib/python3.10/site-packages/airflow/example_dags/example_dynamic_task_mapping.py
[2023-12-26T01:05:32.827+0000] {processor.py:840} INFO - DAG(s) 'example_dynamic_task_mapping' retrieved from /usr/local/python/3.10.13/lib/python3.10/site-packages/airflow/example_dags/example_dynamic_task_mapping.py
[2023-12-26T01:05:32.874+0000] {logging_mixin.py:188} INFO - [2023-12-26T01:05:32.874+0000] {dag.py:3033} INFO - Sync 1 DAGs
[2023-12-26T01:05:33.183+0000] {logging_mixin.py:188} INFO - [2023-12-26T01:05:33.182+0000] {dag.py:3820} INFO - Setting next_dagrun for example_dynamic_task_mapping to 2022-03-04T00:00:00+00:00, run_after=2022-03-05T00:00:00+00:00
[2023-12-26T01:05:33.300+0000] {processor.py:183} INFO - Processing /usr/local/python/3.10.13/lib/python3.10/site-packages/airflow/example_dags/example_dynamic_task_mapping.py took 0.484 seconds
[2023-12-26T01:06:38.817+0000] {processor.py:161} INFO - Started process (PID=12034) to work on /usr/local/python/3.10.13/lib/python3.10/site-packages/airflow/example_dags/example_dynamic_task_mapping.py
[2023-12-26T01:06:38.818+0000] {processor.py:830} INFO - Processing file /usr/local/python/3.10.13/lib/python3.10/site-packages/airflow/example_dags/example_dynamic_task_mapping.py for tasks to queue
[2023-12-26T01:06:38.818+0000] {logging_mixin.py:188} INFO - [2023-12-26T01:06:38.818+0000] {dagbag.py:538} INFO - Filling up the DagBag from /usr/local/python/3.10.13/lib/python3.10/site-packages/airflow/example_dags/example_dynamic_task_mapping.py
[2023-12-26T01:06:38.824+0000] {processor.py:840} INFO - DAG(s) 'example_dynamic_task_mapping' retrieved from /usr/local/python/3.10.13/lib/python3.10/site-packages/airflow/example_dags/example_dynamic_task_mapping.py
[2023-12-26T01:06:38.833+0000] {logging_mixin.py:188} INFO - [2023-12-26T01:06:38.833+0000] {dag.py:3033} INFO - Sync 1 DAGs
[2023-12-26T01:06:38.847+0000] {logging_mixin.py:188} INFO - [2023-12-26T01:06:38.847+0000] {dag.py:3820} INFO - Setting next_dagrun for example_dynamic_task_mapping to 2022-03-04T00:00:00+00:00, run_after=2022-03-05T00:00:00+00:00
[2023-12-26T01:06:38.882+0000] {processor.py:183} INFO - Processing /usr/local/python/3.10.13/lib/python3.10/site-packages/airflow/example_dags/example_dynamic_task_mapping.py took 0.068 seconds
[2023-12-26T01:07:34.633+0000] {processor.py:161} INFO - Started process (PID=12584) to work on /usr/local/python/3.10.13/lib/python3.10/site-packages/airflow/example_dags/example_dynamic_task_mapping.py
[2023-12-26T01:07:34.633+0000] {processor.py:830} INFO - Processing file /usr/local/python/3.10.13/lib/python3.10/site-packages/airflow/example_dags/example_dynamic_task_mapping.py for tasks to queue
[2023-12-26T01:07:34.634+0000] {logging_mixin.py:188} INFO - [2023-12-26T01:07:34.634+0000] {dagbag.py:538} INFO - Filling up the DagBag from /usr/local/python/3.10.13/lib/python3.10/site-packages/airflow/example_dags/example_dynamic_task_mapping.py
[2023-12-26T01:07:34.640+0000] {processor.py:840} INFO - DAG(s) 'example_dynamic_task_mapping' retrieved from /usr/local/python/3.10.13/lib/python3.10/site-packages/airflow/example_dags/example_dynamic_task_mapping.py
[2023-12-26T01:07:34.650+0000] {logging_mixin.py:188} INFO - [2023-12-26T01:07:34.650+0000] {dag.py:3033} INFO - Sync 1 DAGs
[2023-12-26T01:07:34.664+0000] {logging_mixin.py:188} INFO - [2023-12-26T01:07:34.664+0000] {dag.py:3820} INFO - Setting next_dagrun for example_dynamic_task_mapping to 2022-03-04T00:00:00+00:00, run_after=2022-03-05T00:00:00+00:00
[2023-12-26T01:07:34.697+0000] {processor.py:183} INFO - Processing /usr/local/python/3.10.13/lib/python3.10/site-packages/airflow/example_dags/example_dynamic_task_mapping.py took 0.066 seconds
