[2023-12-26T01:01:42.443+0000] {processor.py:161} INFO - Started process (PID=7223) to work on /usr/local/python/3.10.13/lib/python3.10/site-packages/airflow/example_dags/example_branch_python_dop_operator_3.py
[2023-12-26T01:01:42.444+0000] {processor.py:830} INFO - Processing file /usr/local/python/3.10.13/lib/python3.10/site-packages/airflow/example_dags/example_branch_python_dop_operator_3.py for tasks to queue
[2023-12-26T01:01:42.445+0000] {logging_mixin.py:188} INFO - [2023-12-26T01:01:42.444+0000] {dagbag.py:538} INFO - Filling up the DagBag from /usr/local/python/3.10.13/lib/python3.10/site-packages/airflow/example_dags/example_branch_python_dop_operator_3.py
[2023-12-26T01:01:42.455+0000] {processor.py:840} INFO - DAG(s) 'example_branch_dop_operator_v3' retrieved from /usr/local/python/3.10.13/lib/python3.10/site-packages/airflow/example_dags/example_branch_python_dop_operator_3.py
[2023-12-26T01:01:42.632+0000] {logging_mixin.py:188} INFO - [2023-12-26T01:01:42.631+0000] {override.py:1769} INFO - Created Permission View: can delete on DAG:example_branch_dop_operator_v3
[2023-12-26T01:01:42.682+0000] {logging_mixin.py:188} INFO - [2023-12-26T01:01:42.681+0000] {override.py:1769} INFO - Created Permission View: can read on DAG:example_branch_dop_operator_v3
[2023-12-26T01:01:42.717+0000] {logging_mixin.py:188} INFO - [2023-12-26T01:01:42.716+0000] {override.py:1769} INFO - Created Permission View: can edit on DAG:example_branch_dop_operator_v3
[2023-12-26T01:01:42.717+0000] {logging_mixin.py:188} INFO - [2023-12-26T01:01:42.717+0000] {dag.py:3033} INFO - Sync 1 DAGs
[2023-12-26T01:01:42.729+0000] {logging_mixin.py:188} INFO - [2023-12-26T01:01:42.728+0000] {dag.py:3055} INFO - Creating ORM DAG for example_branch_dop_operator_v3
[2023-12-26T01:01:42.746+0000] {logging_mixin.py:188} INFO - [2023-12-26T01:01:42.746+0000] {dag.py:3820} INFO - Setting next_dagrun for example_branch_dop_operator_v3 to 2023-12-26T01:00:00+00:00, run_after=2023-12-26T01:01:00+00:00
[2023-12-26T01:01:42.793+0000] {processor.py:183} INFO - Processing /usr/local/python/3.10.13/lib/python3.10/site-packages/airflow/example_dags/example_branch_python_dop_operator_3.py took 0.352 seconds
[2023-12-26T01:02:38.053+0000] {processor.py:161} INFO - Started process (PID=8615) to work on /usr/local/python/3.10.13/lib/python3.10/site-packages/airflow/example_dags/example_branch_python_dop_operator_3.py
[2023-12-26T01:02:38.054+0000] {processor.py:830} INFO - Processing file /usr/local/python/3.10.13/lib/python3.10/site-packages/airflow/example_dags/example_branch_python_dop_operator_3.py for tasks to queue
[2023-12-26T01:02:38.054+0000] {logging_mixin.py:188} INFO - [2023-12-26T01:02:38.054+0000] {dagbag.py:538} INFO - Filling up the DagBag from /usr/local/python/3.10.13/lib/python3.10/site-packages/airflow/example_dags/example_branch_python_dop_operator_3.py
[2023-12-26T01:02:38.061+0000] {processor.py:840} INFO - DAG(s) 'example_branch_dop_operator_v3' retrieved from /usr/local/python/3.10.13/lib/python3.10/site-packages/airflow/example_dags/example_branch_python_dop_operator_3.py
[2023-12-26T01:02:38.073+0000] {logging_mixin.py:188} INFO - [2023-12-26T01:02:38.073+0000] {dag.py:3033} INFO - Sync 1 DAGs
[2023-12-26T01:02:38.092+0000] {logging_mixin.py:188} INFO - [2023-12-26T01:02:38.092+0000] {dag.py:3820} INFO - Setting next_dagrun for example_branch_dop_operator_v3 to 2023-12-26T01:01:00+00:00, run_after=2023-12-26T01:02:00+00:00
[2023-12-26T01:02:38.128+0000] {processor.py:183} INFO - Processing /usr/local/python/3.10.13/lib/python3.10/site-packages/airflow/example_dags/example_branch_python_dop_operator_3.py took 0.077 seconds
[2023-12-26T01:03:26.663+0000] {processor.py:161} INFO - Started process (PID=9228) to work on /usr/local/python/3.10.13/lib/python3.10/site-packages/airflow/example_dags/example_branch_python_dop_operator_3.py
[2023-12-26T01:03:26.664+0000] {processor.py:830} INFO - Processing file /usr/local/python/3.10.13/lib/python3.10/site-packages/airflow/example_dags/example_branch_python_dop_operator_3.py for tasks to queue
[2023-12-26T01:03:26.664+0000] {logging_mixin.py:188} INFO - [2023-12-26T01:03:26.664+0000] {dagbag.py:538} INFO - Filling up the DagBag from /usr/local/python/3.10.13/lib/python3.10/site-packages/airflow/example_dags/example_branch_python_dop_operator_3.py
[2023-12-26T01:03:26.672+0000] {processor.py:840} INFO - DAG(s) 'example_branch_dop_operator_v3' retrieved from /usr/local/python/3.10.13/lib/python3.10/site-packages/airflow/example_dags/example_branch_python_dop_operator_3.py
[2023-12-26T01:03:26.683+0000] {logging_mixin.py:188} INFO - [2023-12-26T01:03:26.683+0000] {dag.py:3033} INFO - Sync 1 DAGs
[2023-12-26T01:03:26.701+0000] {logging_mixin.py:188} INFO - [2023-12-26T01:03:26.701+0000] {dag.py:3820} INFO - Setting next_dagrun for example_branch_dop_operator_v3 to 2023-12-26T01:02:00+00:00, run_after=2023-12-26T01:03:00+00:00
[2023-12-26T01:03:26.735+0000] {processor.py:183} INFO - Processing /usr/local/python/3.10.13/lib/python3.10/site-packages/airflow/example_dags/example_branch_python_dop_operator_3.py took 0.074 seconds
[2023-12-26T01:04:17.111+0000] {processor.py:161} INFO - Started process (PID=10010) to work on /usr/local/python/3.10.13/lib/python3.10/site-packages/airflow/example_dags/example_branch_python_dop_operator_3.py
[2023-12-26T01:04:17.112+0000] {processor.py:830} INFO - Processing file /usr/local/python/3.10.13/lib/python3.10/site-packages/airflow/example_dags/example_branch_python_dop_operator_3.py for tasks to queue
[2023-12-26T01:04:17.112+0000] {logging_mixin.py:188} INFO - [2023-12-26T01:04:17.112+0000] {dagbag.py:538} INFO - Filling up the DagBag from /usr/local/python/3.10.13/lib/python3.10/site-packages/airflow/example_dags/example_branch_python_dop_operator_3.py
[2023-12-26T01:04:17.120+0000] {processor.py:840} INFO - DAG(s) 'example_branch_dop_operator_v3' retrieved from /usr/local/python/3.10.13/lib/python3.10/site-packages/airflow/example_dags/example_branch_python_dop_operator_3.py
[2023-12-26T01:04:17.144+0000] {logging_mixin.py:188} INFO - [2023-12-26T01:04:17.144+0000] {dag.py:3033} INFO - Sync 1 DAGs
[2023-12-26T01:04:17.435+0000] {logging_mixin.py:188} INFO - [2023-12-26T01:04:17.435+0000] {dag.py:3820} INFO - Setting next_dagrun for example_branch_dop_operator_v3 to 2023-12-26T01:03:00+00:00, run_after=2023-12-26T01:04:00+00:00
[2023-12-26T01:04:17.477+0000] {processor.py:183} INFO - Processing /usr/local/python/3.10.13/lib/python3.10/site-packages/airflow/example_dags/example_branch_python_dop_operator_3.py took 0.369 seconds
[2023-12-26T01:05:14.901+0000] {processor.py:161} INFO - Started process (PID=10556) to work on /usr/local/python/3.10.13/lib/python3.10/site-packages/airflow/example_dags/example_branch_python_dop_operator_3.py
[2023-12-26T01:05:14.902+0000] {processor.py:830} INFO - Processing file /usr/local/python/3.10.13/lib/python3.10/site-packages/airflow/example_dags/example_branch_python_dop_operator_3.py for tasks to queue
[2023-12-26T01:05:14.902+0000] {logging_mixin.py:188} INFO - [2023-12-26T01:05:14.902+0000] {dagbag.py:538} INFO - Filling up the DagBag from /usr/local/python/3.10.13/lib/python3.10/site-packages/airflow/example_dags/example_branch_python_dop_operator_3.py
[2023-12-26T01:05:14.909+0000] {processor.py:840} INFO - DAG(s) 'example_branch_dop_operator_v3' retrieved from /usr/local/python/3.10.13/lib/python3.10/site-packages/airflow/example_dags/example_branch_python_dop_operator_3.py
[2023-12-26T01:05:14.920+0000] {logging_mixin.py:188} INFO - [2023-12-26T01:05:14.920+0000] {dag.py:3033} INFO - Sync 1 DAGs
[2023-12-26T01:05:14.938+0000] {logging_mixin.py:188} INFO - [2023-12-26T01:05:14.938+0000] {dag.py:3820} INFO - Setting next_dagrun for example_branch_dop_operator_v3 to 2023-12-26T01:04:00+00:00, run_after=2023-12-26T01:05:00+00:00
[2023-12-26T01:05:14.974+0000] {processor.py:183} INFO - Processing /usr/local/python/3.10.13/lib/python3.10/site-packages/airflow/example_dags/example_branch_python_dop_operator_3.py took 0.076 seconds
[2023-12-26T01:06:15.211+0000] {processor.py:161} INFO - Started process (PID=11558) to work on /usr/local/python/3.10.13/lib/python3.10/site-packages/airflow/example_dags/example_branch_python_dop_operator_3.py
[2023-12-26T01:06:15.211+0000] {processor.py:830} INFO - Processing file /usr/local/python/3.10.13/lib/python3.10/site-packages/airflow/example_dags/example_branch_python_dop_operator_3.py for tasks to queue
[2023-12-26T01:06:15.212+0000] {logging_mixin.py:188} INFO - [2023-12-26T01:06:15.212+0000] {dagbag.py:538} INFO - Filling up the DagBag from /usr/local/python/3.10.13/lib/python3.10/site-packages/airflow/example_dags/example_branch_python_dop_operator_3.py
[2023-12-26T01:06:15.219+0000] {processor.py:840} INFO - DAG(s) 'example_branch_dop_operator_v3' retrieved from /usr/local/python/3.10.13/lib/python3.10/site-packages/airflow/example_dags/example_branch_python_dop_operator_3.py
[2023-12-26T01:06:15.249+0000] {logging_mixin.py:188} INFO - [2023-12-26T01:06:15.248+0000] {dag.py:3033} INFO - Sync 1 DAGs
[2023-12-26T01:06:15.267+0000] {logging_mixin.py:188} INFO - [2023-12-26T01:06:15.267+0000] {dag.py:3820} INFO - Setting next_dagrun for example_branch_dop_operator_v3 to 2023-12-26T01:05:00+00:00, run_after=2023-12-26T01:06:00+00:00
[2023-12-26T01:06:15.301+0000] {processor.py:183} INFO - Processing /usr/local/python/3.10.13/lib/python3.10/site-packages/airflow/example_dags/example_branch_python_dop_operator_3.py took 0.093 seconds
[2023-12-26T01:07:18.220+0000] {processor.py:161} INFO - Started process (PID=12454) to work on /usr/local/python/3.10.13/lib/python3.10/site-packages/airflow/example_dags/example_branch_python_dop_operator_3.py
[2023-12-26T01:07:18.221+0000] {processor.py:830} INFO - Processing file /usr/local/python/3.10.13/lib/python3.10/site-packages/airflow/example_dags/example_branch_python_dop_operator_3.py for tasks to queue
[2023-12-26T01:07:18.221+0000] {logging_mixin.py:188} INFO - [2023-12-26T01:07:18.221+0000] {dagbag.py:538} INFO - Filling up the DagBag from /usr/local/python/3.10.13/lib/python3.10/site-packages/airflow/example_dags/example_branch_python_dop_operator_3.py
[2023-12-26T01:07:18.230+0000] {processor.py:840} INFO - DAG(s) 'example_branch_dop_operator_v3' retrieved from /usr/local/python/3.10.13/lib/python3.10/site-packages/airflow/example_dags/example_branch_python_dop_operator_3.py
[2023-12-26T01:07:18.244+0000] {logging_mixin.py:188} INFO - [2023-12-26T01:07:18.244+0000] {dag.py:3033} INFO - Sync 1 DAGs
[2023-12-26T01:07:18.262+0000] {logging_mixin.py:188} INFO - [2023-12-26T01:07:18.262+0000] {dag.py:3820} INFO - Setting next_dagrun for example_branch_dop_operator_v3 to 2023-12-26T01:06:00+00:00, run_after=2023-12-26T01:07:00+00:00
[2023-12-26T01:07:18.299+0000] {processor.py:183} INFO - Processing /usr/local/python/3.10.13/lib/python3.10/site-packages/airflow/example_dags/example_branch_python_dop_operator_3.py took 0.082 seconds
[2023-12-26T01:08:15.604+0000] {processor.py:161} INFO - Started process (PID=13030) to work on /usr/local/python/3.10.13/lib/python3.10/site-packages/airflow/example_dags/example_branch_python_dop_operator_3.py
[2023-12-26T01:08:15.605+0000] {processor.py:830} INFO - Processing file /usr/local/python/3.10.13/lib/python3.10/site-packages/airflow/example_dags/example_branch_python_dop_operator_3.py for tasks to queue
[2023-12-26T01:08:15.605+0000] {logging_mixin.py:188} INFO - [2023-12-26T01:08:15.605+0000] {dagbag.py:538} INFO - Filling up the DagBag from /usr/local/python/3.10.13/lib/python3.10/site-packages/airflow/example_dags/example_branch_python_dop_operator_3.py
[2023-12-26T01:08:15.612+0000] {processor.py:840} INFO - DAG(s) 'example_branch_dop_operator_v3' retrieved from /usr/local/python/3.10.13/lib/python3.10/site-packages/airflow/example_dags/example_branch_python_dop_operator_3.py
[2023-12-26T01:08:15.624+0000] {logging_mixin.py:188} INFO - [2023-12-26T01:08:15.624+0000] {dag.py:3033} INFO - Sync 1 DAGs
[2023-12-26T01:08:15.643+0000] {logging_mixin.py:188} INFO - [2023-12-26T01:08:15.643+0000] {dag.py:3820} INFO - Setting next_dagrun for example_branch_dop_operator_v3 to 2023-12-26T01:07:00+00:00, run_after=2023-12-26T01:08:00+00:00
[2023-12-26T01:08:15.695+0000] {processor.py:183} INFO - Processing /usr/local/python/3.10.13/lib/python3.10/site-packages/airflow/example_dags/example_branch_python_dop_operator_3.py took 0.094 seconds
[2023-12-26T01:09:12.363+0000] {processor.py:161} INFO - Started process (PID=13609) to work on /usr/local/python/3.10.13/lib/python3.10/site-packages/airflow/example_dags/example_branch_python_dop_operator_3.py
[2023-12-26T01:09:12.363+0000] {processor.py:830} INFO - Processing file /usr/local/python/3.10.13/lib/python3.10/site-packages/airflow/example_dags/example_branch_python_dop_operator_3.py for tasks to queue
[2023-12-26T01:09:12.364+0000] {logging_mixin.py:188} INFO - [2023-12-26T01:09:12.364+0000] {dagbag.py:538} INFO - Filling up the DagBag from /usr/local/python/3.10.13/lib/python3.10/site-packages/airflow/example_dags/example_branch_python_dop_operator_3.py
[2023-12-26T01:09:12.371+0000] {processor.py:840} INFO - DAG(s) 'example_branch_dop_operator_v3' retrieved from /usr/local/python/3.10.13/lib/python3.10/site-packages/airflow/example_dags/example_branch_python_dop_operator_3.py
[2023-12-26T01:09:12.382+0000] {logging_mixin.py:188} INFO - [2023-12-26T01:09:12.382+0000] {dag.py:3033} INFO - Sync 1 DAGs
[2023-12-26T01:09:12.399+0000] {logging_mixin.py:188} INFO - [2023-12-26T01:09:12.399+0000] {dag.py:3820} INFO - Setting next_dagrun for example_branch_dop_operator_v3 to 2023-12-26T01:08:00+00:00, run_after=2023-12-26T01:09:00+00:00
[2023-12-26T01:09:12.433+0000] {processor.py:183} INFO - Processing /usr/local/python/3.10.13/lib/python3.10/site-packages/airflow/example_dags/example_branch_python_dop_operator_3.py took 0.073 seconds
