[2023-12-26T01:02:00.573+0000] {processor.py:161} INFO - Started process (PID=7556) to work on /usr/local/python/3.10.13/lib/python3.10/site-packages/airflow/example_dags/example_branch_datetime_operator.py
[2023-12-26T01:02:00.574+0000] {processor.py:830} INFO - Processing file /usr/local/python/3.10.13/lib/python3.10/site-packages/airflow/example_dags/example_branch_datetime_operator.py for tasks to queue
[2023-12-26T01:02:00.574+0000] {logging_mixin.py:188} INFO - [2023-12-26T01:02:00.574+0000] {dagbag.py:538} INFO - Filling up the DagBag from /usr/local/python/3.10.13/lib/python3.10/site-packages/airflow/example_dags/example_branch_datetime_operator.py
[2023-12-26T01:02:00.587+0000] {processor.py:840} INFO - DAG(s) 'example_branch_datetime_operator', 'example_branch_datetime_operator_3', 'example_branch_datetime_operator_2' retrieved from /usr/local/python/3.10.13/lib/python3.10/site-packages/airflow/example_dags/example_branch_datetime_operator.py
[2023-12-26T01:02:00.720+0000] {logging_mixin.py:188} INFO - [2023-12-26T01:02:00.720+0000] {override.py:1769} INFO - Created Permission View: can delete on DAG:example_branch_datetime_operator
[2023-12-26T01:02:00.746+0000] {logging_mixin.py:188} INFO - [2023-12-26T01:02:00.746+0000] {override.py:1769} INFO - Created Permission View: can read on DAG:example_branch_datetime_operator
[2023-12-26T01:02:00.772+0000] {logging_mixin.py:188} INFO - [2023-12-26T01:02:00.772+0000] {override.py:1769} INFO - Created Permission View: can edit on DAG:example_branch_datetime_operator
[2023-12-26T01:02:00.828+0000] {logging_mixin.py:188} INFO - [2023-12-26T01:02:00.827+0000] {override.py:1769} INFO - Created Permission View: can delete on DAG:example_branch_datetime_operator_3
[2023-12-26T01:02:00.854+0000] {logging_mixin.py:188} INFO - [2023-12-26T01:02:00.853+0000] {override.py:1769} INFO - Created Permission View: can read on DAG:example_branch_datetime_operator_3
[2023-12-26T01:02:00.880+0000] {logging_mixin.py:188} INFO - [2023-12-26T01:02:00.880+0000] {override.py:1769} INFO - Created Permission View: can edit on DAG:example_branch_datetime_operator_3
[2023-12-26T01:02:00.935+0000] {logging_mixin.py:188} INFO - [2023-12-26T01:02:00.935+0000] {override.py:1769} INFO - Created Permission View: can delete on DAG:example_branch_datetime_operator_2
[2023-12-26T01:02:00.965+0000] {logging_mixin.py:188} INFO - [2023-12-26T01:02:00.965+0000] {override.py:1769} INFO - Created Permission View: can read on DAG:example_branch_datetime_operator_2
[2023-12-26T01:02:00.990+0000] {logging_mixin.py:188} INFO - [2023-12-26T01:02:00.990+0000] {override.py:1769} INFO - Created Permission View: can edit on DAG:example_branch_datetime_operator_2
[2023-12-26T01:02:00.991+0000] {logging_mixin.py:188} INFO - [2023-12-26T01:02:00.990+0000] {dag.py:3033} INFO - Sync 3 DAGs
[2023-12-26T01:02:01.006+0000] {logging_mixin.py:188} INFO - [2023-12-26T01:02:01.006+0000] {dag.py:3055} INFO - Creating ORM DAG for example_branch_datetime_operator_3
[2023-12-26T01:02:01.007+0000] {logging_mixin.py:188} INFO - [2023-12-26T01:02:01.007+0000] {dag.py:3055} INFO - Creating ORM DAG for example_branch_datetime_operator_2
[2023-12-26T01:02:01.007+0000] {logging_mixin.py:188} INFO - [2023-12-26T01:02:01.007+0000] {dag.py:3055} INFO - Creating ORM DAG for example_branch_datetime_operator
[2023-12-26T01:02:01.018+0000] {logging_mixin.py:188} INFO - [2023-12-26T01:02:01.018+0000] {dag.py:3820} INFO - Setting next_dagrun for example_branch_datetime_operator to 2023-12-25T00:00:00+00:00, run_after=2023-12-26T00:00:00+00:00
[2023-12-26T01:02:01.020+0000] {logging_mixin.py:188} INFO - [2023-12-26T01:02:01.020+0000] {dag.py:3820} INFO - Setting next_dagrun for example_branch_datetime_operator_2 to 2023-12-25T00:00:00+00:00, run_after=2023-12-26T00:00:00+00:00
[2023-12-26T01:02:01.022+0000] {logging_mixin.py:188} INFO - [2023-12-26T01:02:01.022+0000] {dag.py:3820} INFO - Setting next_dagrun for example_branch_datetime_operator_3 to 2023-12-25T00:00:00+00:00, run_after=2023-12-26T00:00:00+00:00
[2023-12-26T01:02:01.075+0000] {processor.py:183} INFO - Processing /usr/local/python/3.10.13/lib/python3.10/site-packages/airflow/example_dags/example_branch_datetime_operator.py took 0.504 seconds
[2023-12-26T01:03:01.878+0000] {processor.py:161} INFO - Started process (PID=8876) to work on /usr/local/python/3.10.13/lib/python3.10/site-packages/airflow/example_dags/example_branch_datetime_operator.py
[2023-12-26T01:03:01.878+0000] {processor.py:830} INFO - Processing file /usr/local/python/3.10.13/lib/python3.10/site-packages/airflow/example_dags/example_branch_datetime_operator.py for tasks to queue
[2023-12-26T01:03:01.879+0000] {logging_mixin.py:188} INFO - [2023-12-26T01:03:01.879+0000] {dagbag.py:538} INFO - Filling up the DagBag from /usr/local/python/3.10.13/lib/python3.10/site-packages/airflow/example_dags/example_branch_datetime_operator.py
[2023-12-26T01:03:01.887+0000] {processor.py:840} INFO - DAG(s) 'example_branch_datetime_operator_2', 'example_branch_datetime_operator', 'example_branch_datetime_operator_3' retrieved from /usr/local/python/3.10.13/lib/python3.10/site-packages/airflow/example_dags/example_branch_datetime_operator.py
[2023-12-26T01:03:01.903+0000] {logging_mixin.py:188} INFO - [2023-12-26T01:03:01.903+0000] {dag.py:3033} INFO - Sync 3 DAGs
[2023-12-26T01:03:01.920+0000] {logging_mixin.py:188} INFO - [2023-12-26T01:03:01.920+0000] {dag.py:3820} INFO - Setting next_dagrun for example_branch_datetime_operator to 2023-12-25T00:00:00+00:00, run_after=2023-12-26T00:00:00+00:00
[2023-12-26T01:03:01.923+0000] {logging_mixin.py:188} INFO - [2023-12-26T01:03:01.923+0000] {dag.py:3820} INFO - Setting next_dagrun for example_branch_datetime_operator_2 to 2023-12-25T00:00:00+00:00, run_after=2023-12-26T00:00:00+00:00
[2023-12-26T01:03:01.925+0000] {logging_mixin.py:188} INFO - [2023-12-26T01:03:01.925+0000] {dag.py:3820} INFO - Setting next_dagrun for example_branch_datetime_operator_3 to 2023-12-25T00:00:00+00:00, run_after=2023-12-26T00:00:00+00:00
[2023-12-26T01:03:01.959+0000] {processor.py:183} INFO - Processing /usr/local/python/3.10.13/lib/python3.10/site-packages/airflow/example_dags/example_branch_datetime_operator.py took 0.084 seconds
[2023-12-26T01:03:57.412+0000] {processor.py:161} INFO - Started process (PID=9639) to work on /usr/local/python/3.10.13/lib/python3.10/site-packages/airflow/example_dags/example_branch_datetime_operator.py
[2023-12-26T01:03:57.412+0000] {processor.py:830} INFO - Processing file /usr/local/python/3.10.13/lib/python3.10/site-packages/airflow/example_dags/example_branch_datetime_operator.py for tasks to queue
[2023-12-26T01:03:57.413+0000] {logging_mixin.py:188} INFO - [2023-12-26T01:03:57.413+0000] {dagbag.py:538} INFO - Filling up the DagBag from /usr/local/python/3.10.13/lib/python3.10/site-packages/airflow/example_dags/example_branch_datetime_operator.py
[2023-12-26T01:03:57.423+0000] {processor.py:840} INFO - DAG(s) 'example_branch_datetime_operator_2', 'example_branch_datetime_operator', 'example_branch_datetime_operator_3' retrieved from /usr/local/python/3.10.13/lib/python3.10/site-packages/airflow/example_dags/example_branch_datetime_operator.py
[2023-12-26T01:03:57.438+0000] {logging_mixin.py:188} INFO - [2023-12-26T01:03:57.438+0000] {dag.py:3033} INFO - Sync 3 DAGs
[2023-12-26T01:03:57.454+0000] {logging_mixin.py:188} INFO - [2023-12-26T01:03:57.454+0000] {dag.py:3820} INFO - Setting next_dagrun for example_branch_datetime_operator to 2023-12-25T00:00:00+00:00, run_after=2023-12-26T00:00:00+00:00
[2023-12-26T01:03:57.458+0000] {logging_mixin.py:188} INFO - [2023-12-26T01:03:57.457+0000] {dag.py:3820} INFO - Setting next_dagrun for example_branch_datetime_operator_2 to 2023-12-25T00:00:00+00:00, run_after=2023-12-26T00:00:00+00:00
[2023-12-26T01:03:57.459+0000] {logging_mixin.py:188} INFO - [2023-12-26T01:03:57.459+0000] {dag.py:3820} INFO - Setting next_dagrun for example_branch_datetime_operator_3 to 2023-12-25T00:00:00+00:00, run_after=2023-12-26T00:00:00+00:00
[2023-12-26T01:03:57.492+0000] {processor.py:183} INFO - Processing /usr/local/python/3.10.13/lib/python3.10/site-packages/airflow/example_dags/example_branch_datetime_operator.py took 0.083 seconds
[2023-12-26T01:04:57.545+0000] {processor.py:161} INFO - Started process (PID=10388) to work on /usr/local/python/3.10.13/lib/python3.10/site-packages/airflow/example_dags/example_branch_datetime_operator.py
[2023-12-26T01:04:57.546+0000] {processor.py:830} INFO - Processing file /usr/local/python/3.10.13/lib/python3.10/site-packages/airflow/example_dags/example_branch_datetime_operator.py for tasks to queue
[2023-12-26T01:04:57.546+0000] {logging_mixin.py:188} INFO - [2023-12-26T01:04:57.546+0000] {dagbag.py:538} INFO - Filling up the DagBag from /usr/local/python/3.10.13/lib/python3.10/site-packages/airflow/example_dags/example_branch_datetime_operator.py
[2023-12-26T01:04:57.554+0000] {processor.py:840} INFO - DAG(s) 'example_branch_datetime_operator_2', 'example_branch_datetime_operator_3', 'example_branch_datetime_operator' retrieved from /usr/local/python/3.10.13/lib/python3.10/site-packages/airflow/example_dags/example_branch_datetime_operator.py
[2023-12-26T01:04:57.571+0000] {logging_mixin.py:188} INFO - [2023-12-26T01:04:57.570+0000] {dag.py:3033} INFO - Sync 3 DAGs
[2023-12-26T01:04:57.586+0000] {logging_mixin.py:188} INFO - [2023-12-26T01:04:57.586+0000] {dag.py:3820} INFO - Setting next_dagrun for example_branch_datetime_operator to 2023-12-25T00:00:00+00:00, run_after=2023-12-26T00:00:00+00:00
[2023-12-26T01:04:57.589+0000] {logging_mixin.py:188} INFO - [2023-12-26T01:04:57.589+0000] {dag.py:3820} INFO - Setting next_dagrun for example_branch_datetime_operator_2 to 2023-12-25T00:00:00+00:00, run_after=2023-12-26T00:00:00+00:00
[2023-12-26T01:04:57.591+0000] {logging_mixin.py:188} INFO - [2023-12-26T01:04:57.591+0000] {dag.py:3820} INFO - Setting next_dagrun for example_branch_datetime_operator_3 to 2023-12-25T00:00:00+00:00, run_after=2023-12-26T00:00:00+00:00
[2023-12-26T01:04:57.624+0000] {processor.py:183} INFO - Processing /usr/local/python/3.10.13/lib/python3.10/site-packages/airflow/example_dags/example_branch_datetime_operator.py took 0.081 seconds
[2023-12-26T01:05:56.703+0000] {processor.py:161} INFO - Started process (PID=11268) to work on /usr/local/python/3.10.13/lib/python3.10/site-packages/airflow/example_dags/example_branch_datetime_operator.py
[2023-12-26T01:05:56.704+0000] {processor.py:830} INFO - Processing file /usr/local/python/3.10.13/lib/python3.10/site-packages/airflow/example_dags/example_branch_datetime_operator.py for tasks to queue
[2023-12-26T01:05:56.705+0000] {logging_mixin.py:188} INFO - [2023-12-26T01:05:56.704+0000] {dagbag.py:538} INFO - Filling up the DagBag from /usr/local/python/3.10.13/lib/python3.10/site-packages/airflow/example_dags/example_branch_datetime_operator.py
[2023-12-26T01:05:56.712+0000] {processor.py:840} INFO - DAG(s) 'example_branch_datetime_operator_3', 'example_branch_datetime_operator', 'example_branch_datetime_operator_2' retrieved from /usr/local/python/3.10.13/lib/python3.10/site-packages/airflow/example_dags/example_branch_datetime_operator.py
[2023-12-26T01:05:56.730+0000] {logging_mixin.py:188} INFO - [2023-12-26T01:05:56.729+0000] {dag.py:3033} INFO - Sync 3 DAGs
[2023-12-26T01:05:56.746+0000] {logging_mixin.py:188} INFO - [2023-12-26T01:05:56.745+0000] {dag.py:3820} INFO - Setting next_dagrun for example_branch_datetime_operator to 2023-12-25T00:00:00+00:00, run_after=2023-12-26T00:00:00+00:00
[2023-12-26T01:05:56.749+0000] {logging_mixin.py:188} INFO - [2023-12-26T01:05:56.749+0000] {dag.py:3820} INFO - Setting next_dagrun for example_branch_datetime_operator_2 to 2023-12-25T00:00:00+00:00, run_after=2023-12-26T00:00:00+00:00
[2023-12-26T01:05:56.751+0000] {logging_mixin.py:188} INFO - [2023-12-26T01:05:56.751+0000] {dag.py:3820} INFO - Setting next_dagrun for example_branch_datetime_operator_3 to 2023-12-25T00:00:00+00:00, run_after=2023-12-26T00:00:00+00:00
[2023-12-26T01:05:56.783+0000] {processor.py:183} INFO - Processing /usr/local/python/3.10.13/lib/python3.10/site-packages/airflow/example_dags/example_branch_datetime_operator.py took 0.082 seconds
[2023-12-26T01:07:03.931+0000] {processor.py:161} INFO - Started process (PID=12318) to work on /usr/local/python/3.10.13/lib/python3.10/site-packages/airflow/example_dags/example_branch_datetime_operator.py
[2023-12-26T01:07:03.932+0000] {processor.py:830} INFO - Processing file /usr/local/python/3.10.13/lib/python3.10/site-packages/airflow/example_dags/example_branch_datetime_operator.py for tasks to queue
[2023-12-26T01:07:03.932+0000] {logging_mixin.py:188} INFO - [2023-12-26T01:07:03.932+0000] {dagbag.py:538} INFO - Filling up the DagBag from /usr/local/python/3.10.13/lib/python3.10/site-packages/airflow/example_dags/example_branch_datetime_operator.py
[2023-12-26T01:07:03.940+0000] {processor.py:840} INFO - DAG(s) 'example_branch_datetime_operator_2', 'example_branch_datetime_operator', 'example_branch_datetime_operator_3' retrieved from /usr/local/python/3.10.13/lib/python3.10/site-packages/airflow/example_dags/example_branch_datetime_operator.py
[2023-12-26T01:07:03.957+0000] {logging_mixin.py:188} INFO - [2023-12-26T01:07:03.956+0000] {dag.py:3033} INFO - Sync 3 DAGs
[2023-12-26T01:07:03.973+0000] {logging_mixin.py:188} INFO - [2023-12-26T01:07:03.973+0000] {dag.py:3820} INFO - Setting next_dagrun for example_branch_datetime_operator to 2023-12-25T00:00:00+00:00, run_after=2023-12-26T00:00:00+00:00
[2023-12-26T01:07:03.976+0000] {logging_mixin.py:188} INFO - [2023-12-26T01:07:03.976+0000] {dag.py:3820} INFO - Setting next_dagrun for example_branch_datetime_operator_2 to 2023-12-25T00:00:00+00:00, run_after=2023-12-26T00:00:00+00:00
[2023-12-26T01:07:03.978+0000] {logging_mixin.py:188} INFO - [2023-12-26T01:07:03.978+0000] {dag.py:3820} INFO - Setting next_dagrun for example_branch_datetime_operator_3 to 2023-12-25T00:00:00+00:00, run_after=2023-12-26T00:00:00+00:00
[2023-12-26T01:07:04.011+0000] {processor.py:183} INFO - Processing /usr/local/python/3.10.13/lib/python3.10/site-packages/airflow/example_dags/example_branch_datetime_operator.py took 0.082 seconds
[2023-12-26T01:07:56.305+0000] {processor.py:161} INFO - Started process (PID=12751) to work on /usr/local/python/3.10.13/lib/python3.10/site-packages/airflow/example_dags/example_branch_datetime_operator.py
[2023-12-26T01:07:56.306+0000] {processor.py:830} INFO - Processing file /usr/local/python/3.10.13/lib/python3.10/site-packages/airflow/example_dags/example_branch_datetime_operator.py for tasks to queue
[2023-12-26T01:07:56.306+0000] {logging_mixin.py:188} INFO - [2023-12-26T01:07:56.306+0000] {dagbag.py:538} INFO - Filling up the DagBag from /usr/local/python/3.10.13/lib/python3.10/site-packages/airflow/example_dags/example_branch_datetime_operator.py
[2023-12-26T01:07:56.314+0000] {processor.py:840} INFO - DAG(s) 'example_branch_datetime_operator', 'example_branch_datetime_operator_3', 'example_branch_datetime_operator_2' retrieved from /usr/local/python/3.10.13/lib/python3.10/site-packages/airflow/example_dags/example_branch_datetime_operator.py
[2023-12-26T01:07:56.331+0000] {logging_mixin.py:188} INFO - [2023-12-26T01:07:56.330+0000] {dag.py:3033} INFO - Sync 3 DAGs
[2023-12-26T01:07:56.346+0000] {logging_mixin.py:188} INFO - [2023-12-26T01:07:56.346+0000] {dag.py:3820} INFO - Setting next_dagrun for example_branch_datetime_operator to 2023-12-25T00:00:00+00:00, run_after=2023-12-26T00:00:00+00:00
[2023-12-26T01:07:56.350+0000] {logging_mixin.py:188} INFO - [2023-12-26T01:07:56.350+0000] {dag.py:3820} INFO - Setting next_dagrun for example_branch_datetime_operator_2 to 2023-12-25T00:00:00+00:00, run_after=2023-12-26T00:00:00+00:00
[2023-12-26T01:07:56.352+0000] {logging_mixin.py:188} INFO - [2023-12-26T01:07:56.352+0000] {dag.py:3820} INFO - Setting next_dagrun for example_branch_datetime_operator_3 to 2023-12-25T00:00:00+00:00, run_after=2023-12-26T00:00:00+00:00
[2023-12-26T01:07:56.385+0000] {processor.py:183} INFO - Processing /usr/local/python/3.10.13/lib/python3.10/site-packages/airflow/example_dags/example_branch_datetime_operator.py took 0.082 seconds
