[2023-12-26T01:01:39.762+0000] {processor.py:161} INFO - Started process (PID=7174) to work on /usr/local/python/3.10.13/lib/python3.10/site-packages/airflow/example_dags/example_setup_teardown_taskflow.py
[2023-12-26T01:01:39.762+0000] {processor.py:830} INFO - Processing file /usr/local/python/3.10.13/lib/python3.10/site-packages/airflow/example_dags/example_setup_teardown_taskflow.py for tasks to queue
[2023-12-26T01:01:39.763+0000] {logging_mixin.py:188} INFO - [2023-12-26T01:01:39.763+0000] {dagbag.py:538} INFO - Filling up the DagBag from /usr/local/python/3.10.13/lib/python3.10/site-packages/airflow/example_dags/example_setup_teardown_taskflow.py
[2023-12-26T01:01:39.771+0000] {processor.py:840} INFO - DAG(s) 'example_setup_teardown_taskflow' retrieved from /usr/local/python/3.10.13/lib/python3.10/site-packages/airflow/example_dags/example_setup_teardown_taskflow.py
[2023-12-26T01:01:39.899+0000] {logging_mixin.py:188} INFO - [2023-12-26T01:01:39.898+0000] {override.py:1769} INFO - Created Permission View: can delete on DAG:example_setup_teardown_taskflow
[2023-12-26T01:01:39.926+0000] {logging_mixin.py:188} INFO - [2023-12-26T01:01:39.926+0000] {override.py:1769} INFO - Created Permission View: can read on DAG:example_setup_teardown_taskflow
[2023-12-26T01:01:39.950+0000] {logging_mixin.py:188} INFO - [2023-12-26T01:01:39.949+0000] {override.py:1769} INFO - Created Permission View: can edit on DAG:example_setup_teardown_taskflow
[2023-12-26T01:01:39.950+0000] {logging_mixin.py:188} INFO - [2023-12-26T01:01:39.950+0000] {dag.py:3033} INFO - Sync 1 DAGs
[2023-12-26T01:01:39.958+0000] {logging_mixin.py:188} INFO - [2023-12-26T01:01:39.958+0000] {dag.py:3055} INFO - Creating ORM DAG for example_setup_teardown_taskflow
[2023-12-26T01:01:39.965+0000] {logging_mixin.py:188} INFO - [2023-12-26T01:01:39.965+0000] {dag.py:3820} INFO - Setting next_dagrun for example_setup_teardown_taskflow to 2023-12-25T00:00:00+00:00, run_after=2023-12-26T00:00:00+00:00
[2023-12-26T01:01:40.008+0000] {processor.py:183} INFO - Processing /usr/local/python/3.10.13/lib/python3.10/site-packages/airflow/example_dags/example_setup_teardown_taskflow.py took 0.248 seconds
[2023-12-26T01:02:34.647+0000] {processor.py:161} INFO - Started process (PID=8577) to work on /usr/local/python/3.10.13/lib/python3.10/site-packages/airflow/example_dags/example_setup_teardown_taskflow.py
[2023-12-26T01:02:34.648+0000] {processor.py:830} INFO - Processing file /usr/local/python/3.10.13/lib/python3.10/site-packages/airflow/example_dags/example_setup_teardown_taskflow.py for tasks to queue
[2023-12-26T01:02:34.648+0000] {logging_mixin.py:188} INFO - [2023-12-26T01:02:34.648+0000] {dagbag.py:538} INFO - Filling up the DagBag from /usr/local/python/3.10.13/lib/python3.10/site-packages/airflow/example_dags/example_setup_teardown_taskflow.py
[2023-12-26T01:02:34.656+0000] {processor.py:840} INFO - DAG(s) 'example_setup_teardown_taskflow' retrieved from /usr/local/python/3.10.13/lib/python3.10/site-packages/airflow/example_dags/example_setup_teardown_taskflow.py
[2023-12-26T01:02:34.672+0000] {logging_mixin.py:188} INFO - [2023-12-26T01:02:34.672+0000] {dag.py:3033} INFO - Sync 1 DAGs
[2023-12-26T01:02:34.687+0000] {logging_mixin.py:188} INFO - [2023-12-26T01:02:34.687+0000] {dag.py:3820} INFO - Setting next_dagrun for example_setup_teardown_taskflow to 2023-12-25T00:00:00+00:00, run_after=2023-12-26T00:00:00+00:00
[2023-12-26T01:02:34.721+0000] {processor.py:183} INFO - Processing /usr/local/python/3.10.13/lib/python3.10/site-packages/airflow/example_dags/example_setup_teardown_taskflow.py took 0.076 seconds
[2023-12-26T01:03:20.343+0000] {processor.py:161} INFO - Started process (PID=9120) to work on /usr/local/python/3.10.13/lib/python3.10/site-packages/airflow/example_dags/example_setup_teardown_taskflow.py
[2023-12-26T01:03:20.344+0000] {processor.py:830} INFO - Processing file /usr/local/python/3.10.13/lib/python3.10/site-packages/airflow/example_dags/example_setup_teardown_taskflow.py for tasks to queue
[2023-12-26T01:03:20.345+0000] {logging_mixin.py:188} INFO - [2023-12-26T01:03:20.344+0000] {dagbag.py:538} INFO - Filling up the DagBag from /usr/local/python/3.10.13/lib/python3.10/site-packages/airflow/example_dags/example_setup_teardown_taskflow.py
[2023-12-26T01:03:20.353+0000] {processor.py:840} INFO - DAG(s) 'example_setup_teardown_taskflow' retrieved from /usr/local/python/3.10.13/lib/python3.10/site-packages/airflow/example_dags/example_setup_teardown_taskflow.py
[2023-12-26T01:03:20.365+0000] {logging_mixin.py:188} INFO - [2023-12-26T01:03:20.365+0000] {dag.py:3033} INFO - Sync 1 DAGs
[2023-12-26T01:03:20.379+0000] {logging_mixin.py:188} INFO - [2023-12-26T01:03:20.379+0000] {dag.py:3820} INFO - Setting next_dagrun for example_setup_teardown_taskflow to 2023-12-25T00:00:00+00:00, run_after=2023-12-26T00:00:00+00:00
[2023-12-26T01:03:20.413+0000] {processor.py:183} INFO - Processing /usr/local/python/3.10.13/lib/python3.10/site-packages/airflow/example_dags/example_setup_teardown_taskflow.py took 0.072 seconds
[2023-12-26T01:04:14.097+0000] {processor.py:161} INFO - Started process (PID=9954) to work on /usr/local/python/3.10.13/lib/python3.10/site-packages/airflow/example_dags/example_setup_teardown_taskflow.py
[2023-12-26T01:04:14.098+0000] {processor.py:830} INFO - Processing file /usr/local/python/3.10.13/lib/python3.10/site-packages/airflow/example_dags/example_setup_teardown_taskflow.py for tasks to queue
[2023-12-26T01:04:14.098+0000] {logging_mixin.py:188} INFO - [2023-12-26T01:04:14.098+0000] {dagbag.py:538} INFO - Filling up the DagBag from /usr/local/python/3.10.13/lib/python3.10/site-packages/airflow/example_dags/example_setup_teardown_taskflow.py
[2023-12-26T01:04:14.106+0000] {processor.py:840} INFO - DAG(s) 'example_setup_teardown_taskflow' retrieved from /usr/local/python/3.10.13/lib/python3.10/site-packages/airflow/example_dags/example_setup_teardown_taskflow.py
[2023-12-26T01:04:14.119+0000] {logging_mixin.py:188} INFO - [2023-12-26T01:04:14.119+0000] {dag.py:3033} INFO - Sync 1 DAGs
[2023-12-26T01:04:14.134+0000] {logging_mixin.py:188} INFO - [2023-12-26T01:04:14.134+0000] {dag.py:3820} INFO - Setting next_dagrun for example_setup_teardown_taskflow to 2023-12-25T00:00:00+00:00, run_after=2023-12-26T00:00:00+00:00
[2023-12-26T01:04:14.169+0000] {processor.py:183} INFO - Processing /usr/local/python/3.10.13/lib/python3.10/site-packages/airflow/example_dags/example_setup_teardown_taskflow.py took 0.074 seconds
[2023-12-26T01:05:12.087+0000] {processor.py:161} INFO - Started process (PID=10538) to work on /usr/local/python/3.10.13/lib/python3.10/site-packages/airflow/example_dags/example_setup_teardown_taskflow.py
[2023-12-26T01:05:12.088+0000] {processor.py:830} INFO - Processing file /usr/local/python/3.10.13/lib/python3.10/site-packages/airflow/example_dags/example_setup_teardown_taskflow.py for tasks to queue
[2023-12-26T01:05:12.089+0000] {logging_mixin.py:188} INFO - [2023-12-26T01:05:12.088+0000] {dagbag.py:538} INFO - Filling up the DagBag from /usr/local/python/3.10.13/lib/python3.10/site-packages/airflow/example_dags/example_setup_teardown_taskflow.py
[2023-12-26T01:05:12.097+0000] {processor.py:840} INFO - DAG(s) 'example_setup_teardown_taskflow' retrieved from /usr/local/python/3.10.13/lib/python3.10/site-packages/airflow/example_dags/example_setup_teardown_taskflow.py
[2023-12-26T01:05:12.110+0000] {logging_mixin.py:188} INFO - [2023-12-26T01:05:12.109+0000] {dag.py:3033} INFO - Sync 1 DAGs
[2023-12-26T01:05:12.126+0000] {logging_mixin.py:188} INFO - [2023-12-26T01:05:12.126+0000] {dag.py:3820} INFO - Setting next_dagrun for example_setup_teardown_taskflow to 2023-12-25T00:00:00+00:00, run_after=2023-12-26T00:00:00+00:00
[2023-12-26T01:05:12.162+0000] {processor.py:183} INFO - Processing /usr/local/python/3.10.13/lib/python3.10/site-packages/airflow/example_dags/example_setup_teardown_taskflow.py took 0.077 seconds
[2023-12-26T01:06:12.305+0000] {processor.py:161} INFO - Started process (PID=11549) to work on /usr/local/python/3.10.13/lib/python3.10/site-packages/airflow/example_dags/example_setup_teardown_taskflow.py
[2023-12-26T01:06:12.306+0000] {processor.py:830} INFO - Processing file /usr/local/python/3.10.13/lib/python3.10/site-packages/airflow/example_dags/example_setup_teardown_taskflow.py for tasks to queue
[2023-12-26T01:06:12.307+0000] {logging_mixin.py:188} INFO - [2023-12-26T01:06:12.306+0000] {dagbag.py:538} INFO - Filling up the DagBag from /usr/local/python/3.10.13/lib/python3.10/site-packages/airflow/example_dags/example_setup_teardown_taskflow.py
[2023-12-26T01:06:12.314+0000] {processor.py:840} INFO - DAG(s) 'example_setup_teardown_taskflow' retrieved from /usr/local/python/3.10.13/lib/python3.10/site-packages/airflow/example_dags/example_setup_teardown_taskflow.py
[2023-12-26T01:06:12.326+0000] {logging_mixin.py:188} INFO - [2023-12-26T01:06:12.326+0000] {dag.py:3033} INFO - Sync 1 DAGs
[2023-12-26T01:06:12.342+0000] {logging_mixin.py:188} INFO - [2023-12-26T01:06:12.342+0000] {dag.py:3820} INFO - Setting next_dagrun for example_setup_teardown_taskflow to 2023-12-25T00:00:00+00:00, run_after=2023-12-26T00:00:00+00:00
[2023-12-26T01:06:12.374+0000] {processor.py:183} INFO - Processing /usr/local/python/3.10.13/lib/python3.10/site-packages/airflow/example_dags/example_setup_teardown_taskflow.py took 0.071 seconds
[2023-12-26T01:07:01.658+0000] {processor.py:161} INFO - Started process (PID=12304) to work on /usr/local/python/3.10.13/lib/python3.10/site-packages/airflow/example_dags/example_setup_teardown_taskflow.py
[2023-12-26T01:07:01.658+0000] {processor.py:830} INFO - Processing file /usr/local/python/3.10.13/lib/python3.10/site-packages/airflow/example_dags/example_setup_teardown_taskflow.py for tasks to queue
[2023-12-26T01:07:01.659+0000] {logging_mixin.py:188} INFO - [2023-12-26T01:07:01.659+0000] {dagbag.py:538} INFO - Filling up the DagBag from /usr/local/python/3.10.13/lib/python3.10/site-packages/airflow/example_dags/example_setup_teardown_taskflow.py
[2023-12-26T01:07:01.667+0000] {processor.py:840} INFO - DAG(s) 'example_setup_teardown_taskflow' retrieved from /usr/local/python/3.10.13/lib/python3.10/site-packages/airflow/example_dags/example_setup_teardown_taskflow.py
[2023-12-26T01:07:01.679+0000] {logging_mixin.py:188} INFO - [2023-12-26T01:07:01.679+0000] {dag.py:3033} INFO - Sync 1 DAGs
[2023-12-26T01:07:01.694+0000] {logging_mixin.py:188} INFO - [2023-12-26T01:07:01.694+0000] {dag.py:3820} INFO - Setting next_dagrun for example_setup_teardown_taskflow to 2023-12-25T00:00:00+00:00, run_after=2023-12-26T00:00:00+00:00
[2023-12-26T01:07:01.728+0000] {processor.py:183} INFO - Processing /usr/local/python/3.10.13/lib/python3.10/site-packages/airflow/example_dags/example_setup_teardown_taskflow.py took 0.072 seconds
[2023-12-26T01:07:53.935+0000] {processor.py:161} INFO - Started process (PID=12713) to work on /usr/local/python/3.10.13/lib/python3.10/site-packages/airflow/example_dags/example_setup_teardown_taskflow.py
[2023-12-26T01:07:53.936+0000] {processor.py:830} INFO - Processing file /usr/local/python/3.10.13/lib/python3.10/site-packages/airflow/example_dags/example_setup_teardown_taskflow.py for tasks to queue
[2023-12-26T01:07:53.936+0000] {logging_mixin.py:188} INFO - [2023-12-26T01:07:53.936+0000] {dagbag.py:538} INFO - Filling up the DagBag from /usr/local/python/3.10.13/lib/python3.10/site-packages/airflow/example_dags/example_setup_teardown_taskflow.py
[2023-12-26T01:07:53.944+0000] {processor.py:840} INFO - DAG(s) 'example_setup_teardown_taskflow' retrieved from /usr/local/python/3.10.13/lib/python3.10/site-packages/airflow/example_dags/example_setup_teardown_taskflow.py
[2023-12-26T01:07:53.956+0000] {logging_mixin.py:188} INFO - [2023-12-26T01:07:53.956+0000] {dag.py:3033} INFO - Sync 1 DAGs
[2023-12-26T01:07:53.971+0000] {logging_mixin.py:188} INFO - [2023-12-26T01:07:53.971+0000] {dag.py:3820} INFO - Setting next_dagrun for example_setup_teardown_taskflow to 2023-12-25T00:00:00+00:00, run_after=2023-12-26T00:00:00+00:00
[2023-12-26T01:07:54.005+0000] {processor.py:183} INFO - Processing /usr/local/python/3.10.13/lib/python3.10/site-packages/airflow/example_dags/example_setup_teardown_taskflow.py took 0.072 seconds
[2023-12-26T01:08:55.752+0000] {processor.py:161} INFO - Started process (PID=13421) to work on /usr/local/python/3.10.13/lib/python3.10/site-packages/airflow/example_dags/example_setup_teardown_taskflow.py
[2023-12-26T01:08:55.752+0000] {processor.py:830} INFO - Processing file /usr/local/python/3.10.13/lib/python3.10/site-packages/airflow/example_dags/example_setup_teardown_taskflow.py for tasks to queue
[2023-12-26T01:08:55.753+0000] {logging_mixin.py:188} INFO - [2023-12-26T01:08:55.753+0000] {dagbag.py:538} INFO - Filling up the DagBag from /usr/local/python/3.10.13/lib/python3.10/site-packages/airflow/example_dags/example_setup_teardown_taskflow.py
[2023-12-26T01:08:55.761+0000] {processor.py:840} INFO - DAG(s) 'example_setup_teardown_taskflow' retrieved from /usr/local/python/3.10.13/lib/python3.10/site-packages/airflow/example_dags/example_setup_teardown_taskflow.py
[2023-12-26T01:08:55.773+0000] {logging_mixin.py:188} INFO - [2023-12-26T01:08:55.773+0000] {dag.py:3033} INFO - Sync 1 DAGs
[2023-12-26T01:08:55.788+0000] {logging_mixin.py:188} INFO - [2023-12-26T01:08:55.787+0000] {dag.py:3820} INFO - Setting next_dagrun for example_setup_teardown_taskflow to 2023-12-25T00:00:00+00:00, run_after=2023-12-26T00:00:00+00:00
[2023-12-26T01:08:55.824+0000] {processor.py:183} INFO - Processing /usr/local/python/3.10.13/lib/python3.10/site-packages/airflow/example_dags/example_setup_teardown_taskflow.py took 0.075 seconds
