[2023-12-26T01:01:52.804+0000] {processor.py:161} INFO - Started process (PID=7434) to work on /usr/local/python/3.10.13/lib/python3.10/site-packages/airflow/example_dags/example_dag_decorator.py
[2023-12-26T01:01:52.805+0000] {processor.py:830} INFO - Processing file /usr/local/python/3.10.13/lib/python3.10/site-packages/airflow/example_dags/example_dag_decorator.py for tasks to queue
[2023-12-26T01:01:52.806+0000] {logging_mixin.py:188} INFO - [2023-12-26T01:01:52.806+0000] {dagbag.py:538} INFO - Filling up the DagBag from /usr/local/python/3.10.13/lib/python3.10/site-packages/airflow/example_dags/example_dag_decorator.py
[2023-12-26T01:01:52.942+0000] {processor.py:840} INFO - DAG(s) 'example_dag_decorator' retrieved from /usr/local/python/3.10.13/lib/python3.10/site-packages/airflow/example_dags/example_dag_decorator.py
[2023-12-26T01:01:53.118+0000] {logging_mixin.py:188} INFO - [2023-12-26T01:01:53.117+0000] {override.py:1769} INFO - Created Permission View: can delete on DAG:example_dag_decorator
[2023-12-26T01:01:53.153+0000] {logging_mixin.py:188} INFO - [2023-12-26T01:01:53.152+0000] {override.py:1769} INFO - Created Permission View: can read on DAG:example_dag_decorator
[2023-12-26T01:01:53.183+0000] {logging_mixin.py:188} INFO - [2023-12-26T01:01:53.182+0000] {override.py:1769} INFO - Created Permission View: can edit on DAG:example_dag_decorator
[2023-12-26T01:01:53.183+0000] {logging_mixin.py:188} INFO - [2023-12-26T01:01:53.183+0000] {dag.py:3033} INFO - Sync 1 DAGs
[2023-12-26T01:01:53.191+0000] {logging_mixin.py:188} INFO - [2023-12-26T01:01:53.191+0000] {dag.py:3055} INFO - Creating ORM DAG for example_dag_decorator
[2023-12-26T01:01:53.192+0000] {logging_mixin.py:188} INFO - [2023-12-26T01:01:53.192+0000] {dag.py:3820} INFO - Setting next_dagrun for example_dag_decorator to None, run_after=None
[2023-12-26T01:01:53.234+0000] {processor.py:183} INFO - Processing /usr/local/python/3.10.13/lib/python3.10/site-packages/airflow/example_dags/example_dag_decorator.py took 0.432 seconds
[2023-12-26T01:02:43.484+0000] {processor.py:161} INFO - Started process (PID=8680) to work on /usr/local/python/3.10.13/lib/python3.10/site-packages/airflow/example_dags/example_dag_decorator.py
[2023-12-26T01:02:43.485+0000] {processor.py:830} INFO - Processing file /usr/local/python/3.10.13/lib/python3.10/site-packages/airflow/example_dags/example_dag_decorator.py for tasks to queue
[2023-12-26T01:02:43.486+0000] {logging_mixin.py:188} INFO - [2023-12-26T01:02:43.486+0000] {dagbag.py:538} INFO - Filling up the DagBag from /usr/local/python/3.10.13/lib/python3.10/site-packages/airflow/example_dags/example_dag_decorator.py
[2023-12-26T01:02:43.581+0000] {processor.py:840} INFO - DAG(s) 'example_dag_decorator' retrieved from /usr/local/python/3.10.13/lib/python3.10/site-packages/airflow/example_dags/example_dag_decorator.py
[2023-12-26T01:02:43.695+0000] {logging_mixin.py:188} INFO - [2023-12-26T01:02:43.695+0000] {dag.py:3033} INFO - Sync 1 DAGs
[2023-12-26T01:02:43.704+0000] {logging_mixin.py:188} INFO - [2023-12-26T01:02:43.704+0000] {dag.py:3820} INFO - Setting next_dagrun for example_dag_decorator to None, run_after=None
[2023-12-26T01:02:43.752+0000] {processor.py:183} INFO - Processing /usr/local/python/3.10.13/lib/python3.10/site-packages/airflow/example_dags/example_dag_decorator.py took 0.271 seconds
[2023-12-26T01:03:33.422+0000] {processor.py:161} INFO - Started process (PID=9320) to work on /usr/local/python/3.10.13/lib/python3.10/site-packages/airflow/example_dags/example_dag_decorator.py
[2023-12-26T01:03:33.422+0000] {processor.py:830} INFO - Processing file /usr/local/python/3.10.13/lib/python3.10/site-packages/airflow/example_dags/example_dag_decorator.py for tasks to queue
[2023-12-26T01:03:33.423+0000] {logging_mixin.py:188} INFO - [2023-12-26T01:03:33.423+0000] {dagbag.py:538} INFO - Filling up the DagBag from /usr/local/python/3.10.13/lib/python3.10/site-packages/airflow/example_dags/example_dag_decorator.py
[2023-12-26T01:03:33.506+0000] {processor.py:840} INFO - DAG(s) 'example_dag_decorator' retrieved from /usr/local/python/3.10.13/lib/python3.10/site-packages/airflow/example_dags/example_dag_decorator.py
[2023-12-26T01:03:33.600+0000] {logging_mixin.py:188} INFO - [2023-12-26T01:03:33.599+0000] {dag.py:3033} INFO - Sync 1 DAGs
[2023-12-26T01:03:33.607+0000] {logging_mixin.py:188} INFO - [2023-12-26T01:03:33.607+0000] {dag.py:3820} INFO - Setting next_dagrun for example_dag_decorator to None, run_after=None
[2023-12-26T01:03:33.642+0000] {processor.py:183} INFO - Processing /usr/local/python/3.10.13/lib/python3.10/site-packages/airflow/example_dags/example_dag_decorator.py took 0.222 seconds
[2023-12-26T01:04:35.979+0000] {processor.py:161} INFO - Started process (PID=10250) to work on /usr/local/python/3.10.13/lib/python3.10/site-packages/airflow/example_dags/example_dag_decorator.py
[2023-12-26T01:04:35.980+0000] {processor.py:830} INFO - Processing file /usr/local/python/3.10.13/lib/python3.10/site-packages/airflow/example_dags/example_dag_decorator.py for tasks to queue
[2023-12-26T01:04:35.980+0000] {logging_mixin.py:188} INFO - [2023-12-26T01:04:35.980+0000] {dagbag.py:538} INFO - Filling up the DagBag from /usr/local/python/3.10.13/lib/python3.10/site-packages/airflow/example_dags/example_dag_decorator.py
[2023-12-26T01:04:36.053+0000] {processor.py:840} INFO - DAG(s) 'example_dag_decorator' retrieved from /usr/local/python/3.10.13/lib/python3.10/site-packages/airflow/example_dags/example_dag_decorator.py
[2023-12-26T01:04:36.130+0000] {logging_mixin.py:188} INFO - [2023-12-26T01:04:36.130+0000] {dag.py:3033} INFO - Sync 1 DAGs
[2023-12-26T01:04:36.137+0000] {logging_mixin.py:188} INFO - [2023-12-26T01:04:36.137+0000] {dag.py:3820} INFO - Setting next_dagrun for example_dag_decorator to None, run_after=None
[2023-12-26T01:04:36.175+0000] {processor.py:183} INFO - Processing /usr/local/python/3.10.13/lib/python3.10/site-packages/airflow/example_dags/example_dag_decorator.py took 0.198 seconds
[2023-12-26T01:05:31.521+0000] {processor.py:161} INFO - Started process (PID=10792) to work on /usr/local/python/3.10.13/lib/python3.10/site-packages/airflow/example_dags/example_dag_decorator.py
[2023-12-26T01:05:31.521+0000] {processor.py:830} INFO - Processing file /usr/local/python/3.10.13/lib/python3.10/site-packages/airflow/example_dags/example_dag_decorator.py for tasks to queue
[2023-12-26T01:05:31.522+0000] {logging_mixin.py:188} INFO - [2023-12-26T01:05:31.522+0000] {dagbag.py:538} INFO - Filling up the DagBag from /usr/local/python/3.10.13/lib/python3.10/site-packages/airflow/example_dags/example_dag_decorator.py
[2023-12-26T01:05:31.595+0000] {processor.py:840} INFO - DAG(s) 'example_dag_decorator' retrieved from /usr/local/python/3.10.13/lib/python3.10/site-packages/airflow/example_dags/example_dag_decorator.py
[2023-12-26T01:05:31.674+0000] {logging_mixin.py:188} INFO - [2023-12-26T01:05:31.674+0000] {dag.py:3033} INFO - Sync 1 DAGs
[2023-12-26T01:05:31.682+0000] {logging_mixin.py:188} INFO - [2023-12-26T01:05:31.682+0000] {dag.py:3820} INFO - Setting next_dagrun for example_dag_decorator to None, run_after=None
[2023-12-26T01:05:31.716+0000] {processor.py:183} INFO - Processing /usr/local/python/3.10.13/lib/python3.10/site-packages/airflow/example_dags/example_dag_decorator.py took 0.198 seconds
[2023-12-26T01:06:37.483+0000] {processor.py:161} INFO - Started process (PID=12033) to work on /usr/local/python/3.10.13/lib/python3.10/site-packages/airflow/example_dags/example_dag_decorator.py
[2023-12-26T01:06:37.483+0000] {processor.py:830} INFO - Processing file /usr/local/python/3.10.13/lib/python3.10/site-packages/airflow/example_dags/example_dag_decorator.py for tasks to queue
[2023-12-26T01:06:37.484+0000] {logging_mixin.py:188} INFO - [2023-12-26T01:06:37.484+0000] {dagbag.py:538} INFO - Filling up the DagBag from /usr/local/python/3.10.13/lib/python3.10/site-packages/airflow/example_dags/example_dag_decorator.py
[2023-12-26T01:06:37.560+0000] {processor.py:840} INFO - DAG(s) 'example_dag_decorator' retrieved from /usr/local/python/3.10.13/lib/python3.10/site-packages/airflow/example_dags/example_dag_decorator.py
[2023-12-26T01:06:37.637+0000] {logging_mixin.py:188} INFO - [2023-12-26T01:06:37.636+0000] {dag.py:3033} INFO - Sync 1 DAGs
[2023-12-26T01:06:37.644+0000] {logging_mixin.py:188} INFO - [2023-12-26T01:06:37.644+0000] {dag.py:3820} INFO - Setting next_dagrun for example_dag_decorator to None, run_after=None
[2023-12-26T01:06:37.679+0000] {processor.py:183} INFO - Processing /usr/local/python/3.10.13/lib/python3.10/site-packages/airflow/example_dags/example_dag_decorator.py took 0.199 seconds
[2023-12-26T01:07:33.300+0000] {processor.py:161} INFO - Started process (PID=12577) to work on /usr/local/python/3.10.13/lib/python3.10/site-packages/airflow/example_dags/example_dag_decorator.py
[2023-12-26T01:07:33.301+0000] {processor.py:830} INFO - Processing file /usr/local/python/3.10.13/lib/python3.10/site-packages/airflow/example_dags/example_dag_decorator.py for tasks to queue
[2023-12-26T01:07:33.302+0000] {logging_mixin.py:188} INFO - [2023-12-26T01:07:33.302+0000] {dagbag.py:538} INFO - Filling up the DagBag from /usr/local/python/3.10.13/lib/python3.10/site-packages/airflow/example_dags/example_dag_decorator.py
[2023-12-26T01:07:33.386+0000] {processor.py:840} INFO - DAG(s) 'example_dag_decorator' retrieved from /usr/local/python/3.10.13/lib/python3.10/site-packages/airflow/example_dags/example_dag_decorator.py
[2023-12-26T01:07:33.462+0000] {logging_mixin.py:188} INFO - [2023-12-26T01:07:33.462+0000] {dag.py:3033} INFO - Sync 1 DAGs
[2023-12-26T01:07:33.469+0000] {logging_mixin.py:188} INFO - [2023-12-26T01:07:33.469+0000] {dag.py:3820} INFO - Setting next_dagrun for example_dag_decorator to None, run_after=None
[2023-12-26T01:07:33.508+0000] {processor.py:183} INFO - Processing /usr/local/python/3.10.13/lib/python3.10/site-packages/airflow/example_dags/example_dag_decorator.py took 0.210 seconds
[2023-12-26T01:08:35.106+0000] {processor.py:161} INFO - Started process (PID=13270) to work on /usr/local/python/3.10.13/lib/python3.10/site-packages/airflow/example_dags/example_dag_decorator.py
[2023-12-26T01:08:35.107+0000] {processor.py:830} INFO - Processing file /usr/local/python/3.10.13/lib/python3.10/site-packages/airflow/example_dags/example_dag_decorator.py for tasks to queue
[2023-12-26T01:08:35.107+0000] {logging_mixin.py:188} INFO - [2023-12-26T01:08:35.107+0000] {dagbag.py:538} INFO - Filling up the DagBag from /usr/local/python/3.10.13/lib/python3.10/site-packages/airflow/example_dags/example_dag_decorator.py
[2023-12-26T01:08:35.181+0000] {processor.py:840} INFO - DAG(s) 'example_dag_decorator' retrieved from /usr/local/python/3.10.13/lib/python3.10/site-packages/airflow/example_dags/example_dag_decorator.py
[2023-12-26T01:08:35.263+0000] {logging_mixin.py:188} INFO - [2023-12-26T01:08:35.263+0000] {dag.py:3033} INFO - Sync 1 DAGs
[2023-12-26T01:08:35.271+0000] {logging_mixin.py:188} INFO - [2023-12-26T01:08:35.271+0000] {dag.py:3820} INFO - Setting next_dagrun for example_dag_decorator to None, run_after=None
[2023-12-26T01:08:35.305+0000] {processor.py:183} INFO - Processing /usr/local/python/3.10.13/lib/python3.10/site-packages/airflow/example_dags/example_dag_decorator.py took 0.201 seconds
[2023-12-26T01:09:27.834+0000] {processor.py:161} INFO - Started process (PID=13803) to work on /usr/local/python/3.10.13/lib/python3.10/site-packages/airflow/example_dags/example_dag_decorator.py
[2023-12-26T01:09:27.834+0000] {processor.py:830} INFO - Processing file /usr/local/python/3.10.13/lib/python3.10/site-packages/airflow/example_dags/example_dag_decorator.py for tasks to queue
[2023-12-26T01:09:27.835+0000] {logging_mixin.py:188} INFO - [2023-12-26T01:09:27.835+0000] {dagbag.py:538} INFO - Filling up the DagBag from /usr/local/python/3.10.13/lib/python3.10/site-packages/airflow/example_dags/example_dag_decorator.py
[2023-12-26T01:09:27.910+0000] {processor.py:840} INFO - DAG(s) 'example_dag_decorator' retrieved from /usr/local/python/3.10.13/lib/python3.10/site-packages/airflow/example_dags/example_dag_decorator.py
[2023-12-26T01:09:27.996+0000] {logging_mixin.py:188} INFO - [2023-12-26T01:09:27.995+0000] {dag.py:3033} INFO - Sync 1 DAGs
[2023-12-26T01:09:28.007+0000] {logging_mixin.py:188} INFO - [2023-12-26T01:09:28.007+0000] {dag.py:3820} INFO - Setting next_dagrun for example_dag_decorator to None, run_after=None
[2023-12-26T01:09:28.046+0000] {processor.py:183} INFO - Processing /usr/local/python/3.10.13/lib/python3.10/site-packages/airflow/example_dags/example_dag_decorator.py took 0.215 seconds
