[2023-12-26T01:01:09.686+0000] {processor.py:161} INFO - Started process (PID=6704) to work on /usr/local/python/3.10.13/lib/python3.10/site-packages/airflow/example_dags/example_trigger_controller_dag.py
[2023-12-26T01:01:09.687+0000] {processor.py:830} INFO - Processing file /usr/local/python/3.10.13/lib/python3.10/site-packages/airflow/example_dags/example_trigger_controller_dag.py for tasks to queue
[2023-12-26T01:01:09.687+0000] {logging_mixin.py:188} INFO - [2023-12-26T01:01:09.687+0000] {dagbag.py:538} INFO - Filling up the DagBag from /usr/local/python/3.10.13/lib/python3.10/site-packages/airflow/example_dags/example_trigger_controller_dag.py
[2023-12-26T01:01:09.694+0000] {processor.py:840} INFO - DAG(s) 'example_trigger_controller_dag' retrieved from /usr/local/python/3.10.13/lib/python3.10/site-packages/airflow/example_dags/example_trigger_controller_dag.py
[2023-12-26T01:01:09.846+0000] {logging_mixin.py:188} INFO - [2023-12-26T01:01:09.845+0000] {override.py:1769} INFO - Created Permission View: can delete on DAG:example_trigger_controller_dag
[2023-12-26T01:01:09.911+0000] {logging_mixin.py:188} INFO - [2023-12-26T01:01:09.911+0000] {override.py:1769} INFO - Created Permission View: can read on DAG:example_trigger_controller_dag
[2023-12-26T01:01:09.936+0000] {logging_mixin.py:188} INFO - [2023-12-26T01:01:09.936+0000] {override.py:1769} INFO - Created Permission View: can edit on DAG:example_trigger_controller_dag
[2023-12-26T01:01:09.936+0000] {logging_mixin.py:188} INFO - [2023-12-26T01:01:09.936+0000] {dag.py:3033} INFO - Sync 1 DAGs
[2023-12-26T01:01:09.945+0000] {logging_mixin.py:188} INFO - [2023-12-26T01:01:09.945+0000] {dag.py:3055} INFO - Creating ORM DAG for example_trigger_controller_dag
[2023-12-26T01:01:09.952+0000] {logging_mixin.py:188} INFO - [2023-12-26T01:01:09.952+0000] {dag.py:3820} INFO - Setting next_dagrun for example_trigger_controller_dag to 2021-01-01T00:00:00+00:00, run_after=2021-01-01T00:00:00+00:00
[2023-12-26T01:01:09.995+0000] {processor.py:183} INFO - Processing /usr/local/python/3.10.13/lib/python3.10/site-packages/airflow/example_dags/example_trigger_controller_dag.py took 0.312 seconds
[2023-12-26T01:02:11.005+0000] {processor.py:161} INFO - Started process (PID=8143) to work on /usr/local/python/3.10.13/lib/python3.10/site-packages/airflow/example_dags/example_trigger_controller_dag.py
[2023-12-26T01:02:11.006+0000] {processor.py:830} INFO - Processing file /usr/local/python/3.10.13/lib/python3.10/site-packages/airflow/example_dags/example_trigger_controller_dag.py for tasks to queue
[2023-12-26T01:02:11.008+0000] {logging_mixin.py:188} INFO - [2023-12-26T01:02:11.007+0000] {dagbag.py:538} INFO - Filling up the DagBag from /usr/local/python/3.10.13/lib/python3.10/site-packages/airflow/example_dags/example_trigger_controller_dag.py
[2023-12-26T01:02:11.014+0000] {processor.py:840} INFO - DAG(s) 'example_trigger_controller_dag' retrieved from /usr/local/python/3.10.13/lib/python3.10/site-packages/airflow/example_dags/example_trigger_controller_dag.py
[2023-12-26T01:02:11.032+0000] {logging_mixin.py:188} INFO - [2023-12-26T01:02:11.032+0000] {dag.py:3033} INFO - Sync 1 DAGs
[2023-12-26T01:02:11.056+0000] {logging_mixin.py:188} INFO - [2023-12-26T01:02:11.056+0000] {dag.py:3820} INFO - Setting next_dagrun for example_trigger_controller_dag to 2021-01-01T00:00:00+00:00, run_after=2021-01-01T00:00:00+00:00
[2023-12-26T01:02:11.100+0000] {processor.py:183} INFO - Processing /usr/local/python/3.10.13/lib/python3.10/site-packages/airflow/example_dags/example_trigger_controller_dag.py took 0.102 seconds
[2023-12-26T01:02:54.241+0000] {processor.py:161} INFO - Started process (PID=8779) to work on /usr/local/python/3.10.13/lib/python3.10/site-packages/airflow/example_dags/example_trigger_controller_dag.py
[2023-12-26T01:02:54.242+0000] {processor.py:830} INFO - Processing file /usr/local/python/3.10.13/lib/python3.10/site-packages/airflow/example_dags/example_trigger_controller_dag.py for tasks to queue
[2023-12-26T01:02:54.242+0000] {logging_mixin.py:188} INFO - [2023-12-26T01:02:54.242+0000] {dagbag.py:538} INFO - Filling up the DagBag from /usr/local/python/3.10.13/lib/python3.10/site-packages/airflow/example_dags/example_trigger_controller_dag.py
[2023-12-26T01:02:54.246+0000] {processor.py:840} INFO - DAG(s) 'example_trigger_controller_dag' retrieved from /usr/local/python/3.10.13/lib/python3.10/site-packages/airflow/example_dags/example_trigger_controller_dag.py
[2023-12-26T01:02:54.257+0000] {logging_mixin.py:188} INFO - [2023-12-26T01:02:54.256+0000] {dag.py:3033} INFO - Sync 1 DAGs
[2023-12-26T01:02:54.271+0000] {logging_mixin.py:188} INFO - [2023-12-26T01:02:54.271+0000] {dag.py:3820} INFO - Setting next_dagrun for example_trigger_controller_dag to 2021-01-01T00:00:00+00:00, run_after=2021-01-01T00:00:00+00:00
[2023-12-26T01:02:54.307+0000] {processor.py:183} INFO - Processing /usr/local/python/3.10.13/lib/python3.10/site-packages/airflow/example_dags/example_trigger_controller_dag.py took 0.068 seconds
[2023-12-26T01:03:42.421+0000] {processor.py:161} INFO - Started process (PID=9485) to work on /usr/local/python/3.10.13/lib/python3.10/site-packages/airflow/example_dags/example_trigger_controller_dag.py
[2023-12-26T01:03:42.421+0000] {processor.py:830} INFO - Processing file /usr/local/python/3.10.13/lib/python3.10/site-packages/airflow/example_dags/example_trigger_controller_dag.py for tasks to queue
[2023-12-26T01:03:42.422+0000] {logging_mixin.py:188} INFO - [2023-12-26T01:03:42.422+0000] {dagbag.py:538} INFO - Filling up the DagBag from /usr/local/python/3.10.13/lib/python3.10/site-packages/airflow/example_dags/example_trigger_controller_dag.py
[2023-12-26T01:03:42.426+0000] {processor.py:840} INFO - DAG(s) 'example_trigger_controller_dag' retrieved from /usr/local/python/3.10.13/lib/python3.10/site-packages/airflow/example_dags/example_trigger_controller_dag.py
[2023-12-26T01:03:42.436+0000] {logging_mixin.py:188} INFO - [2023-12-26T01:03:42.436+0000] {dag.py:3033} INFO - Sync 1 DAGs
[2023-12-26T01:03:42.450+0000] {logging_mixin.py:188} INFO - [2023-12-26T01:03:42.450+0000] {dag.py:3820} INFO - Setting next_dagrun for example_trigger_controller_dag to 2021-01-01T00:00:00+00:00, run_after=2021-01-01T00:00:00+00:00
[2023-12-26T01:03:42.483+0000] {processor.py:183} INFO - Processing /usr/local/python/3.10.13/lib/python3.10/site-packages/airflow/example_dags/example_trigger_controller_dag.py took 0.064 seconds
[2023-12-26T01:04:24.520+0000] {processor.py:161} INFO - Started process (PID=10164) to work on /usr/local/python/3.10.13/lib/python3.10/site-packages/airflow/example_dags/example_trigger_controller_dag.py
[2023-12-26T01:04:24.521+0000] {processor.py:830} INFO - Processing file /usr/local/python/3.10.13/lib/python3.10/site-packages/airflow/example_dags/example_trigger_controller_dag.py for tasks to queue
[2023-12-26T01:04:24.521+0000] {logging_mixin.py:188} INFO - [2023-12-26T01:04:24.521+0000] {dagbag.py:538} INFO - Filling up the DagBag from /usr/local/python/3.10.13/lib/python3.10/site-packages/airflow/example_dags/example_trigger_controller_dag.py
[2023-12-26T01:04:24.525+0000] {processor.py:840} INFO - DAG(s) 'example_trigger_controller_dag' retrieved from /usr/local/python/3.10.13/lib/python3.10/site-packages/airflow/example_dags/example_trigger_controller_dag.py
[2023-12-26T01:04:24.536+0000] {logging_mixin.py:188} INFO - [2023-12-26T01:04:24.536+0000] {dag.py:3033} INFO - Sync 1 DAGs
[2023-12-26T01:04:24.550+0000] {logging_mixin.py:188} INFO - [2023-12-26T01:04:24.550+0000] {dag.py:3820} INFO - Setting next_dagrun for example_trigger_controller_dag to 2021-01-01T00:00:00+00:00, run_after=2021-01-01T00:00:00+00:00
[2023-12-26T01:04:24.585+0000] {processor.py:183} INFO - Processing /usr/local/python/3.10.13/lib/python3.10/site-packages/airflow/example_dags/example_trigger_controller_dag.py took 0.067 seconds
[2023-12-26T01:05:03.631+0000] {processor.py:161} INFO - Started process (PID=10485) to work on /usr/local/python/3.10.13/lib/python3.10/site-packages/airflow/example_dags/example_trigger_controller_dag.py
[2023-12-26T01:05:03.632+0000] {processor.py:830} INFO - Processing file /usr/local/python/3.10.13/lib/python3.10/site-packages/airflow/example_dags/example_trigger_controller_dag.py for tasks to queue
[2023-12-26T01:05:03.633+0000] {logging_mixin.py:188} INFO - [2023-12-26T01:05:03.632+0000] {dagbag.py:538} INFO - Filling up the DagBag from /usr/local/python/3.10.13/lib/python3.10/site-packages/airflow/example_dags/example_trigger_controller_dag.py
[2023-12-26T01:05:03.636+0000] {processor.py:840} INFO - DAG(s) 'example_trigger_controller_dag' retrieved from /usr/local/python/3.10.13/lib/python3.10/site-packages/airflow/example_dags/example_trigger_controller_dag.py
[2023-12-26T01:05:03.647+0000] {logging_mixin.py:188} INFO - [2023-12-26T01:05:03.646+0000] {dag.py:3033} INFO - Sync 1 DAGs
[2023-12-26T01:05:03.661+0000] {logging_mixin.py:188} INFO - [2023-12-26T01:05:03.661+0000] {dag.py:3820} INFO - Setting next_dagrun for example_trigger_controller_dag to 2021-01-01T00:00:00+00:00, run_after=2021-01-01T00:00:00+00:00
[2023-12-26T01:05:03.695+0000] {processor.py:183} INFO - Processing /usr/local/python/3.10.13/lib/python3.10/site-packages/airflow/example_dags/example_trigger_controller_dag.py took 0.066 seconds
[2023-12-26T01:05:40.676+0000] {processor.py:161} INFO - Started process (PID=10942) to work on /usr/local/python/3.10.13/lib/python3.10/site-packages/airflow/example_dags/example_trigger_controller_dag.py
[2023-12-26T01:05:40.676+0000] {processor.py:830} INFO - Processing file /usr/local/python/3.10.13/lib/python3.10/site-packages/airflow/example_dags/example_trigger_controller_dag.py for tasks to queue
[2023-12-26T01:05:40.677+0000] {logging_mixin.py:188} INFO - [2023-12-26T01:05:40.677+0000] {dagbag.py:538} INFO - Filling up the DagBag from /usr/local/python/3.10.13/lib/python3.10/site-packages/airflow/example_dags/example_trigger_controller_dag.py
[2023-12-26T01:05:40.681+0000] {processor.py:840} INFO - DAG(s) 'example_trigger_controller_dag' retrieved from /usr/local/python/3.10.13/lib/python3.10/site-packages/airflow/example_dags/example_trigger_controller_dag.py
[2023-12-26T01:05:40.691+0000] {logging_mixin.py:188} INFO - [2023-12-26T01:05:40.691+0000] {dag.py:3033} INFO - Sync 1 DAGs
[2023-12-26T01:05:40.706+0000] {logging_mixin.py:188} INFO - [2023-12-26T01:05:40.706+0000] {dag.py:3820} INFO - Setting next_dagrun for example_trigger_controller_dag to 2021-01-01T00:00:00+00:00, run_after=2021-01-01T00:00:00+00:00
[2023-12-26T01:05:40.740+0000] {processor.py:183} INFO - Processing /usr/local/python/3.10.13/lib/python3.10/site-packages/airflow/example_dags/example_trigger_controller_dag.py took 0.066 seconds
[2023-12-26T01:06:23.230+0000] {processor.py:161} INFO - Started process (PID=11739) to work on /usr/local/python/3.10.13/lib/python3.10/site-packages/airflow/example_dags/example_trigger_controller_dag.py
[2023-12-26T01:06:23.230+0000] {processor.py:830} INFO - Processing file /usr/local/python/3.10.13/lib/python3.10/site-packages/airflow/example_dags/example_trigger_controller_dag.py for tasks to queue
[2023-12-26T01:06:23.231+0000] {logging_mixin.py:188} INFO - [2023-12-26T01:06:23.231+0000] {dagbag.py:538} INFO - Filling up the DagBag from /usr/local/python/3.10.13/lib/python3.10/site-packages/airflow/example_dags/example_trigger_controller_dag.py
[2023-12-26T01:06:23.235+0000] {processor.py:840} INFO - DAG(s) 'example_trigger_controller_dag' retrieved from /usr/local/python/3.10.13/lib/python3.10/site-packages/airflow/example_dags/example_trigger_controller_dag.py
[2023-12-26T01:06:23.246+0000] {logging_mixin.py:188} INFO - [2023-12-26T01:06:23.245+0000] {dag.py:3033} INFO - Sync 1 DAGs
[2023-12-26T01:06:23.260+0000] {logging_mixin.py:188} INFO - [2023-12-26T01:06:23.260+0000] {dag.py:3820} INFO - Setting next_dagrun for example_trigger_controller_dag to 2021-01-01T00:00:00+00:00, run_after=2021-01-01T00:00:00+00:00
[2023-12-26T01:06:23.293+0000] {processor.py:183} INFO - Processing /usr/local/python/3.10.13/lib/python3.10/site-packages/airflow/example_dags/example_trigger_controller_dag.py took 0.066 seconds
[2023-12-26T01:07:09.220+0000] {processor.py:161} INFO - Started process (PID=12366) to work on /usr/local/python/3.10.13/lib/python3.10/site-packages/airflow/example_dags/example_trigger_controller_dag.py
[2023-12-26T01:07:09.221+0000] {processor.py:830} INFO - Processing file /usr/local/python/3.10.13/lib/python3.10/site-packages/airflow/example_dags/example_trigger_controller_dag.py for tasks to queue
[2023-12-26T01:07:09.221+0000] {logging_mixin.py:188} INFO - [2023-12-26T01:07:09.221+0000] {dagbag.py:538} INFO - Filling up the DagBag from /usr/local/python/3.10.13/lib/python3.10/site-packages/airflow/example_dags/example_trigger_controller_dag.py
[2023-12-26T01:07:09.225+0000] {processor.py:840} INFO - DAG(s) 'example_trigger_controller_dag' retrieved from /usr/local/python/3.10.13/lib/python3.10/site-packages/airflow/example_dags/example_trigger_controller_dag.py
[2023-12-26T01:07:09.235+0000] {logging_mixin.py:188} INFO - [2023-12-26T01:07:09.235+0000] {dag.py:3033} INFO - Sync 1 DAGs
[2023-12-26T01:07:09.250+0000] {logging_mixin.py:188} INFO - [2023-12-26T01:07:09.250+0000] {dag.py:3820} INFO - Setting next_dagrun for example_trigger_controller_dag to 2021-01-01T00:00:00+00:00, run_after=2021-01-01T00:00:00+00:00
[2023-12-26T01:07:09.285+0000] {processor.py:183} INFO - Processing /usr/local/python/3.10.13/lib/python3.10/site-packages/airflow/example_dags/example_trigger_controller_dag.py took 0.067 seconds
[2023-12-26T01:07:42.459+0000] {processor.py:161} INFO - Started process (PID=12641) to work on /usr/local/python/3.10.13/lib/python3.10/site-packages/airflow/example_dags/example_trigger_controller_dag.py
[2023-12-26T01:07:42.459+0000] {processor.py:830} INFO - Processing file /usr/local/python/3.10.13/lib/python3.10/site-packages/airflow/example_dags/example_trigger_controller_dag.py for tasks to queue
[2023-12-26T01:07:42.460+0000] {logging_mixin.py:188} INFO - [2023-12-26T01:07:42.459+0000] {dagbag.py:538} INFO - Filling up the DagBag from /usr/local/python/3.10.13/lib/python3.10/site-packages/airflow/example_dags/example_trigger_controller_dag.py
[2023-12-26T01:07:42.463+0000] {processor.py:840} INFO - DAG(s) 'example_trigger_controller_dag' retrieved from /usr/local/python/3.10.13/lib/python3.10/site-packages/airflow/example_dags/example_trigger_controller_dag.py
[2023-12-26T01:07:42.474+0000] {logging_mixin.py:188} INFO - [2023-12-26T01:07:42.473+0000] {dag.py:3033} INFO - Sync 1 DAGs
[2023-12-26T01:07:42.487+0000] {logging_mixin.py:188} INFO - [2023-12-26T01:07:42.487+0000] {dag.py:3820} INFO - Setting next_dagrun for example_trigger_controller_dag to 2021-01-01T00:00:00+00:00, run_after=2021-01-01T00:00:00+00:00
[2023-12-26T01:07:42.520+0000] {processor.py:183} INFO - Processing /usr/local/python/3.10.13/lib/python3.10/site-packages/airflow/example_dags/example_trigger_controller_dag.py took 0.064 seconds
[2023-12-26T01:08:23.528+0000] {processor.py:161} INFO - Started process (PID=13185) to work on /usr/local/python/3.10.13/lib/python3.10/site-packages/airflow/example_dags/example_trigger_controller_dag.py
[2023-12-26T01:08:23.529+0000] {processor.py:830} INFO - Processing file /usr/local/python/3.10.13/lib/python3.10/site-packages/airflow/example_dags/example_trigger_controller_dag.py for tasks to queue
[2023-12-26T01:08:23.529+0000] {logging_mixin.py:188} INFO - [2023-12-26T01:08:23.529+0000] {dagbag.py:538} INFO - Filling up the DagBag from /usr/local/python/3.10.13/lib/python3.10/site-packages/airflow/example_dags/example_trigger_controller_dag.py
[2023-12-26T01:08:23.533+0000] {processor.py:840} INFO - DAG(s) 'example_trigger_controller_dag' retrieved from /usr/local/python/3.10.13/lib/python3.10/site-packages/airflow/example_dags/example_trigger_controller_dag.py
[2023-12-26T01:08:23.543+0000] {logging_mixin.py:188} INFO - [2023-12-26T01:08:23.543+0000] {dag.py:3033} INFO - Sync 1 DAGs
[2023-12-26T01:08:23.559+0000] {logging_mixin.py:188} INFO - [2023-12-26T01:08:23.558+0000] {dag.py:3820} INFO - Setting next_dagrun for example_trigger_controller_dag to 2021-01-01T00:00:00+00:00, run_after=2021-01-01T00:00:00+00:00
[2023-12-26T01:08:23.591+0000] {processor.py:183} INFO - Processing /usr/local/python/3.10.13/lib/python3.10/site-packages/airflow/example_dags/example_trigger_controller_dag.py took 0.065 seconds
[2023-12-26T01:09:02.050+0000] {processor.py:161} INFO - Started process (PID=13529) to work on /usr/local/python/3.10.13/lib/python3.10/site-packages/airflow/example_dags/example_trigger_controller_dag.py
[2023-12-26T01:09:02.051+0000] {processor.py:830} INFO - Processing file /usr/local/python/3.10.13/lib/python3.10/site-packages/airflow/example_dags/example_trigger_controller_dag.py for tasks to queue
[2023-12-26T01:09:02.052+0000] {logging_mixin.py:188} INFO - [2023-12-26T01:09:02.051+0000] {dagbag.py:538} INFO - Filling up the DagBag from /usr/local/python/3.10.13/lib/python3.10/site-packages/airflow/example_dags/example_trigger_controller_dag.py
[2023-12-26T01:09:02.055+0000] {processor.py:840} INFO - DAG(s) 'example_trigger_controller_dag' retrieved from /usr/local/python/3.10.13/lib/python3.10/site-packages/airflow/example_dags/example_trigger_controller_dag.py
[2023-12-26T01:09:02.066+0000] {logging_mixin.py:188} INFO - [2023-12-26T01:09:02.066+0000] {dag.py:3033} INFO - Sync 1 DAGs
[2023-12-26T01:09:02.080+0000] {logging_mixin.py:188} INFO - [2023-12-26T01:09:02.080+0000] {dag.py:3820} INFO - Setting next_dagrun for example_trigger_controller_dag to 2021-01-01T00:00:00+00:00, run_after=2021-01-01T00:00:00+00:00
[2023-12-26T01:09:02.124+0000] {processor.py:183} INFO - Processing /usr/local/python/3.10.13/lib/python3.10/site-packages/airflow/example_dags/example_trigger_controller_dag.py took 0.076 seconds
