[2023-12-26T01:01:33.614+0000] {processor.py:161} INFO - Started process (PID=7079) to work on /usr/local/python/3.10.13/lib/python3.10/site-packages/airflow/example_dags/example_params_trigger_ui.py
[2023-12-26T01:01:33.614+0000] {processor.py:830} INFO - Processing file /usr/local/python/3.10.13/lib/python3.10/site-packages/airflow/example_dags/example_params_trigger_ui.py for tasks to queue
[2023-12-26T01:01:33.615+0000] {logging_mixin.py:188} INFO - [2023-12-26T01:01:33.614+0000] {dagbag.py:538} INFO - Filling up the DagBag from /usr/local/python/3.10.13/lib/python3.10/site-packages/airflow/example_dags/example_params_trigger_ui.py
[2023-12-26T01:01:33.626+0000] {processor.py:840} INFO - DAG(s) 'example_params_trigger_ui' retrieved from /usr/local/python/3.10.13/lib/python3.10/site-packages/airflow/example_dags/example_params_trigger_ui.py
[2023-12-26T01:01:33.779+0000] {logging_mixin.py:188} INFO - [2023-12-26T01:01:33.778+0000] {override.py:1769} INFO - Created Permission View: can delete on DAG:example_params_trigger_ui
[2023-12-26T01:01:33.807+0000] {logging_mixin.py:188} INFO - [2023-12-26T01:01:33.806+0000] {override.py:1769} INFO - Created Permission View: can read on DAG:example_params_trigger_ui
[2023-12-26T01:01:33.830+0000] {logging_mixin.py:188} INFO - [2023-12-26T01:01:33.830+0000] {override.py:1769} INFO - Created Permission View: can edit on DAG:example_params_trigger_ui
[2023-12-26T01:01:33.831+0000] {logging_mixin.py:188} INFO - [2023-12-26T01:01:33.831+0000] {dag.py:3033} INFO - Sync 1 DAGs
[2023-12-26T01:01:33.838+0000] {logging_mixin.py:188} INFO - [2023-12-26T01:01:33.838+0000] {dag.py:3055} INFO - Creating ORM DAG for example_params_trigger_ui
[2023-12-26T01:01:33.839+0000] {logging_mixin.py:188} INFO - [2023-12-26T01:01:33.839+0000] {dag.py:3820} INFO - Setting next_dagrun for example_params_trigger_ui to None, run_after=None
[2023-12-26T01:01:33.877+0000] {processor.py:183} INFO - Processing /usr/local/python/3.10.13/lib/python3.10/site-packages/airflow/example_dags/example_params_trigger_ui.py took 0.266 seconds
[2023-12-26T01:02:29.484+0000] {processor.py:161} INFO - Started process (PID=8524) to work on /usr/local/python/3.10.13/lib/python3.10/site-packages/airflow/example_dags/example_params_trigger_ui.py
[2023-12-26T01:02:29.484+0000] {processor.py:830} INFO - Processing file /usr/local/python/3.10.13/lib/python3.10/site-packages/airflow/example_dags/example_params_trigger_ui.py for tasks to queue
[2023-12-26T01:02:29.485+0000] {logging_mixin.py:188} INFO - [2023-12-26T01:02:29.485+0000] {dagbag.py:538} INFO - Filling up the DagBag from /usr/local/python/3.10.13/lib/python3.10/site-packages/airflow/example_dags/example_params_trigger_ui.py
[2023-12-26T01:02:29.496+0000] {processor.py:840} INFO - DAG(s) 'example_params_trigger_ui' retrieved from /usr/local/python/3.10.13/lib/python3.10/site-packages/airflow/example_dags/example_params_trigger_ui.py
[2023-12-26T01:02:29.533+0000] {logging_mixin.py:188} INFO - [2023-12-26T01:02:29.533+0000] {dag.py:3033} INFO - Sync 1 DAGs
[2023-12-26T01:02:29.542+0000] {logging_mixin.py:188} INFO - [2023-12-26T01:02:29.542+0000] {dag.py:3820} INFO - Setting next_dagrun for example_params_trigger_ui to None, run_after=None
[2023-12-26T01:02:29.588+0000] {processor.py:183} INFO - Processing /usr/local/python/3.10.13/lib/python3.10/site-packages/airflow/example_dags/example_params_trigger_ui.py took 0.107 seconds
[2023-12-26T01:03:15.084+0000] {processor.py:161} INFO - Started process (PID=9001) to work on /usr/local/python/3.10.13/lib/python3.10/site-packages/airflow/example_dags/example_params_trigger_ui.py
[2023-12-26T01:03:15.084+0000] {processor.py:830} INFO - Processing file /usr/local/python/3.10.13/lib/python3.10/site-packages/airflow/example_dags/example_params_trigger_ui.py for tasks to queue
[2023-12-26T01:03:15.085+0000] {logging_mixin.py:188} INFO - [2023-12-26T01:03:15.085+0000] {dagbag.py:538} INFO - Filling up the DagBag from /usr/local/python/3.10.13/lib/python3.10/site-packages/airflow/example_dags/example_params_trigger_ui.py
[2023-12-26T01:03:15.095+0000] {processor.py:840} INFO - DAG(s) 'example_params_trigger_ui' retrieved from /usr/local/python/3.10.13/lib/python3.10/site-packages/airflow/example_dags/example_params_trigger_ui.py
[2023-12-26T01:03:15.139+0000] {logging_mixin.py:188} INFO - [2023-12-26T01:03:15.138+0000] {dag.py:3033} INFO - Sync 1 DAGs
[2023-12-26T01:03:15.150+0000] {logging_mixin.py:188} INFO - [2023-12-26T01:03:15.150+0000] {dag.py:3820} INFO - Setting next_dagrun for example_params_trigger_ui to None, run_after=None
[2023-12-26T01:03:15.189+0000] {processor.py:183} INFO - Processing /usr/local/python/3.10.13/lib/python3.10/site-packages/airflow/example_dags/example_params_trigger_ui.py took 0.107 seconds
[2023-12-26T01:04:08.483+0000] {processor.py:161} INFO - Started process (PID=9855) to work on /usr/local/python/3.10.13/lib/python3.10/site-packages/airflow/example_dags/example_params_trigger_ui.py
[2023-12-26T01:04:08.484+0000] {processor.py:830} INFO - Processing file /usr/local/python/3.10.13/lib/python3.10/site-packages/airflow/example_dags/example_params_trigger_ui.py for tasks to queue
[2023-12-26T01:04:08.484+0000] {logging_mixin.py:188} INFO - [2023-12-26T01:04:08.484+0000] {dagbag.py:538} INFO - Filling up the DagBag from /usr/local/python/3.10.13/lib/python3.10/site-packages/airflow/example_dags/example_params_trigger_ui.py
[2023-12-26T01:04:08.495+0000] {processor.py:840} INFO - DAG(s) 'example_params_trigger_ui' retrieved from /usr/local/python/3.10.13/lib/python3.10/site-packages/airflow/example_dags/example_params_trigger_ui.py
[2023-12-26T01:04:08.529+0000] {logging_mixin.py:188} INFO - [2023-12-26T01:04:08.529+0000] {dag.py:3033} INFO - Sync 1 DAGs
[2023-12-26T01:04:08.538+0000] {logging_mixin.py:188} INFO - [2023-12-26T01:04:08.538+0000] {dag.py:3820} INFO - Setting next_dagrun for example_params_trigger_ui to None, run_after=None
[2023-12-26T01:04:08.570+0000] {processor.py:183} INFO - Processing /usr/local/python/3.10.13/lib/python3.10/site-packages/airflow/example_dags/example_params_trigger_ui.py took 0.089 seconds
[2023-12-26T01:04:54.320+0000] {processor.py:161} INFO - Started process (PID=10359) to work on /usr/local/python/3.10.13/lib/python3.10/site-packages/airflow/example_dags/example_params_trigger_ui.py
[2023-12-26T01:04:54.321+0000] {processor.py:830} INFO - Processing file /usr/local/python/3.10.13/lib/python3.10/site-packages/airflow/example_dags/example_params_trigger_ui.py for tasks to queue
[2023-12-26T01:04:54.322+0000] {logging_mixin.py:188} INFO - [2023-12-26T01:04:54.321+0000] {dagbag.py:538} INFO - Filling up the DagBag from /usr/local/python/3.10.13/lib/python3.10/site-packages/airflow/example_dags/example_params_trigger_ui.py
[2023-12-26T01:04:54.332+0000] {processor.py:840} INFO - DAG(s) 'example_params_trigger_ui' retrieved from /usr/local/python/3.10.13/lib/python3.10/site-packages/airflow/example_dags/example_params_trigger_ui.py
[2023-12-26T01:04:54.367+0000] {logging_mixin.py:188} INFO - [2023-12-26T01:04:54.367+0000] {dag.py:3033} INFO - Sync 1 DAGs
[2023-12-26T01:04:54.375+0000] {logging_mixin.py:188} INFO - [2023-12-26T01:04:54.375+0000] {dag.py:3820} INFO - Setting next_dagrun for example_params_trigger_ui to None, run_after=None
[2023-12-26T01:04:54.408+0000] {processor.py:183} INFO - Processing /usr/local/python/3.10.13/lib/python3.10/site-packages/airflow/example_dags/example_params_trigger_ui.py took 0.090 seconds
[2023-12-26T01:05:51.138+0000] {processor.py:161} INFO - Started process (PID=11130) to work on /usr/local/python/3.10.13/lib/python3.10/site-packages/airflow/example_dags/example_params_trigger_ui.py
[2023-12-26T01:05:51.139+0000] {processor.py:830} INFO - Processing file /usr/local/python/3.10.13/lib/python3.10/site-packages/airflow/example_dags/example_params_trigger_ui.py for tasks to queue
[2023-12-26T01:05:51.139+0000] {logging_mixin.py:188} INFO - [2023-12-26T01:05:51.139+0000] {dagbag.py:538} INFO - Filling up the DagBag from /usr/local/python/3.10.13/lib/python3.10/site-packages/airflow/example_dags/example_params_trigger_ui.py
[2023-12-26T01:05:51.149+0000] {processor.py:840} INFO - DAG(s) 'example_params_trigger_ui' retrieved from /usr/local/python/3.10.13/lib/python3.10/site-packages/airflow/example_dags/example_params_trigger_ui.py
[2023-12-26T01:05:51.203+0000] {logging_mixin.py:188} INFO - [2023-12-26T01:05:51.203+0000] {dag.py:3033} INFO - Sync 1 DAGs
[2023-12-26T01:05:51.213+0000] {logging_mixin.py:188} INFO - [2023-12-26T01:05:51.212+0000] {dag.py:3820} INFO - Setting next_dagrun for example_params_trigger_ui to None, run_after=None
[2023-12-26T01:05:51.246+0000] {processor.py:183} INFO - Processing /usr/local/python/3.10.13/lib/python3.10/site-packages/airflow/example_dags/example_params_trigger_ui.py took 0.110 seconds
[2023-12-26T01:06:57.815+0000] {processor.py:161} INFO - Started process (PID=12227) to work on /usr/local/python/3.10.13/lib/python3.10/site-packages/airflow/example_dags/example_params_trigger_ui.py
[2023-12-26T01:06:57.816+0000] {processor.py:830} INFO - Processing file /usr/local/python/3.10.13/lib/python3.10/site-packages/airflow/example_dags/example_params_trigger_ui.py for tasks to queue
[2023-12-26T01:06:57.816+0000] {logging_mixin.py:188} INFO - [2023-12-26T01:06:57.816+0000] {dagbag.py:538} INFO - Filling up the DagBag from /usr/local/python/3.10.13/lib/python3.10/site-packages/airflow/example_dags/example_params_trigger_ui.py
[2023-12-26T01:06:57.827+0000] {processor.py:840} INFO - DAG(s) 'example_params_trigger_ui' retrieved from /usr/local/python/3.10.13/lib/python3.10/site-packages/airflow/example_dags/example_params_trigger_ui.py
[2023-12-26T01:06:57.860+0000] {logging_mixin.py:188} INFO - [2023-12-26T01:06:57.860+0000] {dag.py:3033} INFO - Sync 1 DAGs
[2023-12-26T01:06:57.869+0000] {logging_mixin.py:188} INFO - [2023-12-26T01:06:57.869+0000] {dag.py:3820} INFO - Setting next_dagrun for example_params_trigger_ui to None, run_after=None
[2023-12-26T01:06:57.904+0000] {processor.py:183} INFO - Processing /usr/local/python/3.10.13/lib/python3.10/site-packages/airflow/example_dags/example_params_trigger_ui.py took 0.091 seconds
[2023-12-26T01:07:48.595+0000] {processor.py:161} INFO - Started process (PID=12690) to work on /usr/local/python/3.10.13/lib/python3.10/site-packages/airflow/example_dags/example_params_trigger_ui.py
[2023-12-26T01:07:48.596+0000] {processor.py:830} INFO - Processing file /usr/local/python/3.10.13/lib/python3.10/site-packages/airflow/example_dags/example_params_trigger_ui.py for tasks to queue
[2023-12-26T01:07:48.596+0000] {logging_mixin.py:188} INFO - [2023-12-26T01:07:48.596+0000] {dagbag.py:538} INFO - Filling up the DagBag from /usr/local/python/3.10.13/lib/python3.10/site-packages/airflow/example_dags/example_params_trigger_ui.py
[2023-12-26T01:07:48.607+0000] {processor.py:840} INFO - DAG(s) 'example_params_trigger_ui' retrieved from /usr/local/python/3.10.13/lib/python3.10/site-packages/airflow/example_dags/example_params_trigger_ui.py
[2023-12-26T01:07:48.642+0000] {logging_mixin.py:188} INFO - [2023-12-26T01:07:48.642+0000] {dag.py:3033} INFO - Sync 1 DAGs
[2023-12-26T01:07:48.650+0000] {logging_mixin.py:188} INFO - [2023-12-26T01:07:48.650+0000] {dag.py:3820} INFO - Setting next_dagrun for example_params_trigger_ui to None, run_after=None
[2023-12-26T01:07:48.687+0000] {processor.py:183} INFO - Processing /usr/local/python/3.10.13/lib/python3.10/site-packages/airflow/example_dags/example_params_trigger_ui.py took 0.094 seconds
[2023-12-26T01:08:32.386+0000] {processor.py:161} INFO - Started process (PID=13252) to work on /usr/local/python/3.10.13/lib/python3.10/site-packages/airflow/example_dags/example_params_trigger_ui.py
[2023-12-26T01:08:32.386+0000] {processor.py:830} INFO - Processing file /usr/local/python/3.10.13/lib/python3.10/site-packages/airflow/example_dags/example_params_trigger_ui.py for tasks to queue
[2023-12-26T01:08:32.387+0000] {logging_mixin.py:188} INFO - [2023-12-26T01:08:32.387+0000] {dagbag.py:538} INFO - Filling up the DagBag from /usr/local/python/3.10.13/lib/python3.10/site-packages/airflow/example_dags/example_params_trigger_ui.py
[2023-12-26T01:08:32.399+0000] {processor.py:840} INFO - DAG(s) 'example_params_trigger_ui' retrieved from /usr/local/python/3.10.13/lib/python3.10/site-packages/airflow/example_dags/example_params_trigger_ui.py
[2023-12-26T01:08:32.434+0000] {logging_mixin.py:188} INFO - [2023-12-26T01:08:32.434+0000] {dag.py:3033} INFO - Sync 1 DAGs
[2023-12-26T01:08:32.443+0000] {logging_mixin.py:188} INFO - [2023-12-26T01:08:32.443+0000] {dag.py:3820} INFO - Setting next_dagrun for example_params_trigger_ui to None, run_after=None
[2023-12-26T01:08:32.478+0000] {processor.py:183} INFO - Processing /usr/local/python/3.10.13/lib/python3.10/site-packages/airflow/example_dags/example_params_trigger_ui.py took 0.094 seconds
[2023-12-26T01:09:24.942+0000] {processor.py:161} INFO - Started process (PID=13788) to work on /usr/local/python/3.10.13/lib/python3.10/site-packages/airflow/example_dags/example_params_trigger_ui.py
[2023-12-26T01:09:24.943+0000] {processor.py:830} INFO - Processing file /usr/local/python/3.10.13/lib/python3.10/site-packages/airflow/example_dags/example_params_trigger_ui.py for tasks to queue
[2023-12-26T01:09:24.944+0000] {logging_mixin.py:188} INFO - [2023-12-26T01:09:24.943+0000] {dagbag.py:538} INFO - Filling up the DagBag from /usr/local/python/3.10.13/lib/python3.10/site-packages/airflow/example_dags/example_params_trigger_ui.py
[2023-12-26T01:09:24.954+0000] {processor.py:840} INFO - DAG(s) 'example_params_trigger_ui' retrieved from /usr/local/python/3.10.13/lib/python3.10/site-packages/airflow/example_dags/example_params_trigger_ui.py
[2023-12-26T01:09:24.988+0000] {logging_mixin.py:188} INFO - [2023-12-26T01:09:24.988+0000] {dag.py:3033} INFO - Sync 1 DAGs
[2023-12-26T01:09:24.996+0000] {logging_mixin.py:188} INFO - [2023-12-26T01:09:24.996+0000] {dag.py:3820} INFO - Setting next_dagrun for example_params_trigger_ui to None, run_after=None
[2023-12-26T01:09:25.031+0000] {processor.py:183} INFO - Processing /usr/local/python/3.10.13/lib/python3.10/site-packages/airflow/example_dags/example_params_trigger_ui.py took 0.091 seconds
