[2023-12-26T01:01:41.483+0000] {processor.py:161} INFO - Started process (PID=7182) to work on /usr/local/python/3.10.13/lib/python3.10/site-packages/airflow/example_dags/example_latest_only_with_trigger.py
[2023-12-26T01:01:41.483+0000] {processor.py:830} INFO - Processing file /usr/local/python/3.10.13/lib/python3.10/site-packages/airflow/example_dags/example_latest_only_with_trigger.py for tasks to queue
[2023-12-26T01:01:41.484+0000] {logging_mixin.py:188} INFO - [2023-12-26T01:01:41.484+0000] {dagbag.py:538} INFO - Filling up the DagBag from /usr/local/python/3.10.13/lib/python3.10/site-packages/airflow/example_dags/example_latest_only_with_trigger.py
[2023-12-26T01:01:41.489+0000] {processor.py:840} INFO - DAG(s) 'latest_only_with_trigger' retrieved from /usr/local/python/3.10.13/lib/python3.10/site-packages/airflow/example_dags/example_latest_only_with_trigger.py
[2023-12-26T01:01:41.628+0000] {logging_mixin.py:188} INFO - [2023-12-26T01:01:41.627+0000] {override.py:1769} INFO - Created Permission View: can delete on DAG:latest_only_with_trigger
[2023-12-26T01:01:41.655+0000] {logging_mixin.py:188} INFO - [2023-12-26T01:01:41.655+0000] {override.py:1769} INFO - Created Permission View: can read on DAG:latest_only_with_trigger
[2023-12-26T01:01:41.681+0000] {logging_mixin.py:188} INFO - [2023-12-26T01:01:41.681+0000] {override.py:1769} INFO - Created Permission View: can edit on DAG:latest_only_with_trigger
[2023-12-26T01:01:41.681+0000] {logging_mixin.py:188} INFO - [2023-12-26T01:01:41.681+0000] {dag.py:3033} INFO - Sync 1 DAGs
[2023-12-26T01:01:41.689+0000] {logging_mixin.py:188} INFO - [2023-12-26T01:01:41.689+0000] {dag.py:3055} INFO - Creating ORM DAG for latest_only_with_trigger
[2023-12-26T01:01:41.696+0000] {logging_mixin.py:188} INFO - [2023-12-26T01:01:41.696+0000] {dag.py:3820} INFO - Setting next_dagrun for latest_only_with_trigger to 2023-12-25T20:00:00+00:00, run_after=2023-12-26T00:00:00+00:00
[2023-12-26T01:01:41.734+0000] {processor.py:183} INFO - Processing /usr/local/python/3.10.13/lib/python3.10/site-packages/airflow/example_dags/example_latest_only_with_trigger.py took 0.253 seconds
[2023-12-26T01:02:36.913+0000] {processor.py:161} INFO - Started process (PID=8607) to work on /usr/local/python/3.10.13/lib/python3.10/site-packages/airflow/example_dags/example_latest_only_with_trigger.py
[2023-12-26T01:02:36.914+0000] {processor.py:830} INFO - Processing file /usr/local/python/3.10.13/lib/python3.10/site-packages/airflow/example_dags/example_latest_only_with_trigger.py for tasks to queue
[2023-12-26T01:02:36.915+0000] {logging_mixin.py:188} INFO - [2023-12-26T01:02:36.915+0000] {dagbag.py:538} INFO - Filling up the DagBag from /usr/local/python/3.10.13/lib/python3.10/site-packages/airflow/example_dags/example_latest_only_with_trigger.py
[2023-12-26T01:02:36.921+0000] {processor.py:840} INFO - DAG(s) 'latest_only_with_trigger' retrieved from /usr/local/python/3.10.13/lib/python3.10/site-packages/airflow/example_dags/example_latest_only_with_trigger.py
[2023-12-26T01:02:36.936+0000] {logging_mixin.py:188} INFO - [2023-12-26T01:02:36.936+0000] {dag.py:3033} INFO - Sync 1 DAGs
[2023-12-26T01:02:36.955+0000] {logging_mixin.py:188} INFO - [2023-12-26T01:02:36.955+0000] {dag.py:3820} INFO - Setting next_dagrun for latest_only_with_trigger to 2023-12-25T20:00:00+00:00, run_after=2023-12-26T00:00:00+00:00
[2023-12-26T01:02:37.005+0000] {processor.py:183} INFO - Processing /usr/local/python/3.10.13/lib/python3.10/site-packages/airflow/example_dags/example_latest_only_with_trigger.py took 0.095 seconds
[2023-12-26T01:03:25.501+0000] {processor.py:161} INFO - Started process (PID=9221) to work on /usr/local/python/3.10.13/lib/python3.10/site-packages/airflow/example_dags/example_latest_only_with_trigger.py
[2023-12-26T01:03:25.502+0000] {processor.py:830} INFO - Processing file /usr/local/python/3.10.13/lib/python3.10/site-packages/airflow/example_dags/example_latest_only_with_trigger.py for tasks to queue
[2023-12-26T01:03:25.502+0000] {logging_mixin.py:188} INFO - [2023-12-26T01:03:25.502+0000] {dagbag.py:538} INFO - Filling up the DagBag from /usr/local/python/3.10.13/lib/python3.10/site-packages/airflow/example_dags/example_latest_only_with_trigger.py
[2023-12-26T01:03:25.507+0000] {processor.py:840} INFO - DAG(s) 'latest_only_with_trigger' retrieved from /usr/local/python/3.10.13/lib/python3.10/site-packages/airflow/example_dags/example_latest_only_with_trigger.py
[2023-12-26T01:03:25.518+0000] {logging_mixin.py:188} INFO - [2023-12-26T01:03:25.518+0000] {dag.py:3033} INFO - Sync 1 DAGs
[2023-12-26T01:03:25.533+0000] {logging_mixin.py:188} INFO - [2023-12-26T01:03:25.532+0000] {dag.py:3820} INFO - Setting next_dagrun for latest_only_with_trigger to 2023-12-25T20:00:00+00:00, run_after=2023-12-26T00:00:00+00:00
[2023-12-26T01:03:25.568+0000] {processor.py:183} INFO - Processing /usr/local/python/3.10.13/lib/python3.10/site-packages/airflow/example_dags/example_latest_only_with_trigger.py took 0.069 seconds
[2023-12-26T01:04:15.955+0000] {processor.py:161} INFO - Started process (PID=9999) to work on /usr/local/python/3.10.13/lib/python3.10/site-packages/airflow/example_dags/example_latest_only_with_trigger.py
[2023-12-26T01:04:15.956+0000] {processor.py:830} INFO - Processing file /usr/local/python/3.10.13/lib/python3.10/site-packages/airflow/example_dags/example_latest_only_with_trigger.py for tasks to queue
[2023-12-26T01:04:15.956+0000] {logging_mixin.py:188} INFO - [2023-12-26T01:04:15.956+0000] {dagbag.py:538} INFO - Filling up the DagBag from /usr/local/python/3.10.13/lib/python3.10/site-packages/airflow/example_dags/example_latest_only_with_trigger.py
[2023-12-26T01:04:15.961+0000] {processor.py:840} INFO - DAG(s) 'latest_only_with_trigger' retrieved from /usr/local/python/3.10.13/lib/python3.10/site-packages/airflow/example_dags/example_latest_only_with_trigger.py
[2023-12-26T01:04:15.972+0000] {logging_mixin.py:188} INFO - [2023-12-26T01:04:15.972+0000] {dag.py:3033} INFO - Sync 1 DAGs
[2023-12-26T01:04:15.986+0000] {logging_mixin.py:188} INFO - [2023-12-26T01:04:15.986+0000] {dag.py:3820} INFO - Setting next_dagrun for latest_only_with_trigger to 2023-12-25T20:00:00+00:00, run_after=2023-12-26T00:00:00+00:00
[2023-12-26T01:04:16.020+0000] {processor.py:183} INFO - Processing /usr/local/python/3.10.13/lib/python3.10/site-packages/airflow/example_dags/example_latest_only_with_trigger.py took 0.067 seconds
[2023-12-26T01:05:13.767+0000] {processor.py:161} INFO - Started process (PID=10543) to work on /usr/local/python/3.10.13/lib/python3.10/site-packages/airflow/example_dags/example_latest_only_with_trigger.py
[2023-12-26T01:05:13.768+0000] {processor.py:830} INFO - Processing file /usr/local/python/3.10.13/lib/python3.10/site-packages/airflow/example_dags/example_latest_only_with_trigger.py for tasks to queue
[2023-12-26T01:05:13.769+0000] {logging_mixin.py:188} INFO - [2023-12-26T01:05:13.769+0000] {dagbag.py:538} INFO - Filling up the DagBag from /usr/local/python/3.10.13/lib/python3.10/site-packages/airflow/example_dags/example_latest_only_with_trigger.py
[2023-12-26T01:05:13.775+0000] {processor.py:840} INFO - DAG(s) 'latest_only_with_trigger' retrieved from /usr/local/python/3.10.13/lib/python3.10/site-packages/airflow/example_dags/example_latest_only_with_trigger.py
[2023-12-26T01:05:13.787+0000] {logging_mixin.py:188} INFO - [2023-12-26T01:05:13.787+0000] {dag.py:3033} INFO - Sync 1 DAGs
[2023-12-26T01:05:13.801+0000] {logging_mixin.py:188} INFO - [2023-12-26T01:05:13.801+0000] {dag.py:3820} INFO - Setting next_dagrun for latest_only_with_trigger to 2023-12-25T20:00:00+00:00, run_after=2023-12-26T00:00:00+00:00
[2023-12-26T01:05:13.834+0000] {processor.py:183} INFO - Processing /usr/local/python/3.10.13/lib/python3.10/site-packages/airflow/example_dags/example_latest_only_with_trigger.py took 0.069 seconds
[2023-12-26T01:06:14.078+0000] {processor.py:161} INFO - Started process (PID=11557) to work on /usr/local/python/3.10.13/lib/python3.10/site-packages/airflow/example_dags/example_latest_only_with_trigger.py
[2023-12-26T01:06:14.079+0000] {processor.py:830} INFO - Processing file /usr/local/python/3.10.13/lib/python3.10/site-packages/airflow/example_dags/example_latest_only_with_trigger.py for tasks to queue
[2023-12-26T01:06:14.079+0000] {logging_mixin.py:188} INFO - [2023-12-26T01:06:14.079+0000] {dagbag.py:538} INFO - Filling up the DagBag from /usr/local/python/3.10.13/lib/python3.10/site-packages/airflow/example_dags/example_latest_only_with_trigger.py
[2023-12-26T01:06:14.085+0000] {processor.py:840} INFO - DAG(s) 'latest_only_with_trigger' retrieved from /usr/local/python/3.10.13/lib/python3.10/site-packages/airflow/example_dags/example_latest_only_with_trigger.py
[2023-12-26T01:06:14.116+0000] {logging_mixin.py:188} INFO - [2023-12-26T01:06:14.116+0000] {dag.py:3033} INFO - Sync 1 DAGs
[2023-12-26T01:06:14.171+0000] {logging_mixin.py:188} INFO - [2023-12-26T01:06:14.170+0000] {dag.py:3820} INFO - Setting next_dagrun for latest_only_with_trigger to 2023-12-25T20:00:00+00:00, run_after=2023-12-26T00:00:00+00:00
[2023-12-26T01:06:14.491+0000] {processor.py:183} INFO - Processing /usr/local/python/3.10.13/lib/python3.10/site-packages/airflow/example_dags/example_latest_only_with_trigger.py took 0.416 seconds
[2023-12-26T01:07:17.821+0000] {processor.py:161} INFO - Started process (PID=12452) to work on /usr/local/python/3.10.13/lib/python3.10/site-packages/airflow/example_dags/example_latest_only_with_trigger.py
[2023-12-26T01:07:17.822+0000] {processor.py:830} INFO - Processing file /usr/local/python/3.10.13/lib/python3.10/site-packages/airflow/example_dags/example_latest_only_with_trigger.py for tasks to queue
[2023-12-26T01:07:17.822+0000] {logging_mixin.py:188} INFO - [2023-12-26T01:07:17.822+0000] {dagbag.py:538} INFO - Filling up the DagBag from /usr/local/python/3.10.13/lib/python3.10/site-packages/airflow/example_dags/example_latest_only_with_trigger.py
[2023-12-26T01:07:17.827+0000] {processor.py:840} INFO - DAG(s) 'latest_only_with_trigger' retrieved from /usr/local/python/3.10.13/lib/python3.10/site-packages/airflow/example_dags/example_latest_only_with_trigger.py
[2023-12-26T01:07:17.839+0000] {logging_mixin.py:188} INFO - [2023-12-26T01:07:17.839+0000] {dag.py:3033} INFO - Sync 1 DAGs
[2023-12-26T01:07:17.854+0000] {logging_mixin.py:188} INFO - [2023-12-26T01:07:17.854+0000] {dag.py:3820} INFO - Setting next_dagrun for latest_only_with_trigger to 2023-12-25T20:00:00+00:00, run_after=2023-12-26T00:00:00+00:00
[2023-12-26T01:07:17.890+0000] {processor.py:183} INFO - Processing /usr/local/python/3.10.13/lib/python3.10/site-packages/airflow/example_dags/example_latest_only_with_trigger.py took 0.071 seconds
[2023-12-26T01:08:14.469+0000] {processor.py:161} INFO - Started process (PID=13009) to work on /usr/local/python/3.10.13/lib/python3.10/site-packages/airflow/example_dags/example_latest_only_with_trigger.py
[2023-12-26T01:08:14.470+0000] {processor.py:830} INFO - Processing file /usr/local/python/3.10.13/lib/python3.10/site-packages/airflow/example_dags/example_latest_only_with_trigger.py for tasks to queue
[2023-12-26T01:08:14.470+0000] {logging_mixin.py:188} INFO - [2023-12-26T01:08:14.470+0000] {dagbag.py:538} INFO - Filling up the DagBag from /usr/local/python/3.10.13/lib/python3.10/site-packages/airflow/example_dags/example_latest_only_with_trigger.py
[2023-12-26T01:08:14.475+0000] {processor.py:840} INFO - DAG(s) 'latest_only_with_trigger' retrieved from /usr/local/python/3.10.13/lib/python3.10/site-packages/airflow/example_dags/example_latest_only_with_trigger.py
[2023-12-26T01:08:14.486+0000] {logging_mixin.py:188} INFO - [2023-12-26T01:08:14.486+0000] {dag.py:3033} INFO - Sync 1 DAGs
[2023-12-26T01:08:14.501+0000] {logging_mixin.py:188} INFO - [2023-12-26T01:08:14.501+0000] {dag.py:3820} INFO - Setting next_dagrun for latest_only_with_trigger to 2023-12-25T20:00:00+00:00, run_after=2023-12-26T00:00:00+00:00
[2023-12-26T01:08:14.539+0000] {processor.py:183} INFO - Processing /usr/local/python/3.10.13/lib/python3.10/site-packages/airflow/example_dags/example_latest_only_with_trigger.py took 0.072 seconds
[2023-12-26T01:09:11.230+0000] {processor.py:161} INFO - Started process (PID=13602) to work on /usr/local/python/3.10.13/lib/python3.10/site-packages/airflow/example_dags/example_latest_only_with_trigger.py
[2023-12-26T01:09:11.231+0000] {processor.py:830} INFO - Processing file /usr/local/python/3.10.13/lib/python3.10/site-packages/airflow/example_dags/example_latest_only_with_trigger.py for tasks to queue
[2023-12-26T01:09:11.232+0000] {logging_mixin.py:188} INFO - [2023-12-26T01:09:11.231+0000] {dagbag.py:538} INFO - Filling up the DagBag from /usr/local/python/3.10.13/lib/python3.10/site-packages/airflow/example_dags/example_latest_only_with_trigger.py
[2023-12-26T01:09:11.236+0000] {processor.py:840} INFO - DAG(s) 'latest_only_with_trigger' retrieved from /usr/local/python/3.10.13/lib/python3.10/site-packages/airflow/example_dags/example_latest_only_with_trigger.py
[2023-12-26T01:09:11.248+0000] {logging_mixin.py:188} INFO - [2023-12-26T01:09:11.248+0000] {dag.py:3033} INFO - Sync 1 DAGs
[2023-12-26T01:09:11.266+0000] {logging_mixin.py:188} INFO - [2023-12-26T01:09:11.266+0000] {dag.py:3820} INFO - Setting next_dagrun for latest_only_with_trigger to 2023-12-25T20:00:00+00:00, run_after=2023-12-26T00:00:00+00:00
[2023-12-26T01:09:11.299+0000] {processor.py:183} INFO - Processing /usr/local/python/3.10.13/lib/python3.10/site-packages/airflow/example_dags/example_latest_only_with_trigger.py took 0.071 seconds
