[2023-12-26T01:01:48.787+0000] {processor.py:161} INFO - Started process (PID=7350) to work on /usr/local/python/3.10.13/lib/python3.10/site-packages/airflow/example_dags/example_external_task_marker_dag.py
[2023-12-26T01:01:48.788+0000] {processor.py:830} INFO - Processing file /usr/local/python/3.10.13/lib/python3.10/site-packages/airflow/example_dags/example_external_task_marker_dag.py for tasks to queue
[2023-12-26T01:01:48.789+0000] {logging_mixin.py:188} INFO - [2023-12-26T01:01:48.789+0000] {dagbag.py:538} INFO - Filling up the DagBag from /usr/local/python/3.10.13/lib/python3.10/site-packages/airflow/example_dags/example_external_task_marker_dag.py
[2023-12-26T01:01:48.809+0000] {processor.py:840} INFO - DAG(s) 'example_external_task_marker_child', 'example_external_task_marker_parent' retrieved from /usr/local/python/3.10.13/lib/python3.10/site-packages/airflow/example_dags/example_external_task_marker_dag.py
[2023-12-26T01:01:49.312+0000] {logging_mixin.py:188} INFO - [2023-12-26T01:01:49.311+0000] {override.py:1769} INFO - Created Permission View: can delete on DAG:example_external_task_marker_child
[2023-12-26T01:01:49.359+0000] {logging_mixin.py:188} INFO - [2023-12-26T01:01:49.359+0000] {override.py:1769} INFO - Created Permission View: can read on DAG:example_external_task_marker_child
[2023-12-26T01:01:49.397+0000] {logging_mixin.py:188} INFO - [2023-12-26T01:01:49.397+0000] {override.py:1769} INFO - Created Permission View: can edit on DAG:example_external_task_marker_child
[2023-12-26T01:01:49.504+0000] {logging_mixin.py:188} INFO - [2023-12-26T01:01:49.503+0000] {override.py:1769} INFO - Created Permission View: can delete on DAG:example_external_task_marker_parent
[2023-12-26T01:01:49.542+0000] {logging_mixin.py:188} INFO - [2023-12-26T01:01:49.542+0000] {override.py:1769} INFO - Created Permission View: can read on DAG:example_external_task_marker_parent
[2023-12-26T01:01:49.582+0000] {logging_mixin.py:188} INFO - [2023-12-26T01:01:49.581+0000] {override.py:1769} INFO - Created Permission View: can edit on DAG:example_external_task_marker_parent
[2023-12-26T01:01:49.582+0000] {logging_mixin.py:188} INFO - [2023-12-26T01:01:49.582+0000] {dag.py:3033} INFO - Sync 2 DAGs
[2023-12-26T01:01:49.607+0000] {logging_mixin.py:188} INFO - [2023-12-26T01:01:49.607+0000] {dag.py:3055} INFO - Creating ORM DAG for example_external_task_marker_parent
[2023-12-26T01:01:49.608+0000] {logging_mixin.py:188} INFO - [2023-12-26T01:01:49.608+0000] {dag.py:3055} INFO - Creating ORM DAG for example_external_task_marker_child
[2023-12-26T01:01:49.609+0000] {logging_mixin.py:188} INFO - [2023-12-26T01:01:49.608+0000] {dag.py:3820} INFO - Setting next_dagrun for example_external_task_marker_child to None, run_after=None
[2023-12-26T01:01:49.609+0000] {logging_mixin.py:188} INFO - [2023-12-26T01:01:49.609+0000] {dag.py:3820} INFO - Setting next_dagrun for example_external_task_marker_parent to None, run_after=None
[2023-12-26T01:01:49.731+0000] {processor.py:183} INFO - Processing /usr/local/python/3.10.13/lib/python3.10/site-packages/airflow/example_dags/example_external_task_marker_dag.py took 0.947 seconds
[2023-12-26T01:02:41.038+0000] {processor.py:161} INFO - Started process (PID=8624) to work on /usr/local/python/3.10.13/lib/python3.10/site-packages/airflow/example_dags/example_external_task_marker_dag.py
[2023-12-26T01:02:41.038+0000] {processor.py:830} INFO - Processing file /usr/local/python/3.10.13/lib/python3.10/site-packages/airflow/example_dags/example_external_task_marker_dag.py for tasks to queue
[2023-12-26T01:02:41.039+0000] {logging_mixin.py:188} INFO - [2023-12-26T01:02:41.039+0000] {dagbag.py:538} INFO - Filling up the DagBag from /usr/local/python/3.10.13/lib/python3.10/site-packages/airflow/example_dags/example_external_task_marker_dag.py
[2023-12-26T01:02:41.044+0000] {processor.py:840} INFO - DAG(s) 'example_external_task_marker_child', 'example_external_task_marker_parent' retrieved from /usr/local/python/3.10.13/lib/python3.10/site-packages/airflow/example_dags/example_external_task_marker_dag.py
[2023-12-26T01:02:41.058+0000] {logging_mixin.py:188} INFO - [2023-12-26T01:02:41.058+0000] {dag.py:3033} INFO - Sync 2 DAGs
[2023-12-26T01:02:41.067+0000] {logging_mixin.py:188} INFO - [2023-12-26T01:02:41.067+0000] {dag.py:3820} INFO - Setting next_dagrun for example_external_task_marker_child to None, run_after=None
[2023-12-26T01:02:41.069+0000] {logging_mixin.py:188} INFO - [2023-12-26T01:02:41.069+0000] {dag.py:3820} INFO - Setting next_dagrun for example_external_task_marker_parent to None, run_after=None
[2023-12-26T01:02:41.108+0000] {processor.py:183} INFO - Processing /usr/local/python/3.10.13/lib/python3.10/site-packages/airflow/example_dags/example_external_task_marker_dag.py took 0.073 seconds
[2023-12-26T01:03:30.555+0000] {processor.py:161} INFO - Started process (PID=9305) to work on /usr/local/python/3.10.13/lib/python3.10/site-packages/airflow/example_dags/example_external_task_marker_dag.py
[2023-12-26T01:03:30.555+0000] {processor.py:830} INFO - Processing file /usr/local/python/3.10.13/lib/python3.10/site-packages/airflow/example_dags/example_external_task_marker_dag.py for tasks to queue
[2023-12-26T01:03:30.556+0000] {logging_mixin.py:188} INFO - [2023-12-26T01:03:30.556+0000] {dagbag.py:538} INFO - Filling up the DagBag from /usr/local/python/3.10.13/lib/python3.10/site-packages/airflow/example_dags/example_external_task_marker_dag.py
[2023-12-26T01:03:30.561+0000] {processor.py:840} INFO - DAG(s) 'example_external_task_marker_parent', 'example_external_task_marker_child' retrieved from /usr/local/python/3.10.13/lib/python3.10/site-packages/airflow/example_dags/example_external_task_marker_dag.py
[2023-12-26T01:03:30.575+0000] {logging_mixin.py:188} INFO - [2023-12-26T01:03:30.575+0000] {dag.py:3033} INFO - Sync 2 DAGs
[2023-12-26T01:03:30.584+0000] {logging_mixin.py:188} INFO - [2023-12-26T01:03:30.583+0000] {dag.py:3820} INFO - Setting next_dagrun for example_external_task_marker_child to None, run_after=None
[2023-12-26T01:03:30.586+0000] {logging_mixin.py:188} INFO - [2023-12-26T01:03:30.586+0000] {dag.py:3820} INFO - Setting next_dagrun for example_external_task_marker_parent to None, run_after=None
[2023-12-26T01:03:30.619+0000] {processor.py:183} INFO - Processing /usr/local/python/3.10.13/lib/python3.10/site-packages/airflow/example_dags/example_external_task_marker_dag.py took 0.067 seconds
[2023-12-26T01:04:20.518+0000] {processor.py:161} INFO - Started process (PID=10081) to work on /usr/local/python/3.10.13/lib/python3.10/site-packages/airflow/example_dags/example_external_task_marker_dag.py
[2023-12-26T01:04:20.518+0000] {processor.py:830} INFO - Processing file /usr/local/python/3.10.13/lib/python3.10/site-packages/airflow/example_dags/example_external_task_marker_dag.py for tasks to queue
[2023-12-26T01:04:20.519+0000] {logging_mixin.py:188} INFO - [2023-12-26T01:04:20.519+0000] {dagbag.py:538} INFO - Filling up the DagBag from /usr/local/python/3.10.13/lib/python3.10/site-packages/airflow/example_dags/example_external_task_marker_dag.py
[2023-12-26T01:04:20.524+0000] {processor.py:840} INFO - DAG(s) 'example_external_task_marker_parent', 'example_external_task_marker_child' retrieved from /usr/local/python/3.10.13/lib/python3.10/site-packages/airflow/example_dags/example_external_task_marker_dag.py
[2023-12-26T01:04:20.666+0000] {logging_mixin.py:188} INFO - [2023-12-26T01:04:20.666+0000] {dag.py:3033} INFO - Sync 2 DAGs
[2023-12-26T01:04:20.857+0000] {logging_mixin.py:188} INFO - [2023-12-26T01:04:20.857+0000] {dag.py:3820} INFO - Setting next_dagrun for example_external_task_marker_child to None, run_after=None
[2023-12-26T01:04:20.964+0000] {logging_mixin.py:188} INFO - [2023-12-26T01:04:20.964+0000] {dag.py:3820} INFO - Setting next_dagrun for example_external_task_marker_parent to None, run_after=None
[2023-12-26T01:04:20.997+0000] {processor.py:183} INFO - Processing /usr/local/python/3.10.13/lib/python3.10/site-packages/airflow/example_dags/example_external_task_marker_dag.py took 0.481 seconds
[2023-12-26T01:05:17.647+0000] {processor.py:161} INFO - Started process (PID=10583) to work on /usr/local/python/3.10.13/lib/python3.10/site-packages/airflow/example_dags/example_external_task_marker_dag.py
[2023-12-26T01:05:17.647+0000] {processor.py:830} INFO - Processing file /usr/local/python/3.10.13/lib/python3.10/site-packages/airflow/example_dags/example_external_task_marker_dag.py for tasks to queue
[2023-12-26T01:05:17.648+0000] {logging_mixin.py:188} INFO - [2023-12-26T01:05:17.648+0000] {dagbag.py:538} INFO - Filling up the DagBag from /usr/local/python/3.10.13/lib/python3.10/site-packages/airflow/example_dags/example_external_task_marker_dag.py
[2023-12-26T01:05:17.652+0000] {processor.py:840} INFO - DAG(s) 'example_external_task_marker_child', 'example_external_task_marker_parent' retrieved from /usr/local/python/3.10.13/lib/python3.10/site-packages/airflow/example_dags/example_external_task_marker_dag.py
[2023-12-26T01:05:17.665+0000] {logging_mixin.py:188} INFO - [2023-12-26T01:05:17.665+0000] {dag.py:3033} INFO - Sync 2 DAGs
[2023-12-26T01:05:17.674+0000] {logging_mixin.py:188} INFO - [2023-12-26T01:05:17.673+0000] {dag.py:3820} INFO - Setting next_dagrun for example_external_task_marker_child to None, run_after=None
[2023-12-26T01:05:17.676+0000] {logging_mixin.py:188} INFO - [2023-12-26T01:05:17.676+0000] {dag.py:3820} INFO - Setting next_dagrun for example_external_task_marker_parent to None, run_after=None
[2023-12-26T01:05:17.709+0000] {processor.py:183} INFO - Processing /usr/local/python/3.10.13/lib/python3.10/site-packages/airflow/example_dags/example_external_task_marker_dag.py took 0.065 seconds
[2023-12-26T01:06:18.065+0000] {processor.py:161} INFO - Started process (PID=11657) to work on /usr/local/python/3.10.13/lib/python3.10/site-packages/airflow/example_dags/example_external_task_marker_dag.py
[2023-12-26T01:06:18.066+0000] {processor.py:830} INFO - Processing file /usr/local/python/3.10.13/lib/python3.10/site-packages/airflow/example_dags/example_external_task_marker_dag.py for tasks to queue
[2023-12-26T01:06:18.067+0000] {logging_mixin.py:188} INFO - [2023-12-26T01:06:18.066+0000] {dagbag.py:538} INFO - Filling up the DagBag from /usr/local/python/3.10.13/lib/python3.10/site-packages/airflow/example_dags/example_external_task_marker_dag.py
[2023-12-26T01:06:18.071+0000] {processor.py:840} INFO - DAG(s) 'example_external_task_marker_child', 'example_external_task_marker_parent' retrieved from /usr/local/python/3.10.13/lib/python3.10/site-packages/airflow/example_dags/example_external_task_marker_dag.py
[2023-12-26T01:06:18.084+0000] {logging_mixin.py:188} INFO - [2023-12-26T01:06:18.084+0000] {dag.py:3033} INFO - Sync 2 DAGs
[2023-12-26T01:06:18.092+0000] {logging_mixin.py:188} INFO - [2023-12-26T01:06:18.092+0000] {dag.py:3820} INFO - Setting next_dagrun for example_external_task_marker_child to None, run_after=None
[2023-12-26T01:06:18.094+0000] {logging_mixin.py:188} INFO - [2023-12-26T01:06:18.094+0000] {dag.py:3820} INFO - Setting next_dagrun for example_external_task_marker_parent to None, run_after=None
[2023-12-26T01:06:18.127+0000] {processor.py:183} INFO - Processing /usr/local/python/3.10.13/lib/python3.10/site-packages/airflow/example_dags/example_external_task_marker_dag.py took 0.063 seconds
[2023-12-26T01:07:21.631+0000] {processor.py:161} INFO - Started process (PID=12493) to work on /usr/local/python/3.10.13/lib/python3.10/site-packages/airflow/example_dags/example_external_task_marker_dag.py
[2023-12-26T01:07:21.632+0000] {processor.py:830} INFO - Processing file /usr/local/python/3.10.13/lib/python3.10/site-packages/airflow/example_dags/example_external_task_marker_dag.py for tasks to queue
[2023-12-26T01:07:21.633+0000] {logging_mixin.py:188} INFO - [2023-12-26T01:07:21.633+0000] {dagbag.py:538} INFO - Filling up the DagBag from /usr/local/python/3.10.13/lib/python3.10/site-packages/airflow/example_dags/example_external_task_marker_dag.py
[2023-12-26T01:07:21.639+0000] {processor.py:840} INFO - DAG(s) 'example_external_task_marker_parent', 'example_external_task_marker_child' retrieved from /usr/local/python/3.10.13/lib/python3.10/site-packages/airflow/example_dags/example_external_task_marker_dag.py
[2023-12-26T01:07:21.657+0000] {logging_mixin.py:188} INFO - [2023-12-26T01:07:21.656+0000] {dag.py:3033} INFO - Sync 2 DAGs
[2023-12-26T01:07:21.669+0000] {logging_mixin.py:188} INFO - [2023-12-26T01:07:21.669+0000] {dag.py:3820} INFO - Setting next_dagrun for example_external_task_marker_child to None, run_after=None
[2023-12-26T01:07:21.672+0000] {logging_mixin.py:188} INFO - [2023-12-26T01:07:21.672+0000] {dag.py:3820} INFO - Setting next_dagrun for example_external_task_marker_parent to None, run_after=None
[2023-12-26T01:07:21.721+0000] {processor.py:183} INFO - Processing /usr/local/python/3.10.13/lib/python3.10/site-packages/airflow/example_dags/example_external_task_marker_dag.py took 0.092 seconds
[2023-12-26T01:08:18.385+0000] {processor.py:161} INFO - Started process (PID=13132) to work on /usr/local/python/3.10.13/lib/python3.10/site-packages/airflow/example_dags/example_external_task_marker_dag.py
[2023-12-26T01:08:18.385+0000] {processor.py:830} INFO - Processing file /usr/local/python/3.10.13/lib/python3.10/site-packages/airflow/example_dags/example_external_task_marker_dag.py for tasks to queue
[2023-12-26T01:08:18.386+0000] {logging_mixin.py:188} INFO - [2023-12-26T01:08:18.386+0000] {dagbag.py:538} INFO - Filling up the DagBag from /usr/local/python/3.10.13/lib/python3.10/site-packages/airflow/example_dags/example_external_task_marker_dag.py
[2023-12-26T01:08:18.390+0000] {processor.py:840} INFO - DAG(s) 'example_external_task_marker_child', 'example_external_task_marker_parent' retrieved from /usr/local/python/3.10.13/lib/python3.10/site-packages/airflow/example_dags/example_external_task_marker_dag.py
[2023-12-26T01:08:18.403+0000] {logging_mixin.py:188} INFO - [2023-12-26T01:08:18.403+0000] {dag.py:3033} INFO - Sync 2 DAGs
[2023-12-26T01:08:18.411+0000] {logging_mixin.py:188} INFO - [2023-12-26T01:08:18.411+0000] {dag.py:3820} INFO - Setting next_dagrun for example_external_task_marker_child to None, run_after=None
[2023-12-26T01:08:18.414+0000] {logging_mixin.py:188} INFO - [2023-12-26T01:08:18.414+0000] {dag.py:3820} INFO - Setting next_dagrun for example_external_task_marker_parent to None, run_after=None
[2023-12-26T01:08:18.449+0000] {processor.py:183} INFO - Processing /usr/local/python/3.10.13/lib/python3.10/site-packages/airflow/example_dags/example_external_task_marker_dag.py took 0.067 seconds
