[2023-12-26T01:01:28.442+0000] {processor.py:161} INFO - Started process (PID=6978) to work on /usr/local/python/3.10.13/lib/python3.10/site-packages/airflow/example_dags/example_setup_teardown.py
[2023-12-26T01:01:28.442+0000] {processor.py:830} INFO - Processing file /usr/local/python/3.10.13/lib/python3.10/site-packages/airflow/example_dags/example_setup_teardown.py for tasks to queue
[2023-12-26T01:01:28.443+0000] {logging_mixin.py:188} INFO - [2023-12-26T01:01:28.443+0000] {dagbag.py:538} INFO - Filling up the DagBag from /usr/local/python/3.10.13/lib/python3.10/site-packages/airflow/example_dags/example_setup_teardown.py
[2023-12-26T01:01:28.450+0000] {processor.py:840} INFO - DAG(s) 'example_setup_teardown' retrieved from /usr/local/python/3.10.13/lib/python3.10/site-packages/airflow/example_dags/example_setup_teardown.py
[2023-12-26T01:01:28.573+0000] {logging_mixin.py:188} INFO - [2023-12-26T01:01:28.572+0000] {override.py:1769} INFO - Created Permission View: can delete on DAG:example_setup_teardown
[2023-12-26T01:01:28.600+0000] {logging_mixin.py:188} INFO - [2023-12-26T01:01:28.600+0000] {override.py:1769} INFO - Created Permission View: can read on DAG:example_setup_teardown
[2023-12-26T01:01:28.625+0000] {logging_mixin.py:188} INFO - [2023-12-26T01:01:28.624+0000] {override.py:1769} INFO - Created Permission View: can edit on DAG:example_setup_teardown
[2023-12-26T01:01:28.625+0000] {logging_mixin.py:188} INFO - [2023-12-26T01:01:28.625+0000] {dag.py:3033} INFO - Sync 1 DAGs
[2023-12-26T01:01:28.635+0000] {logging_mixin.py:188} INFO - [2023-12-26T01:01:28.635+0000] {dag.py:3055} INFO - Creating ORM DAG for example_setup_teardown
[2023-12-26T01:01:28.642+0000] {logging_mixin.py:188} INFO - [2023-12-26T01:01:28.642+0000] {dag.py:3820} INFO - Setting next_dagrun for example_setup_teardown to 2023-12-25T00:00:00+00:00, run_after=2023-12-26T00:00:00+00:00
[2023-12-26T01:01:28.680+0000] {processor.py:183} INFO - Processing /usr/local/python/3.10.13/lib/python3.10/site-packages/airflow/example_dags/example_setup_teardown.py took 0.241 seconds
[2023-12-26T01:02:25.446+0000] {processor.py:161} INFO - Started process (PID=8453) to work on /usr/local/python/3.10.13/lib/python3.10/site-packages/airflow/example_dags/example_setup_teardown.py
[2023-12-26T01:02:25.447+0000] {processor.py:830} INFO - Processing file /usr/local/python/3.10.13/lib/python3.10/site-packages/airflow/example_dags/example_setup_teardown.py for tasks to queue
[2023-12-26T01:02:25.447+0000] {logging_mixin.py:188} INFO - [2023-12-26T01:02:25.447+0000] {dagbag.py:538} INFO - Filling up the DagBag from /usr/local/python/3.10.13/lib/python3.10/site-packages/airflow/example_dags/example_setup_teardown.py
[2023-12-26T01:02:25.453+0000] {processor.py:840} INFO - DAG(s) 'example_setup_teardown' retrieved from /usr/local/python/3.10.13/lib/python3.10/site-packages/airflow/example_dags/example_setup_teardown.py
[2023-12-26T01:02:25.465+0000] {logging_mixin.py:188} INFO - [2023-12-26T01:02:25.465+0000] {dag.py:3033} INFO - Sync 1 DAGs
[2023-12-26T01:02:25.480+0000] {logging_mixin.py:188} INFO - [2023-12-26T01:02:25.480+0000] {dag.py:3820} INFO - Setting next_dagrun for example_setup_teardown to 2023-12-25T00:00:00+00:00, run_after=2023-12-26T00:00:00+00:00
[2023-12-26T01:02:25.513+0000] {processor.py:183} INFO - Processing /usr/local/python/3.10.13/lib/python3.10/site-packages/airflow/example_dags/example_setup_teardown.py took 0.070 seconds
[2023-12-26T01:03:11.084+0000] {processor.py:161} INFO - Started process (PID=8939) to work on /usr/local/python/3.10.13/lib/python3.10/site-packages/airflow/example_dags/example_setup_teardown.py
[2023-12-26T01:03:11.085+0000] {processor.py:830} INFO - Processing file /usr/local/python/3.10.13/lib/python3.10/site-packages/airflow/example_dags/example_setup_teardown.py for tasks to queue
[2023-12-26T01:03:11.085+0000] {logging_mixin.py:188} INFO - [2023-12-26T01:03:11.085+0000] {dagbag.py:538} INFO - Filling up the DagBag from /usr/local/python/3.10.13/lib/python3.10/site-packages/airflow/example_dags/example_setup_teardown.py
[2023-12-26T01:03:11.091+0000] {processor.py:840} INFO - DAG(s) 'example_setup_teardown' retrieved from /usr/local/python/3.10.13/lib/python3.10/site-packages/airflow/example_dags/example_setup_teardown.py
[2023-12-26T01:03:11.137+0000] {logging_mixin.py:188} INFO - [2023-12-26T01:03:11.137+0000] {dag.py:3033} INFO - Sync 1 DAGs
[2023-12-26T01:03:11.156+0000] {logging_mixin.py:188} INFO - [2023-12-26T01:03:11.155+0000] {dag.py:3820} INFO - Setting next_dagrun for example_setup_teardown to 2023-12-25T00:00:00+00:00, run_after=2023-12-26T00:00:00+00:00
[2023-12-26T01:03:11.197+0000] {processor.py:183} INFO - Processing /usr/local/python/3.10.13/lib/python3.10/site-packages/airflow/example_dags/example_setup_teardown.py took 0.115 seconds
[2023-12-26T01:04:03.897+0000] {processor.py:161} INFO - Started process (PID=9754) to work on /usr/local/python/3.10.13/lib/python3.10/site-packages/airflow/example_dags/example_setup_teardown.py
[2023-12-26T01:04:03.898+0000] {processor.py:830} INFO - Processing file /usr/local/python/3.10.13/lib/python3.10/site-packages/airflow/example_dags/example_setup_teardown.py for tasks to queue
[2023-12-26T01:04:03.899+0000] {logging_mixin.py:188} INFO - [2023-12-26T01:04:03.898+0000] {dagbag.py:538} INFO - Filling up the DagBag from /usr/local/python/3.10.13/lib/python3.10/site-packages/airflow/example_dags/example_setup_teardown.py
[2023-12-26T01:04:03.907+0000] {processor.py:840} INFO - DAG(s) 'example_setup_teardown' retrieved from /usr/local/python/3.10.13/lib/python3.10/site-packages/airflow/example_dags/example_setup_teardown.py
[2023-12-26T01:04:03.924+0000] {logging_mixin.py:188} INFO - [2023-12-26T01:04:03.924+0000] {dag.py:3033} INFO - Sync 1 DAGs
[2023-12-26T01:04:03.946+0000] {logging_mixin.py:188} INFO - [2023-12-26T01:04:03.946+0000] {dag.py:3820} INFO - Setting next_dagrun for example_setup_teardown to 2023-12-25T00:00:00+00:00, run_after=2023-12-26T00:00:00+00:00
[2023-12-26T01:04:03.981+0000] {processor.py:183} INFO - Processing /usr/local/python/3.10.13/lib/python3.10/site-packages/airflow/example_dags/example_setup_teardown.py took 0.086 seconds
[2023-12-26T01:04:50.319+0000] {processor.py:161} INFO - Started process (PID=10337) to work on /usr/local/python/3.10.13/lib/python3.10/site-packages/airflow/example_dags/example_setup_teardown.py
[2023-12-26T01:04:50.319+0000] {processor.py:830} INFO - Processing file /usr/local/python/3.10.13/lib/python3.10/site-packages/airflow/example_dags/example_setup_teardown.py for tasks to queue
[2023-12-26T01:04:50.320+0000] {logging_mixin.py:188} INFO - [2023-12-26T01:04:50.320+0000] {dagbag.py:538} INFO - Filling up the DagBag from /usr/local/python/3.10.13/lib/python3.10/site-packages/airflow/example_dags/example_setup_teardown.py
[2023-12-26T01:04:50.327+0000] {processor.py:840} INFO - DAG(s) 'example_setup_teardown' retrieved from /usr/local/python/3.10.13/lib/python3.10/site-packages/airflow/example_dags/example_setup_teardown.py
[2023-12-26T01:04:50.338+0000] {logging_mixin.py:188} INFO - [2023-12-26T01:04:50.338+0000] {dag.py:3033} INFO - Sync 1 DAGs
[2023-12-26T01:04:50.352+0000] {logging_mixin.py:188} INFO - [2023-12-26T01:04:50.352+0000] {dag.py:3820} INFO - Setting next_dagrun for example_setup_teardown to 2023-12-25T00:00:00+00:00, run_after=2023-12-26T00:00:00+00:00
[2023-12-26T01:04:50.387+0000] {processor.py:183} INFO - Processing /usr/local/python/3.10.13/lib/python3.10/site-packages/airflow/example_dags/example_setup_teardown.py took 0.070 seconds
[2023-12-26T01:05:47.138+0000] {processor.py:161} INFO - Started process (PID=11082) to work on /usr/local/python/3.10.13/lib/python3.10/site-packages/airflow/example_dags/example_setup_teardown.py
[2023-12-26T01:05:47.139+0000] {processor.py:830} INFO - Processing file /usr/local/python/3.10.13/lib/python3.10/site-packages/airflow/example_dags/example_setup_teardown.py for tasks to queue
[2023-12-26T01:05:47.139+0000] {logging_mixin.py:188} INFO - [2023-12-26T01:05:47.139+0000] {dagbag.py:538} INFO - Filling up the DagBag from /usr/local/python/3.10.13/lib/python3.10/site-packages/airflow/example_dags/example_setup_teardown.py
[2023-12-26T01:05:47.145+0000] {processor.py:840} INFO - DAG(s) 'example_setup_teardown' retrieved from /usr/local/python/3.10.13/lib/python3.10/site-packages/airflow/example_dags/example_setup_teardown.py
[2023-12-26T01:05:47.156+0000] {logging_mixin.py:188} INFO - [2023-12-26T01:05:47.156+0000] {dag.py:3033} INFO - Sync 1 DAGs
[2023-12-26T01:05:47.170+0000] {logging_mixin.py:188} INFO - [2023-12-26T01:05:47.170+0000] {dag.py:3820} INFO - Setting next_dagrun for example_setup_teardown to 2023-12-25T00:00:00+00:00, run_after=2023-12-26T00:00:00+00:00
[2023-12-26T01:05:47.203+0000] {processor.py:183} INFO - Processing /usr/local/python/3.10.13/lib/python3.10/site-packages/airflow/example_dags/example_setup_teardown.py took 0.067 seconds
[2023-12-26T01:06:33.683+0000] {processor.py:161} INFO - Started process (PID=11933) to work on /usr/local/python/3.10.13/lib/python3.10/site-packages/airflow/example_dags/example_setup_teardown.py
[2023-12-26T01:06:33.684+0000] {processor.py:830} INFO - Processing file /usr/local/python/3.10.13/lib/python3.10/site-packages/airflow/example_dags/example_setup_teardown.py for tasks to queue
[2023-12-26T01:06:33.685+0000] {logging_mixin.py:188} INFO - [2023-12-26T01:06:33.684+0000] {dagbag.py:538} INFO - Filling up the DagBag from /usr/local/python/3.10.13/lib/python3.10/site-packages/airflow/example_dags/example_setup_teardown.py
[2023-12-26T01:06:33.690+0000] {processor.py:840} INFO - DAG(s) 'example_setup_teardown' retrieved from /usr/local/python/3.10.13/lib/python3.10/site-packages/airflow/example_dags/example_setup_teardown.py
[2023-12-26T01:06:33.701+0000] {logging_mixin.py:188} INFO - [2023-12-26T01:06:33.701+0000] {dag.py:3033} INFO - Sync 1 DAGs
[2023-12-26T01:06:33.715+0000] {logging_mixin.py:188} INFO - [2023-12-26T01:06:33.715+0000] {dag.py:3820} INFO - Setting next_dagrun for example_setup_teardown to 2023-12-25T00:00:00+00:00, run_after=2023-12-26T00:00:00+00:00
[2023-12-26T01:06:33.748+0000] {processor.py:183} INFO - Processing /usr/local/python/3.10.13/lib/python3.10/site-packages/airflow/example_dags/example_setup_teardown.py took 0.067 seconds
[2023-12-26T01:07:16.041+0000] {processor.py:161} INFO - Started process (PID=12394) to work on /usr/local/python/3.10.13/lib/python3.10/site-packages/airflow/example_dags/example_setup_teardown.py
[2023-12-26T01:07:16.042+0000] {processor.py:830} INFO - Processing file /usr/local/python/3.10.13/lib/python3.10/site-packages/airflow/example_dags/example_setup_teardown.py for tasks to queue
[2023-12-26T01:07:16.043+0000] {logging_mixin.py:188} INFO - [2023-12-26T01:07:16.043+0000] {dagbag.py:538} INFO - Filling up the DagBag from /usr/local/python/3.10.13/lib/python3.10/site-packages/airflow/example_dags/example_setup_teardown.py
[2023-12-26T01:07:16.051+0000] {processor.py:840} INFO - DAG(s) 'example_setup_teardown' retrieved from /usr/local/python/3.10.13/lib/python3.10/site-packages/airflow/example_dags/example_setup_teardown.py
[2023-12-26T01:07:16.067+0000] {logging_mixin.py:188} INFO - [2023-12-26T01:07:16.066+0000] {dag.py:3033} INFO - Sync 1 DAGs
[2023-12-26T01:07:16.087+0000] {logging_mixin.py:188} INFO - [2023-12-26T01:07:16.087+0000] {dag.py:3820} INFO - Setting next_dagrun for example_setup_teardown to 2023-12-25T00:00:00+00:00, run_after=2023-12-26T00:00:00+00:00
[2023-12-26T01:07:16.126+0000] {processor.py:183} INFO - Processing /usr/local/python/3.10.13/lib/python3.10/site-packages/airflow/example_dags/example_setup_teardown.py took 0.087 seconds
[2023-12-26T01:08:12.264+0000] {processor.py:161} INFO - Started process (PID=12978) to work on /usr/local/python/3.10.13/lib/python3.10/site-packages/airflow/example_dags/example_setup_teardown.py
[2023-12-26T01:08:12.265+0000] {processor.py:830} INFO - Processing file /usr/local/python/3.10.13/lib/python3.10/site-packages/airflow/example_dags/example_setup_teardown.py for tasks to queue
[2023-12-26T01:08:12.266+0000] {logging_mixin.py:188} INFO - [2023-12-26T01:08:12.266+0000] {dagbag.py:538} INFO - Filling up the DagBag from /usr/local/python/3.10.13/lib/python3.10/site-packages/airflow/example_dags/example_setup_teardown.py
[2023-12-26T01:08:12.272+0000] {processor.py:840} INFO - DAG(s) 'example_setup_teardown' retrieved from /usr/local/python/3.10.13/lib/python3.10/site-packages/airflow/example_dags/example_setup_teardown.py
[2023-12-26T01:08:12.282+0000] {logging_mixin.py:188} INFO - [2023-12-26T01:08:12.282+0000] {dag.py:3033} INFO - Sync 1 DAGs
[2023-12-26T01:08:12.297+0000] {logging_mixin.py:188} INFO - [2023-12-26T01:08:12.296+0000] {dag.py:3820} INFO - Setting next_dagrun for example_setup_teardown to 2023-12-25T00:00:00+00:00, run_after=2023-12-26T00:00:00+00:00
[2023-12-26T01:08:12.334+0000] {processor.py:183} INFO - Processing /usr/local/python/3.10.13/lib/python3.10/site-packages/airflow/example_dags/example_setup_teardown.py took 0.072 seconds
[2023-12-26T01:09:09.471+0000] {processor.py:161} INFO - Started process (PID=13589) to work on /usr/local/python/3.10.13/lib/python3.10/site-packages/airflow/example_dags/example_setup_teardown.py
[2023-12-26T01:09:09.472+0000] {processor.py:830} INFO - Processing file /usr/local/python/3.10.13/lib/python3.10/site-packages/airflow/example_dags/example_setup_teardown.py for tasks to queue
[2023-12-26T01:09:09.473+0000] {logging_mixin.py:188} INFO - [2023-12-26T01:09:09.473+0000] {dagbag.py:538} INFO - Filling up the DagBag from /usr/local/python/3.10.13/lib/python3.10/site-packages/airflow/example_dags/example_setup_teardown.py
[2023-12-26T01:09:09.480+0000] {processor.py:840} INFO - DAG(s) 'example_setup_teardown' retrieved from /usr/local/python/3.10.13/lib/python3.10/site-packages/airflow/example_dags/example_setup_teardown.py
[2023-12-26T01:09:09.497+0000] {logging_mixin.py:188} INFO - [2023-12-26T01:09:09.497+0000] {dag.py:3033} INFO - Sync 1 DAGs
[2023-12-26T01:09:09.516+0000] {logging_mixin.py:188} INFO - [2023-12-26T01:09:09.515+0000] {dag.py:3820} INFO - Setting next_dagrun for example_setup_teardown to 2023-12-25T00:00:00+00:00, run_after=2023-12-26T00:00:00+00:00
[2023-12-26T01:09:09.551+0000] {processor.py:183} INFO - Processing /usr/local/python/3.10.13/lib/python3.10/site-packages/airflow/example_dags/example_setup_teardown.py took 0.082 seconds
