[2023-12-26T01:01:47.220+0000] {processor.py:161} INFO - Started process (PID=7269) to work on /usr/local/python/3.10.13/lib/python3.10/site-packages/airflow/example_dags/example_branch_day_of_week_operator.py
[2023-12-26T01:01:47.221+0000] {processor.py:830} INFO - Processing file /usr/local/python/3.10.13/lib/python3.10/site-packages/airflow/example_dags/example_branch_day_of_week_operator.py for tasks to queue
[2023-12-26T01:01:47.222+0000] {logging_mixin.py:188} INFO - [2023-12-26T01:01:47.222+0000] {dagbag.py:538} INFO - Filling up the DagBag from /usr/local/python/3.10.13/lib/python3.10/site-packages/airflow/example_dags/example_branch_day_of_week_operator.py
[2023-12-26T01:01:47.237+0000] {processor.py:840} INFO - DAG(s) 'example_weekday_branch_operator' retrieved from /usr/local/python/3.10.13/lib/python3.10/site-packages/airflow/example_dags/example_branch_day_of_week_operator.py
[2023-12-26T01:01:47.458+0000] {logging_mixin.py:188} INFO - [2023-12-26T01:01:47.456+0000] {override.py:1769} INFO - Created Permission View: can delete on DAG:example_weekday_branch_operator
[2023-12-26T01:01:47.526+0000] {logging_mixin.py:188} INFO - [2023-12-26T01:01:47.526+0000] {override.py:1769} INFO - Created Permission View: can read on DAG:example_weekday_branch_operator
[2023-12-26T01:01:47.566+0000] {logging_mixin.py:188} INFO - [2023-12-26T01:01:47.566+0000] {override.py:1769} INFO - Created Permission View: can edit on DAG:example_weekday_branch_operator
[2023-12-26T01:01:47.567+0000] {logging_mixin.py:188} INFO - [2023-12-26T01:01:47.566+0000] {dag.py:3033} INFO - Sync 1 DAGs
[2023-12-26T01:01:47.591+0000] {logging_mixin.py:188} INFO - [2023-12-26T01:01:47.591+0000] {dag.py:3055} INFO - Creating ORM DAG for example_weekday_branch_operator
[2023-12-26T01:01:47.611+0000] {logging_mixin.py:188} INFO - [2023-12-26T01:01:47.611+0000] {dag.py:3820} INFO - Setting next_dagrun for example_weekday_branch_operator to 2023-12-25T00:00:00+00:00, run_after=2023-12-26T00:00:00+00:00
[2023-12-26T01:01:47.700+0000] {processor.py:183} INFO - Processing /usr/local/python/3.10.13/lib/python3.10/site-packages/airflow/example_dags/example_branch_day_of_week_operator.py took 0.487 seconds
[2023-12-26T01:02:39.906+0000] {processor.py:161} INFO - Started process (PID=8623) to work on /usr/local/python/3.10.13/lib/python3.10/site-packages/airflow/example_dags/example_branch_day_of_week_operator.py
[2023-12-26T01:02:39.907+0000] {processor.py:830} INFO - Processing file /usr/local/python/3.10.13/lib/python3.10/site-packages/airflow/example_dags/example_branch_day_of_week_operator.py for tasks to queue
[2023-12-26T01:02:39.907+0000] {logging_mixin.py:188} INFO - [2023-12-26T01:02:39.907+0000] {dagbag.py:538} INFO - Filling up the DagBag from /usr/local/python/3.10.13/lib/python3.10/site-packages/airflow/example_dags/example_branch_day_of_week_operator.py
[2023-12-26T01:02:39.914+0000] {processor.py:840} INFO - DAG(s) 'example_weekday_branch_operator' retrieved from /usr/local/python/3.10.13/lib/python3.10/site-packages/airflow/example_dags/example_branch_day_of_week_operator.py
[2023-12-26T01:02:39.925+0000] {logging_mixin.py:188} INFO - [2023-12-26T01:02:39.925+0000] {dag.py:3033} INFO - Sync 1 DAGs
[2023-12-26T01:02:39.941+0000] {logging_mixin.py:188} INFO - [2023-12-26T01:02:39.941+0000] {dag.py:3820} INFO - Setting next_dagrun for example_weekday_branch_operator to 2023-12-25T00:00:00+00:00, run_after=2023-12-26T00:00:00+00:00
[2023-12-26T01:02:39.976+0000] {processor.py:183} INFO - Processing /usr/local/python/3.10.13/lib/python3.10/site-packages/airflow/example_dags/example_branch_day_of_week_operator.py took 0.073 seconds
[2023-12-26T01:03:29.111+0000] {processor.py:161} INFO - Started process (PID=9236) to work on /usr/local/python/3.10.13/lib/python3.10/site-packages/airflow/example_dags/example_branch_day_of_week_operator.py
[2023-12-26T01:03:29.112+0000] {processor.py:830} INFO - Processing file /usr/local/python/3.10.13/lib/python3.10/site-packages/airflow/example_dags/example_branch_day_of_week_operator.py for tasks to queue
[2023-12-26T01:03:29.113+0000] {logging_mixin.py:188} INFO - [2023-12-26T01:03:29.113+0000] {dagbag.py:538} INFO - Filling up the DagBag from /usr/local/python/3.10.13/lib/python3.10/site-packages/airflow/example_dags/example_branch_day_of_week_operator.py
[2023-12-26T01:03:29.120+0000] {processor.py:840} INFO - DAG(s) 'example_weekday_branch_operator' retrieved from /usr/local/python/3.10.13/lib/python3.10/site-packages/airflow/example_dags/example_branch_day_of_week_operator.py
[2023-12-26T01:03:29.207+0000] {logging_mixin.py:188} INFO - [2023-12-26T01:03:29.207+0000] {dag.py:3033} INFO - Sync 1 DAGs
[2023-12-26T01:03:29.326+0000] {logging_mixin.py:188} INFO - [2023-12-26T01:03:29.326+0000] {dag.py:3820} INFO - Setting next_dagrun for example_weekday_branch_operator to 2023-12-25T00:00:00+00:00, run_after=2023-12-26T00:00:00+00:00
[2023-12-26T01:03:29.504+0000] {processor.py:183} INFO - Processing /usr/local/python/3.10.13/lib/python3.10/site-packages/airflow/example_dags/example_branch_day_of_week_operator.py took 0.396 seconds
[2023-12-26T01:04:19.362+0000] {processor.py:161} INFO - Started process (PID=10074) to work on /usr/local/python/3.10.13/lib/python3.10/site-packages/airflow/example_dags/example_branch_day_of_week_operator.py
[2023-12-26T01:04:19.362+0000] {processor.py:830} INFO - Processing file /usr/local/python/3.10.13/lib/python3.10/site-packages/airflow/example_dags/example_branch_day_of_week_operator.py for tasks to queue
[2023-12-26T01:04:19.363+0000] {logging_mixin.py:188} INFO - [2023-12-26T01:04:19.363+0000] {dagbag.py:538} INFO - Filling up the DagBag from /usr/local/python/3.10.13/lib/python3.10/site-packages/airflow/example_dags/example_branch_day_of_week_operator.py
[2023-12-26T01:04:19.369+0000] {processor.py:840} INFO - DAG(s) 'example_weekday_branch_operator' retrieved from /usr/local/python/3.10.13/lib/python3.10/site-packages/airflow/example_dags/example_branch_day_of_week_operator.py
[2023-12-26T01:04:19.381+0000] {logging_mixin.py:188} INFO - [2023-12-26T01:04:19.381+0000] {dag.py:3033} INFO - Sync 1 DAGs
[2023-12-26T01:04:19.396+0000] {logging_mixin.py:188} INFO - [2023-12-26T01:04:19.396+0000] {dag.py:3820} INFO - Setting next_dagrun for example_weekday_branch_operator to 2023-12-25T00:00:00+00:00, run_after=2023-12-26T00:00:00+00:00
[2023-12-26T01:04:19.430+0000] {processor.py:183} INFO - Processing /usr/local/python/3.10.13/lib/python3.10/site-packages/airflow/example_dags/example_branch_day_of_week_operator.py took 0.070 seconds
[2023-12-26T01:05:16.515+0000] {processor.py:161} INFO - Started process (PID=10576) to work on /usr/local/python/3.10.13/lib/python3.10/site-packages/airflow/example_dags/example_branch_day_of_week_operator.py
[2023-12-26T01:05:16.516+0000] {processor.py:830} INFO - Processing file /usr/local/python/3.10.13/lib/python3.10/site-packages/airflow/example_dags/example_branch_day_of_week_operator.py for tasks to queue
[2023-12-26T01:05:16.516+0000] {logging_mixin.py:188} INFO - [2023-12-26T01:05:16.516+0000] {dagbag.py:538} INFO - Filling up the DagBag from /usr/local/python/3.10.13/lib/python3.10/site-packages/airflow/example_dags/example_branch_day_of_week_operator.py
[2023-12-26T01:05:16.522+0000] {processor.py:840} INFO - DAG(s) 'example_weekday_branch_operator' retrieved from /usr/local/python/3.10.13/lib/python3.10/site-packages/airflow/example_dags/example_branch_day_of_week_operator.py
[2023-12-26T01:05:16.534+0000] {logging_mixin.py:188} INFO - [2023-12-26T01:05:16.534+0000] {dag.py:3033} INFO - Sync 1 DAGs
[2023-12-26T01:05:16.550+0000] {logging_mixin.py:188} INFO - [2023-12-26T01:05:16.549+0000] {dag.py:3820} INFO - Setting next_dagrun for example_weekday_branch_operator to 2023-12-25T00:00:00+00:00, run_after=2023-12-26T00:00:00+00:00
[2023-12-26T01:05:16.583+0000] {processor.py:183} INFO - Processing /usr/local/python/3.10.13/lib/python3.10/site-packages/airflow/example_dags/example_branch_day_of_week_operator.py took 0.071 seconds
[2023-12-26T01:06:17.359+0000] {processor.py:161} INFO - Started process (PID=11650) to work on /usr/local/python/3.10.13/lib/python3.10/site-packages/airflow/example_dags/example_branch_day_of_week_operator.py
[2023-12-26T01:06:17.360+0000] {processor.py:830} INFO - Processing file /usr/local/python/3.10.13/lib/python3.10/site-packages/airflow/example_dags/example_branch_day_of_week_operator.py for tasks to queue
[2023-12-26T01:06:17.361+0000] {logging_mixin.py:188} INFO - [2023-12-26T01:06:17.360+0000] {dagbag.py:538} INFO - Filling up the DagBag from /usr/local/python/3.10.13/lib/python3.10/site-packages/airflow/example_dags/example_branch_day_of_week_operator.py
[2023-12-26T01:06:17.366+0000] {processor.py:840} INFO - DAG(s) 'example_weekday_branch_operator' retrieved from /usr/local/python/3.10.13/lib/python3.10/site-packages/airflow/example_dags/example_branch_day_of_week_operator.py
[2023-12-26T01:06:17.378+0000] {logging_mixin.py:188} INFO - [2023-12-26T01:06:17.378+0000] {dag.py:3033} INFO - Sync 1 DAGs
[2023-12-26T01:06:17.394+0000] {logging_mixin.py:188} INFO - [2023-12-26T01:06:17.394+0000] {dag.py:3820} INFO - Setting next_dagrun for example_weekday_branch_operator to 2023-12-25T00:00:00+00:00, run_after=2023-12-26T00:00:00+00:00
[2023-12-26T01:06:17.427+0000] {processor.py:183} INFO - Processing /usr/local/python/3.10.13/lib/python3.10/site-packages/airflow/example_dags/example_branch_day_of_week_operator.py took 0.071 seconds
[2023-12-26T01:07:20.494+0000] {processor.py:161} INFO - Started process (PID=12469) to work on /usr/local/python/3.10.13/lib/python3.10/site-packages/airflow/example_dags/example_branch_day_of_week_operator.py
[2023-12-26T01:07:20.495+0000] {processor.py:830} INFO - Processing file /usr/local/python/3.10.13/lib/python3.10/site-packages/airflow/example_dags/example_branch_day_of_week_operator.py for tasks to queue
[2023-12-26T01:07:20.496+0000] {logging_mixin.py:188} INFO - [2023-12-26T01:07:20.495+0000] {dagbag.py:538} INFO - Filling up the DagBag from /usr/local/python/3.10.13/lib/python3.10/site-packages/airflow/example_dags/example_branch_day_of_week_operator.py
[2023-12-26T01:07:20.501+0000] {processor.py:840} INFO - DAG(s) 'example_weekday_branch_operator' retrieved from /usr/local/python/3.10.13/lib/python3.10/site-packages/airflow/example_dags/example_branch_day_of_week_operator.py
[2023-12-26T01:07:20.513+0000] {logging_mixin.py:188} INFO - [2023-12-26T01:07:20.513+0000] {dag.py:3033} INFO - Sync 1 DAGs
[2023-12-26T01:07:20.529+0000] {logging_mixin.py:188} INFO - [2023-12-26T01:07:20.529+0000] {dag.py:3820} INFO - Setting next_dagrun for example_weekday_branch_operator to 2023-12-25T00:00:00+00:00, run_after=2023-12-26T00:00:00+00:00
[2023-12-26T01:07:20.566+0000] {processor.py:183} INFO - Processing /usr/local/python/3.10.13/lib/python3.10/site-packages/airflow/example_dags/example_branch_day_of_week_operator.py took 0.074 seconds
[2023-12-26T01:08:17.249+0000] {processor.py:161} INFO - Started process (PID=13126) to work on /usr/local/python/3.10.13/lib/python3.10/site-packages/airflow/example_dags/example_branch_day_of_week_operator.py
[2023-12-26T01:08:17.249+0000] {processor.py:830} INFO - Processing file /usr/local/python/3.10.13/lib/python3.10/site-packages/airflow/example_dags/example_branch_day_of_week_operator.py for tasks to queue
[2023-12-26T01:08:17.250+0000] {logging_mixin.py:188} INFO - [2023-12-26T01:08:17.250+0000] {dagbag.py:538} INFO - Filling up the DagBag from /usr/local/python/3.10.13/lib/python3.10/site-packages/airflow/example_dags/example_branch_day_of_week_operator.py
[2023-12-26T01:08:17.256+0000] {processor.py:840} INFO - DAG(s) 'example_weekday_branch_operator' retrieved from /usr/local/python/3.10.13/lib/python3.10/site-packages/airflow/example_dags/example_branch_day_of_week_operator.py
[2023-12-26T01:08:17.270+0000] {logging_mixin.py:188} INFO - [2023-12-26T01:08:17.270+0000] {dag.py:3033} INFO - Sync 1 DAGs
[2023-12-26T01:08:17.286+0000] {logging_mixin.py:188} INFO - [2023-12-26T01:08:17.286+0000] {dag.py:3820} INFO - Setting next_dagrun for example_weekday_branch_operator to 2023-12-25T00:00:00+00:00, run_after=2023-12-26T00:00:00+00:00
[2023-12-26T01:08:17.321+0000] {processor.py:183} INFO - Processing /usr/local/python/3.10.13/lib/python3.10/site-packages/airflow/example_dags/example_branch_day_of_week_operator.py took 0.075 seconds
