[2023-12-26T01:01:56.806+0000] {processor.py:161} INFO - Started process (PID=7456) to work on /usr/local/python/3.10.13/lib/python3.10/site-packages/airflow/example_dags/example_complex.py
[2023-12-26T01:01:56.807+0000] {processor.py:830} INFO - Processing file /usr/local/python/3.10.13/lib/python3.10/site-packages/airflow/example_dags/example_complex.py for tasks to queue
[2023-12-26T01:01:56.808+0000] {logging_mixin.py:188} INFO - [2023-12-26T01:01:56.808+0000] {dagbag.py:538} INFO - Filling up the DagBag from /usr/local/python/3.10.13/lib/python3.10/site-packages/airflow/example_dags/example_complex.py
[2023-12-26T01:01:56.819+0000] {processor.py:840} INFO - DAG(s) 'example_complex' retrieved from /usr/local/python/3.10.13/lib/python3.10/site-packages/airflow/example_dags/example_complex.py
[2023-12-26T01:01:56.957+0000] {logging_mixin.py:188} INFO - [2023-12-26T01:01:56.956+0000] {override.py:1769} INFO - Created Permission View: can delete on DAG:example_complex
[2023-12-26T01:01:57.002+0000] {logging_mixin.py:188} INFO - [2023-12-26T01:01:57.002+0000] {override.py:1769} INFO - Created Permission View: can read on DAG:example_complex
[2023-12-26T01:01:57.038+0000] {logging_mixin.py:188} INFO - [2023-12-26T01:01:57.038+0000] {override.py:1769} INFO - Created Permission View: can edit on DAG:example_complex
[2023-12-26T01:01:57.038+0000] {logging_mixin.py:188} INFO - [2023-12-26T01:01:57.038+0000] {dag.py:3033} INFO - Sync 1 DAGs
[2023-12-26T01:01:57.048+0000] {logging_mixin.py:188} INFO - [2023-12-26T01:01:57.047+0000] {dag.py:3055} INFO - Creating ORM DAG for example_complex
[2023-12-26T01:01:57.048+0000] {logging_mixin.py:188} INFO - [2023-12-26T01:01:57.048+0000] {dag.py:3820} INFO - Setting next_dagrun for example_complex to None, run_after=None
[2023-12-26T01:01:57.110+0000] {processor.py:183} INFO - Processing /usr/local/python/3.10.13/lib/python3.10/site-packages/airflow/example_dags/example_complex.py took 0.306 seconds
[2023-12-26T01:02:46.199+0000] {processor.py:161} INFO - Started process (PID=8695) to work on /usr/local/python/3.10.13/lib/python3.10/site-packages/airflow/example_dags/example_complex.py
[2023-12-26T01:02:46.200+0000] {processor.py:830} INFO - Processing file /usr/local/python/3.10.13/lib/python3.10/site-packages/airflow/example_dags/example_complex.py for tasks to queue
[2023-12-26T01:02:46.201+0000] {logging_mixin.py:188} INFO - [2023-12-26T01:02:46.200+0000] {dagbag.py:538} INFO - Filling up the DagBag from /usr/local/python/3.10.13/lib/python3.10/site-packages/airflow/example_dags/example_complex.py
[2023-12-26T01:02:46.210+0000] {processor.py:840} INFO - DAG(s) 'example_complex' retrieved from /usr/local/python/3.10.13/lib/python3.10/site-packages/airflow/example_dags/example_complex.py
[2023-12-26T01:02:46.231+0000] {logging_mixin.py:188} INFO - [2023-12-26T01:02:46.231+0000] {dag.py:3033} INFO - Sync 1 DAGs
[2023-12-26T01:02:46.240+0000] {logging_mixin.py:188} INFO - [2023-12-26T01:02:46.240+0000] {dag.py:3820} INFO - Setting next_dagrun for example_complex to None, run_after=None
[2023-12-26T01:02:46.274+0000] {processor.py:183} INFO - Processing /usr/local/python/3.10.13/lib/python3.10/site-packages/airflow/example_dags/example_complex.py took 0.077 seconds
[2023-12-26T01:03:36.979+0000] {processor.py:161} INFO - Started process (PID=9438) to work on /usr/local/python/3.10.13/lib/python3.10/site-packages/airflow/example_dags/example_complex.py
[2023-12-26T01:03:36.979+0000] {processor.py:830} INFO - Processing file /usr/local/python/3.10.13/lib/python3.10/site-packages/airflow/example_dags/example_complex.py for tasks to queue
[2023-12-26T01:03:36.980+0000] {logging_mixin.py:188} INFO - [2023-12-26T01:03:36.980+0000] {dagbag.py:538} INFO - Filling up the DagBag from /usr/local/python/3.10.13/lib/python3.10/site-packages/airflow/example_dags/example_complex.py
[2023-12-26T01:03:36.989+0000] {processor.py:840} INFO - DAG(s) 'example_complex' retrieved from /usr/local/python/3.10.13/lib/python3.10/site-packages/airflow/example_dags/example_complex.py
[2023-12-26T01:03:37.008+0000] {logging_mixin.py:188} INFO - [2023-12-26T01:03:37.008+0000] {dag.py:3033} INFO - Sync 1 DAGs
[2023-12-26T01:03:37.017+0000] {logging_mixin.py:188} INFO - [2023-12-26T01:03:37.016+0000] {dag.py:3820} INFO - Setting next_dagrun for example_complex to None, run_after=None
[2023-12-26T01:03:37.051+0000] {processor.py:183} INFO - Processing /usr/local/python/3.10.13/lib/python3.10/site-packages/airflow/example_dags/example_complex.py took 0.074 seconds
[2023-12-26T01:04:38.843+0000] {processor.py:161} INFO - Started process (PID=10272) to work on /usr/local/python/3.10.13/lib/python3.10/site-packages/airflow/example_dags/example_complex.py
[2023-12-26T01:04:38.844+0000] {processor.py:830} INFO - Processing file /usr/local/python/3.10.13/lib/python3.10/site-packages/airflow/example_dags/example_complex.py for tasks to queue
[2023-12-26T01:04:38.845+0000] {logging_mixin.py:188} INFO - [2023-12-26T01:04:38.844+0000] {dagbag.py:538} INFO - Filling up the DagBag from /usr/local/python/3.10.13/lib/python3.10/site-packages/airflow/example_dags/example_complex.py
[2023-12-26T01:04:38.853+0000] {processor.py:840} INFO - DAG(s) 'example_complex' retrieved from /usr/local/python/3.10.13/lib/python3.10/site-packages/airflow/example_dags/example_complex.py
[2023-12-26T01:04:38.880+0000] {logging_mixin.py:188} INFO - [2023-12-26T01:04:38.880+0000] {dag.py:3033} INFO - Sync 1 DAGs
[2023-12-26T01:04:38.889+0000] {logging_mixin.py:188} INFO - [2023-12-26T01:04:38.889+0000] {dag.py:3820} INFO - Setting next_dagrun for example_complex to None, run_after=None
[2023-12-26T01:04:38.924+0000] {processor.py:183} INFO - Processing /usr/local/python/3.10.13/lib/python3.10/site-packages/airflow/example_dags/example_complex.py took 0.082 seconds
[2023-12-26T01:05:35.171+0000] {processor.py:161} INFO - Started process (PID=10807) to work on /usr/local/python/3.10.13/lib/python3.10/site-packages/airflow/example_dags/example_complex.py
[2023-12-26T01:05:35.171+0000] {processor.py:830} INFO - Processing file /usr/local/python/3.10.13/lib/python3.10/site-packages/airflow/example_dags/example_complex.py for tasks to queue
[2023-12-26T01:05:35.172+0000] {logging_mixin.py:188} INFO - [2023-12-26T01:05:35.172+0000] {dagbag.py:538} INFO - Filling up the DagBag from /usr/local/python/3.10.13/lib/python3.10/site-packages/airflow/example_dags/example_complex.py
[2023-12-26T01:05:35.181+0000] {processor.py:840} INFO - DAG(s) 'example_complex' retrieved from /usr/local/python/3.10.13/lib/python3.10/site-packages/airflow/example_dags/example_complex.py
[2023-12-26T01:05:35.201+0000] {logging_mixin.py:188} INFO - [2023-12-26T01:05:35.201+0000] {dag.py:3033} INFO - Sync 1 DAGs
[2023-12-26T01:05:35.209+0000] {logging_mixin.py:188} INFO - [2023-12-26T01:05:35.209+0000] {dag.py:3820} INFO - Setting next_dagrun for example_complex to None, run_after=None
[2023-12-26T01:05:35.245+0000] {processor.py:183} INFO - Processing /usr/local/python/3.10.13/lib/python3.10/site-packages/airflow/example_dags/example_complex.py took 0.077 seconds
[2023-12-26T01:06:40.668+0000] {processor.py:161} INFO - Started process (PID=12067) to work on /usr/local/python/3.10.13/lib/python3.10/site-packages/airflow/example_dags/example_complex.py
[2023-12-26T01:06:40.668+0000] {processor.py:830} INFO - Processing file /usr/local/python/3.10.13/lib/python3.10/site-packages/airflow/example_dags/example_complex.py for tasks to queue
[2023-12-26T01:06:40.669+0000] {logging_mixin.py:188} INFO - [2023-12-26T01:06:40.669+0000] {dagbag.py:538} INFO - Filling up the DagBag from /usr/local/python/3.10.13/lib/python3.10/site-packages/airflow/example_dags/example_complex.py
[2023-12-26T01:06:40.678+0000] {processor.py:840} INFO - DAG(s) 'example_complex' retrieved from /usr/local/python/3.10.13/lib/python3.10/site-packages/airflow/example_dags/example_complex.py
[2023-12-26T01:06:40.697+0000] {logging_mixin.py:188} INFO - [2023-12-26T01:06:40.697+0000] {dag.py:3033} INFO - Sync 1 DAGs
[2023-12-26T01:06:40.705+0000] {logging_mixin.py:188} INFO - [2023-12-26T01:06:40.705+0000] {dag.py:3820} INFO - Setting next_dagrun for example_complex to None, run_after=None
[2023-12-26T01:06:40.740+0000] {processor.py:183} INFO - Processing /usr/local/python/3.10.13/lib/python3.10/site-packages/airflow/example_dags/example_complex.py took 0.074 seconds
[2023-12-26T01:07:36.903+0000] {processor.py:161} INFO - Started process (PID=12599) to work on /usr/local/python/3.10.13/lib/python3.10/site-packages/airflow/example_dags/example_complex.py
[2023-12-26T01:07:36.903+0000] {processor.py:830} INFO - Processing file /usr/local/python/3.10.13/lib/python3.10/site-packages/airflow/example_dags/example_complex.py for tasks to queue
[2023-12-26T01:07:36.904+0000] {logging_mixin.py:188} INFO - [2023-12-26T01:07:36.904+0000] {dagbag.py:538} INFO - Filling up the DagBag from /usr/local/python/3.10.13/lib/python3.10/site-packages/airflow/example_dags/example_complex.py
[2023-12-26T01:07:36.913+0000] {processor.py:840} INFO - DAG(s) 'example_complex' retrieved from /usr/local/python/3.10.13/lib/python3.10/site-packages/airflow/example_dags/example_complex.py
[2023-12-26T01:07:36.932+0000] {logging_mixin.py:188} INFO - [2023-12-26T01:07:36.932+0000] {dag.py:3033} INFO - Sync 1 DAGs
[2023-12-26T01:07:36.941+0000] {logging_mixin.py:188} INFO - [2023-12-26T01:07:36.941+0000] {dag.py:3820} INFO - Setting next_dagrun for example_complex to None, run_after=None
[2023-12-26T01:07:36.979+0000] {processor.py:183} INFO - Processing /usr/local/python/3.10.13/lib/python3.10/site-packages/airflow/example_dags/example_complex.py took 0.079 seconds
