[2023-12-26T01:01:50.122+0000] {processor.py:161} INFO - Started process (PID=7381) to work on /usr/local/python/3.10.13/lib/python3.10/site-packages/airflow/example_dags/example_branch_labels.py
[2023-12-26T01:01:50.130+0000] {processor.py:830} INFO - Processing file /usr/local/python/3.10.13/lib/python3.10/site-packages/airflow/example_dags/example_branch_labels.py for tasks to queue
[2023-12-26T01:01:50.132+0000] {logging_mixin.py:188} INFO - [2023-12-26T01:01:50.131+0000] {dagbag.py:538} INFO - Filling up the DagBag from /usr/local/python/3.10.13/lib/python3.10/site-packages/airflow/example_dags/example_branch_labels.py
[2023-12-26T01:01:50.157+0000] {processor.py:840} INFO - DAG(s) 'example_branch_labels' retrieved from /usr/local/python/3.10.13/lib/python3.10/site-packages/airflow/example_dags/example_branch_labels.py
[2023-12-26T01:01:50.425+0000] {logging_mixin.py:188} INFO - [2023-12-26T01:01:50.424+0000] {override.py:1769} INFO - Created Permission View: can delete on DAG:example_branch_labels
[2023-12-26T01:01:50.482+0000] {logging_mixin.py:188} INFO - [2023-12-26T01:01:50.482+0000] {override.py:1769} INFO - Created Permission View: can read on DAG:example_branch_labels
[2023-12-26T01:01:50.522+0000] {logging_mixin.py:188} INFO - [2023-12-26T01:01:50.522+0000] {override.py:1769} INFO - Created Permission View: can edit on DAG:example_branch_labels
[2023-12-26T01:01:50.523+0000] {logging_mixin.py:188} INFO - [2023-12-26T01:01:50.523+0000] {dag.py:3033} INFO - Sync 1 DAGs
[2023-12-26T01:01:50.536+0000] {logging_mixin.py:188} INFO - [2023-12-26T01:01:50.536+0000] {dag.py:3055} INFO - Creating ORM DAG for example_branch_labels
[2023-12-26T01:01:50.572+0000] {logging_mixin.py:188} INFO - [2023-12-26T01:01:50.571+0000] {dag.py:3820} INFO - Setting next_dagrun for example_branch_labels to 2023-12-25T00:00:00+00:00, run_after=2023-12-26T00:00:00+00:00
[2023-12-26T01:01:50.636+0000] {processor.py:183} INFO - Processing /usr/local/python/3.10.13/lib/python3.10/site-packages/airflow/example_dags/example_branch_labels.py took 0.521 seconds
[2023-12-26T01:02:41.609+0000] {processor.py:161} INFO - Started process (PID=8631) to work on /usr/local/python/3.10.13/lib/python3.10/site-packages/airflow/example_dags/example_branch_labels.py
[2023-12-26T01:02:41.610+0000] {processor.py:830} INFO - Processing file /usr/local/python/3.10.13/lib/python3.10/site-packages/airflow/example_dags/example_branch_labels.py for tasks to queue
[2023-12-26T01:02:41.611+0000] {logging_mixin.py:188} INFO - [2023-12-26T01:02:41.611+0000] {dagbag.py:538} INFO - Filling up the DagBag from /usr/local/python/3.10.13/lib/python3.10/site-packages/airflow/example_dags/example_branch_labels.py
[2023-12-26T01:02:41.619+0000] {processor.py:840} INFO - DAG(s) 'example_branch_labels' retrieved from /usr/local/python/3.10.13/lib/python3.10/site-packages/airflow/example_dags/example_branch_labels.py
[2023-12-26T01:02:41.632+0000] {logging_mixin.py:188} INFO - [2023-12-26T01:02:41.632+0000] {dag.py:3033} INFO - Sync 1 DAGs
[2023-12-26T01:02:41.648+0000] {logging_mixin.py:188} INFO - [2023-12-26T01:02:41.648+0000] {dag.py:3820} INFO - Setting next_dagrun for example_branch_labels to 2023-12-25T00:00:00+00:00, run_after=2023-12-26T00:00:00+00:00
[2023-12-26T01:02:41.683+0000] {processor.py:183} INFO - Processing /usr/local/python/3.10.13/lib/python3.10/site-packages/airflow/example_dags/example_branch_labels.py took 0.076 seconds
[2023-12-26T01:03:31.717+0000] {processor.py:161} INFO - Started process (PID=9312) to work on /usr/local/python/3.10.13/lib/python3.10/site-packages/airflow/example_dags/example_branch_labels.py
[2023-12-26T01:03:31.717+0000] {processor.py:830} INFO - Processing file /usr/local/python/3.10.13/lib/python3.10/site-packages/airflow/example_dags/example_branch_labels.py for tasks to queue
[2023-12-26T01:03:31.718+0000] {logging_mixin.py:188} INFO - [2023-12-26T01:03:31.718+0000] {dagbag.py:538} INFO - Filling up the DagBag from /usr/local/python/3.10.13/lib/python3.10/site-packages/airflow/example_dags/example_branch_labels.py
[2023-12-26T01:03:31.724+0000] {processor.py:840} INFO - DAG(s) 'example_branch_labels' retrieved from /usr/local/python/3.10.13/lib/python3.10/site-packages/airflow/example_dags/example_branch_labels.py
[2023-12-26T01:03:31.737+0000] {logging_mixin.py:188} INFO - [2023-12-26T01:03:31.737+0000] {dag.py:3033} INFO - Sync 1 DAGs
[2023-12-26T01:03:31.753+0000] {logging_mixin.py:188} INFO - [2023-12-26T01:03:31.752+0000] {dag.py:3820} INFO - Setting next_dagrun for example_branch_labels to 2023-12-25T00:00:00+00:00, run_after=2023-12-26T00:00:00+00:00
[2023-12-26T01:03:31.794+0000] {processor.py:183} INFO - Processing /usr/local/python/3.10.13/lib/python3.10/site-packages/airflow/example_dags/example_branch_labels.py took 0.079 seconds
[2023-12-26T01:04:33.680+0000] {processor.py:161} INFO - Started process (PID=10224) to work on /usr/local/python/3.10.13/lib/python3.10/site-packages/airflow/example_dags/example_branch_labels.py
[2023-12-26T01:04:33.681+0000] {processor.py:830} INFO - Processing file /usr/local/python/3.10.13/lib/python3.10/site-packages/airflow/example_dags/example_branch_labels.py for tasks to queue
[2023-12-26T01:04:33.682+0000] {logging_mixin.py:188} INFO - [2023-12-26T01:04:33.681+0000] {dagbag.py:538} INFO - Filling up the DagBag from /usr/local/python/3.10.13/lib/python3.10/site-packages/airflow/example_dags/example_branch_labels.py
[2023-12-26T01:04:33.687+0000] {processor.py:840} INFO - DAG(s) 'example_branch_labels' retrieved from /usr/local/python/3.10.13/lib/python3.10/site-packages/airflow/example_dags/example_branch_labels.py
[2023-12-26T01:04:33.700+0000] {logging_mixin.py:188} INFO - [2023-12-26T01:04:33.699+0000] {dag.py:3033} INFO - Sync 1 DAGs
[2023-12-26T01:04:33.715+0000] {logging_mixin.py:188} INFO - [2023-12-26T01:04:33.715+0000] {dag.py:3820} INFO - Setting next_dagrun for example_branch_labels to 2023-12-25T00:00:00+00:00, run_after=2023-12-26T00:00:00+00:00
[2023-12-26T01:04:33.751+0000] {processor.py:183} INFO - Processing /usr/local/python/3.10.13/lib/python3.10/site-packages/airflow/example_dags/example_branch_labels.py took 0.072 seconds
[2023-12-26T01:05:30.159+0000] {processor.py:161} INFO - Started process (PID=10724) to work on /usr/local/python/3.10.13/lib/python3.10/site-packages/airflow/example_dags/example_branch_labels.py
[2023-12-26T01:05:30.160+0000] {processor.py:830} INFO - Processing file /usr/local/python/3.10.13/lib/python3.10/site-packages/airflow/example_dags/example_branch_labels.py for tasks to queue
[2023-12-26T01:05:30.160+0000] {logging_mixin.py:188} INFO - [2023-12-26T01:05:30.160+0000] {dagbag.py:538} INFO - Filling up the DagBag from /usr/local/python/3.10.13/lib/python3.10/site-packages/airflow/example_dags/example_branch_labels.py
[2023-12-26T01:05:30.167+0000] {processor.py:840} INFO - DAG(s) 'example_branch_labels' retrieved from /usr/local/python/3.10.13/lib/python3.10/site-packages/airflow/example_dags/example_branch_labels.py
[2023-12-26T01:05:30.179+0000] {logging_mixin.py:188} INFO - [2023-12-26T01:05:30.179+0000] {dag.py:3033} INFO - Sync 1 DAGs
[2023-12-26T01:05:30.195+0000] {logging_mixin.py:188} INFO - [2023-12-26T01:05:30.195+0000] {dag.py:3820} INFO - Setting next_dagrun for example_branch_labels to 2023-12-25T00:00:00+00:00, run_after=2023-12-26T00:00:00+00:00
[2023-12-26T01:05:30.231+0000] {processor.py:183} INFO - Processing /usr/local/python/3.10.13/lib/python3.10/site-packages/airflow/example_dags/example_branch_labels.py took 0.074 seconds
[2023-12-26T01:06:35.510+0000] {processor.py:161} INFO - Started process (PID=11948) to work on /usr/local/python/3.10.13/lib/python3.10/site-packages/airflow/example_dags/example_branch_labels.py
[2023-12-26T01:06:35.510+0000] {processor.py:830} INFO - Processing file /usr/local/python/3.10.13/lib/python3.10/site-packages/airflow/example_dags/example_branch_labels.py for tasks to queue
[2023-12-26T01:06:35.511+0000] {logging_mixin.py:188} INFO - [2023-12-26T01:06:35.511+0000] {dagbag.py:538} INFO - Filling up the DagBag from /usr/local/python/3.10.13/lib/python3.10/site-packages/airflow/example_dags/example_branch_labels.py
[2023-12-26T01:06:35.517+0000] {processor.py:840} INFO - DAG(s) 'example_branch_labels' retrieved from /usr/local/python/3.10.13/lib/python3.10/site-packages/airflow/example_dags/example_branch_labels.py
[2023-12-26T01:06:35.529+0000] {logging_mixin.py:188} INFO - [2023-12-26T01:06:35.529+0000] {dag.py:3033} INFO - Sync 1 DAGs
[2023-12-26T01:06:35.545+0000] {logging_mixin.py:188} INFO - [2023-12-26T01:06:35.545+0000] {dag.py:3820} INFO - Setting next_dagrun for example_branch_labels to 2023-12-25T00:00:00+00:00, run_after=2023-12-26T00:00:00+00:00
[2023-12-26T01:06:35.579+0000] {processor.py:183} INFO - Processing /usr/local/python/3.10.13/lib/python3.10/site-packages/airflow/example_dags/example_branch_labels.py took 0.072 seconds
[2023-12-26T01:07:21.820+0000] {processor.py:161} INFO - Started process (PID=12500) to work on /usr/local/python/3.10.13/lib/python3.10/site-packages/airflow/example_dags/example_branch_labels.py
[2023-12-26T01:07:21.821+0000] {processor.py:830} INFO - Processing file /usr/local/python/3.10.13/lib/python3.10/site-packages/airflow/example_dags/example_branch_labels.py for tasks to queue
[2023-12-26T01:07:21.821+0000] {logging_mixin.py:188} INFO - [2023-12-26T01:07:21.821+0000] {dagbag.py:538} INFO - Filling up the DagBag from /usr/local/python/3.10.13/lib/python3.10/site-packages/airflow/example_dags/example_branch_labels.py
[2023-12-26T01:07:21.829+0000] {processor.py:840} INFO - DAG(s) 'example_branch_labels' retrieved from /usr/local/python/3.10.13/lib/python3.10/site-packages/airflow/example_dags/example_branch_labels.py
[2023-12-26T01:07:21.845+0000] {logging_mixin.py:188} INFO - [2023-12-26T01:07:21.845+0000] {dag.py:3033} INFO - Sync 1 DAGs
[2023-12-26T01:07:21.863+0000] {logging_mixin.py:188} INFO - [2023-12-26T01:07:21.862+0000] {dag.py:3820} INFO - Setting next_dagrun for example_branch_labels to 2023-12-25T00:00:00+00:00, run_after=2023-12-26T00:00:00+00:00
[2023-12-26T01:07:21.908+0000] {processor.py:183} INFO - Processing /usr/local/python/3.10.13/lib/python3.10/site-packages/airflow/example_dags/example_branch_labels.py took 0.090 seconds
