[2023-12-26T01:01:36.120+0000] {processor.py:161} INFO - Started process (PID=7093) to work on /usr/local/python/3.10.13/lib/python3.10/site-packages/airflow/example_dags/example_params_ui_tutorial.py
[2023-12-26T01:01:36.121+0000] {processor.py:830} INFO - Processing file /usr/local/python/3.10.13/lib/python3.10/site-packages/airflow/example_dags/example_params_ui_tutorial.py for tasks to queue
[2023-12-26T01:01:36.122+0000] {logging_mixin.py:188} INFO - [2023-12-26T01:01:36.121+0000] {dagbag.py:538} INFO - Filling up the DagBag from /usr/local/python/3.10.13/lib/python3.10/site-packages/airflow/example_dags/example_params_ui_tutorial.py
[2023-12-26T01:01:36.132+0000] {processor.py:840} INFO - DAG(s) 'example_params_ui_tutorial' retrieved from /usr/local/python/3.10.13/lib/python3.10/site-packages/airflow/example_dags/example_params_ui_tutorial.py
[2023-12-26T01:01:36.283+0000] {logging_mixin.py:188} INFO - [2023-12-26T01:01:36.282+0000] {override.py:1769} INFO - Created Permission View: can delete on DAG:example_params_ui_tutorial
[2023-12-26T01:01:36.312+0000] {logging_mixin.py:188} INFO - [2023-12-26T01:01:36.312+0000] {override.py:1769} INFO - Created Permission View: can read on DAG:example_params_ui_tutorial
[2023-12-26T01:01:36.337+0000] {logging_mixin.py:188} INFO - [2023-12-26T01:01:36.336+0000] {override.py:1769} INFO - Created Permission View: can edit on DAG:example_params_ui_tutorial
[2023-12-26T01:01:36.337+0000] {logging_mixin.py:188} INFO - [2023-12-26T01:01:36.337+0000] {dag.py:3033} INFO - Sync 1 DAGs
[2023-12-26T01:01:36.345+0000] {logging_mixin.py:188} INFO - [2023-12-26T01:01:36.345+0000] {dag.py:3055} INFO - Creating ORM DAG for example_params_ui_tutorial
[2023-12-26T01:01:36.346+0000] {logging_mixin.py:188} INFO - [2023-12-26T01:01:36.345+0000] {dag.py:3820} INFO - Setting next_dagrun for example_params_ui_tutorial to None, run_after=None
[2023-12-26T01:01:36.384+0000] {processor.py:183} INFO - Processing /usr/local/python/3.10.13/lib/python3.10/site-packages/airflow/example_dags/example_params_ui_tutorial.py took 0.266 seconds
[2023-12-26T01:02:31.475+0000] {processor.py:161} INFO - Started process (PID=8532) to work on /usr/local/python/3.10.13/lib/python3.10/site-packages/airflow/example_dags/example_params_ui_tutorial.py
[2023-12-26T01:02:31.476+0000] {processor.py:830} INFO - Processing file /usr/local/python/3.10.13/lib/python3.10/site-packages/airflow/example_dags/example_params_ui_tutorial.py for tasks to queue
[2023-12-26T01:02:31.476+0000] {logging_mixin.py:188} INFO - [2023-12-26T01:02:31.476+0000] {dagbag.py:538} INFO - Filling up the DagBag from /usr/local/python/3.10.13/lib/python3.10/site-packages/airflow/example_dags/example_params_ui_tutorial.py
[2023-12-26T01:02:31.486+0000] {processor.py:840} INFO - DAG(s) 'example_params_ui_tutorial' retrieved from /usr/local/python/3.10.13/lib/python3.10/site-packages/airflow/example_dags/example_params_ui_tutorial.py
[2023-12-26T01:02:31.522+0000] {logging_mixin.py:188} INFO - [2023-12-26T01:02:31.522+0000] {dag.py:3033} INFO - Sync 1 DAGs
[2023-12-26T01:02:31.530+0000] {logging_mixin.py:188} INFO - [2023-12-26T01:02:31.530+0000] {dag.py:3820} INFO - Setting next_dagrun for example_params_ui_tutorial to None, run_after=None
[2023-12-26T01:02:31.564+0000] {processor.py:183} INFO - Processing /usr/local/python/3.10.13/lib/python3.10/site-packages/airflow/example_dags/example_params_ui_tutorial.py took 0.091 seconds
[2023-12-26T01:03:17.477+0000] {processor.py:161} INFO - Started process (PID=9045) to work on /usr/local/python/3.10.13/lib/python3.10/site-packages/airflow/example_dags/example_params_ui_tutorial.py
[2023-12-26T01:03:17.477+0000] {processor.py:830} INFO - Processing file /usr/local/python/3.10.13/lib/python3.10/site-packages/airflow/example_dags/example_params_ui_tutorial.py for tasks to queue
[2023-12-26T01:03:17.478+0000] {logging_mixin.py:188} INFO - [2023-12-26T01:03:17.478+0000] {dagbag.py:538} INFO - Filling up the DagBag from /usr/local/python/3.10.13/lib/python3.10/site-packages/airflow/example_dags/example_params_ui_tutorial.py
[2023-12-26T01:03:17.487+0000] {processor.py:840} INFO - DAG(s) 'example_params_ui_tutorial' retrieved from /usr/local/python/3.10.13/lib/python3.10/site-packages/airflow/example_dags/example_params_ui_tutorial.py
[2023-12-26T01:03:17.525+0000] {logging_mixin.py:188} INFO - [2023-12-26T01:03:17.525+0000] {dag.py:3033} INFO - Sync 1 DAGs
[2023-12-26T01:03:17.534+0000] {logging_mixin.py:188} INFO - [2023-12-26T01:03:17.533+0000] {dag.py:3820} INFO - Setting next_dagrun for example_params_ui_tutorial to None, run_after=None
[2023-12-26T01:03:17.579+0000] {processor.py:183} INFO - Processing /usr/local/python/3.10.13/lib/python3.10/site-packages/airflow/example_dags/example_params_ui_tutorial.py took 0.105 seconds
[2023-12-26T01:04:10.851+0000] {processor.py:161} INFO - Started process (PID=9898) to work on /usr/local/python/3.10.13/lib/python3.10/site-packages/airflow/example_dags/example_params_ui_tutorial.py
[2023-12-26T01:04:10.851+0000] {processor.py:830} INFO - Processing file /usr/local/python/3.10.13/lib/python3.10/site-packages/airflow/example_dags/example_params_ui_tutorial.py for tasks to queue
[2023-12-26T01:04:10.852+0000] {logging_mixin.py:188} INFO - [2023-12-26T01:04:10.852+0000] {dagbag.py:538} INFO - Filling up the DagBag from /usr/local/python/3.10.13/lib/python3.10/site-packages/airflow/example_dags/example_params_ui_tutorial.py
[2023-12-26T01:04:10.861+0000] {processor.py:840} INFO - DAG(s) 'example_params_ui_tutorial' retrieved from /usr/local/python/3.10.13/lib/python3.10/site-packages/airflow/example_dags/example_params_ui_tutorial.py
[2023-12-26T01:04:10.897+0000] {logging_mixin.py:188} INFO - [2023-12-26T01:04:10.897+0000] {dag.py:3033} INFO - Sync 1 DAGs
[2023-12-26T01:04:10.906+0000] {logging_mixin.py:188} INFO - [2023-12-26T01:04:10.906+0000] {dag.py:3820} INFO - Setting next_dagrun for example_params_ui_tutorial to None, run_after=None
[2023-12-26T01:04:10.940+0000] {processor.py:183} INFO - Processing /usr/local/python/3.10.13/lib/python3.10/site-packages/airflow/example_dags/example_params_ui_tutorial.py took 0.092 seconds
[2023-12-26T01:04:56.612+0000] {processor.py:161} INFO - Started process (PID=10386) to work on /usr/local/python/3.10.13/lib/python3.10/site-packages/airflow/example_dags/example_params_ui_tutorial.py
[2023-12-26T01:04:56.612+0000] {processor.py:830} INFO - Processing file /usr/local/python/3.10.13/lib/python3.10/site-packages/airflow/example_dags/example_params_ui_tutorial.py for tasks to queue
[2023-12-26T01:04:56.613+0000] {logging_mixin.py:188} INFO - [2023-12-26T01:04:56.613+0000] {dagbag.py:538} INFO - Filling up the DagBag from /usr/local/python/3.10.13/lib/python3.10/site-packages/airflow/example_dags/example_params_ui_tutorial.py
[2023-12-26T01:04:56.623+0000] {processor.py:840} INFO - DAG(s) 'example_params_ui_tutorial' retrieved from /usr/local/python/3.10.13/lib/python3.10/site-packages/airflow/example_dags/example_params_ui_tutorial.py
[2023-12-26T01:04:56.664+0000] {logging_mixin.py:188} INFO - [2023-12-26T01:04:56.664+0000] {dag.py:3033} INFO - Sync 1 DAGs
[2023-12-26T01:04:56.673+0000] {logging_mixin.py:188} INFO - [2023-12-26T01:04:56.673+0000] {dag.py:3820} INFO - Setting next_dagrun for example_params_ui_tutorial to None, run_after=None
[2023-12-26T01:04:56.706+0000] {processor.py:183} INFO - Processing /usr/local/python/3.10.13/lib/python3.10/site-packages/airflow/example_dags/example_params_ui_tutorial.py took 0.097 seconds
[2023-12-26T01:05:54.233+0000] {processor.py:161} INFO - Started process (PID=11173) to work on /usr/local/python/3.10.13/lib/python3.10/site-packages/airflow/example_dags/example_params_ui_tutorial.py
[2023-12-26T01:05:54.234+0000] {processor.py:830} INFO - Processing file /usr/local/python/3.10.13/lib/python3.10/site-packages/airflow/example_dags/example_params_ui_tutorial.py for tasks to queue
[2023-12-26T01:05:54.235+0000] {logging_mixin.py:188} INFO - [2023-12-26T01:05:54.234+0000] {dagbag.py:538} INFO - Filling up the DagBag from /usr/local/python/3.10.13/lib/python3.10/site-packages/airflow/example_dags/example_params_ui_tutorial.py
[2023-12-26T01:05:54.243+0000] {processor.py:840} INFO - DAG(s) 'example_params_ui_tutorial' retrieved from /usr/local/python/3.10.13/lib/python3.10/site-packages/airflow/example_dags/example_params_ui_tutorial.py
[2023-12-26T01:05:54.280+0000] {logging_mixin.py:188} INFO - [2023-12-26T01:05:54.280+0000] {dag.py:3033} INFO - Sync 1 DAGs
[2023-12-26T01:05:54.288+0000] {logging_mixin.py:188} INFO - [2023-12-26T01:05:54.288+0000] {dag.py:3820} INFO - Setting next_dagrun for example_params_ui_tutorial to None, run_after=None
[2023-12-26T01:05:54.331+0000] {processor.py:183} INFO - Processing /usr/local/python/3.10.13/lib/python3.10/site-packages/airflow/example_dags/example_params_ui_tutorial.py took 0.100 seconds
[2023-12-26T01:06:59.090+0000] {processor.py:161} INFO - Started process (PID=12260) to work on /usr/local/python/3.10.13/lib/python3.10/site-packages/airflow/example_dags/example_params_ui_tutorial.py
[2023-12-26T01:06:59.090+0000] {processor.py:830} INFO - Processing file /usr/local/python/3.10.13/lib/python3.10/site-packages/airflow/example_dags/example_params_ui_tutorial.py for tasks to queue
[2023-12-26T01:06:59.091+0000] {logging_mixin.py:188} INFO - [2023-12-26T01:06:59.091+0000] {dagbag.py:538} INFO - Filling up the DagBag from /usr/local/python/3.10.13/lib/python3.10/site-packages/airflow/example_dags/example_params_ui_tutorial.py
[2023-12-26T01:06:59.100+0000] {processor.py:840} INFO - DAG(s) 'example_params_ui_tutorial' retrieved from /usr/local/python/3.10.13/lib/python3.10/site-packages/airflow/example_dags/example_params_ui_tutorial.py
[2023-12-26T01:06:59.137+0000] {logging_mixin.py:188} INFO - [2023-12-26T01:06:59.137+0000] {dag.py:3033} INFO - Sync 1 DAGs
[2023-12-26T01:06:59.145+0000] {logging_mixin.py:188} INFO - [2023-12-26T01:06:59.145+0000] {dag.py:3820} INFO - Setting next_dagrun for example_params_ui_tutorial to None, run_after=None
[2023-12-26T01:06:59.178+0000] {processor.py:183} INFO - Processing /usr/local/python/3.10.13/lib/python3.10/site-packages/airflow/example_dags/example_params_ui_tutorial.py took 0.091 seconds
[2023-12-26T01:07:50.864+0000] {processor.py:161} INFO - Started process (PID=12704) to work on /usr/local/python/3.10.13/lib/python3.10/site-packages/airflow/example_dags/example_params_ui_tutorial.py
[2023-12-26T01:07:50.864+0000] {processor.py:830} INFO - Processing file /usr/local/python/3.10.13/lib/python3.10/site-packages/airflow/example_dags/example_params_ui_tutorial.py for tasks to queue
[2023-12-26T01:07:50.865+0000] {logging_mixin.py:188} INFO - [2023-12-26T01:07:50.865+0000] {dagbag.py:538} INFO - Filling up the DagBag from /usr/local/python/3.10.13/lib/python3.10/site-packages/airflow/example_dags/example_params_ui_tutorial.py
[2023-12-26T01:07:50.874+0000] {processor.py:840} INFO - DAG(s) 'example_params_ui_tutorial' retrieved from /usr/local/python/3.10.13/lib/python3.10/site-packages/airflow/example_dags/example_params_ui_tutorial.py
[2023-12-26T01:07:50.912+0000] {logging_mixin.py:188} INFO - [2023-12-26T01:07:50.912+0000] {dag.py:3033} INFO - Sync 1 DAGs
[2023-12-26T01:07:50.920+0000] {logging_mixin.py:188} INFO - [2023-12-26T01:07:50.920+0000] {dag.py:3820} INFO - Setting next_dagrun for example_params_ui_tutorial to None, run_after=None
[2023-12-26T01:07:50.955+0000] {processor.py:183} INFO - Processing /usr/local/python/3.10.13/lib/python3.10/site-packages/airflow/example_dags/example_params_ui_tutorial.py took 0.094 seconds
[2023-12-26T01:08:52.858+0000] {processor.py:161} INFO - Started process (PID=13396) to work on /usr/local/python/3.10.13/lib/python3.10/site-packages/airflow/example_dags/example_params_ui_tutorial.py
[2023-12-26T01:08:52.859+0000] {processor.py:830} INFO - Processing file /usr/local/python/3.10.13/lib/python3.10/site-packages/airflow/example_dags/example_params_ui_tutorial.py for tasks to queue
[2023-12-26T01:08:52.859+0000] {logging_mixin.py:188} INFO - [2023-12-26T01:08:52.859+0000] {dagbag.py:538} INFO - Filling up the DagBag from /usr/local/python/3.10.13/lib/python3.10/site-packages/airflow/example_dags/example_params_ui_tutorial.py
[2023-12-26T01:08:52.869+0000] {processor.py:840} INFO - DAG(s) 'example_params_ui_tutorial' retrieved from /usr/local/python/3.10.13/lib/python3.10/site-packages/airflow/example_dags/example_params_ui_tutorial.py
[2023-12-26T01:08:52.905+0000] {logging_mixin.py:188} INFO - [2023-12-26T01:08:52.905+0000] {dag.py:3033} INFO - Sync 1 DAGs
[2023-12-26T01:08:52.913+0000] {logging_mixin.py:188} INFO - [2023-12-26T01:08:52.913+0000] {dag.py:3820} INFO - Setting next_dagrun for example_params_ui_tutorial to None, run_after=None
[2023-12-26T01:08:52.947+0000] {processor.py:183} INFO - Processing /usr/local/python/3.10.13/lib/python3.10/site-packages/airflow/example_dags/example_params_ui_tutorial.py took 0.091 seconds
