[2023-12-26T01:01:27.101+0000] {processor.py:161} INFO - Started process (PID=6971) to work on /usr/local/python/3.10.13/lib/python3.10/site-packages/airflow/example_dags/example_short_circuit_operator.py
[2023-12-26T01:01:27.101+0000] {processor.py:830} INFO - Processing file /usr/local/python/3.10.13/lib/python3.10/site-packages/airflow/example_dags/example_short_circuit_operator.py for tasks to queue
[2023-12-26T01:01:27.102+0000] {logging_mixin.py:188} INFO - [2023-12-26T01:01:27.102+0000] {dagbag.py:538} INFO - Filling up the DagBag from /usr/local/python/3.10.13/lib/python3.10/site-packages/airflow/example_dags/example_short_circuit_operator.py
[2023-12-26T01:01:27.110+0000] {processor.py:840} INFO - DAG(s) 'example_short_circuit_operator' retrieved from /usr/local/python/3.10.13/lib/python3.10/site-packages/airflow/example_dags/example_short_circuit_operator.py
[2023-12-26T01:01:27.246+0000] {logging_mixin.py:188} INFO - [2023-12-26T01:01:27.245+0000] {override.py:1769} INFO - Created Permission View: can delete on DAG:example_short_circuit_operator
[2023-12-26T01:01:27.272+0000] {logging_mixin.py:188} INFO - [2023-12-26T01:01:27.272+0000] {override.py:1769} INFO - Created Permission View: can read on DAG:example_short_circuit_operator
[2023-12-26T01:01:27.297+0000] {logging_mixin.py:188} INFO - [2023-12-26T01:01:27.296+0000] {override.py:1769} INFO - Created Permission View: can edit on DAG:example_short_circuit_operator
[2023-12-26T01:01:27.297+0000] {logging_mixin.py:188} INFO - [2023-12-26T01:01:27.297+0000] {dag.py:3033} INFO - Sync 1 DAGs
[2023-12-26T01:01:27.307+0000] {logging_mixin.py:188} INFO - [2023-12-26T01:01:27.307+0000] {dag.py:3055} INFO - Creating ORM DAG for example_short_circuit_operator
[2023-12-26T01:01:27.314+0000] {logging_mixin.py:188} INFO - [2023-12-26T01:01:27.314+0000] {dag.py:3820} INFO - Setting next_dagrun for example_short_circuit_operator to 2023-12-25T00:00:00+00:00, run_after=2023-12-26T00:00:00+00:00
[2023-12-26T01:01:27.358+0000] {processor.py:183} INFO - Processing /usr/local/python/3.10.13/lib/python3.10/site-packages/airflow/example_dags/example_short_circuit_operator.py took 0.260 seconds
[2023-12-26T01:02:24.314+0000] {processor.py:161} INFO - Started process (PID=8449) to work on /usr/local/python/3.10.13/lib/python3.10/site-packages/airflow/example_dags/example_short_circuit_operator.py
[2023-12-26T01:02:24.315+0000] {processor.py:830} INFO - Processing file /usr/local/python/3.10.13/lib/python3.10/site-packages/airflow/example_dags/example_short_circuit_operator.py for tasks to queue
[2023-12-26T01:02:24.315+0000] {logging_mixin.py:188} INFO - [2023-12-26T01:02:24.315+0000] {dagbag.py:538} INFO - Filling up the DagBag from /usr/local/python/3.10.13/lib/python3.10/site-packages/airflow/example_dags/example_short_circuit_operator.py
[2023-12-26T01:02:24.322+0000] {processor.py:840} INFO - DAG(s) 'example_short_circuit_operator' retrieved from /usr/local/python/3.10.13/lib/python3.10/site-packages/airflow/example_dags/example_short_circuit_operator.py
[2023-12-26T01:02:24.338+0000] {logging_mixin.py:188} INFO - [2023-12-26T01:02:24.338+0000] {dag.py:3033} INFO - Sync 1 DAGs
[2023-12-26T01:02:24.355+0000] {logging_mixin.py:188} INFO - [2023-12-26T01:02:24.355+0000] {dag.py:3820} INFO - Setting next_dagrun for example_short_circuit_operator to 2023-12-25T00:00:00+00:00, run_after=2023-12-26T00:00:00+00:00
[2023-12-26T01:02:24.392+0000] {processor.py:183} INFO - Processing /usr/local/python/3.10.13/lib/python3.10/site-packages/airflow/example_dags/example_short_circuit_operator.py took 0.080 seconds
[2023-12-26T01:03:09.926+0000] {processor.py:161} INFO - Started process (PID=8932) to work on /usr/local/python/3.10.13/lib/python3.10/site-packages/airflow/example_dags/example_short_circuit_operator.py
[2023-12-26T01:03:09.927+0000] {processor.py:830} INFO - Processing file /usr/local/python/3.10.13/lib/python3.10/site-packages/airflow/example_dags/example_short_circuit_operator.py for tasks to queue
[2023-12-26T01:03:09.928+0000] {logging_mixin.py:188} INFO - [2023-12-26T01:03:09.927+0000] {dagbag.py:538} INFO - Filling up the DagBag from /usr/local/python/3.10.13/lib/python3.10/site-packages/airflow/example_dags/example_short_circuit_operator.py
[2023-12-26T01:03:09.934+0000] {processor.py:840} INFO - DAG(s) 'example_short_circuit_operator' retrieved from /usr/local/python/3.10.13/lib/python3.10/site-packages/airflow/example_dags/example_short_circuit_operator.py
[2023-12-26T01:03:09.947+0000] {logging_mixin.py:188} INFO - [2023-12-26T01:03:09.947+0000] {dag.py:3033} INFO - Sync 1 DAGs
[2023-12-26T01:03:09.962+0000] {logging_mixin.py:188} INFO - [2023-12-26T01:03:09.962+0000] {dag.py:3820} INFO - Setting next_dagrun for example_short_circuit_operator to 2023-12-25T00:00:00+00:00, run_after=2023-12-26T00:00:00+00:00
[2023-12-26T01:03:09.993+0000] {processor.py:183} INFO - Processing /usr/local/python/3.10.13/lib/python3.10/site-packages/airflow/example_dags/example_short_circuit_operator.py took 0.069 seconds
[2023-12-26T01:03:56.467+0000] {processor.py:161} INFO - Started process (PID=9638) to work on /usr/local/python/3.10.13/lib/python3.10/site-packages/airflow/example_dags/example_short_circuit_operator.py
[2023-12-26T01:03:56.468+0000] {processor.py:830} INFO - Processing file /usr/local/python/3.10.13/lib/python3.10/site-packages/airflow/example_dags/example_short_circuit_operator.py for tasks to queue
[2023-12-26T01:03:56.469+0000] {logging_mixin.py:188} INFO - [2023-12-26T01:03:56.468+0000] {dagbag.py:538} INFO - Filling up the DagBag from /usr/local/python/3.10.13/lib/python3.10/site-packages/airflow/example_dags/example_short_circuit_operator.py
[2023-12-26T01:03:56.475+0000] {processor.py:840} INFO - DAG(s) 'example_short_circuit_operator' retrieved from /usr/local/python/3.10.13/lib/python3.10/site-packages/airflow/example_dags/example_short_circuit_operator.py
[2023-12-26T01:03:56.488+0000] {logging_mixin.py:188} INFO - [2023-12-26T01:03:56.488+0000] {dag.py:3033} INFO - Sync 1 DAGs
[2023-12-26T01:03:56.503+0000] {logging_mixin.py:188} INFO - [2023-12-26T01:03:56.502+0000] {dag.py:3820} INFO - Setting next_dagrun for example_short_circuit_operator to 2023-12-25T00:00:00+00:00, run_after=2023-12-26T00:00:00+00:00
[2023-12-26T01:03:56.541+0000] {processor.py:183} INFO - Processing /usr/local/python/3.10.13/lib/python3.10/site-packages/airflow/example_dags/example_short_circuit_operator.py took 0.076 seconds
[2023-12-26T01:04:49.163+0000] {processor.py:161} INFO - Started process (PID=10336) to work on /usr/local/python/3.10.13/lib/python3.10/site-packages/airflow/example_dags/example_short_circuit_operator.py
[2023-12-26T01:04:49.164+0000] {processor.py:830} INFO - Processing file /usr/local/python/3.10.13/lib/python3.10/site-packages/airflow/example_dags/example_short_circuit_operator.py for tasks to queue
[2023-12-26T01:04:49.164+0000] {logging_mixin.py:188} INFO - [2023-12-26T01:04:49.164+0000] {dagbag.py:538} INFO - Filling up the DagBag from /usr/local/python/3.10.13/lib/python3.10/site-packages/airflow/example_dags/example_short_circuit_operator.py
[2023-12-26T01:04:49.171+0000] {processor.py:840} INFO - DAG(s) 'example_short_circuit_operator' retrieved from /usr/local/python/3.10.13/lib/python3.10/site-packages/airflow/example_dags/example_short_circuit_operator.py
[2023-12-26T01:04:49.183+0000] {logging_mixin.py:188} INFO - [2023-12-26T01:04:49.183+0000] {dag.py:3033} INFO - Sync 1 DAGs
[2023-12-26T01:04:49.198+0000] {logging_mixin.py:188} INFO - [2023-12-26T01:04:49.197+0000] {dag.py:3820} INFO - Setting next_dagrun for example_short_circuit_operator to 2023-12-25T00:00:00+00:00, run_after=2023-12-26T00:00:00+00:00
[2023-12-26T01:04:49.233+0000] {processor.py:183} INFO - Processing /usr/local/python/3.10.13/lib/python3.10/site-packages/airflow/example_dags/example_short_circuit_operator.py took 0.072 seconds
[2023-12-26T01:05:45.252+0000] {processor.py:161} INFO - Started process (PID=11001) to work on /usr/local/python/3.10.13/lib/python3.10/site-packages/airflow/example_dags/example_short_circuit_operator.py
[2023-12-26T01:05:45.253+0000] {processor.py:830} INFO - Processing file /usr/local/python/3.10.13/lib/python3.10/site-packages/airflow/example_dags/example_short_circuit_operator.py for tasks to queue
[2023-12-26T01:05:45.254+0000] {logging_mixin.py:188} INFO - [2023-12-26T01:05:45.253+0000] {dagbag.py:538} INFO - Filling up the DagBag from /usr/local/python/3.10.13/lib/python3.10/site-packages/airflow/example_dags/example_short_circuit_operator.py
[2023-12-26T01:05:45.261+0000] {processor.py:840} INFO - DAG(s) 'example_short_circuit_operator' retrieved from /usr/local/python/3.10.13/lib/python3.10/site-packages/airflow/example_dags/example_short_circuit_operator.py
[2023-12-26T01:05:45.328+0000] {logging_mixin.py:188} INFO - [2023-12-26T01:05:45.328+0000] {dag.py:3033} INFO - Sync 1 DAGs
[2023-12-26T01:05:45.547+0000] {logging_mixin.py:188} INFO - [2023-12-26T01:05:45.546+0000] {dag.py:3820} INFO - Setting next_dagrun for example_short_circuit_operator to 2023-12-25T00:00:00+00:00, run_after=2023-12-26T00:00:00+00:00
[2023-12-26T01:05:45.768+0000] {processor.py:183} INFO - Processing /usr/local/python/3.10.13/lib/python3.10/site-packages/airflow/example_dags/example_short_circuit_operator.py took 0.519 seconds
[2023-12-26T01:06:32.525+0000] {processor.py:161} INFO - Started process (PID=11932) to work on /usr/local/python/3.10.13/lib/python3.10/site-packages/airflow/example_dags/example_short_circuit_operator.py
[2023-12-26T01:06:32.526+0000] {processor.py:830} INFO - Processing file /usr/local/python/3.10.13/lib/python3.10/site-packages/airflow/example_dags/example_short_circuit_operator.py for tasks to queue
[2023-12-26T01:06:32.527+0000] {logging_mixin.py:188} INFO - [2023-12-26T01:06:32.526+0000] {dagbag.py:538} INFO - Filling up the DagBag from /usr/local/python/3.10.13/lib/python3.10/site-packages/airflow/example_dags/example_short_circuit_operator.py
[2023-12-26T01:06:32.533+0000] {processor.py:840} INFO - DAG(s) 'example_short_circuit_operator' retrieved from /usr/local/python/3.10.13/lib/python3.10/site-packages/airflow/example_dags/example_short_circuit_operator.py
[2023-12-26T01:06:32.546+0000] {logging_mixin.py:188} INFO - [2023-12-26T01:06:32.546+0000] {dag.py:3033} INFO - Sync 1 DAGs
[2023-12-26T01:06:32.562+0000] {logging_mixin.py:188} INFO - [2023-12-26T01:06:32.561+0000] {dag.py:3820} INFO - Setting next_dagrun for example_short_circuit_operator to 2023-12-25T00:00:00+00:00, run_after=2023-12-26T00:00:00+00:00
[2023-12-26T01:06:32.597+0000] {processor.py:183} INFO - Processing /usr/local/python/3.10.13/lib/python3.10/site-packages/airflow/example_dags/example_short_circuit_operator.py took 0.074 seconds
[2023-12-26T01:07:14.908+0000] {processor.py:161} INFO - Started process (PID=12389) to work on /usr/local/python/3.10.13/lib/python3.10/site-packages/airflow/example_dags/example_short_circuit_operator.py
[2023-12-26T01:07:14.909+0000] {processor.py:830} INFO - Processing file /usr/local/python/3.10.13/lib/python3.10/site-packages/airflow/example_dags/example_short_circuit_operator.py for tasks to queue
[2023-12-26T01:07:14.909+0000] {logging_mixin.py:188} INFO - [2023-12-26T01:07:14.909+0000] {dagbag.py:538} INFO - Filling up the DagBag from /usr/local/python/3.10.13/lib/python3.10/site-packages/airflow/example_dags/example_short_circuit_operator.py
[2023-12-26T01:07:14.916+0000] {processor.py:840} INFO - DAG(s) 'example_short_circuit_operator' retrieved from /usr/local/python/3.10.13/lib/python3.10/site-packages/airflow/example_dags/example_short_circuit_operator.py
[2023-12-26T01:07:14.928+0000] {logging_mixin.py:188} INFO - [2023-12-26T01:07:14.928+0000] {dag.py:3033} INFO - Sync 1 DAGs
[2023-12-26T01:07:14.943+0000] {logging_mixin.py:188} INFO - [2023-12-26T01:07:14.943+0000] {dag.py:3820} INFO - Setting next_dagrun for example_short_circuit_operator to 2023-12-25T00:00:00+00:00, run_after=2023-12-26T00:00:00+00:00
[2023-12-26T01:07:14.979+0000] {processor.py:183} INFO - Processing /usr/local/python/3.10.13/lib/python3.10/site-packages/airflow/example_dags/example_short_circuit_operator.py took 0.073 seconds
[2023-12-26T01:08:11.131+0000] {processor.py:161} INFO - Started process (PID=12965) to work on /usr/local/python/3.10.13/lib/python3.10/site-packages/airflow/example_dags/example_short_circuit_operator.py
[2023-12-26T01:08:11.131+0000] {processor.py:830} INFO - Processing file /usr/local/python/3.10.13/lib/python3.10/site-packages/airflow/example_dags/example_short_circuit_operator.py for tasks to queue
[2023-12-26T01:08:11.132+0000] {logging_mixin.py:188} INFO - [2023-12-26T01:08:11.132+0000] {dagbag.py:538} INFO - Filling up the DagBag from /usr/local/python/3.10.13/lib/python3.10/site-packages/airflow/example_dags/example_short_circuit_operator.py
[2023-12-26T01:08:11.139+0000] {processor.py:840} INFO - DAG(s) 'example_short_circuit_operator' retrieved from /usr/local/python/3.10.13/lib/python3.10/site-packages/airflow/example_dags/example_short_circuit_operator.py
[2023-12-26T01:08:11.152+0000] {logging_mixin.py:188} INFO - [2023-12-26T01:08:11.152+0000] {dag.py:3033} INFO - Sync 1 DAGs
[2023-12-26T01:08:11.166+0000] {logging_mixin.py:188} INFO - [2023-12-26T01:08:11.166+0000] {dag.py:3820} INFO - Setting next_dagrun for example_short_circuit_operator to 2023-12-25T00:00:00+00:00, run_after=2023-12-26T00:00:00+00:00
[2023-12-26T01:08:11.201+0000] {processor.py:183} INFO - Processing /usr/local/python/3.10.13/lib/python3.10/site-packages/airflow/example_dags/example_short_circuit_operator.py took 0.072 seconds
[2023-12-26T01:08:51.726+0000] {processor.py:161} INFO - Started process (PID=13395) to work on /usr/local/python/3.10.13/lib/python3.10/site-packages/airflow/example_dags/example_short_circuit_operator.py
[2023-12-26T01:08:51.727+0000] {processor.py:830} INFO - Processing file /usr/local/python/3.10.13/lib/python3.10/site-packages/airflow/example_dags/example_short_circuit_operator.py for tasks to queue
[2023-12-26T01:08:51.727+0000] {logging_mixin.py:188} INFO - [2023-12-26T01:08:51.727+0000] {dagbag.py:538} INFO - Filling up the DagBag from /usr/local/python/3.10.13/lib/python3.10/site-packages/airflow/example_dags/example_short_circuit_operator.py
[2023-12-26T01:08:51.734+0000] {processor.py:840} INFO - DAG(s) 'example_short_circuit_operator' retrieved from /usr/local/python/3.10.13/lib/python3.10/site-packages/airflow/example_dags/example_short_circuit_operator.py
[2023-12-26T01:08:51.747+0000] {logging_mixin.py:188} INFO - [2023-12-26T01:08:51.747+0000] {dag.py:3033} INFO - Sync 1 DAGs
[2023-12-26T01:08:51.762+0000] {logging_mixin.py:188} INFO - [2023-12-26T01:08:51.762+0000] {dag.py:3820} INFO - Setting next_dagrun for example_short_circuit_operator to 2023-12-25T00:00:00+00:00, run_after=2023-12-26T00:00:00+00:00
[2023-12-26T01:08:51.795+0000] {processor.py:183} INFO - Processing /usr/local/python/3.10.13/lib/python3.10/site-packages/airflow/example_dags/example_short_circuit_operator.py took 0.071 seconds
