[2023-12-26T01:01:34.763+0000] {processor.py:161} INFO - Started process (PID=7092) to work on /usr/local/python/3.10.13/lib/python3.10/site-packages/airflow/example_dags/example_sla_dag.py
[2023-12-26T01:01:34.763+0000] {processor.py:830} INFO - Processing file /usr/local/python/3.10.13/lib/python3.10/site-packages/airflow/example_dags/example_sla_dag.py for tasks to queue
[2023-12-26T01:01:34.764+0000] {logging_mixin.py:188} INFO - [2023-12-26T01:01:34.763+0000] {dagbag.py:538} INFO - Filling up the DagBag from /usr/local/python/3.10.13/lib/python3.10/site-packages/airflow/example_dags/example_sla_dag.py
[2023-12-26T01:01:34.771+0000] {processor.py:840} INFO - DAG(s) 'example_sla_dag' retrieved from /usr/local/python/3.10.13/lib/python3.10/site-packages/airflow/example_dags/example_sla_dag.py
[2023-12-26T01:01:34.896+0000] {logging_mixin.py:188} INFO - [2023-12-26T01:01:34.896+0000] {override.py:1769} INFO - Created Permission View: can delete on DAG:example_sla_dag
[2023-12-26T01:01:34.929+0000] {logging_mixin.py:188} INFO - [2023-12-26T01:01:34.928+0000] {override.py:1769} INFO - Created Permission View: can read on DAG:example_sla_dag
[2023-12-26T01:01:34.954+0000] {logging_mixin.py:188} INFO - [2023-12-26T01:01:34.953+0000] {override.py:1769} INFO - Created Permission View: can edit on DAG:example_sla_dag
[2023-12-26T01:01:34.954+0000] {logging_mixin.py:188} INFO - [2023-12-26T01:01:34.954+0000] {dag.py:3033} INFO - Sync 1 DAGs
[2023-12-26T01:01:34.962+0000] {logging_mixin.py:188} INFO - [2023-12-26T01:01:34.962+0000] {dag.py:3055} INFO - Creating ORM DAG for example_sla_dag
[2023-12-26T01:01:34.971+0000] {logging_mixin.py:188} INFO - [2023-12-26T01:01:34.971+0000] {dag.py:3820} INFO - Setting next_dagrun for example_sla_dag to 2023-12-26T00:58:00+00:00, run_after=2023-12-26T01:00:00+00:00
[2023-12-26T01:01:35.007+0000] {processor.py:183} INFO - Processing /usr/local/python/3.10.13/lib/python3.10/site-packages/airflow/example_dags/example_sla_dag.py took 0.246 seconds
[2023-12-26T01:02:30.716+0000] {processor.py:161} INFO - Started process (PID=8525) to work on /usr/local/python/3.10.13/lib/python3.10/site-packages/airflow/example_dags/example_sla_dag.py
[2023-12-26T01:02:30.717+0000] {processor.py:830} INFO - Processing file /usr/local/python/3.10.13/lib/python3.10/site-packages/airflow/example_dags/example_sla_dag.py for tasks to queue
[2023-12-26T01:02:30.717+0000] {logging_mixin.py:188} INFO - [2023-12-26T01:02:30.717+0000] {dagbag.py:538} INFO - Filling up the DagBag from /usr/local/python/3.10.13/lib/python3.10/site-packages/airflow/example_dags/example_sla_dag.py
[2023-12-26T01:02:30.724+0000] {processor.py:840} INFO - DAG(s) 'example_sla_dag' retrieved from /usr/local/python/3.10.13/lib/python3.10/site-packages/airflow/example_dags/example_sla_dag.py
[2023-12-26T01:02:30.735+0000] {logging_mixin.py:188} INFO - [2023-12-26T01:02:30.735+0000] {dag.py:3033} INFO - Sync 1 DAGs
[2023-12-26T01:02:30.751+0000] {logging_mixin.py:188} INFO - [2023-12-26T01:02:30.751+0000] {dag.py:3820} INFO - Setting next_dagrun for example_sla_dag to 2023-12-26T01:00:00+00:00, run_after=2023-12-26T01:02:00+00:00
[2023-12-26T01:02:30.787+0000] {processor.py:183} INFO - Processing /usr/local/python/3.10.13/lib/python3.10/site-packages/airflow/example_dags/example_sla_dag.py took 0.073 seconds
[2023-12-26T01:03:16.343+0000] {processor.py:161} INFO - Started process (PID=9044) to work on /usr/local/python/3.10.13/lib/python3.10/site-packages/airflow/example_dags/example_sla_dag.py
[2023-12-26T01:03:16.344+0000] {processor.py:830} INFO - Processing file /usr/local/python/3.10.13/lib/python3.10/site-packages/airflow/example_dags/example_sla_dag.py for tasks to queue
[2023-12-26T01:03:16.344+0000] {logging_mixin.py:188} INFO - [2023-12-26T01:03:16.344+0000] {dagbag.py:538} INFO - Filling up the DagBag from /usr/local/python/3.10.13/lib/python3.10/site-packages/airflow/example_dags/example_sla_dag.py
[2023-12-26T01:03:16.351+0000] {processor.py:840} INFO - DAG(s) 'example_sla_dag' retrieved from /usr/local/python/3.10.13/lib/python3.10/site-packages/airflow/example_dags/example_sla_dag.py
[2023-12-26T01:03:16.362+0000] {logging_mixin.py:188} INFO - [2023-12-26T01:03:16.362+0000] {dag.py:3033} INFO - Sync 1 DAGs
[2023-12-26T01:03:16.380+0000] {logging_mixin.py:188} INFO - [2023-12-26T01:03:16.379+0000] {dag.py:3820} INFO - Setting next_dagrun for example_sla_dag to 2023-12-26T01:00:00+00:00, run_after=2023-12-26T01:02:00+00:00
[2023-12-26T01:03:16.412+0000] {processor.py:183} INFO - Processing /usr/local/python/3.10.13/lib/python3.10/site-packages/airflow/example_dags/example_sla_dag.py took 0.071 seconds
[2023-12-26T01:04:09.618+0000] {processor.py:161} INFO - Started process (PID=9891) to work on /usr/local/python/3.10.13/lib/python3.10/site-packages/airflow/example_dags/example_sla_dag.py
[2023-12-26T01:04:09.619+0000] {processor.py:830} INFO - Processing file /usr/local/python/3.10.13/lib/python3.10/site-packages/airflow/example_dags/example_sla_dag.py for tasks to queue
[2023-12-26T01:04:09.619+0000] {logging_mixin.py:188} INFO - [2023-12-26T01:04:09.619+0000] {dagbag.py:538} INFO - Filling up the DagBag from /usr/local/python/3.10.13/lib/python3.10/site-packages/airflow/example_dags/example_sla_dag.py
[2023-12-26T01:04:09.626+0000] {processor.py:840} INFO - DAG(s) 'example_sla_dag' retrieved from /usr/local/python/3.10.13/lib/python3.10/site-packages/airflow/example_dags/example_sla_dag.py
[2023-12-26T01:04:09.656+0000] {logging_mixin.py:188} INFO - [2023-12-26T01:04:09.656+0000] {dag.py:3033} INFO - Sync 1 DAGs
[2023-12-26T01:04:09.675+0000] {logging_mixin.py:188} INFO - [2023-12-26T01:04:09.675+0000] {dag.py:3820} INFO - Setting next_dagrun for example_sla_dag to 2023-12-26T01:02:00+00:00, run_after=2023-12-26T01:04:00+00:00
[2023-12-26T01:04:09.765+0000] {processor.py:183} INFO - Processing /usr/local/python/3.10.13/lib/python3.10/site-packages/airflow/example_dags/example_sla_dag.py took 0.149 seconds
[2023-12-26T01:04:55.479+0000] {processor.py:161} INFO - Started process (PID=10385) to work on /usr/local/python/3.10.13/lib/python3.10/site-packages/airflow/example_dags/example_sla_dag.py
[2023-12-26T01:04:55.480+0000] {processor.py:830} INFO - Processing file /usr/local/python/3.10.13/lib/python3.10/site-packages/airflow/example_dags/example_sla_dag.py for tasks to queue
[2023-12-26T01:04:55.481+0000] {logging_mixin.py:188} INFO - [2023-12-26T01:04:55.480+0000] {dagbag.py:538} INFO - Filling up the DagBag from /usr/local/python/3.10.13/lib/python3.10/site-packages/airflow/example_dags/example_sla_dag.py
[2023-12-26T01:04:55.487+0000] {processor.py:840} INFO - DAG(s) 'example_sla_dag' retrieved from /usr/local/python/3.10.13/lib/python3.10/site-packages/airflow/example_dags/example_sla_dag.py
[2023-12-26T01:04:55.498+0000] {logging_mixin.py:188} INFO - [2023-12-26T01:04:55.497+0000] {dag.py:3033} INFO - Sync 1 DAGs
[2023-12-26T01:04:55.515+0000] {logging_mixin.py:188} INFO - [2023-12-26T01:04:55.514+0000] {dag.py:3820} INFO - Setting next_dagrun for example_sla_dag to 2023-12-26T01:02:00+00:00, run_after=2023-12-26T01:04:00+00:00
[2023-12-26T01:04:55.549+0000] {processor.py:183} INFO - Processing /usr/local/python/3.10.13/lib/python3.10/site-packages/airflow/example_dags/example_sla_dag.py took 0.072 seconds
[2023-12-26T01:05:53.431+0000] {processor.py:161} INFO - Started process (PID=11172) to work on /usr/local/python/3.10.13/lib/python3.10/site-packages/airflow/example_dags/example_sla_dag.py
[2023-12-26T01:05:53.432+0000] {processor.py:830} INFO - Processing file /usr/local/python/3.10.13/lib/python3.10/site-packages/airflow/example_dags/example_sla_dag.py for tasks to queue
[2023-12-26T01:05:53.432+0000] {logging_mixin.py:188} INFO - [2023-12-26T01:05:53.432+0000] {dagbag.py:538} INFO - Filling up the DagBag from /usr/local/python/3.10.13/lib/python3.10/site-packages/airflow/example_dags/example_sla_dag.py
[2023-12-26T01:05:53.439+0000] {processor.py:840} INFO - DAG(s) 'example_sla_dag' retrieved from /usr/local/python/3.10.13/lib/python3.10/site-packages/airflow/example_dags/example_sla_dag.py
[2023-12-26T01:05:53.450+0000] {logging_mixin.py:188} INFO - [2023-12-26T01:05:53.450+0000] {dag.py:3033} INFO - Sync 1 DAGs
[2023-12-26T01:05:53.468+0000] {logging_mixin.py:188} INFO - [2023-12-26T01:05:53.467+0000] {dag.py:3820} INFO - Setting next_dagrun for example_sla_dag to 2023-12-26T01:02:00+00:00, run_after=2023-12-26T01:04:00+00:00
[2023-12-26T01:05:53.501+0000] {processor.py:183} INFO - Processing /usr/local/python/3.10.13/lib/python3.10/site-packages/airflow/example_dags/example_sla_dag.py took 0.072 seconds
[2023-12-26T01:06:57.950+0000] {processor.py:161} INFO - Started process (PID=12228) to work on /usr/local/python/3.10.13/lib/python3.10/site-packages/airflow/example_dags/example_sla_dag.py
[2023-12-26T01:06:57.950+0000] {processor.py:830} INFO - Processing file /usr/local/python/3.10.13/lib/python3.10/site-packages/airflow/example_dags/example_sla_dag.py for tasks to queue
[2023-12-26T01:06:57.951+0000] {logging_mixin.py:188} INFO - [2023-12-26T01:06:57.951+0000] {dagbag.py:538} INFO - Filling up the DagBag from /usr/local/python/3.10.13/lib/python3.10/site-packages/airflow/example_dags/example_sla_dag.py
[2023-12-26T01:06:57.957+0000] {processor.py:840} INFO - DAG(s) 'example_sla_dag' retrieved from /usr/local/python/3.10.13/lib/python3.10/site-packages/airflow/example_dags/example_sla_dag.py
[2023-12-26T01:06:57.968+0000] {logging_mixin.py:188} INFO - [2023-12-26T01:06:57.968+0000] {dag.py:3033} INFO - Sync 1 DAGs
[2023-12-26T01:06:57.985+0000] {logging_mixin.py:188} INFO - [2023-12-26T01:06:57.985+0000] {dag.py:3820} INFO - Setting next_dagrun for example_sla_dag to 2023-12-26T01:04:00+00:00, run_after=2023-12-26T01:06:00+00:00
[2023-12-26T01:06:58.018+0000] {processor.py:183} INFO - Processing /usr/local/python/3.10.13/lib/python3.10/site-packages/airflow/example_dags/example_sla_dag.py took 0.070 seconds
[2023-12-26T01:07:49.730+0000] {processor.py:161} INFO - Started process (PID=12691) to work on /usr/local/python/3.10.13/lib/python3.10/site-packages/airflow/example_dags/example_sla_dag.py
[2023-12-26T01:07:49.731+0000] {processor.py:830} INFO - Processing file /usr/local/python/3.10.13/lib/python3.10/site-packages/airflow/example_dags/example_sla_dag.py for tasks to queue
[2023-12-26T01:07:49.731+0000] {logging_mixin.py:188} INFO - [2023-12-26T01:07:49.731+0000] {dagbag.py:538} INFO - Filling up the DagBag from /usr/local/python/3.10.13/lib/python3.10/site-packages/airflow/example_dags/example_sla_dag.py
[2023-12-26T01:07:49.738+0000] {processor.py:840} INFO - DAG(s) 'example_sla_dag' retrieved from /usr/local/python/3.10.13/lib/python3.10/site-packages/airflow/example_dags/example_sla_dag.py
[2023-12-26T01:07:49.748+0000] {logging_mixin.py:188} INFO - [2023-12-26T01:07:49.748+0000] {dag.py:3033} INFO - Sync 1 DAGs
[2023-12-26T01:07:49.765+0000] {logging_mixin.py:188} INFO - [2023-12-26T01:07:49.765+0000] {dag.py:3820} INFO - Setting next_dagrun for example_sla_dag to 2023-12-26T01:04:00+00:00, run_after=2023-12-26T01:06:00+00:00
[2023-12-26T01:07:49.798+0000] {processor.py:183} INFO - Processing /usr/local/python/3.10.13/lib/python3.10/site-packages/airflow/example_dags/example_sla_dag.py took 0.070 seconds
[2023-12-26T01:08:33.532+0000] {processor.py:161} INFO - Started process (PID=13259) to work on /usr/local/python/3.10.13/lib/python3.10/site-packages/airflow/example_dags/example_sla_dag.py
[2023-12-26T01:08:33.532+0000] {processor.py:830} INFO - Processing file /usr/local/python/3.10.13/lib/python3.10/site-packages/airflow/example_dags/example_sla_dag.py for tasks to queue
[2023-12-26T01:08:33.533+0000] {logging_mixin.py:188} INFO - [2023-12-26T01:08:33.533+0000] {dagbag.py:538} INFO - Filling up the DagBag from /usr/local/python/3.10.13/lib/python3.10/site-packages/airflow/example_dags/example_sla_dag.py
[2023-12-26T01:08:33.539+0000] {processor.py:840} INFO - DAG(s) 'example_sla_dag' retrieved from /usr/local/python/3.10.13/lib/python3.10/site-packages/airflow/example_dags/example_sla_dag.py
[2023-12-26T01:08:33.555+0000] {logging_mixin.py:188} INFO - [2023-12-26T01:08:33.555+0000] {dag.py:3033} INFO - Sync 1 DAGs
[2023-12-26T01:08:33.575+0000] {logging_mixin.py:188} INFO - [2023-12-26T01:08:33.575+0000] {dag.py:3820} INFO - Setting next_dagrun for example_sla_dag to 2023-12-26T01:06:00+00:00, run_after=2023-12-26T01:08:00+00:00
[2023-12-26T01:08:33.608+0000] {processor.py:183} INFO - Processing /usr/local/python/3.10.13/lib/python3.10/site-packages/airflow/example_dags/example_sla_dag.py took 0.079 seconds
[2023-12-26T01:09:25.546+0000] {processor.py:161} INFO - Started process (PID=13792) to work on /usr/local/python/3.10.13/lib/python3.10/site-packages/airflow/example_dags/example_sla_dag.py
[2023-12-26T01:09:25.547+0000] {processor.py:830} INFO - Processing file /usr/local/python/3.10.13/lib/python3.10/site-packages/airflow/example_dags/example_sla_dag.py for tasks to queue
[2023-12-26T01:09:25.548+0000] {logging_mixin.py:188} INFO - [2023-12-26T01:09:25.548+0000] {dagbag.py:538} INFO - Filling up the DagBag from /usr/local/python/3.10.13/lib/python3.10/site-packages/airflow/example_dags/example_sla_dag.py
[2023-12-26T01:09:25.557+0000] {processor.py:840} INFO - DAG(s) 'example_sla_dag' retrieved from /usr/local/python/3.10.13/lib/python3.10/site-packages/airflow/example_dags/example_sla_dag.py
[2023-12-26T01:09:25.571+0000] {logging_mixin.py:188} INFO - [2023-12-26T01:09:25.571+0000] {dag.py:3033} INFO - Sync 1 DAGs
[2023-12-26T01:09:25.590+0000] {logging_mixin.py:188} INFO - [2023-12-26T01:09:25.590+0000] {dag.py:3820} INFO - Setting next_dagrun for example_sla_dag to 2023-12-26T01:06:00+00:00, run_after=2023-12-26T01:08:00+00:00
[2023-12-26T01:09:25.625+0000] {processor.py:183} INFO - Processing /usr/local/python/3.10.13/lib/python3.10/site-packages/airflow/example_dags/example_sla_dag.py took 0.083 seconds
