[2023-12-26T01:01:25.567+0000] {processor.py:161} INFO - Started process (PID=6964) to work on /usr/local/python/3.10.13/lib/python3.10/site-packages/airflow/example_dags/example_short_circuit_decorator.py
[2023-12-26T01:01:25.568+0000] {processor.py:830} INFO - Processing file /usr/local/python/3.10.13/lib/python3.10/site-packages/airflow/example_dags/example_short_circuit_decorator.py for tasks to queue
[2023-12-26T01:01:25.569+0000] {logging_mixin.py:188} INFO - [2023-12-26T01:01:25.568+0000] {dagbag.py:538} INFO - Filling up the DagBag from /usr/local/python/3.10.13/lib/python3.10/site-packages/airflow/example_dags/example_short_circuit_decorator.py
[2023-12-26T01:01:25.582+0000] {processor.py:840} INFO - DAG(s) 'example_short_circuit_decorator' retrieved from /usr/local/python/3.10.13/lib/python3.10/site-packages/airflow/example_dags/example_short_circuit_decorator.py
[2023-12-26T01:01:25.879+0000] {logging_mixin.py:188} INFO - [2023-12-26T01:01:25.878+0000] {override.py:1769} INFO - Created Permission View: can delete on DAG:example_short_circuit_decorator
[2023-12-26T01:01:25.909+0000] {logging_mixin.py:188} INFO - [2023-12-26T01:01:25.909+0000] {override.py:1769} INFO - Created Permission View: can read on DAG:example_short_circuit_decorator
[2023-12-26T01:01:25.938+0000] {logging_mixin.py:188} INFO - [2023-12-26T01:01:25.937+0000] {override.py:1769} INFO - Created Permission View: can edit on DAG:example_short_circuit_decorator
[2023-12-26T01:01:25.938+0000] {logging_mixin.py:188} INFO - [2023-12-26T01:01:25.938+0000] {dag.py:3033} INFO - Sync 1 DAGs
[2023-12-26T01:01:25.948+0000] {logging_mixin.py:188} INFO - [2023-12-26T01:01:25.948+0000] {dag.py:3055} INFO - Creating ORM DAG for example_short_circuit_decorator
[2023-12-26T01:01:25.955+0000] {logging_mixin.py:188} INFO - [2023-12-26T01:01:25.955+0000] {dag.py:3820} INFO - Setting next_dagrun for example_short_circuit_decorator to 2023-12-25T00:00:00+00:00, run_after=2023-12-26T00:00:00+00:00
[2023-12-26T01:01:25.995+0000] {processor.py:183} INFO - Processing /usr/local/python/3.10.13/lib/python3.10/site-packages/airflow/example_dags/example_short_circuit_decorator.py took 0.430 seconds
[2023-12-26T01:02:23.044+0000] {processor.py:161} INFO - Started process (PID=8433) to work on /usr/local/python/3.10.13/lib/python3.10/site-packages/airflow/example_dags/example_short_circuit_decorator.py
[2023-12-26T01:02:23.045+0000] {processor.py:830} INFO - Processing file /usr/local/python/3.10.13/lib/python3.10/site-packages/airflow/example_dags/example_short_circuit_decorator.py for tasks to queue
[2023-12-26T01:02:23.046+0000] {logging_mixin.py:188} INFO - [2023-12-26T01:02:23.045+0000] {dagbag.py:538} INFO - Filling up the DagBag from /usr/local/python/3.10.13/lib/python3.10/site-packages/airflow/example_dags/example_short_circuit_decorator.py
[2023-12-26T01:02:23.056+0000] {processor.py:840} INFO - DAG(s) 'example_short_circuit_decorator' retrieved from /usr/local/python/3.10.13/lib/python3.10/site-packages/airflow/example_dags/example_short_circuit_decorator.py
[2023-12-26T01:02:23.086+0000] {logging_mixin.py:188} INFO - [2023-12-26T01:02:23.086+0000] {dag.py:3033} INFO - Sync 1 DAGs
[2023-12-26T01:02:23.112+0000] {logging_mixin.py:188} INFO - [2023-12-26T01:02:23.112+0000] {dag.py:3820} INFO - Setting next_dagrun for example_short_circuit_decorator to 2023-12-25T00:00:00+00:00, run_after=2023-12-26T00:00:00+00:00
[2023-12-26T01:02:23.166+0000] {processor.py:183} INFO - Processing /usr/local/python/3.10.13/lib/python3.10/site-packages/airflow/example_dags/example_short_circuit_decorator.py took 0.125 seconds
[2023-12-26T01:03:09.350+0000] {processor.py:161} INFO - Started process (PID=8931) to work on /usr/local/python/3.10.13/lib/python3.10/site-packages/airflow/example_dags/example_short_circuit_decorator.py
[2023-12-26T01:03:09.351+0000] {processor.py:830} INFO - Processing file /usr/local/python/3.10.13/lib/python3.10/site-packages/airflow/example_dags/example_short_circuit_decorator.py for tasks to queue
[2023-12-26T01:03:09.351+0000] {logging_mixin.py:188} INFO - [2023-12-26T01:03:09.351+0000] {dagbag.py:538} INFO - Filling up the DagBag from /usr/local/python/3.10.13/lib/python3.10/site-packages/airflow/example_dags/example_short_circuit_decorator.py
[2023-12-26T01:03:09.359+0000] {processor.py:840} INFO - DAG(s) 'example_short_circuit_decorator' retrieved from /usr/local/python/3.10.13/lib/python3.10/site-packages/airflow/example_dags/example_short_circuit_decorator.py
[2023-12-26T01:03:09.372+0000] {logging_mixin.py:188} INFO - [2023-12-26T01:03:09.372+0000] {dag.py:3033} INFO - Sync 1 DAGs
[2023-12-26T01:03:09.387+0000] {logging_mixin.py:188} INFO - [2023-12-26T01:03:09.387+0000] {dag.py:3820} INFO - Setting next_dagrun for example_short_circuit_decorator to 2023-12-25T00:00:00+00:00, run_after=2023-12-26T00:00:00+00:00
[2023-12-26T01:03:09.421+0000] {processor.py:183} INFO - Processing /usr/local/python/3.10.13/lib/python3.10/site-packages/airflow/example_dags/example_short_circuit_decorator.py took 0.073 seconds
[2023-12-26T01:03:55.876+0000] {processor.py:161} INFO - Started process (PID=9637) to work on /usr/local/python/3.10.13/lib/python3.10/site-packages/airflow/example_dags/example_short_circuit_decorator.py
[2023-12-26T01:03:55.877+0000] {processor.py:830} INFO - Processing file /usr/local/python/3.10.13/lib/python3.10/site-packages/airflow/example_dags/example_short_circuit_decorator.py for tasks to queue
[2023-12-26T01:03:55.877+0000] {logging_mixin.py:188} INFO - [2023-12-26T01:03:55.877+0000] {dagbag.py:538} INFO - Filling up the DagBag from /usr/local/python/3.10.13/lib/python3.10/site-packages/airflow/example_dags/example_short_circuit_decorator.py
[2023-12-26T01:03:55.885+0000] {processor.py:840} INFO - DAG(s) 'example_short_circuit_decorator' retrieved from /usr/local/python/3.10.13/lib/python3.10/site-packages/airflow/example_dags/example_short_circuit_decorator.py
[2023-12-26T01:03:55.898+0000] {logging_mixin.py:188} INFO - [2023-12-26T01:03:55.898+0000] {dag.py:3033} INFO - Sync 1 DAGs
[2023-12-26T01:03:55.913+0000] {logging_mixin.py:188} INFO - [2023-12-26T01:03:55.913+0000] {dag.py:3820} INFO - Setting next_dagrun for example_short_circuit_decorator to 2023-12-25T00:00:00+00:00, run_after=2023-12-26T00:00:00+00:00
[2023-12-26T01:03:55.947+0000] {processor.py:183} INFO - Processing /usr/local/python/3.10.13/lib/python3.10/site-packages/airflow/example_dags/example_short_circuit_decorator.py took 0.073 seconds
[2023-12-26T01:04:48.496+0000] {processor.py:161} INFO - Started process (PID=10335) to work on /usr/local/python/3.10.13/lib/python3.10/site-packages/airflow/example_dags/example_short_circuit_decorator.py
[2023-12-26T01:04:48.497+0000] {processor.py:830} INFO - Processing file /usr/local/python/3.10.13/lib/python3.10/site-packages/airflow/example_dags/example_short_circuit_decorator.py for tasks to queue
[2023-12-26T01:04:48.497+0000] {logging_mixin.py:188} INFO - [2023-12-26T01:04:48.497+0000] {dagbag.py:538} INFO - Filling up the DagBag from /usr/local/python/3.10.13/lib/python3.10/site-packages/airflow/example_dags/example_short_circuit_decorator.py
[2023-12-26T01:04:48.505+0000] {processor.py:840} INFO - DAG(s) 'example_short_circuit_decorator' retrieved from /usr/local/python/3.10.13/lib/python3.10/site-packages/airflow/example_dags/example_short_circuit_decorator.py
[2023-12-26T01:04:48.519+0000] {logging_mixin.py:188} INFO - [2023-12-26T01:04:48.519+0000] {dag.py:3033} INFO - Sync 1 DAGs
[2023-12-26T01:04:48.536+0000] {logging_mixin.py:188} INFO - [2023-12-26T01:04:48.536+0000] {dag.py:3820} INFO - Setting next_dagrun for example_short_circuit_decorator to 2023-12-25T00:00:00+00:00, run_after=2023-12-26T00:00:00+00:00
[2023-12-26T01:04:48.570+0000] {processor.py:183} INFO - Processing /usr/local/python/3.10.13/lib/python3.10/site-packages/airflow/example_dags/example_short_circuit_decorator.py took 0.076 seconds
[2023-12-26T01:05:28.619+0000] {processor.py:161} INFO - Started process (PID=10714) to work on /usr/local/python/3.10.13/lib/python3.10/site-packages/airflow/example_dags/example_short_circuit_decorator.py
[2023-12-26T01:05:28.620+0000] {processor.py:830} INFO - Processing file /usr/local/python/3.10.13/lib/python3.10/site-packages/airflow/example_dags/example_short_circuit_decorator.py for tasks to queue
[2023-12-26T01:05:28.621+0000] {logging_mixin.py:188} INFO - [2023-12-26T01:05:28.620+0000] {dagbag.py:538} INFO - Filling up the DagBag from /usr/local/python/3.10.13/lib/python3.10/site-packages/airflow/example_dags/example_short_circuit_decorator.py
[2023-12-26T01:05:28.634+0000] {processor.py:840} INFO - DAG(s) 'example_short_circuit_decorator' retrieved from /usr/local/python/3.10.13/lib/python3.10/site-packages/airflow/example_dags/example_short_circuit_decorator.py
[2023-12-26T01:05:28.728+0000] {logging_mixin.py:188} INFO - [2023-12-26T01:05:28.728+0000] {dag.py:3033} INFO - Sync 1 DAGs
[2023-12-26T01:05:28.933+0000] {logging_mixin.py:188} INFO - [2023-12-26T01:05:28.933+0000] {dag.py:3820} INFO - Setting next_dagrun for example_short_circuit_decorator to 2023-12-25T00:00:00+00:00, run_after=2023-12-26T00:00:00+00:00
[2023-12-26T01:05:29.057+0000] {processor.py:183} INFO - Processing /usr/local/python/3.10.13/lib/python3.10/site-packages/airflow/example_dags/example_short_circuit_decorator.py took 0.441 seconds
[2023-12-26T01:06:31.359+0000] {processor.py:161} INFO - Started process (PID=11884) to work on /usr/local/python/3.10.13/lib/python3.10/site-packages/airflow/example_dags/example_short_circuit_decorator.py
[2023-12-26T01:06:31.360+0000] {processor.py:830} INFO - Processing file /usr/local/python/3.10.13/lib/python3.10/site-packages/airflow/example_dags/example_short_circuit_decorator.py for tasks to queue
[2023-12-26T01:06:31.360+0000] {logging_mixin.py:188} INFO - [2023-12-26T01:06:31.360+0000] {dagbag.py:538} INFO - Filling up the DagBag from /usr/local/python/3.10.13/lib/python3.10/site-packages/airflow/example_dags/example_short_circuit_decorator.py
[2023-12-26T01:06:31.368+0000] {processor.py:840} INFO - DAG(s) 'example_short_circuit_decorator' retrieved from /usr/local/python/3.10.13/lib/python3.10/site-packages/airflow/example_dags/example_short_circuit_decorator.py
[2023-12-26T01:06:31.381+0000] {logging_mixin.py:188} INFO - [2023-12-26T01:06:31.381+0000] {dag.py:3033} INFO - Sync 1 DAGs
[2023-12-26T01:06:31.395+0000] {logging_mixin.py:188} INFO - [2023-12-26T01:06:31.395+0000] {dag.py:3820} INFO - Setting next_dagrun for example_short_circuit_decorator to 2023-12-25T00:00:00+00:00, run_after=2023-12-26T00:00:00+00:00
[2023-12-26T01:06:31.431+0000] {processor.py:183} INFO - Processing /usr/local/python/3.10.13/lib/python3.10/site-packages/airflow/example_dags/example_short_circuit_decorator.py took 0.074 seconds
[2023-12-26T01:07:13.774+0000] {processor.py:161} INFO - Started process (PID=12382) to work on /usr/local/python/3.10.13/lib/python3.10/site-packages/airflow/example_dags/example_short_circuit_decorator.py
[2023-12-26T01:07:13.774+0000] {processor.py:830} INFO - Processing file /usr/local/python/3.10.13/lib/python3.10/site-packages/airflow/example_dags/example_short_circuit_decorator.py for tasks to queue
[2023-12-26T01:07:13.775+0000] {logging_mixin.py:188} INFO - [2023-12-26T01:07:13.775+0000] {dagbag.py:538} INFO - Filling up the DagBag from /usr/local/python/3.10.13/lib/python3.10/site-packages/airflow/example_dags/example_short_circuit_decorator.py
[2023-12-26T01:07:13.782+0000] {processor.py:840} INFO - DAG(s) 'example_short_circuit_decorator' retrieved from /usr/local/python/3.10.13/lib/python3.10/site-packages/airflow/example_dags/example_short_circuit_decorator.py
[2023-12-26T01:07:13.795+0000] {logging_mixin.py:188} INFO - [2023-12-26T01:07:13.795+0000] {dag.py:3033} INFO - Sync 1 DAGs
[2023-12-26T01:07:13.810+0000] {logging_mixin.py:188} INFO - [2023-12-26T01:07:13.809+0000] {dag.py:3820} INFO - Setting next_dagrun for example_short_circuit_decorator to 2023-12-25T00:00:00+00:00, run_after=2023-12-26T00:00:00+00:00
[2023-12-26T01:07:13.842+0000] {processor.py:183} INFO - Processing /usr/local/python/3.10.13/lib/python3.10/site-packages/airflow/example_dags/example_short_circuit_decorator.py took 0.071 seconds
[2023-12-26T01:08:09.998+0000] {processor.py:161} INFO - Started process (PID=12964) to work on /usr/local/python/3.10.13/lib/python3.10/site-packages/airflow/example_dags/example_short_circuit_decorator.py
[2023-12-26T01:08:09.999+0000] {processor.py:830} INFO - Processing file /usr/local/python/3.10.13/lib/python3.10/site-packages/airflow/example_dags/example_short_circuit_decorator.py for tasks to queue
[2023-12-26T01:08:09.999+0000] {logging_mixin.py:188} INFO - [2023-12-26T01:08:09.999+0000] {dagbag.py:538} INFO - Filling up the DagBag from /usr/local/python/3.10.13/lib/python3.10/site-packages/airflow/example_dags/example_short_circuit_decorator.py
[2023-12-26T01:08:10.007+0000] {processor.py:840} INFO - DAG(s) 'example_short_circuit_decorator' retrieved from /usr/local/python/3.10.13/lib/python3.10/site-packages/airflow/example_dags/example_short_circuit_decorator.py
[2023-12-26T01:08:10.020+0000] {logging_mixin.py:188} INFO - [2023-12-26T01:08:10.019+0000] {dag.py:3033} INFO - Sync 1 DAGs
[2023-12-26T01:08:10.034+0000] {logging_mixin.py:188} INFO - [2023-12-26T01:08:10.034+0000] {dag.py:3820} INFO - Setting next_dagrun for example_short_circuit_decorator to 2023-12-25T00:00:00+00:00, run_after=2023-12-26T00:00:00+00:00
[2023-12-26T01:08:10.070+0000] {processor.py:183} INFO - Processing /usr/local/python/3.10.13/lib/python3.10/site-packages/airflow/example_dags/example_short_circuit_decorator.py took 0.074 seconds
[2023-12-26T01:08:50.594+0000] {processor.py:161} INFO - Started process (PID=13388) to work on /usr/local/python/3.10.13/lib/python3.10/site-packages/airflow/example_dags/example_short_circuit_decorator.py
[2023-12-26T01:08:50.594+0000] {processor.py:830} INFO - Processing file /usr/local/python/3.10.13/lib/python3.10/site-packages/airflow/example_dags/example_short_circuit_decorator.py for tasks to queue
[2023-12-26T01:08:50.595+0000] {logging_mixin.py:188} INFO - [2023-12-26T01:08:50.595+0000] {dagbag.py:538} INFO - Filling up the DagBag from /usr/local/python/3.10.13/lib/python3.10/site-packages/airflow/example_dags/example_short_circuit_decorator.py
[2023-12-26T01:08:50.603+0000] {processor.py:840} INFO - DAG(s) 'example_short_circuit_decorator' retrieved from /usr/local/python/3.10.13/lib/python3.10/site-packages/airflow/example_dags/example_short_circuit_decorator.py
[2023-12-26T01:08:50.616+0000] {logging_mixin.py:188} INFO - [2023-12-26T01:08:50.616+0000] {dag.py:3033} INFO - Sync 1 DAGs
[2023-12-26T01:08:50.631+0000] {logging_mixin.py:188} INFO - [2023-12-26T01:08:50.631+0000] {dag.py:3820} INFO - Setting next_dagrun for example_short_circuit_decorator to 2023-12-25T00:00:00+00:00, run_after=2023-12-26T00:00:00+00:00
[2023-12-26T01:08:50.665+0000] {processor.py:183} INFO - Processing /usr/local/python/3.10.13/lib/python3.10/site-packages/airflow/example_dags/example_short_circuit_decorator.py took 0.074 seconds
