[2023-12-26T01:01:40.119+0000] {processor.py:161} INFO - Started process (PID=7175) to work on /usr/local/python/3.10.13/lib/python3.10/site-packages/airflow/example_dags/example_skip_dag.py
[2023-12-26T01:01:40.119+0000] {processor.py:830} INFO - Processing file /usr/local/python/3.10.13/lib/python3.10/site-packages/airflow/example_dags/example_skip_dag.py for tasks to queue
[2023-12-26T01:01:40.120+0000] {logging_mixin.py:188} INFO - [2023-12-26T01:01:40.120+0000] {dagbag.py:538} INFO - Filling up the DagBag from /usr/local/python/3.10.13/lib/python3.10/site-packages/airflow/example_dags/example_skip_dag.py
[2023-12-26T01:01:40.126+0000] {processor.py:840} INFO - DAG(s) 'example_skip_dag' retrieved from /usr/local/python/3.10.13/lib/python3.10/site-packages/airflow/example_dags/example_skip_dag.py
[2023-12-26T01:01:40.253+0000] {logging_mixin.py:188} INFO - [2023-12-26T01:01:40.252+0000] {override.py:1769} INFO - Created Permission View: can delete on DAG:example_skip_dag
[2023-12-26T01:01:40.280+0000] {logging_mixin.py:188} INFO - [2023-12-26T01:01:40.280+0000] {override.py:1769} INFO - Created Permission View: can read on DAG:example_skip_dag
[2023-12-26T01:01:40.306+0000] {logging_mixin.py:188} INFO - [2023-12-26T01:01:40.306+0000] {override.py:1769} INFO - Created Permission View: can edit on DAG:example_skip_dag
[2023-12-26T01:01:40.306+0000] {logging_mixin.py:188} INFO - [2023-12-26T01:01:40.306+0000] {dag.py:3033} INFO - Sync 1 DAGs
[2023-12-26T01:01:40.314+0000] {logging_mixin.py:188} INFO - [2023-12-26T01:01:40.314+0000] {dag.py:3055} INFO - Creating ORM DAG for example_skip_dag
[2023-12-26T01:01:40.321+0000] {logging_mixin.py:188} INFO - [2023-12-26T01:01:40.321+0000] {dag.py:3820} INFO - Setting next_dagrun for example_skip_dag to 2023-12-25T00:00:00+00:00, run_after=2023-12-26T00:00:00+00:00
[2023-12-26T01:01:40.360+0000] {processor.py:183} INFO - Processing /usr/local/python/3.10.13/lib/python3.10/site-packages/airflow/example_dags/example_skip_dag.py took 0.243 seconds
[2023-12-26T01:02:35.779+0000] {processor.py:161} INFO - Started process (PID=8578) to work on /usr/local/python/3.10.13/lib/python3.10/site-packages/airflow/example_dags/example_skip_dag.py
[2023-12-26T01:02:35.780+0000] {processor.py:830} INFO - Processing file /usr/local/python/3.10.13/lib/python3.10/site-packages/airflow/example_dags/example_skip_dag.py for tasks to queue
[2023-12-26T01:02:35.780+0000] {logging_mixin.py:188} INFO - [2023-12-26T01:02:35.780+0000] {dagbag.py:538} INFO - Filling up the DagBag from /usr/local/python/3.10.13/lib/python3.10/site-packages/airflow/example_dags/example_skip_dag.py
[2023-12-26T01:02:35.786+0000] {processor.py:840} INFO - DAG(s) 'example_skip_dag' retrieved from /usr/local/python/3.10.13/lib/python3.10/site-packages/airflow/example_dags/example_skip_dag.py
[2023-12-26T01:02:35.798+0000] {logging_mixin.py:188} INFO - [2023-12-26T01:02:35.798+0000] {dag.py:3033} INFO - Sync 1 DAGs
[2023-12-26T01:02:35.812+0000] {logging_mixin.py:188} INFO - [2023-12-26T01:02:35.812+0000] {dag.py:3820} INFO - Setting next_dagrun for example_skip_dag to 2023-12-25T00:00:00+00:00, run_after=2023-12-26T00:00:00+00:00
[2023-12-26T01:02:35.846+0000] {processor.py:183} INFO - Processing /usr/local/python/3.10.13/lib/python3.10/site-packages/airflow/example_dags/example_skip_dag.py took 0.069 seconds
[2023-12-26T01:03:24.429+0000] {processor.py:161} INFO - Started process (PID=9185) to work on /usr/local/python/3.10.13/lib/python3.10/site-packages/airflow/example_dags/example_skip_dag.py
[2023-12-26T01:03:24.429+0000] {processor.py:830} INFO - Processing file /usr/local/python/3.10.13/lib/python3.10/site-packages/airflow/example_dags/example_skip_dag.py for tasks to queue
[2023-12-26T01:03:24.430+0000] {logging_mixin.py:188} INFO - [2023-12-26T01:03:24.430+0000] {dagbag.py:538} INFO - Filling up the DagBag from /usr/local/python/3.10.13/lib/python3.10/site-packages/airflow/example_dags/example_skip_dag.py
[2023-12-26T01:03:24.436+0000] {processor.py:840} INFO - DAG(s) 'example_skip_dag' retrieved from /usr/local/python/3.10.13/lib/python3.10/site-packages/airflow/example_dags/example_skip_dag.py
[2023-12-26T01:03:24.447+0000] {logging_mixin.py:188} INFO - [2023-12-26T01:03:24.447+0000] {dag.py:3033} INFO - Sync 1 DAGs
[2023-12-26T01:03:24.462+0000] {logging_mixin.py:188} INFO - [2023-12-26T01:03:24.462+0000] {dag.py:3820} INFO - Setting next_dagrun for example_skip_dag to 2023-12-25T00:00:00+00:00, run_after=2023-12-26T00:00:00+00:00
[2023-12-26T01:03:24.496+0000] {processor.py:183} INFO - Processing /usr/local/python/3.10.13/lib/python3.10/site-packages/airflow/example_dags/example_skip_dag.py took 0.069 seconds
[2023-12-26T01:04:14.822+0000] {processor.py:161} INFO - Started process (PID=9998) to work on /usr/local/python/3.10.13/lib/python3.10/site-packages/airflow/example_dags/example_skip_dag.py
[2023-12-26T01:04:14.822+0000] {processor.py:830} INFO - Processing file /usr/local/python/3.10.13/lib/python3.10/site-packages/airflow/example_dags/example_skip_dag.py for tasks to queue
[2023-12-26T01:04:14.823+0000] {logging_mixin.py:188} INFO - [2023-12-26T01:04:14.823+0000] {dagbag.py:538} INFO - Filling up the DagBag from /usr/local/python/3.10.13/lib/python3.10/site-packages/airflow/example_dags/example_skip_dag.py
[2023-12-26T01:04:14.828+0000] {processor.py:840} INFO - DAG(s) 'example_skip_dag' retrieved from /usr/local/python/3.10.13/lib/python3.10/site-packages/airflow/example_dags/example_skip_dag.py
[2023-12-26T01:04:14.840+0000] {logging_mixin.py:188} INFO - [2023-12-26T01:04:14.840+0000] {dag.py:3033} INFO - Sync 1 DAGs
[2023-12-26T01:04:14.854+0000] {logging_mixin.py:188} INFO - [2023-12-26T01:04:14.854+0000] {dag.py:3820} INFO - Setting next_dagrun for example_skip_dag to 2023-12-25T00:00:00+00:00, run_after=2023-12-26T00:00:00+00:00
[2023-12-26T01:04:14.888+0000] {processor.py:183} INFO - Processing /usr/local/python/3.10.13/lib/python3.10/site-packages/airflow/example_dags/example_skip_dag.py took 0.068 seconds
[2023-12-26T01:05:13.221+0000] {processor.py:161} INFO - Started process (PID=10542) to work on /usr/local/python/3.10.13/lib/python3.10/site-packages/airflow/example_dags/example_skip_dag.py
[2023-12-26T01:05:13.221+0000] {processor.py:830} INFO - Processing file /usr/local/python/3.10.13/lib/python3.10/site-packages/airflow/example_dags/example_skip_dag.py for tasks to queue
[2023-12-26T01:05:13.222+0000] {logging_mixin.py:188} INFO - [2023-12-26T01:05:13.222+0000] {dagbag.py:538} INFO - Filling up the DagBag from /usr/local/python/3.10.13/lib/python3.10/site-packages/airflow/example_dags/example_skip_dag.py
[2023-12-26T01:05:13.227+0000] {processor.py:840} INFO - DAG(s) 'example_skip_dag' retrieved from /usr/local/python/3.10.13/lib/python3.10/site-packages/airflow/example_dags/example_skip_dag.py
[2023-12-26T01:05:13.239+0000] {logging_mixin.py:188} INFO - [2023-12-26T01:05:13.239+0000] {dag.py:3033} INFO - Sync 1 DAGs
[2023-12-26T01:05:13.253+0000] {logging_mixin.py:188} INFO - [2023-12-26T01:05:13.253+0000] {dag.py:3820} INFO - Setting next_dagrun for example_skip_dag to 2023-12-25T00:00:00+00:00, run_after=2023-12-26T00:00:00+00:00
[2023-12-26T01:05:13.298+0000] {processor.py:183} INFO - Processing /usr/local/python/3.10.13/lib/python3.10/site-packages/airflow/example_dags/example_skip_dag.py took 0.080 seconds
[2023-12-26T01:06:12.906+0000] {processor.py:161} INFO - Started process (PID=11550) to work on /usr/local/python/3.10.13/lib/python3.10/site-packages/airflow/example_dags/example_skip_dag.py
[2023-12-26T01:06:12.907+0000] {processor.py:830} INFO - Processing file /usr/local/python/3.10.13/lib/python3.10/site-packages/airflow/example_dags/example_skip_dag.py for tasks to queue
[2023-12-26T01:06:12.908+0000] {logging_mixin.py:188} INFO - [2023-12-26T01:06:12.907+0000] {dagbag.py:538} INFO - Filling up the DagBag from /usr/local/python/3.10.13/lib/python3.10/site-packages/airflow/example_dags/example_skip_dag.py
[2023-12-26T01:06:12.913+0000] {processor.py:840} INFO - DAG(s) 'example_skip_dag' retrieved from /usr/local/python/3.10.13/lib/python3.10/site-packages/airflow/example_dags/example_skip_dag.py
[2023-12-26T01:06:12.925+0000] {logging_mixin.py:188} INFO - [2023-12-26T01:06:12.925+0000] {dag.py:3033} INFO - Sync 1 DAGs
[2023-12-26T01:06:12.939+0000] {logging_mixin.py:188} INFO - [2023-12-26T01:06:12.939+0000] {dag.py:3820} INFO - Setting next_dagrun for example_skip_dag to 2023-12-25T00:00:00+00:00, run_after=2023-12-26T00:00:00+00:00
[2023-12-26T01:06:12.972+0000] {processor.py:183} INFO - Processing /usr/local/python/3.10.13/lib/python3.10/site-packages/airflow/example_dags/example_skip_dag.py took 0.068 seconds
[2023-12-26T01:07:02.799+0000] {processor.py:161} INFO - Started process (PID=12311) to work on /usr/local/python/3.10.13/lib/python3.10/site-packages/airflow/example_dags/example_skip_dag.py
[2023-12-26T01:07:02.800+0000] {processor.py:830} INFO - Processing file /usr/local/python/3.10.13/lib/python3.10/site-packages/airflow/example_dags/example_skip_dag.py for tasks to queue
[2023-12-26T01:07:02.800+0000] {logging_mixin.py:188} INFO - [2023-12-26T01:07:02.800+0000] {dagbag.py:538} INFO - Filling up the DagBag from /usr/local/python/3.10.13/lib/python3.10/site-packages/airflow/example_dags/example_skip_dag.py
[2023-12-26T01:07:02.806+0000] {processor.py:840} INFO - DAG(s) 'example_skip_dag' retrieved from /usr/local/python/3.10.13/lib/python3.10/site-packages/airflow/example_dags/example_skip_dag.py
[2023-12-26T01:07:02.817+0000] {logging_mixin.py:188} INFO - [2023-12-26T01:07:02.817+0000] {dag.py:3033} INFO - Sync 1 DAGs
[2023-12-26T01:07:02.832+0000] {logging_mixin.py:188} INFO - [2023-12-26T01:07:02.832+0000] {dag.py:3820} INFO - Setting next_dagrun for example_skip_dag to 2023-12-25T00:00:00+00:00, run_after=2023-12-26T00:00:00+00:00
[2023-12-26T01:07:02.868+0000] {processor.py:183} INFO - Processing /usr/local/python/3.10.13/lib/python3.10/site-packages/airflow/example_dags/example_skip_dag.py took 0.071 seconds
[2023-12-26T01:07:55.071+0000] {processor.py:161} INFO - Started process (PID=12737) to work on /usr/local/python/3.10.13/lib/python3.10/site-packages/airflow/example_dags/example_skip_dag.py
[2023-12-26T01:07:55.072+0000] {processor.py:830} INFO - Processing file /usr/local/python/3.10.13/lib/python3.10/site-packages/airflow/example_dags/example_skip_dag.py for tasks to queue
[2023-12-26T01:07:55.073+0000] {logging_mixin.py:188} INFO - [2023-12-26T01:07:55.073+0000] {dagbag.py:538} INFO - Filling up the DagBag from /usr/local/python/3.10.13/lib/python3.10/site-packages/airflow/example_dags/example_skip_dag.py
[2023-12-26T01:07:55.080+0000] {processor.py:840} INFO - DAG(s) 'example_skip_dag' retrieved from /usr/local/python/3.10.13/lib/python3.10/site-packages/airflow/example_dags/example_skip_dag.py
[2023-12-26T01:07:55.096+0000] {logging_mixin.py:188} INFO - [2023-12-26T01:07:55.096+0000] {dag.py:3033} INFO - Sync 1 DAGs
[2023-12-26T01:07:55.119+0000] {logging_mixin.py:188} INFO - [2023-12-26T01:07:55.119+0000] {dag.py:3820} INFO - Setting next_dagrun for example_skip_dag to 2023-12-25T00:00:00+00:00, run_after=2023-12-26T00:00:00+00:00
[2023-12-26T01:07:55.172+0000] {processor.py:183} INFO - Processing /usr/local/python/3.10.13/lib/python3.10/site-packages/airflow/example_dags/example_skip_dag.py took 0.103 seconds
[2023-12-26T01:08:56.884+0000] {processor.py:161} INFO - Started process (PID=13422) to work on /usr/local/python/3.10.13/lib/python3.10/site-packages/airflow/example_dags/example_skip_dag.py
[2023-12-26T01:08:56.884+0000] {processor.py:830} INFO - Processing file /usr/local/python/3.10.13/lib/python3.10/site-packages/airflow/example_dags/example_skip_dag.py for tasks to queue
[2023-12-26T01:08:56.885+0000] {logging_mixin.py:188} INFO - [2023-12-26T01:08:56.884+0000] {dagbag.py:538} INFO - Filling up the DagBag from /usr/local/python/3.10.13/lib/python3.10/site-packages/airflow/example_dags/example_skip_dag.py
[2023-12-26T01:08:56.890+0000] {processor.py:840} INFO - DAG(s) 'example_skip_dag' retrieved from /usr/local/python/3.10.13/lib/python3.10/site-packages/airflow/example_dags/example_skip_dag.py
[2023-12-26T01:08:56.902+0000] {logging_mixin.py:188} INFO - [2023-12-26T01:08:56.902+0000] {dag.py:3033} INFO - Sync 1 DAGs
[2023-12-26T01:08:56.917+0000] {logging_mixin.py:188} INFO - [2023-12-26T01:08:56.917+0000] {dag.py:3820} INFO - Setting next_dagrun for example_skip_dag to 2023-12-25T00:00:00+00:00, run_after=2023-12-26T00:00:00+00:00
[2023-12-26T01:08:56.954+0000] {processor.py:183} INFO - Processing /usr/local/python/3.10.13/lib/python3.10/site-packages/airflow/example_dags/example_skip_dag.py took 0.073 seconds
