[2023-12-26T01:01:06.981+0000] {processor.py:161} INFO - Started process (PID=6659) to work on /usr/local/python/3.10.13/lib/python3.10/site-packages/airflow/example_dags/example_task_group.py
[2023-12-26T01:01:06.982+0000] {processor.py:830} INFO - Processing file /usr/local/python/3.10.13/lib/python3.10/site-packages/airflow/example_dags/example_task_group.py for tasks to queue
[2023-12-26T01:01:06.983+0000] {logging_mixin.py:188} INFO - [2023-12-26T01:01:06.982+0000] {dagbag.py:538} INFO - Filling up the DagBag from /usr/local/python/3.10.13/lib/python3.10/site-packages/airflow/example_dags/example_task_group.py
[2023-12-26T01:01:06.991+0000] {processor.py:840} INFO - DAG(s) 'example_task_group' retrieved from /usr/local/python/3.10.13/lib/python3.10/site-packages/airflow/example_dags/example_task_group.py
[2023-12-26T01:01:07.128+0000] {logging_mixin.py:188} INFO - [2023-12-26T01:01:07.127+0000] {override.py:1769} INFO - Created Permission View: can delete on DAG:example_task_group
[2023-12-26T01:01:07.154+0000] {logging_mixin.py:188} INFO - [2023-12-26T01:01:07.154+0000] {override.py:1769} INFO - Created Permission View: can read on DAG:example_task_group
[2023-12-26T01:01:07.179+0000] {logging_mixin.py:188} INFO - [2023-12-26T01:01:07.179+0000] {override.py:1769} INFO - Created Permission View: can edit on DAG:example_task_group
[2023-12-26T01:01:07.179+0000] {logging_mixin.py:188} INFO - [2023-12-26T01:01:07.179+0000] {dag.py:3033} INFO - Sync 1 DAGs
[2023-12-26T01:01:07.189+0000] {logging_mixin.py:188} INFO - [2023-12-26T01:01:07.189+0000] {dag.py:3055} INFO - Creating ORM DAG for example_task_group
[2023-12-26T01:01:07.195+0000] {logging_mixin.py:188} INFO - [2023-12-26T01:01:07.195+0000] {dag.py:3820} INFO - Setting next_dagrun for example_task_group to 2023-12-25T00:00:00+00:00, run_after=2023-12-26T00:00:00+00:00
[2023-12-26T01:01:07.234+0000] {processor.py:183} INFO - Processing /usr/local/python/3.10.13/lib/python3.10/site-packages/airflow/example_dags/example_task_group.py took 0.254 seconds
[2023-12-26T01:02:08.725+0000] {processor.py:161} INFO - Started process (PID=8100) to work on /usr/local/python/3.10.13/lib/python3.10/site-packages/airflow/example_dags/example_task_group.py
[2023-12-26T01:02:08.726+0000] {processor.py:830} INFO - Processing file /usr/local/python/3.10.13/lib/python3.10/site-packages/airflow/example_dags/example_task_group.py for tasks to queue
[2023-12-26T01:02:08.727+0000] {logging_mixin.py:188} INFO - [2023-12-26T01:02:08.726+0000] {dagbag.py:538} INFO - Filling up the DagBag from /usr/local/python/3.10.13/lib/python3.10/site-packages/airflow/example_dags/example_task_group.py
[2023-12-26T01:02:08.733+0000] {processor.py:840} INFO - DAG(s) 'example_task_group' retrieved from /usr/local/python/3.10.13/lib/python3.10/site-packages/airflow/example_dags/example_task_group.py
[2023-12-26T01:02:08.745+0000] {logging_mixin.py:188} INFO - [2023-12-26T01:02:08.745+0000] {dag.py:3033} INFO - Sync 1 DAGs
[2023-12-26T01:02:08.759+0000] {logging_mixin.py:188} INFO - [2023-12-26T01:02:08.759+0000] {dag.py:3820} INFO - Setting next_dagrun for example_task_group to 2023-12-25T00:00:00+00:00, run_after=2023-12-26T00:00:00+00:00
[2023-12-26T01:02:08.795+0000] {processor.py:183} INFO - Processing /usr/local/python/3.10.13/lib/python3.10/site-packages/airflow/example_dags/example_task_group.py took 0.072 seconds
[2023-12-26T01:02:52.878+0000] {processor.py:161} INFO - Started process (PID=8753) to work on /usr/local/python/3.10.13/lib/python3.10/site-packages/airflow/example_dags/example_task_group.py
[2023-12-26T01:02:52.879+0000] {processor.py:830} INFO - Processing file /usr/local/python/3.10.13/lib/python3.10/site-packages/airflow/example_dags/example_task_group.py for tasks to queue
[2023-12-26T01:02:52.880+0000] {logging_mixin.py:188} INFO - [2023-12-26T01:02:52.879+0000] {dagbag.py:538} INFO - Filling up the DagBag from /usr/local/python/3.10.13/lib/python3.10/site-packages/airflow/example_dags/example_task_group.py
[2023-12-26T01:02:52.886+0000] {processor.py:840} INFO - DAG(s) 'example_task_group' retrieved from /usr/local/python/3.10.13/lib/python3.10/site-packages/airflow/example_dags/example_task_group.py
[2023-12-26T01:02:52.898+0000] {logging_mixin.py:188} INFO - [2023-12-26T01:02:52.897+0000] {dag.py:3033} INFO - Sync 1 DAGs
[2023-12-26T01:02:52.912+0000] {logging_mixin.py:188} INFO - [2023-12-26T01:02:52.912+0000] {dag.py:3820} INFO - Setting next_dagrun for example_task_group to 2023-12-25T00:00:00+00:00, run_after=2023-12-26T00:00:00+00:00
[2023-12-26T01:02:52.960+0000] {processor.py:183} INFO - Processing /usr/local/python/3.10.13/lib/python3.10/site-packages/airflow/example_dags/example_task_group.py took 0.083 seconds
[2023-12-26T01:03:40.980+0000] {processor.py:161} INFO - Started process (PID=9466) to work on /usr/local/python/3.10.13/lib/python3.10/site-packages/airflow/example_dags/example_task_group.py
[2023-12-26T01:03:40.981+0000] {processor.py:830} INFO - Processing file /usr/local/python/3.10.13/lib/python3.10/site-packages/airflow/example_dags/example_task_group.py for tasks to queue
[2023-12-26T01:03:40.981+0000] {logging_mixin.py:188} INFO - [2023-12-26T01:03:40.981+0000] {dagbag.py:538} INFO - Filling up the DagBag from /usr/local/python/3.10.13/lib/python3.10/site-packages/airflow/example_dags/example_task_group.py
[2023-12-26T01:03:40.990+0000] {processor.py:840} INFO - DAG(s) 'example_task_group' retrieved from /usr/local/python/3.10.13/lib/python3.10/site-packages/airflow/example_dags/example_task_group.py
[2023-12-26T01:03:41.004+0000] {logging_mixin.py:188} INFO - [2023-12-26T01:03:41.004+0000] {dag.py:3033} INFO - Sync 1 DAGs
[2023-12-26T01:03:41.023+0000] {logging_mixin.py:188} INFO - [2023-12-26T01:03:41.023+0000] {dag.py:3820} INFO - Setting next_dagrun for example_task_group to 2023-12-25T00:00:00+00:00, run_after=2023-12-26T00:00:00+00:00
[2023-12-26T01:03:41.070+0000] {processor.py:183} INFO - Processing /usr/local/python/3.10.13/lib/python3.10/site-packages/airflow/example_dags/example_task_group.py took 0.093 seconds
[2023-12-26T01:04:23.096+0000] {processor.py:161} INFO - Started process (PID=10121) to work on /usr/local/python/3.10.13/lib/python3.10/site-packages/airflow/example_dags/example_task_group.py
[2023-12-26T01:04:23.096+0000] {processor.py:830} INFO - Processing file /usr/local/python/3.10.13/lib/python3.10/site-packages/airflow/example_dags/example_task_group.py for tasks to queue
[2023-12-26T01:04:23.097+0000] {logging_mixin.py:188} INFO - [2023-12-26T01:04:23.097+0000] {dagbag.py:538} INFO - Filling up the DagBag from /usr/local/python/3.10.13/lib/python3.10/site-packages/airflow/example_dags/example_task_group.py
[2023-12-26T01:04:23.103+0000] {processor.py:840} INFO - DAG(s) 'example_task_group' retrieved from /usr/local/python/3.10.13/lib/python3.10/site-packages/airflow/example_dags/example_task_group.py
[2023-12-26T01:04:23.115+0000] {logging_mixin.py:188} INFO - [2023-12-26T01:04:23.115+0000] {dag.py:3033} INFO - Sync 1 DAGs
[2023-12-26T01:04:23.130+0000] {logging_mixin.py:188} INFO - [2023-12-26T01:04:23.130+0000] {dag.py:3820} INFO - Setting next_dagrun for example_task_group to 2023-12-25T00:00:00+00:00, run_after=2023-12-26T00:00:00+00:00
[2023-12-26T01:04:23.164+0000] {processor.py:183} INFO - Processing /usr/local/python/3.10.13/lib/python3.10/site-packages/airflow/example_dags/example_task_group.py took 0.071 seconds
[2023-12-26T01:05:01.375+0000] {processor.py:161} INFO - Started process (PID=10471) to work on /usr/local/python/3.10.13/lib/python3.10/site-packages/airflow/example_dags/example_task_group.py
[2023-12-26T01:05:01.375+0000] {processor.py:830} INFO - Processing file /usr/local/python/3.10.13/lib/python3.10/site-packages/airflow/example_dags/example_task_group.py for tasks to queue
[2023-12-26T01:05:01.376+0000] {logging_mixin.py:188} INFO - [2023-12-26T01:05:01.376+0000] {dagbag.py:538} INFO - Filling up the DagBag from /usr/local/python/3.10.13/lib/python3.10/site-packages/airflow/example_dags/example_task_group.py
[2023-12-26T01:05:01.382+0000] {processor.py:840} INFO - DAG(s) 'example_task_group' retrieved from /usr/local/python/3.10.13/lib/python3.10/site-packages/airflow/example_dags/example_task_group.py
[2023-12-26T01:05:01.394+0000] {logging_mixin.py:188} INFO - [2023-12-26T01:05:01.393+0000] {dag.py:3033} INFO - Sync 1 DAGs
[2023-12-26T01:05:01.407+0000] {logging_mixin.py:188} INFO - [2023-12-26T01:05:01.407+0000] {dag.py:3820} INFO - Setting next_dagrun for example_task_group to 2023-12-25T00:00:00+00:00, run_after=2023-12-26T00:00:00+00:00
[2023-12-26T01:05:01.441+0000] {processor.py:183} INFO - Processing /usr/local/python/3.10.13/lib/python3.10/site-packages/airflow/example_dags/example_task_group.py took 0.068 seconds
[2023-12-26T01:05:38.942+0000] {processor.py:161} INFO - Started process (PID=10901) to work on /usr/local/python/3.10.13/lib/python3.10/site-packages/airflow/example_dags/example_task_group.py
[2023-12-26T01:05:38.943+0000] {processor.py:830} INFO - Processing file /usr/local/python/3.10.13/lib/python3.10/site-packages/airflow/example_dags/example_task_group.py for tasks to queue
[2023-12-26T01:05:38.944+0000] {logging_mixin.py:188} INFO - [2023-12-26T01:05:38.943+0000] {dagbag.py:538} INFO - Filling up the DagBag from /usr/local/python/3.10.13/lib/python3.10/site-packages/airflow/example_dags/example_task_group.py
[2023-12-26T01:05:38.950+0000] {processor.py:840} INFO - DAG(s) 'example_task_group' retrieved from /usr/local/python/3.10.13/lib/python3.10/site-packages/airflow/example_dags/example_task_group.py
[2023-12-26T01:05:38.962+0000] {logging_mixin.py:188} INFO - [2023-12-26T01:05:38.962+0000] {dag.py:3033} INFO - Sync 1 DAGs
[2023-12-26T01:05:38.977+0000] {logging_mixin.py:188} INFO - [2023-12-26T01:05:38.977+0000] {dag.py:3820} INFO - Setting next_dagrun for example_task_group to 2023-12-25T00:00:00+00:00, run_after=2023-12-26T00:00:00+00:00
[2023-12-26T01:05:39.010+0000] {processor.py:183} INFO - Processing /usr/local/python/3.10.13/lib/python3.10/site-packages/airflow/example_dags/example_task_group.py took 0.070 seconds
[2023-12-26T01:06:20.365+0000] {processor.py:161} INFO - Started process (PID=11665) to work on /usr/local/python/3.10.13/lib/python3.10/site-packages/airflow/example_dags/example_task_group.py
[2023-12-26T01:06:20.365+0000] {processor.py:830} INFO - Processing file /usr/local/python/3.10.13/lib/python3.10/site-packages/airflow/example_dags/example_task_group.py for tasks to queue
[2023-12-26T01:06:20.366+0000] {logging_mixin.py:188} INFO - [2023-12-26T01:06:20.366+0000] {dagbag.py:538} INFO - Filling up the DagBag from /usr/local/python/3.10.13/lib/python3.10/site-packages/airflow/example_dags/example_task_group.py
[2023-12-26T01:06:20.373+0000] {processor.py:840} INFO - DAG(s) 'example_task_group' retrieved from /usr/local/python/3.10.13/lib/python3.10/site-packages/airflow/example_dags/example_task_group.py
[2023-12-26T01:06:20.386+0000] {logging_mixin.py:188} INFO - [2023-12-26T01:06:20.386+0000] {dag.py:3033} INFO - Sync 1 DAGs
[2023-12-26T01:06:20.402+0000] {logging_mixin.py:188} INFO - [2023-12-26T01:06:20.402+0000] {dag.py:3820} INFO - Setting next_dagrun for example_task_group to 2023-12-25T00:00:00+00:00, run_after=2023-12-26T00:00:00+00:00
[2023-12-26T01:06:20.437+0000] {processor.py:183} INFO - Processing /usr/local/python/3.10.13/lib/python3.10/site-packages/airflow/example_dags/example_task_group.py took 0.075 seconds
[2023-12-26T01:07:07.627+0000] {processor.py:161} INFO - Started process (PID=12352) to work on /usr/local/python/3.10.13/lib/python3.10/site-packages/airflow/example_dags/example_task_group.py
[2023-12-26T01:07:07.628+0000] {processor.py:830} INFO - Processing file /usr/local/python/3.10.13/lib/python3.10/site-packages/airflow/example_dags/example_task_group.py for tasks to queue
[2023-12-26T01:07:07.629+0000] {logging_mixin.py:188} INFO - [2023-12-26T01:07:07.628+0000] {dagbag.py:538} INFO - Filling up the DagBag from /usr/local/python/3.10.13/lib/python3.10/site-packages/airflow/example_dags/example_task_group.py
[2023-12-26T01:07:07.635+0000] {processor.py:840} INFO - DAG(s) 'example_task_group' retrieved from /usr/local/python/3.10.13/lib/python3.10/site-packages/airflow/example_dags/example_task_group.py
[2023-12-26T01:07:07.647+0000] {logging_mixin.py:188} INFO - [2023-12-26T01:07:07.646+0000] {dag.py:3033} INFO - Sync 1 DAGs
[2023-12-26T01:07:07.661+0000] {logging_mixin.py:188} INFO - [2023-12-26T01:07:07.661+0000] {dag.py:3820} INFO - Setting next_dagrun for example_task_group to 2023-12-25T00:00:00+00:00, run_after=2023-12-26T00:00:00+00:00
[2023-12-26T01:07:07.697+0000] {processor.py:183} INFO - Processing /usr/local/python/3.10.13/lib/python3.10/site-packages/airflow/example_dags/example_task_group.py took 0.072 seconds
[2023-12-26T01:07:40.726+0000] {processor.py:161} INFO - Started process (PID=12633) to work on /usr/local/python/3.10.13/lib/python3.10/site-packages/airflow/example_dags/example_task_group.py
[2023-12-26T01:07:40.727+0000] {processor.py:830} INFO - Processing file /usr/local/python/3.10.13/lib/python3.10/site-packages/airflow/example_dags/example_task_group.py for tasks to queue
[2023-12-26T01:07:40.727+0000] {logging_mixin.py:188} INFO - [2023-12-26T01:07:40.727+0000] {dagbag.py:538} INFO - Filling up the DagBag from /usr/local/python/3.10.13/lib/python3.10/site-packages/airflow/example_dags/example_task_group.py
[2023-12-26T01:07:40.733+0000] {processor.py:840} INFO - DAG(s) 'example_task_group' retrieved from /usr/local/python/3.10.13/lib/python3.10/site-packages/airflow/example_dags/example_task_group.py
[2023-12-26T01:07:40.745+0000] {logging_mixin.py:188} INFO - [2023-12-26T01:07:40.745+0000] {dag.py:3033} INFO - Sync 1 DAGs
[2023-12-26T01:07:40.759+0000] {logging_mixin.py:188} INFO - [2023-12-26T01:07:40.759+0000] {dag.py:3820} INFO - Setting next_dagrun for example_task_group to 2023-12-25T00:00:00+00:00, run_after=2023-12-26T00:00:00+00:00
[2023-12-26T01:07:40.792+0000] {processor.py:183} INFO - Processing /usr/local/python/3.10.13/lib/python3.10/site-packages/airflow/example_dags/example_task_group.py took 0.068 seconds
