[2023-12-26T01:01:57.892+0000] {processor.py:161} INFO - Started process (PID=7457) to work on /usr/local/python/3.10.13/lib/python3.10/site-packages/airflow/example_dags/example_branch_operator_decorator.py
[2023-12-26T01:01:57.893+0000] {processor.py:830} INFO - Processing file /usr/local/python/3.10.13/lib/python3.10/site-packages/airflow/example_dags/example_branch_operator_decorator.py for tasks to queue
[2023-12-26T01:01:57.893+0000] {logging_mixin.py:188} INFO - [2023-12-26T01:01:57.893+0000] {dagbag.py:538} INFO - Filling up the DagBag from /usr/local/python/3.10.13/lib/python3.10/site-packages/airflow/example_dags/example_branch_operator_decorator.py
[2023-12-26T01:01:57.909+0000] {processor.py:840} INFO - DAG(s) 'example_branch_python_operator_decorator' retrieved from /usr/local/python/3.10.13/lib/python3.10/site-packages/airflow/example_dags/example_branch_operator_decorator.py
[2023-12-26T01:01:58.051+0000] {logging_mixin.py:188} INFO - [2023-12-26T01:01:58.050+0000] {override.py:1769} INFO - Created Permission View: can delete on DAG:example_branch_python_operator_decorator
[2023-12-26T01:01:58.082+0000] {logging_mixin.py:188} INFO - [2023-12-26T01:01:58.082+0000] {override.py:1769} INFO - Created Permission View: can read on DAG:example_branch_python_operator_decorator
[2023-12-26T01:01:58.110+0000] {logging_mixin.py:188} INFO - [2023-12-26T01:01:58.109+0000] {override.py:1769} INFO - Created Permission View: can edit on DAG:example_branch_python_operator_decorator
[2023-12-26T01:01:58.110+0000] {logging_mixin.py:188} INFO - [2023-12-26T01:01:58.110+0000] {dag.py:3033} INFO - Sync 1 DAGs
[2023-12-26T01:01:58.120+0000] {logging_mixin.py:188} INFO - [2023-12-26T01:01:58.120+0000] {dag.py:3055} INFO - Creating ORM DAG for example_branch_python_operator_decorator
[2023-12-26T01:01:58.129+0000] {logging_mixin.py:188} INFO - [2023-12-26T01:01:58.129+0000] {dag.py:3820} INFO - Setting next_dagrun for example_branch_python_operator_decorator to 2023-12-25T00:00:00+00:00, run_after=2023-12-26T00:00:00+00:00
[2023-12-26T01:01:58.181+0000] {processor.py:183} INFO - Processing /usr/local/python/3.10.13/lib/python3.10/site-packages/airflow/example_dags/example_branch_operator_decorator.py took 0.292 seconds
[2023-12-26T01:02:47.332+0000] {processor.py:161} INFO - Started process (PID=8696) to work on /usr/local/python/3.10.13/lib/python3.10/site-packages/airflow/example_dags/example_branch_operator_decorator.py
[2023-12-26T01:02:47.332+0000] {processor.py:830} INFO - Processing file /usr/local/python/3.10.13/lib/python3.10/site-packages/airflow/example_dags/example_branch_operator_decorator.py for tasks to queue
[2023-12-26T01:02:47.333+0000] {logging_mixin.py:188} INFO - [2023-12-26T01:02:47.333+0000] {dagbag.py:538} INFO - Filling up the DagBag from /usr/local/python/3.10.13/lib/python3.10/site-packages/airflow/example_dags/example_branch_operator_decorator.py
[2023-12-26T01:02:47.348+0000] {processor.py:840} INFO - DAG(s) 'example_branch_python_operator_decorator' retrieved from /usr/local/python/3.10.13/lib/python3.10/site-packages/airflow/example_dags/example_branch_operator_decorator.py
[2023-12-26T01:02:47.366+0000] {logging_mixin.py:188} INFO - [2023-12-26T01:02:47.366+0000] {dag.py:3033} INFO - Sync 1 DAGs
[2023-12-26T01:02:47.382+0000] {logging_mixin.py:188} INFO - [2023-12-26T01:02:47.382+0000] {dag.py:3820} INFO - Setting next_dagrun for example_branch_python_operator_decorator to 2023-12-25T00:00:00+00:00, run_after=2023-12-26T00:00:00+00:00
[2023-12-26T01:02:47.415+0000] {processor.py:183} INFO - Processing /usr/local/python/3.10.13/lib/python3.10/site-packages/airflow/example_dags/example_branch_operator_decorator.py took 0.086 seconds
[2023-12-26T01:03:38.112+0000] {processor.py:161} INFO - Started process (PID=9439) to work on /usr/local/python/3.10.13/lib/python3.10/site-packages/airflow/example_dags/example_branch_operator_decorator.py
[2023-12-26T01:03:38.113+0000] {processor.py:830} INFO - Processing file /usr/local/python/3.10.13/lib/python3.10/site-packages/airflow/example_dags/example_branch_operator_decorator.py for tasks to queue
[2023-12-26T01:03:38.113+0000] {logging_mixin.py:188} INFO - [2023-12-26T01:03:38.113+0000] {dagbag.py:538} INFO - Filling up the DagBag from /usr/local/python/3.10.13/lib/python3.10/site-packages/airflow/example_dags/example_branch_operator_decorator.py
[2023-12-26T01:03:38.129+0000] {processor.py:840} INFO - DAG(s) 'example_branch_python_operator_decorator' retrieved from /usr/local/python/3.10.13/lib/python3.10/site-packages/airflow/example_dags/example_branch_operator_decorator.py
[2023-12-26T01:03:38.147+0000] {logging_mixin.py:188} INFO - [2023-12-26T01:03:38.147+0000] {dag.py:3033} INFO - Sync 1 DAGs
[2023-12-26T01:03:38.173+0000] {logging_mixin.py:188} INFO - [2023-12-26T01:03:38.173+0000] {dag.py:3820} INFO - Setting next_dagrun for example_branch_python_operator_decorator to 2023-12-25T00:00:00+00:00, run_after=2023-12-26T00:00:00+00:00
[2023-12-26T01:03:38.212+0000] {processor.py:183} INFO - Processing /usr/local/python/3.10.13/lib/python3.10/site-packages/airflow/example_dags/example_branch_operator_decorator.py took 0.102 seconds
[2023-12-26T01:04:40.005+0000] {processor.py:161} INFO - Started process (PID=10273) to work on /usr/local/python/3.10.13/lib/python3.10/site-packages/airflow/example_dags/example_branch_operator_decorator.py
[2023-12-26T01:04:40.006+0000] {processor.py:830} INFO - Processing file /usr/local/python/3.10.13/lib/python3.10/site-packages/airflow/example_dags/example_branch_operator_decorator.py for tasks to queue
[2023-12-26T01:04:40.006+0000] {logging_mixin.py:188} INFO - [2023-12-26T01:04:40.006+0000] {dagbag.py:538} INFO - Filling up the DagBag from /usr/local/python/3.10.13/lib/python3.10/site-packages/airflow/example_dags/example_branch_operator_decorator.py
[2023-12-26T01:04:40.021+0000] {processor.py:840} INFO - DAG(s) 'example_branch_python_operator_decorator' retrieved from /usr/local/python/3.10.13/lib/python3.10/site-packages/airflow/example_dags/example_branch_operator_decorator.py
[2023-12-26T01:04:40.039+0000] {logging_mixin.py:188} INFO - [2023-12-26T01:04:40.039+0000] {dag.py:3033} INFO - Sync 1 DAGs
[2023-12-26T01:04:40.055+0000] {logging_mixin.py:188} INFO - [2023-12-26T01:04:40.055+0000] {dag.py:3820} INFO - Setting next_dagrun for example_branch_python_operator_decorator to 2023-12-25T00:00:00+00:00, run_after=2023-12-26T00:00:00+00:00
[2023-12-26T01:04:40.089+0000] {processor.py:183} INFO - Processing /usr/local/python/3.10.13/lib/python3.10/site-packages/airflow/example_dags/example_branch_operator_decorator.py took 0.086 seconds
[2023-12-26T01:05:35.517+0000] {processor.py:161} INFO - Started process (PID=10833) to work on /usr/local/python/3.10.13/lib/python3.10/site-packages/airflow/example_dags/example_branch_operator_decorator.py
[2023-12-26T01:05:35.517+0000] {processor.py:830} INFO - Processing file /usr/local/python/3.10.13/lib/python3.10/site-packages/airflow/example_dags/example_branch_operator_decorator.py for tasks to queue
[2023-12-26T01:05:35.518+0000] {logging_mixin.py:188} INFO - [2023-12-26T01:05:35.518+0000] {dagbag.py:538} INFO - Filling up the DagBag from /usr/local/python/3.10.13/lib/python3.10/site-packages/airflow/example_dags/example_branch_operator_decorator.py
[2023-12-26T01:05:35.533+0000] {processor.py:840} INFO - DAG(s) 'example_branch_python_operator_decorator' retrieved from /usr/local/python/3.10.13/lib/python3.10/site-packages/airflow/example_dags/example_branch_operator_decorator.py
[2023-12-26T01:05:35.552+0000] {logging_mixin.py:188} INFO - [2023-12-26T01:05:35.551+0000] {dag.py:3033} INFO - Sync 1 DAGs
[2023-12-26T01:05:35.568+0000] {logging_mixin.py:188} INFO - [2023-12-26T01:05:35.568+0000] {dag.py:3820} INFO - Setting next_dagrun for example_branch_python_operator_decorator to 2023-12-25T00:00:00+00:00, run_after=2023-12-26T00:00:00+00:00
[2023-12-26T01:05:35.601+0000] {processor.py:183} INFO - Processing /usr/local/python/3.10.13/lib/python3.10/site-packages/airflow/example_dags/example_branch_operator_decorator.py took 0.087 seconds
[2023-12-26T01:06:41.826+0000] {processor.py:161} INFO - Started process (PID=12109) to work on /usr/local/python/3.10.13/lib/python3.10/site-packages/airflow/example_dags/example_branch_operator_decorator.py
[2023-12-26T01:06:41.827+0000] {processor.py:830} INFO - Processing file /usr/local/python/3.10.13/lib/python3.10/site-packages/airflow/example_dags/example_branch_operator_decorator.py for tasks to queue
[2023-12-26T01:06:41.828+0000] {logging_mixin.py:188} INFO - [2023-12-26T01:06:41.827+0000] {dagbag.py:538} INFO - Filling up the DagBag from /usr/local/python/3.10.13/lib/python3.10/site-packages/airflow/example_dags/example_branch_operator_decorator.py
[2023-12-26T01:06:41.843+0000] {processor.py:840} INFO - DAG(s) 'example_branch_python_operator_decorator' retrieved from /usr/local/python/3.10.13/lib/python3.10/site-packages/airflow/example_dags/example_branch_operator_decorator.py
[2023-12-26T01:06:41.859+0000] {logging_mixin.py:188} INFO - [2023-12-26T01:06:41.859+0000] {dag.py:3033} INFO - Sync 1 DAGs
[2023-12-26T01:06:41.874+0000] {logging_mixin.py:188} INFO - [2023-12-26T01:06:41.874+0000] {dag.py:3820} INFO - Setting next_dagrun for example_branch_python_operator_decorator to 2023-12-25T00:00:00+00:00, run_after=2023-12-26T00:00:00+00:00
[2023-12-26T01:06:41.912+0000] {processor.py:183} INFO - Processing /usr/local/python/3.10.13/lib/python3.10/site-packages/airflow/example_dags/example_branch_operator_decorator.py took 0.088 seconds
[2023-12-26T01:07:37.300+0000] {processor.py:161} INFO - Started process (PID=12600) to work on /usr/local/python/3.10.13/lib/python3.10/site-packages/airflow/example_dags/example_branch_operator_decorator.py
[2023-12-26T01:07:37.301+0000] {processor.py:830} INFO - Processing file /usr/local/python/3.10.13/lib/python3.10/site-packages/airflow/example_dags/example_branch_operator_decorator.py for tasks to queue
[2023-12-26T01:07:37.302+0000] {logging_mixin.py:188} INFO - [2023-12-26T01:07:37.301+0000] {dagbag.py:538} INFO - Filling up the DagBag from /usr/local/python/3.10.13/lib/python3.10/site-packages/airflow/example_dags/example_branch_operator_decorator.py
[2023-12-26T01:07:37.317+0000] {processor.py:840} INFO - DAG(s) 'example_branch_python_operator_decorator' retrieved from /usr/local/python/3.10.13/lib/python3.10/site-packages/airflow/example_dags/example_branch_operator_decorator.py
[2023-12-26T01:07:37.334+0000] {logging_mixin.py:188} INFO - [2023-12-26T01:07:37.334+0000] {dag.py:3033} INFO - Sync 1 DAGs
[2023-12-26T01:07:37.349+0000] {logging_mixin.py:188} INFO - [2023-12-26T01:07:37.349+0000] {dag.py:3820} INFO - Setting next_dagrun for example_branch_python_operator_decorator to 2023-12-25T00:00:00+00:00, run_after=2023-12-26T00:00:00+00:00
[2023-12-26T01:07:37.384+0000] {processor.py:183} INFO - Processing /usr/local/python/3.10.13/lib/python3.10/site-packages/airflow/example_dags/example_branch_operator_decorator.py took 0.086 seconds
