[2023-12-26T01:01:43.900+0000] {processor.py:161} INFO - Started process (PID=7230) to work on /usr/local/python/3.10.13/lib/python3.10/site-packages/airflow/example_dags/example_datasets.py
[2023-12-26T01:01:43.900+0000] {processor.py:830} INFO - Processing file /usr/local/python/3.10.13/lib/python3.10/site-packages/airflow/example_dags/example_datasets.py for tasks to queue
[2023-12-26T01:01:43.901+0000] {logging_mixin.py:188} INFO - [2023-12-26T01:01:43.901+0000] {dagbag.py:538} INFO - Filling up the DagBag from /usr/local/python/3.10.13/lib/python3.10/site-packages/airflow/example_dags/example_datasets.py
[2023-12-26T01:01:43.915+0000] {processor.py:840} INFO - DAG(s) 'dataset_consumes_1_never_scheduled', 'dataset_consumes_1_and_2', 'dataset_consumes_unknown_never_scheduled', 'dataset_produces_1', 'dataset_consumes_1', 'dataset_produces_2' retrieved from /usr/local/python/3.10.13/lib/python3.10/site-packages/airflow/example_dags/example_datasets.py
[2023-12-26T01:01:44.144+0000] {logging_mixin.py:188} INFO - [2023-12-26T01:01:44.143+0000] {override.py:1769} INFO - Created Permission View: can delete on DAG:dataset_consumes_1_never_scheduled
[2023-12-26T01:01:44.186+0000] {logging_mixin.py:188} INFO - [2023-12-26T01:01:44.185+0000] {override.py:1769} INFO - Created Permission View: can read on DAG:dataset_consumes_1_never_scheduled
[2023-12-26T01:01:44.223+0000] {logging_mixin.py:188} INFO - [2023-12-26T01:01:44.223+0000] {override.py:1769} INFO - Created Permission View: can edit on DAG:dataset_consumes_1_never_scheduled
[2023-12-26T01:01:44.308+0000] {logging_mixin.py:188} INFO - [2023-12-26T01:01:44.308+0000] {override.py:1769} INFO - Created Permission View: can delete on DAG:dataset_consumes_1_and_2
[2023-12-26T01:01:44.346+0000] {logging_mixin.py:188} INFO - [2023-12-26T01:01:44.345+0000] {override.py:1769} INFO - Created Permission View: can read on DAG:dataset_consumes_1_and_2
[2023-12-26T01:01:44.407+0000] {logging_mixin.py:188} INFO - [2023-12-26T01:01:44.406+0000] {override.py:1769} INFO - Created Permission View: can edit on DAG:dataset_consumes_1_and_2
[2023-12-26T01:01:44.622+0000] {logging_mixin.py:188} INFO - [2023-12-26T01:01:44.622+0000] {override.py:1769} INFO - Created Permission View: can delete on DAG:dataset_consumes_unknown_never_scheduled
[2023-12-26T01:01:44.983+0000] {logging_mixin.py:188} INFO - [2023-12-26T01:01:44.983+0000] {override.py:1769} INFO - Created Permission View: can read on DAG:dataset_consumes_unknown_never_scheduled
[2023-12-26T01:01:45.073+0000] {logging_mixin.py:188} INFO - [2023-12-26T01:01:45.073+0000] {override.py:1769} INFO - Created Permission View: can edit on DAG:dataset_consumes_unknown_never_scheduled
[2023-12-26T01:01:45.268+0000] {logging_mixin.py:188} INFO - [2023-12-26T01:01:45.268+0000] {override.py:1769} INFO - Created Permission View: can delete on DAG:dataset_produces_1
[2023-12-26T01:01:45.349+0000] {logging_mixin.py:188} INFO - [2023-12-26T01:01:45.349+0000] {override.py:1769} INFO - Created Permission View: can read on DAG:dataset_produces_1
[2023-12-26T01:01:45.405+0000] {logging_mixin.py:188} INFO - [2023-12-26T01:01:45.404+0000] {override.py:1769} INFO - Created Permission View: can edit on DAG:dataset_produces_1
[2023-12-26T01:01:45.500+0000] {logging_mixin.py:188} INFO - [2023-12-26T01:01:45.499+0000] {override.py:1769} INFO - Created Permission View: can delete on DAG:dataset_consumes_1
[2023-12-26T01:01:45.539+0000] {logging_mixin.py:188} INFO - [2023-12-26T01:01:45.538+0000] {override.py:1769} INFO - Created Permission View: can read on DAG:dataset_consumes_1
[2023-12-26T01:01:45.599+0000] {logging_mixin.py:188} INFO - [2023-12-26T01:01:45.598+0000] {override.py:1769} INFO - Created Permission View: can edit on DAG:dataset_consumes_1
[2023-12-26T01:01:45.722+0000] {logging_mixin.py:188} INFO - [2023-12-26T01:01:45.722+0000] {override.py:1769} INFO - Created Permission View: can delete on DAG:dataset_produces_2
[2023-12-26T01:01:45.834+0000] {logging_mixin.py:188} INFO - [2023-12-26T01:01:45.834+0000] {override.py:1769} INFO - Created Permission View: can read on DAG:dataset_produces_2
[2023-12-26T01:01:45.893+0000] {logging_mixin.py:188} INFO - [2023-12-26T01:01:45.893+0000] {override.py:1769} INFO - Created Permission View: can edit on DAG:dataset_produces_2
[2023-12-26T01:01:45.893+0000] {logging_mixin.py:188} INFO - [2023-12-26T01:01:45.893+0000] {dag.py:3033} INFO - Sync 6 DAGs
[2023-12-26T01:01:45.916+0000] {logging_mixin.py:188} INFO - [2023-12-26T01:01:45.916+0000] {dag.py:3055} INFO - Creating ORM DAG for dataset_consumes_1_and_2
[2023-12-26T01:01:45.917+0000] {logging_mixin.py:188} INFO - [2023-12-26T01:01:45.916+0000] {dag.py:3055} INFO - Creating ORM DAG for dataset_produces_2
[2023-12-26T01:01:45.917+0000] {logging_mixin.py:188} INFO - [2023-12-26T01:01:45.917+0000] {dag.py:3055} INFO - Creating ORM DAG for dataset_produces_1
[2023-12-26T01:01:45.918+0000] {logging_mixin.py:188} INFO - [2023-12-26T01:01:45.918+0000] {dag.py:3055} INFO - Creating ORM DAG for dataset_consumes_unknown_never_scheduled
[2023-12-26T01:01:45.919+0000] {logging_mixin.py:188} INFO - [2023-12-26T01:01:45.918+0000] {dag.py:3055} INFO - Creating ORM DAG for dataset_consumes_1_never_scheduled
[2023-12-26T01:01:45.919+0000] {logging_mixin.py:188} INFO - [2023-12-26T01:01:45.919+0000] {dag.py:3055} INFO - Creating ORM DAG for dataset_consumes_1
[2023-12-26T01:01:45.932+0000] {logging_mixin.py:188} INFO - [2023-12-26T01:01:45.931+0000] {dag.py:3820} INFO - Setting next_dagrun for dataset_consumes_1 to None, run_after=None
[2023-12-26T01:01:45.933+0000] {logging_mixin.py:188} INFO - [2023-12-26T01:01:45.933+0000] {dag.py:3820} INFO - Setting next_dagrun for dataset_consumes_1_and_2 to None, run_after=None
[2023-12-26T01:01:45.934+0000] {logging_mixin.py:188} INFO - [2023-12-26T01:01:45.934+0000] {dag.py:3820} INFO - Setting next_dagrun for dataset_consumes_1_never_scheduled to None, run_after=None
[2023-12-26T01:01:45.935+0000] {logging_mixin.py:188} INFO - [2023-12-26T01:01:45.935+0000] {dag.py:3820} INFO - Setting next_dagrun for dataset_consumes_unknown_never_scheduled to None, run_after=None
[2023-12-26T01:01:45.939+0000] {logging_mixin.py:188} INFO - [2023-12-26T01:01:45.939+0000] {dag.py:3820} INFO - Setting next_dagrun for dataset_produces_1 to 2023-12-25T00:00:00+00:00, run_after=2023-12-26T00:00:00+00:00
[2023-12-26T01:01:45.940+0000] {logging_mixin.py:188} INFO - [2023-12-26T01:01:45.939+0000] {dag.py:3820} INFO - Setting next_dagrun for dataset_produces_2 to None, run_after=None
[2023-12-26T01:01:46.011+0000] {processor.py:183} INFO - Processing /usr/local/python/3.10.13/lib/python3.10/site-packages/airflow/example_dags/example_datasets.py took 2.114 seconds
[2023-12-26T01:02:38.648+0000] {processor.py:161} INFO - Started process (PID=8620) to work on /usr/local/python/3.10.13/lib/python3.10/site-packages/airflow/example_dags/example_datasets.py
[2023-12-26T01:02:38.649+0000] {processor.py:830} INFO - Processing file /usr/local/python/3.10.13/lib/python3.10/site-packages/airflow/example_dags/example_datasets.py for tasks to queue
[2023-12-26T01:02:38.650+0000] {logging_mixin.py:188} INFO - [2023-12-26T01:02:38.649+0000] {dagbag.py:538} INFO - Filling up the DagBag from /usr/local/python/3.10.13/lib/python3.10/site-packages/airflow/example_dags/example_datasets.py
[2023-12-26T01:02:38.658+0000] {processor.py:840} INFO - DAG(s) 'dataset_consumes_1', 'dataset_consumes_1_and_2', 'dataset_consumes_unknown_never_scheduled', 'dataset_produces_2', 'dataset_produces_1', 'dataset_consumes_1_never_scheduled' retrieved from /usr/local/python/3.10.13/lib/python3.10/site-packages/airflow/example_dags/example_datasets.py
[2023-12-26T01:02:38.679+0000] {logging_mixin.py:188} INFO - [2023-12-26T01:02:38.678+0000] {dag.py:3033} INFO - Sync 6 DAGs
[2023-12-26T01:02:38.695+0000] {logging_mixin.py:188} INFO - [2023-12-26T01:02:38.695+0000] {dag.py:3820} INFO - Setting next_dagrun for dataset_consumes_1 to None, run_after=None
[2023-12-26T01:02:38.698+0000] {logging_mixin.py:188} INFO - [2023-12-26T01:02:38.698+0000] {dag.py:3820} INFO - Setting next_dagrun for dataset_consumes_1_and_2 to None, run_after=None
[2023-12-26T01:02:38.698+0000] {logging_mixin.py:188} INFO - [2023-12-26T01:02:38.698+0000] {dag.py:3820} INFO - Setting next_dagrun for dataset_consumes_1_never_scheduled to None, run_after=None
[2023-12-26T01:02:38.699+0000] {logging_mixin.py:188} INFO - [2023-12-26T01:02:38.699+0000] {dag.py:3820} INFO - Setting next_dagrun for dataset_consumes_unknown_never_scheduled to None, run_after=None
[2023-12-26T01:02:38.701+0000] {logging_mixin.py:188} INFO - [2023-12-26T01:02:38.701+0000] {dag.py:3820} INFO - Setting next_dagrun for dataset_produces_1 to 2023-12-25T00:00:00+00:00, run_after=2023-12-26T00:00:00+00:00
[2023-12-26T01:02:38.702+0000] {logging_mixin.py:188} INFO - [2023-12-26T01:02:38.702+0000] {dag.py:3820} INFO - Setting next_dagrun for dataset_produces_2 to None, run_after=None
[2023-12-26T01:02:38.750+0000] {processor.py:183} INFO - Processing /usr/local/python/3.10.13/lib/python3.10/site-packages/airflow/example_dags/example_datasets.py took 0.104 seconds
[2023-12-26T01:03:27.795+0000] {processor.py:161} INFO - Started process (PID=9229) to work on /usr/local/python/3.10.13/lib/python3.10/site-packages/airflow/example_dags/example_datasets.py
[2023-12-26T01:03:27.796+0000] {processor.py:830} INFO - Processing file /usr/local/python/3.10.13/lib/python3.10/site-packages/airflow/example_dags/example_datasets.py for tasks to queue
[2023-12-26T01:03:27.797+0000] {logging_mixin.py:188} INFO - [2023-12-26T01:03:27.796+0000] {dagbag.py:538} INFO - Filling up the DagBag from /usr/local/python/3.10.13/lib/python3.10/site-packages/airflow/example_dags/example_datasets.py
[2023-12-26T01:03:27.803+0000] {processor.py:840} INFO - DAG(s) 'dataset_consumes_unknown_never_scheduled', 'dataset_produces_2', 'dataset_consumes_1', 'dataset_produces_1', 'dataset_consumes_1_never_scheduled', 'dataset_consumes_1_and_2' retrieved from /usr/local/python/3.10.13/lib/python3.10/site-packages/airflow/example_dags/example_datasets.py
[2023-12-26T01:03:27.823+0000] {logging_mixin.py:188} INFO - [2023-12-26T01:03:27.823+0000] {dag.py:3033} INFO - Sync 6 DAGs
[2023-12-26T01:03:27.838+0000] {logging_mixin.py:188} INFO - [2023-12-26T01:03:27.838+0000] {dag.py:3820} INFO - Setting next_dagrun for dataset_consumes_1 to None, run_after=None
[2023-12-26T01:03:27.841+0000] {logging_mixin.py:188} INFO - [2023-12-26T01:03:27.841+0000] {dag.py:3820} INFO - Setting next_dagrun for dataset_consumes_1_and_2 to None, run_after=None
[2023-12-26T01:03:27.841+0000] {logging_mixin.py:188} INFO - [2023-12-26T01:03:27.841+0000] {dag.py:3820} INFO - Setting next_dagrun for dataset_consumes_1_never_scheduled to None, run_after=None
[2023-12-26T01:03:27.842+0000] {logging_mixin.py:188} INFO - [2023-12-26T01:03:27.842+0000] {dag.py:3820} INFO - Setting next_dagrun for dataset_consumes_unknown_never_scheduled to None, run_after=None
[2023-12-26T01:03:27.844+0000] {logging_mixin.py:188} INFO - [2023-12-26T01:03:27.844+0000] {dag.py:3820} INFO - Setting next_dagrun for dataset_produces_1 to 2023-12-25T00:00:00+00:00, run_after=2023-12-26T00:00:00+00:00
[2023-12-26T01:03:27.845+0000] {logging_mixin.py:188} INFO - [2023-12-26T01:03:27.845+0000] {dag.py:3820} INFO - Setting next_dagrun for dataset_produces_2 to None, run_after=None
[2023-12-26T01:03:27.887+0000] {processor.py:183} INFO - Processing /usr/local/python/3.10.13/lib/python3.10/site-packages/airflow/example_dags/example_datasets.py took 0.094 seconds
[2023-12-26T01:04:18.106+0000] {processor.py:161} INFO - Started process (PID=10038) to work on /usr/local/python/3.10.13/lib/python3.10/site-packages/airflow/example_dags/example_datasets.py
[2023-12-26T01:04:18.106+0000] {processor.py:830} INFO - Processing file /usr/local/python/3.10.13/lib/python3.10/site-packages/airflow/example_dags/example_datasets.py for tasks to queue
[2023-12-26T01:04:18.107+0000] {logging_mixin.py:188} INFO - [2023-12-26T01:04:18.107+0000] {dagbag.py:538} INFO - Filling up the DagBag from /usr/local/python/3.10.13/lib/python3.10/site-packages/airflow/example_dags/example_datasets.py
[2023-12-26T01:04:18.117+0000] {processor.py:840} INFO - DAG(s) 'dataset_produces_1', 'dataset_produces_2', 'dataset_consumes_unknown_never_scheduled', 'dataset_consumes_1', 'dataset_consumes_1_never_scheduled', 'dataset_consumes_1_and_2' retrieved from /usr/local/python/3.10.13/lib/python3.10/site-packages/airflow/example_dags/example_datasets.py
[2023-12-26T01:04:18.193+0000] {logging_mixin.py:188} INFO - [2023-12-26T01:04:18.192+0000] {dag.py:3033} INFO - Sync 6 DAGs
[2023-12-26T01:04:18.210+0000] {logging_mixin.py:188} INFO - [2023-12-26T01:04:18.210+0000] {dag.py:3820} INFO - Setting next_dagrun for dataset_consumes_1 to None, run_after=None
[2023-12-26T01:04:18.213+0000] {logging_mixin.py:188} INFO - [2023-12-26T01:04:18.212+0000] {dag.py:3820} INFO - Setting next_dagrun for dataset_consumes_1_and_2 to None, run_after=None
[2023-12-26T01:04:18.213+0000] {logging_mixin.py:188} INFO - [2023-12-26T01:04:18.213+0000] {dag.py:3820} INFO - Setting next_dagrun for dataset_consumes_1_never_scheduled to None, run_after=None
[2023-12-26T01:04:18.214+0000] {logging_mixin.py:188} INFO - [2023-12-26T01:04:18.214+0000] {dag.py:3820} INFO - Setting next_dagrun for dataset_consumes_unknown_never_scheduled to None, run_after=None
[2023-12-26T01:04:18.216+0000] {logging_mixin.py:188} INFO - [2023-12-26T01:04:18.216+0000] {dag.py:3820} INFO - Setting next_dagrun for dataset_produces_1 to 2023-12-25T00:00:00+00:00, run_after=2023-12-26T00:00:00+00:00
[2023-12-26T01:04:18.217+0000] {logging_mixin.py:188} INFO - [2023-12-26T01:04:18.217+0000] {dag.py:3820} INFO - Setting next_dagrun for dataset_produces_2 to None, run_after=None
[2023-12-26T01:04:18.264+0000] {processor.py:183} INFO - Processing /usr/local/python/3.10.13/lib/python3.10/site-packages/airflow/example_dags/example_datasets.py took 0.162 seconds
[2023-12-26T01:05:15.375+0000] {processor.py:161} INFO - Started process (PID=10557) to work on /usr/local/python/3.10.13/lib/python3.10/site-packages/airflow/example_dags/example_datasets.py
[2023-12-26T01:05:15.376+0000] {processor.py:830} INFO - Processing file /usr/local/python/3.10.13/lib/python3.10/site-packages/airflow/example_dags/example_datasets.py for tasks to queue
[2023-12-26T01:05:15.376+0000] {logging_mixin.py:188} INFO - [2023-12-26T01:05:15.376+0000] {dagbag.py:538} INFO - Filling up the DagBag from /usr/local/python/3.10.13/lib/python3.10/site-packages/airflow/example_dags/example_datasets.py
[2023-12-26T01:05:15.383+0000] {processor.py:840} INFO - DAG(s) 'dataset_consumes_1_never_scheduled', 'dataset_consumes_1_and_2', 'dataset_consumes_1', 'dataset_produces_2', 'dataset_produces_1', 'dataset_consumes_unknown_never_scheduled' retrieved from /usr/local/python/3.10.13/lib/python3.10/site-packages/airflow/example_dags/example_datasets.py
[2023-12-26T01:05:15.403+0000] {logging_mixin.py:188} INFO - [2023-12-26T01:05:15.403+0000] {dag.py:3033} INFO - Sync 6 DAGs
[2023-12-26T01:05:15.418+0000] {logging_mixin.py:188} INFO - [2023-12-26T01:05:15.418+0000] {dag.py:3820} INFO - Setting next_dagrun for dataset_consumes_1 to None, run_after=None
[2023-12-26T01:05:15.421+0000] {logging_mixin.py:188} INFO - [2023-12-26T01:05:15.421+0000] {dag.py:3820} INFO - Setting next_dagrun for dataset_consumes_1_and_2 to None, run_after=None
[2023-12-26T01:05:15.421+0000] {logging_mixin.py:188} INFO - [2023-12-26T01:05:15.421+0000] {dag.py:3820} INFO - Setting next_dagrun for dataset_consumes_1_never_scheduled to None, run_after=None
[2023-12-26T01:05:15.422+0000] {logging_mixin.py:188} INFO - [2023-12-26T01:05:15.422+0000] {dag.py:3820} INFO - Setting next_dagrun for dataset_consumes_unknown_never_scheduled to None, run_after=None
[2023-12-26T01:05:15.424+0000] {logging_mixin.py:188} INFO - [2023-12-26T01:05:15.424+0000] {dag.py:3820} INFO - Setting next_dagrun for dataset_produces_1 to 2023-12-25T00:00:00+00:00, run_after=2023-12-26T00:00:00+00:00
[2023-12-26T01:05:15.425+0000] {logging_mixin.py:188} INFO - [2023-12-26T01:05:15.425+0000] {dag.py:3820} INFO - Setting next_dagrun for dataset_produces_2 to None, run_after=None
[2023-12-26T01:05:15.468+0000] {processor.py:183} INFO - Processing /usr/local/python/3.10.13/lib/python3.10/site-packages/airflow/example_dags/example_datasets.py took 0.095 seconds
[2023-12-26T01:06:16.223+0000] {processor.py:161} INFO - Started process (PID=11590) to work on /usr/local/python/3.10.13/lib/python3.10/site-packages/airflow/example_dags/example_datasets.py
[2023-12-26T01:06:16.223+0000] {processor.py:830} INFO - Processing file /usr/local/python/3.10.13/lib/python3.10/site-packages/airflow/example_dags/example_datasets.py for tasks to queue
[2023-12-26T01:06:16.224+0000] {logging_mixin.py:188} INFO - [2023-12-26T01:06:16.224+0000] {dagbag.py:538} INFO - Filling up the DagBag from /usr/local/python/3.10.13/lib/python3.10/site-packages/airflow/example_dags/example_datasets.py
[2023-12-26T01:06:16.231+0000] {processor.py:840} INFO - DAG(s) 'dataset_consumes_1_never_scheduled', 'dataset_produces_2', 'dataset_produces_1', 'dataset_consumes_1_and_2', 'dataset_consumes_unknown_never_scheduled', 'dataset_consumes_1' retrieved from /usr/local/python/3.10.13/lib/python3.10/site-packages/airflow/example_dags/example_datasets.py
[2023-12-26T01:06:16.251+0000] {logging_mixin.py:188} INFO - [2023-12-26T01:06:16.251+0000] {dag.py:3033} INFO - Sync 6 DAGs
[2023-12-26T01:06:16.266+0000] {logging_mixin.py:188} INFO - [2023-12-26T01:06:16.265+0000] {dag.py:3820} INFO - Setting next_dagrun for dataset_consumes_1 to None, run_after=None
[2023-12-26T01:06:16.268+0000] {logging_mixin.py:188} INFO - [2023-12-26T01:06:16.268+0000] {dag.py:3820} INFO - Setting next_dagrun for dataset_consumes_1_and_2 to None, run_after=None
[2023-12-26T01:06:16.269+0000] {logging_mixin.py:188} INFO - [2023-12-26T01:06:16.268+0000] {dag.py:3820} INFO - Setting next_dagrun for dataset_consumes_1_never_scheduled to None, run_after=None
[2023-12-26T01:06:16.269+0000] {logging_mixin.py:188} INFO - [2023-12-26T01:06:16.269+0000] {dag.py:3820} INFO - Setting next_dagrun for dataset_consumes_unknown_never_scheduled to None, run_after=None
[2023-12-26T01:06:16.271+0000] {logging_mixin.py:188} INFO - [2023-12-26T01:06:16.271+0000] {dag.py:3820} INFO - Setting next_dagrun for dataset_produces_1 to 2023-12-25T00:00:00+00:00, run_after=2023-12-26T00:00:00+00:00
[2023-12-26T01:06:16.272+0000] {logging_mixin.py:188} INFO - [2023-12-26T01:06:16.272+0000] {dag.py:3820} INFO - Setting next_dagrun for dataset_produces_2 to None, run_after=None
[2023-12-26T01:06:16.316+0000] {processor.py:183} INFO - Processing /usr/local/python/3.10.13/lib/python3.10/site-packages/airflow/example_dags/example_datasets.py took 0.095 seconds
[2023-12-26T01:07:19.362+0000] {processor.py:161} INFO - Started process (PID=12468) to work on /usr/local/python/3.10.13/lib/python3.10/site-packages/airflow/example_dags/example_datasets.py
[2023-12-26T01:07:19.362+0000] {processor.py:830} INFO - Processing file /usr/local/python/3.10.13/lib/python3.10/site-packages/airflow/example_dags/example_datasets.py for tasks to queue
[2023-12-26T01:07:19.363+0000] {logging_mixin.py:188} INFO - [2023-12-26T01:07:19.363+0000] {dagbag.py:538} INFO - Filling up the DagBag from /usr/local/python/3.10.13/lib/python3.10/site-packages/airflow/example_dags/example_datasets.py
[2023-12-26T01:07:19.370+0000] {processor.py:840} INFO - DAG(s) 'dataset_produces_1', 'dataset_produces_2', 'dataset_consumes_1_never_scheduled', 'dataset_consumes_unknown_never_scheduled', 'dataset_consumes_1', 'dataset_consumes_1_and_2' retrieved from /usr/local/python/3.10.13/lib/python3.10/site-packages/airflow/example_dags/example_datasets.py
[2023-12-26T01:07:19.390+0000] {logging_mixin.py:188} INFO - [2023-12-26T01:07:19.390+0000] {dag.py:3033} INFO - Sync 6 DAGs
[2023-12-26T01:07:19.406+0000] {logging_mixin.py:188} INFO - [2023-12-26T01:07:19.406+0000] {dag.py:3820} INFO - Setting next_dagrun for dataset_consumes_1 to None, run_after=None
[2023-12-26T01:07:19.409+0000] {logging_mixin.py:188} INFO - [2023-12-26T01:07:19.409+0000] {dag.py:3820} INFO - Setting next_dagrun for dataset_consumes_1_and_2 to None, run_after=None
[2023-12-26T01:07:19.409+0000] {logging_mixin.py:188} INFO - [2023-12-26T01:07:19.409+0000] {dag.py:3820} INFO - Setting next_dagrun for dataset_consumes_1_never_scheduled to None, run_after=None
[2023-12-26T01:07:19.410+0000] {logging_mixin.py:188} INFO - [2023-12-26T01:07:19.410+0000] {dag.py:3820} INFO - Setting next_dagrun for dataset_consumes_unknown_never_scheduled to None, run_after=None
[2023-12-26T01:07:19.412+0000] {logging_mixin.py:188} INFO - [2023-12-26T01:07:19.412+0000] {dag.py:3820} INFO - Setting next_dagrun for dataset_produces_1 to 2023-12-25T00:00:00+00:00, run_after=2023-12-26T00:00:00+00:00
[2023-12-26T01:07:19.413+0000] {logging_mixin.py:188} INFO - [2023-12-26T01:07:19.413+0000] {dag.py:3820} INFO - Setting next_dagrun for dataset_produces_2 to None, run_after=None
[2023-12-26T01:07:19.453+0000] {processor.py:183} INFO - Processing /usr/local/python/3.10.13/lib/python3.10/site-packages/airflow/example_dags/example_datasets.py took 0.093 seconds
