[2023-12-26T01:01:05.326+0000] {processor.py:161} INFO - Started process (PID=6629) to work on /usr/local/python/3.10.13/lib/python3.10/site-packages/airflow/example_dags/example_xcomargs.py
[2023-12-26T01:01:05.327+0000] {processor.py:830} INFO - Processing file /usr/local/python/3.10.13/lib/python3.10/site-packages/airflow/example_dags/example_xcomargs.py for tasks to queue
[2023-12-26T01:01:05.327+0000] {logging_mixin.py:188} INFO - [2023-12-26T01:01:05.327+0000] {dagbag.py:538} INFO - Filling up the DagBag from /usr/local/python/3.10.13/lib/python3.10/site-packages/airflow/example_dags/example_xcomargs.py
[2023-12-26T01:01:05.336+0000] {processor.py:840} INFO - DAG(s) 'example_xcom_args_with_operators', 'example_xcom_args' retrieved from /usr/local/python/3.10.13/lib/python3.10/site-packages/airflow/example_dags/example_xcomargs.py
[2023-12-26T01:01:06.696+0000] {logging_mixin.py:188} INFO - [2023-12-26T01:01:06.696+0000] {override.py:1769} INFO - Created Permission View: can delete on DAG:example_xcom_args_with_operators
[2023-12-26T01:01:06.724+0000] {logging_mixin.py:188} INFO - [2023-12-26T01:01:06.724+0000] {override.py:1769} INFO - Created Permission View: can read on DAG:example_xcom_args_with_operators
[2023-12-26T01:01:06.754+0000] {logging_mixin.py:188} INFO - [2023-12-26T01:01:06.754+0000] {override.py:1769} INFO - Created Permission View: can edit on DAG:example_xcom_args_with_operators
[2023-12-26T01:01:06.810+0000] {logging_mixin.py:188} INFO - [2023-12-26T01:01:06.810+0000] {override.py:1769} INFO - Created Permission View: can delete on DAG:example_xcom_args
[2023-12-26T01:01:06.835+0000] {logging_mixin.py:188} INFO - [2023-12-26T01:01:06.835+0000] {override.py:1769} INFO - Created Permission View: can read on DAG:example_xcom_args
[2023-12-26T01:01:06.863+0000] {logging_mixin.py:188} INFO - [2023-12-26T01:01:06.863+0000] {override.py:1769} INFO - Created Permission View: can edit on DAG:example_xcom_args
[2023-12-26T01:01:06.863+0000] {logging_mixin.py:188} INFO - [2023-12-26T01:01:06.863+0000] {dag.py:3033} INFO - Sync 2 DAGs
[2023-12-26T01:01:06.873+0000] {logging_mixin.py:188} INFO - [2023-12-26T01:01:06.872+0000] {dag.py:3055} INFO - Creating ORM DAG for example_xcom_args_with_operators
[2023-12-26T01:01:06.873+0000] {logging_mixin.py:188} INFO - [2023-12-26T01:01:06.873+0000] {dag.py:3055} INFO - Creating ORM DAG for example_xcom_args
[2023-12-26T01:01:06.873+0000] {logging_mixin.py:188} INFO - [2023-12-26T01:01:06.873+0000] {dag.py:3820} INFO - Setting next_dagrun for example_xcom_args to None, run_after=None
[2023-12-26T01:01:06.874+0000] {logging_mixin.py:188} INFO - [2023-12-26T01:01:06.874+0000] {dag.py:3820} INFO - Setting next_dagrun for example_xcom_args_with_operators to None, run_after=None
[2023-12-26T01:01:06.917+0000] {processor.py:183} INFO - Processing /usr/local/python/3.10.13/lib/python3.10/site-packages/airflow/example_dags/example_xcomargs.py took 1.593 seconds
[2023-12-26T01:02:07.568+0000] {processor.py:161} INFO - Started process (PID=8042) to work on /usr/local/python/3.10.13/lib/python3.10/site-packages/airflow/example_dags/example_xcomargs.py
[2023-12-26T01:02:07.573+0000] {processor.py:830} INFO - Processing file /usr/local/python/3.10.13/lib/python3.10/site-packages/airflow/example_dags/example_xcomargs.py for tasks to queue
[2023-12-26T01:02:07.574+0000] {logging_mixin.py:188} INFO - [2023-12-26T01:02:07.574+0000] {dagbag.py:538} INFO - Filling up the DagBag from /usr/local/python/3.10.13/lib/python3.10/site-packages/airflow/example_dags/example_xcomargs.py
[2023-12-26T01:02:07.583+0000] {processor.py:840} INFO - DAG(s) 'example_xcom_args_with_operators', 'example_xcom_args' retrieved from /usr/local/python/3.10.13/lib/python3.10/site-packages/airflow/example_dags/example_xcomargs.py
[2023-12-26T01:02:07.601+0000] {logging_mixin.py:188} INFO - [2023-12-26T01:02:07.601+0000] {dag.py:3033} INFO - Sync 2 DAGs
[2023-12-26T01:02:07.612+0000] {logging_mixin.py:188} INFO - [2023-12-26T01:02:07.612+0000] {dag.py:3820} INFO - Setting next_dagrun for example_xcom_args to None, run_after=None
[2023-12-26T01:02:07.614+0000] {logging_mixin.py:188} INFO - [2023-12-26T01:02:07.614+0000] {dag.py:3820} INFO - Setting next_dagrun for example_xcom_args_with_operators to None, run_after=None
[2023-12-26T01:02:07.646+0000] {processor.py:183} INFO - Processing /usr/local/python/3.10.13/lib/python3.10/site-packages/airflow/example_dags/example_xcomargs.py took 0.080 seconds
[2023-12-26T01:02:51.742+0000] {processor.py:161} INFO - Started process (PID=8746) to work on /usr/local/python/3.10.13/lib/python3.10/site-packages/airflow/example_dags/example_xcomargs.py
[2023-12-26T01:02:51.743+0000] {processor.py:830} INFO - Processing file /usr/local/python/3.10.13/lib/python3.10/site-packages/airflow/example_dags/example_xcomargs.py for tasks to queue
[2023-12-26T01:02:51.744+0000] {logging_mixin.py:188} INFO - [2023-12-26T01:02:51.743+0000] {dagbag.py:538} INFO - Filling up the DagBag from /usr/local/python/3.10.13/lib/python3.10/site-packages/airflow/example_dags/example_xcomargs.py
[2023-12-26T01:02:51.752+0000] {processor.py:840} INFO - DAG(s) 'example_xcom_args', 'example_xcom_args_with_operators' retrieved from /usr/local/python/3.10.13/lib/python3.10/site-packages/airflow/example_dags/example_xcomargs.py
[2023-12-26T01:02:51.768+0000] {logging_mixin.py:188} INFO - [2023-12-26T01:02:51.768+0000] {dag.py:3033} INFO - Sync 2 DAGs
[2023-12-26T01:02:51.780+0000] {logging_mixin.py:188} INFO - [2023-12-26T01:02:51.779+0000] {dag.py:3820} INFO - Setting next_dagrun for example_xcom_args to None, run_after=None
[2023-12-26T01:02:51.783+0000] {logging_mixin.py:188} INFO - [2023-12-26T01:02:51.783+0000] {dag.py:3820} INFO - Setting next_dagrun for example_xcom_args_with_operators to None, run_after=None
[2023-12-26T01:02:51.819+0000] {processor.py:183} INFO - Processing /usr/local/python/3.10.13/lib/python3.10/site-packages/airflow/example_dags/example_xcomargs.py took 0.079 seconds
[2023-12-26T01:03:40.477+0000] {processor.py:161} INFO - Started process (PID=9453) to work on /usr/local/python/3.10.13/lib/python3.10/site-packages/airflow/example_dags/example_xcomargs.py
[2023-12-26T01:03:40.478+0000] {processor.py:830} INFO - Processing file /usr/local/python/3.10.13/lib/python3.10/site-packages/airflow/example_dags/example_xcomargs.py for tasks to queue
[2023-12-26T01:03:40.479+0000] {logging_mixin.py:188} INFO - [2023-12-26T01:03:40.478+0000] {dagbag.py:538} INFO - Filling up the DagBag from /usr/local/python/3.10.13/lib/python3.10/site-packages/airflow/example_dags/example_xcomargs.py
[2023-12-26T01:03:40.485+0000] {processor.py:840} INFO - DAG(s) 'example_xcom_args_with_operators', 'example_xcom_args' retrieved from /usr/local/python/3.10.13/lib/python3.10/site-packages/airflow/example_dags/example_xcomargs.py
[2023-12-26T01:03:40.498+0000] {logging_mixin.py:188} INFO - [2023-12-26T01:03:40.498+0000] {dag.py:3033} INFO - Sync 2 DAGs
[2023-12-26T01:03:40.506+0000] {logging_mixin.py:188} INFO - [2023-12-26T01:03:40.506+0000] {dag.py:3820} INFO - Setting next_dagrun for example_xcom_args to None, run_after=None
[2023-12-26T01:03:40.509+0000] {logging_mixin.py:188} INFO - [2023-12-26T01:03:40.509+0000] {dag.py:3820} INFO - Setting next_dagrun for example_xcom_args_with_operators to None, run_after=None
[2023-12-26T01:03:40.542+0000] {processor.py:183} INFO - Processing /usr/local/python/3.10.13/lib/python3.10/site-packages/airflow/example_dags/example_xcomargs.py took 0.067 seconds
[2023-12-26T01:04:22.103+0000] {processor.py:161} INFO - Started process (PID=10095) to work on /usr/local/python/3.10.13/lib/python3.10/site-packages/airflow/example_dags/example_xcomargs.py
[2023-12-26T01:04:22.104+0000] {processor.py:830} INFO - Processing file /usr/local/python/3.10.13/lib/python3.10/site-packages/airflow/example_dags/example_xcomargs.py for tasks to queue
[2023-12-26T01:04:22.104+0000] {logging_mixin.py:188} INFO - [2023-12-26T01:04:22.104+0000] {dagbag.py:538} INFO - Filling up the DagBag from /usr/local/python/3.10.13/lib/python3.10/site-packages/airflow/example_dags/example_xcomargs.py
[2023-12-26T01:04:22.111+0000] {processor.py:840} INFO - DAG(s) 'example_xcom_args_with_operators', 'example_xcom_args' retrieved from /usr/local/python/3.10.13/lib/python3.10/site-packages/airflow/example_dags/example_xcomargs.py
[2023-12-26T01:04:22.124+0000] {logging_mixin.py:188} INFO - [2023-12-26T01:04:22.124+0000] {dag.py:3033} INFO - Sync 2 DAGs
[2023-12-26T01:04:22.133+0000] {logging_mixin.py:188} INFO - [2023-12-26T01:04:22.133+0000] {dag.py:3820} INFO - Setting next_dagrun for example_xcom_args to None, run_after=None
[2023-12-26T01:04:22.136+0000] {logging_mixin.py:188} INFO - [2023-12-26T01:04:22.136+0000] {dag.py:3820} INFO - Setting next_dagrun for example_xcom_args_with_operators to None, run_after=None
[2023-12-26T01:04:22.171+0000] {processor.py:183} INFO - Processing /usr/local/python/3.10.13/lib/python3.10/site-packages/airflow/example_dags/example_xcomargs.py took 0.070 seconds
[2023-12-26T01:05:00.236+0000] {processor.py:161} INFO - Started process (PID=10470) to work on /usr/local/python/3.10.13/lib/python3.10/site-packages/airflow/example_dags/example_xcomargs.py
[2023-12-26T01:05:00.236+0000] {processor.py:830} INFO - Processing file /usr/local/python/3.10.13/lib/python3.10/site-packages/airflow/example_dags/example_xcomargs.py for tasks to queue
[2023-12-26T01:05:00.237+0000] {logging_mixin.py:188} INFO - [2023-12-26T01:05:00.237+0000] {dagbag.py:538} INFO - Filling up the DagBag from /usr/local/python/3.10.13/lib/python3.10/site-packages/airflow/example_dags/example_xcomargs.py
[2023-12-26T01:05:00.244+0000] {processor.py:840} INFO - DAG(s) 'example_xcom_args', 'example_xcom_args_with_operators' retrieved from /usr/local/python/3.10.13/lib/python3.10/site-packages/airflow/example_dags/example_xcomargs.py
[2023-12-26T01:05:00.257+0000] {logging_mixin.py:188} INFO - [2023-12-26T01:05:00.257+0000] {dag.py:3033} INFO - Sync 2 DAGs
[2023-12-26T01:05:00.266+0000] {logging_mixin.py:188} INFO - [2023-12-26T01:05:00.266+0000] {dag.py:3820} INFO - Setting next_dagrun for example_xcom_args to None, run_after=None
[2023-12-26T01:05:00.269+0000] {logging_mixin.py:188} INFO - [2023-12-26T01:05:00.269+0000] {dag.py:3820} INFO - Setting next_dagrun for example_xcom_args_with_operators to None, run_after=None
[2023-12-26T01:05:00.313+0000] {processor.py:183} INFO - Processing /usr/local/python/3.10.13/lib/python3.10/site-packages/airflow/example_dags/example_xcomargs.py took 0.080 seconds
[2023-12-26T01:05:37.810+0000] {processor.py:161} INFO - Started process (PID=10894) to work on /usr/local/python/3.10.13/lib/python3.10/site-packages/airflow/example_dags/example_xcomargs.py
[2023-12-26T01:05:37.811+0000] {processor.py:830} INFO - Processing file /usr/local/python/3.10.13/lib/python3.10/site-packages/airflow/example_dags/example_xcomargs.py for tasks to queue
[2023-12-26T01:05:37.811+0000] {logging_mixin.py:188} INFO - [2023-12-26T01:05:37.811+0000] {dagbag.py:538} INFO - Filling up the DagBag from /usr/local/python/3.10.13/lib/python3.10/site-packages/airflow/example_dags/example_xcomargs.py
[2023-12-26T01:05:37.818+0000] {processor.py:840} INFO - DAG(s) 'example_xcom_args', 'example_xcom_args_with_operators' retrieved from /usr/local/python/3.10.13/lib/python3.10/site-packages/airflow/example_dags/example_xcomargs.py
[2023-12-26T01:05:37.831+0000] {logging_mixin.py:188} INFO - [2023-12-26T01:05:37.831+0000] {dag.py:3033} INFO - Sync 2 DAGs
[2023-12-26T01:05:37.840+0000] {logging_mixin.py:188} INFO - [2023-12-26T01:05:37.840+0000] {dag.py:3820} INFO - Setting next_dagrun for example_xcom_args to None, run_after=None
[2023-12-26T01:05:37.842+0000] {logging_mixin.py:188} INFO - [2023-12-26T01:05:37.842+0000] {dag.py:3820} INFO - Setting next_dagrun for example_xcom_args_with_operators to None, run_after=None
[2023-12-26T01:05:37.879+0000] {processor.py:183} INFO - Processing /usr/local/python/3.10.13/lib/python3.10/site-packages/airflow/example_dags/example_xcomargs.py took 0.071 seconds
[2023-12-26T01:06:19.230+0000] {processor.py:161} INFO - Started process (PID=11658) to work on /usr/local/python/3.10.13/lib/python3.10/site-packages/airflow/example_dags/example_xcomargs.py
[2023-12-26T01:06:19.231+0000] {processor.py:830} INFO - Processing file /usr/local/python/3.10.13/lib/python3.10/site-packages/airflow/example_dags/example_xcomargs.py for tasks to queue
[2023-12-26T01:06:19.232+0000] {logging_mixin.py:188} INFO - [2023-12-26T01:06:19.231+0000] {dagbag.py:538} INFO - Filling up the DagBag from /usr/local/python/3.10.13/lib/python3.10/site-packages/airflow/example_dags/example_xcomargs.py
[2023-12-26T01:06:19.238+0000] {processor.py:840} INFO - DAG(s) 'example_xcom_args_with_operators', 'example_xcom_args' retrieved from /usr/local/python/3.10.13/lib/python3.10/site-packages/airflow/example_dags/example_xcomargs.py
[2023-12-26T01:06:19.251+0000] {logging_mixin.py:188} INFO - [2023-12-26T01:06:19.251+0000] {dag.py:3033} INFO - Sync 2 DAGs
[2023-12-26T01:06:19.259+0000] {logging_mixin.py:188} INFO - [2023-12-26T01:06:19.259+0000] {dag.py:3820} INFO - Setting next_dagrun for example_xcom_args to None, run_after=None
[2023-12-26T01:06:19.262+0000] {logging_mixin.py:188} INFO - [2023-12-26T01:06:19.261+0000] {dag.py:3820} INFO - Setting next_dagrun for example_xcom_args_with_operators to None, run_after=None
[2023-12-26T01:06:19.293+0000] {processor.py:183} INFO - Processing /usr/local/python/3.10.13/lib/python3.10/site-packages/airflow/example_dags/example_xcomargs.py took 0.065 seconds
[2023-12-26T01:07:06.469+0000] {processor.py:161} INFO - Started process (PID=12327) to work on /usr/local/python/3.10.13/lib/python3.10/site-packages/airflow/example_dags/example_xcomargs.py
[2023-12-26T01:07:06.469+0000] {processor.py:830} INFO - Processing file /usr/local/python/3.10.13/lib/python3.10/site-packages/airflow/example_dags/example_xcomargs.py for tasks to queue
[2023-12-26T01:07:06.470+0000] {logging_mixin.py:188} INFO - [2023-12-26T01:07:06.470+0000] {dagbag.py:538} INFO - Filling up the DagBag from /usr/local/python/3.10.13/lib/python3.10/site-packages/airflow/example_dags/example_xcomargs.py
[2023-12-26T01:07:06.476+0000] {processor.py:840} INFO - DAG(s) 'example_xcom_args', 'example_xcom_args_with_operators' retrieved from /usr/local/python/3.10.13/lib/python3.10/site-packages/airflow/example_dags/example_xcomargs.py
[2023-12-26T01:07:06.489+0000] {logging_mixin.py:188} INFO - [2023-12-26T01:07:06.489+0000] {dag.py:3033} INFO - Sync 2 DAGs
[2023-12-26T01:07:06.498+0000] {logging_mixin.py:188} INFO - [2023-12-26T01:07:06.498+0000] {dag.py:3820} INFO - Setting next_dagrun for example_xcom_args to None, run_after=None
[2023-12-26T01:07:06.501+0000] {logging_mixin.py:188} INFO - [2023-12-26T01:07:06.500+0000] {dag.py:3820} INFO - Setting next_dagrun for example_xcom_args_with_operators to None, run_after=None
[2023-12-26T01:07:06.533+0000] {processor.py:183} INFO - Processing /usr/local/python/3.10.13/lib/python3.10/site-packages/airflow/example_dags/example_xcomargs.py took 0.066 seconds
[2023-12-26T01:07:39.594+0000] {processor.py:161} INFO - Started process (PID=12626) to work on /usr/local/python/3.10.13/lib/python3.10/site-packages/airflow/example_dags/example_xcomargs.py
[2023-12-26T01:07:39.595+0000] {processor.py:830} INFO - Processing file /usr/local/python/3.10.13/lib/python3.10/site-packages/airflow/example_dags/example_xcomargs.py for tasks to queue
[2023-12-26T01:07:39.595+0000] {logging_mixin.py:188} INFO - [2023-12-26T01:07:39.595+0000] {dagbag.py:538} INFO - Filling up the DagBag from /usr/local/python/3.10.13/lib/python3.10/site-packages/airflow/example_dags/example_xcomargs.py
[2023-12-26T01:07:39.601+0000] {processor.py:840} INFO - DAG(s) 'example_xcom_args', 'example_xcom_args_with_operators' retrieved from /usr/local/python/3.10.13/lib/python3.10/site-packages/airflow/example_dags/example_xcomargs.py
[2023-12-26T01:07:39.615+0000] {logging_mixin.py:188} INFO - [2023-12-26T01:07:39.615+0000] {dag.py:3033} INFO - Sync 2 DAGs
[2023-12-26T01:07:39.624+0000] {logging_mixin.py:188} INFO - [2023-12-26T01:07:39.623+0000] {dag.py:3820} INFO - Setting next_dagrun for example_xcom_args to None, run_after=None
[2023-12-26T01:07:39.626+0000] {logging_mixin.py:188} INFO - [2023-12-26T01:07:39.626+0000] {dag.py:3820} INFO - Setting next_dagrun for example_xcom_args_with_operators to None, run_after=None
[2023-12-26T01:07:39.658+0000] {processor.py:183} INFO - Processing /usr/local/python/3.10.13/lib/python3.10/site-packages/airflow/example_dags/example_xcomargs.py took 0.067 seconds
