[2023-12-26T01:01:59.239+0000] {processor.py:161} INFO - Started process (PID=7549) to work on /usr/local/python/3.10.13/lib/python3.10/site-packages/airflow/example_dags/example_branch_operator.py
[2023-12-26T01:01:59.239+0000] {processor.py:830} INFO - Processing file /usr/local/python/3.10.13/lib/python3.10/site-packages/airflow/example_dags/example_branch_operator.py for tasks to queue
[2023-12-26T01:01:59.240+0000] {logging_mixin.py:188} INFO - [2023-12-26T01:01:59.240+0000] {dagbag.py:538} INFO - Filling up the DagBag from /usr/local/python/3.10.13/lib/python3.10/site-packages/airflow/example_dags/example_branch_operator.py
[2023-12-26T01:01:59.255+0000] {processor.py:840} INFO - DAG(s) 'example_branch_operator' retrieved from /usr/local/python/3.10.13/lib/python3.10/site-packages/airflow/example_dags/example_branch_operator.py
[2023-12-26T01:01:59.384+0000] {logging_mixin.py:188} INFO - [2023-12-26T01:01:59.383+0000] {override.py:1769} INFO - Created Permission View: can delete on DAG:example_branch_operator
[2023-12-26T01:01:59.411+0000] {logging_mixin.py:188} INFO - [2023-12-26T01:01:59.411+0000] {override.py:1769} INFO - Created Permission View: can read on DAG:example_branch_operator
[2023-12-26T01:01:59.439+0000] {logging_mixin.py:188} INFO - [2023-12-26T01:01:59.439+0000] {override.py:1769} INFO - Created Permission View: can edit on DAG:example_branch_operator
[2023-12-26T01:01:59.439+0000] {logging_mixin.py:188} INFO - [2023-12-26T01:01:59.439+0000] {dag.py:3033} INFO - Sync 1 DAGs
[2023-12-26T01:01:59.447+0000] {logging_mixin.py:188} INFO - [2023-12-26T01:01:59.447+0000] {dag.py:3055} INFO - Creating ORM DAG for example_branch_operator
[2023-12-26T01:01:59.455+0000] {logging_mixin.py:188} INFO - [2023-12-26T01:01:59.455+0000] {dag.py:3820} INFO - Setting next_dagrun for example_branch_operator to 2023-12-25T00:00:00+00:00, run_after=2023-12-26T00:00:00+00:00
[2023-12-26T01:01:59.493+0000] {processor.py:183} INFO - Processing /usr/local/python/3.10.13/lib/python3.10/site-packages/airflow/example_dags/example_branch_operator.py took 0.257 seconds
[2023-12-26T01:02:48.465+0000] {processor.py:161} INFO - Started process (PID=8706) to work on /usr/local/python/3.10.13/lib/python3.10/site-packages/airflow/example_dags/example_branch_operator.py
[2023-12-26T01:02:48.466+0000] {processor.py:830} INFO - Processing file /usr/local/python/3.10.13/lib/python3.10/site-packages/airflow/example_dags/example_branch_operator.py for tasks to queue
[2023-12-26T01:02:48.466+0000] {logging_mixin.py:188} INFO - [2023-12-26T01:02:48.466+0000] {dagbag.py:538} INFO - Filling up the DagBag from /usr/local/python/3.10.13/lib/python3.10/site-packages/airflow/example_dags/example_branch_operator.py
[2023-12-26T01:02:48.484+0000] {processor.py:840} INFO - DAG(s) 'example_branch_operator' retrieved from /usr/local/python/3.10.13/lib/python3.10/site-packages/airflow/example_dags/example_branch_operator.py
[2023-12-26T01:02:48.521+0000] {logging_mixin.py:188} INFO - [2023-12-26T01:02:48.521+0000] {dag.py:3033} INFO - Sync 1 DAGs
[2023-12-26T01:02:48.544+0000] {logging_mixin.py:188} INFO - [2023-12-26T01:02:48.544+0000] {dag.py:3820} INFO - Setting next_dagrun for example_branch_operator to 2023-12-25T00:00:00+00:00, run_after=2023-12-26T00:00:00+00:00
[2023-12-26T01:02:48.596+0000] {processor.py:183} INFO - Processing /usr/local/python/3.10.13/lib/python3.10/site-packages/airflow/example_dags/example_branch_operator.py took 0.133 seconds
[2023-12-26T01:03:39.344+0000] {processor.py:161} INFO - Started process (PID=9446) to work on /usr/local/python/3.10.13/lib/python3.10/site-packages/airflow/example_dags/example_branch_operator.py
[2023-12-26T01:03:39.345+0000] {processor.py:830} INFO - Processing file /usr/local/python/3.10.13/lib/python3.10/site-packages/airflow/example_dags/example_branch_operator.py for tasks to queue
[2023-12-26T01:03:39.345+0000] {logging_mixin.py:188} INFO - [2023-12-26T01:03:39.345+0000] {dagbag.py:538} INFO - Filling up the DagBag from /usr/local/python/3.10.13/lib/python3.10/site-packages/airflow/example_dags/example_branch_operator.py
[2023-12-26T01:03:39.360+0000] {processor.py:840} INFO - DAG(s) 'example_branch_operator' retrieved from /usr/local/python/3.10.13/lib/python3.10/site-packages/airflow/example_dags/example_branch_operator.py
[2023-12-26T01:03:39.378+0000] {logging_mixin.py:188} INFO - [2023-12-26T01:03:39.378+0000] {dag.py:3033} INFO - Sync 1 DAGs
[2023-12-26T01:03:39.394+0000] {logging_mixin.py:188} INFO - [2023-12-26T01:03:39.393+0000] {dag.py:3820} INFO - Setting next_dagrun for example_branch_operator to 2023-12-25T00:00:00+00:00, run_after=2023-12-26T00:00:00+00:00
[2023-12-26T01:03:39.428+0000] {processor.py:183} INFO - Processing /usr/local/python/3.10.13/lib/python3.10/site-packages/airflow/example_dags/example_branch_operator.py took 0.086 seconds
[2023-12-26T01:04:41.141+0000] {processor.py:161} INFO - Started process (PID=10278) to work on /usr/local/python/3.10.13/lib/python3.10/site-packages/airflow/example_dags/example_branch_operator.py
[2023-12-26T01:04:41.141+0000] {processor.py:830} INFO - Processing file /usr/local/python/3.10.13/lib/python3.10/site-packages/airflow/example_dags/example_branch_operator.py for tasks to queue
[2023-12-26T01:04:41.142+0000] {logging_mixin.py:188} INFO - [2023-12-26T01:04:41.142+0000] {dagbag.py:538} INFO - Filling up the DagBag from /usr/local/python/3.10.13/lib/python3.10/site-packages/airflow/example_dags/example_branch_operator.py
[2023-12-26T01:04:41.157+0000] {processor.py:840} INFO - DAG(s) 'example_branch_operator' retrieved from /usr/local/python/3.10.13/lib/python3.10/site-packages/airflow/example_dags/example_branch_operator.py
[2023-12-26T01:04:41.174+0000] {logging_mixin.py:188} INFO - [2023-12-26T01:04:41.174+0000] {dag.py:3033} INFO - Sync 1 DAGs
[2023-12-26T01:04:41.190+0000] {logging_mixin.py:188} INFO - [2023-12-26T01:04:41.190+0000] {dag.py:3820} INFO - Setting next_dagrun for example_branch_operator to 2023-12-25T00:00:00+00:00, run_after=2023-12-26T00:00:00+00:00
[2023-12-26T01:04:41.226+0000] {processor.py:183} INFO - Processing /usr/local/python/3.10.13/lib/python3.10/site-packages/airflow/example_dags/example_branch_operator.py took 0.088 seconds
[2023-12-26T01:05:36.677+0000] {processor.py:161} INFO - Started process (PID=10893) to work on /usr/local/python/3.10.13/lib/python3.10/site-packages/airflow/example_dags/example_branch_operator.py
[2023-12-26T01:05:36.678+0000] {processor.py:830} INFO - Processing file /usr/local/python/3.10.13/lib/python3.10/site-packages/airflow/example_dags/example_branch_operator.py for tasks to queue
[2023-12-26T01:05:36.679+0000] {logging_mixin.py:188} INFO - [2023-12-26T01:05:36.678+0000] {dagbag.py:538} INFO - Filling up the DagBag from /usr/local/python/3.10.13/lib/python3.10/site-packages/airflow/example_dags/example_branch_operator.py
[2023-12-26T01:05:36.693+0000] {processor.py:840} INFO - DAG(s) 'example_branch_operator' retrieved from /usr/local/python/3.10.13/lib/python3.10/site-packages/airflow/example_dags/example_branch_operator.py
[2023-12-26T01:05:36.709+0000] {logging_mixin.py:188} INFO - [2023-12-26T01:05:36.709+0000] {dag.py:3033} INFO - Sync 1 DAGs
[2023-12-26T01:05:36.725+0000] {logging_mixin.py:188} INFO - [2023-12-26T01:05:36.725+0000] {dag.py:3820} INFO - Setting next_dagrun for example_branch_operator to 2023-12-25T00:00:00+00:00, run_after=2023-12-26T00:00:00+00:00
[2023-12-26T01:05:36.762+0000] {processor.py:183} INFO - Processing /usr/local/python/3.10.13/lib/python3.10/site-packages/airflow/example_dags/example_branch_operator.py took 0.087 seconds
[2023-12-26T01:06:42.963+0000] {processor.py:161} INFO - Started process (PID=12116) to work on /usr/local/python/3.10.13/lib/python3.10/site-packages/airflow/example_dags/example_branch_operator.py
[2023-12-26T01:06:42.964+0000] {processor.py:830} INFO - Processing file /usr/local/python/3.10.13/lib/python3.10/site-packages/airflow/example_dags/example_branch_operator.py for tasks to queue
[2023-12-26T01:06:42.964+0000] {logging_mixin.py:188} INFO - [2023-12-26T01:06:42.964+0000] {dagbag.py:538} INFO - Filling up the DagBag from /usr/local/python/3.10.13/lib/python3.10/site-packages/airflow/example_dags/example_branch_operator.py
[2023-12-26T01:06:42.978+0000] {processor.py:840} INFO - DAG(s) 'example_branch_operator' retrieved from /usr/local/python/3.10.13/lib/python3.10/site-packages/airflow/example_dags/example_branch_operator.py
[2023-12-26T01:06:42.996+0000] {logging_mixin.py:188} INFO - [2023-12-26T01:06:42.996+0000] {dag.py:3033} INFO - Sync 1 DAGs
[2023-12-26T01:06:43.012+0000] {logging_mixin.py:188} INFO - [2023-12-26T01:06:43.012+0000] {dag.py:3820} INFO - Setting next_dagrun for example_branch_operator to 2023-12-25T00:00:00+00:00, run_after=2023-12-26T00:00:00+00:00
[2023-12-26T01:06:43.050+0000] {processor.py:183} INFO - Processing /usr/local/python/3.10.13/lib/python3.10/site-packages/airflow/example_dags/example_branch_operator.py took 0.089 seconds
[2023-12-26T01:07:38.460+0000] {processor.py:161} INFO - Started process (PID=12619) to work on /usr/local/python/3.10.13/lib/python3.10/site-packages/airflow/example_dags/example_branch_operator.py
[2023-12-26T01:07:38.460+0000] {processor.py:830} INFO - Processing file /usr/local/python/3.10.13/lib/python3.10/site-packages/airflow/example_dags/example_branch_operator.py for tasks to queue
[2023-12-26T01:07:38.461+0000] {logging_mixin.py:188} INFO - [2023-12-26T01:07:38.461+0000] {dagbag.py:538} INFO - Filling up the DagBag from /usr/local/python/3.10.13/lib/python3.10/site-packages/airflow/example_dags/example_branch_operator.py
[2023-12-26T01:07:38.475+0000] {processor.py:840} INFO - DAG(s) 'example_branch_operator' retrieved from /usr/local/python/3.10.13/lib/python3.10/site-packages/airflow/example_dags/example_branch_operator.py
[2023-12-26T01:07:38.492+0000] {logging_mixin.py:188} INFO - [2023-12-26T01:07:38.492+0000] {dag.py:3033} INFO - Sync 1 DAGs
[2023-12-26T01:07:38.507+0000] {logging_mixin.py:188} INFO - [2023-12-26T01:07:38.507+0000] {dag.py:3820} INFO - Setting next_dagrun for example_branch_operator to 2023-12-25T00:00:00+00:00, run_after=2023-12-26T00:00:00+00:00
[2023-12-26T01:07:38.540+0000] {processor.py:183} INFO - Processing /usr/local/python/3.10.13/lib/python3.10/site-packages/airflow/example_dags/example_branch_operator.py took 0.083 seconds
