[2023-12-26T01:02:02.208+0000] {processor.py:161} INFO - Started process (PID=7563) to work on /usr/local/python/3.10.13/lib/python3.10/site-packages/airflow/example_dags/example_dynamic_task_mapping_with_no_taskflow_operators.py
[2023-12-26T01:02:02.209+0000] {processor.py:830} INFO - Processing file /usr/local/python/3.10.13/lib/python3.10/site-packages/airflow/example_dags/example_dynamic_task_mapping_with_no_taskflow_operators.py for tasks to queue
[2023-12-26T01:02:02.210+0000] {logging_mixin.py:188} INFO - [2023-12-26T01:02:02.209+0000] {dagbag.py:538} INFO - Filling up the DagBag from /usr/local/python/3.10.13/lib/python3.10/site-packages/airflow/example_dags/example_dynamic_task_mapping_with_no_taskflow_operators.py
[2023-12-26T01:02:02.216+0000] {processor.py:840} INFO - DAG(s) 'example_dynamic_task_mapping_with_no_taskflow_operators' retrieved from /usr/local/python/3.10.13/lib/python3.10/site-packages/airflow/example_dags/example_dynamic_task_mapping_with_no_taskflow_operators.py
[2023-12-26T01:02:02.368+0000] {logging_mixin.py:188} INFO - [2023-12-26T01:02:02.367+0000] {override.py:1769} INFO - Created Permission View: can delete on DAG:example_dynamic_task_mapping_with_no_taskflow_operators
[2023-12-26T01:02:02.395+0000] {logging_mixin.py:188} INFO - [2023-12-26T01:02:02.394+0000] {override.py:1769} INFO - Created Permission View: can read on DAG:example_dynamic_task_mapping_with_no_taskflow_operators
[2023-12-26T01:02:02.419+0000] {logging_mixin.py:188} INFO - [2023-12-26T01:02:02.419+0000] {override.py:1769} INFO - Created Permission View: can edit on DAG:example_dynamic_task_mapping_with_no_taskflow_operators
[2023-12-26T01:02:02.420+0000] {logging_mixin.py:188} INFO - [2023-12-26T01:02:02.419+0000] {dag.py:3033} INFO - Sync 1 DAGs
[2023-12-26T01:02:02.430+0000] {logging_mixin.py:188} INFO - [2023-12-26T01:02:02.430+0000] {dag.py:3055} INFO - Creating ORM DAG for example_dynamic_task_mapping_with_no_taskflow_operators
[2023-12-26T01:02:02.439+0000] {logging_mixin.py:188} INFO - [2023-12-26T01:02:02.439+0000] {dag.py:3820} INFO - Setting next_dagrun for example_dynamic_task_mapping_with_no_taskflow_operators to 2023-12-25T00:00:00+00:00, run_after=2023-12-26T00:00:00+00:00
[2023-12-26T01:02:02.483+0000] {processor.py:183} INFO - Processing /usr/local/python/3.10.13/lib/python3.10/site-packages/airflow/example_dags/example_dynamic_task_mapping_with_no_taskflow_operators.py took 0.277 seconds
[2023-12-26T01:03:03.020+0000] {processor.py:161} INFO - Started process (PID=8877) to work on /usr/local/python/3.10.13/lib/python3.10/site-packages/airflow/example_dags/example_dynamic_task_mapping_with_no_taskflow_operators.py
[2023-12-26T01:03:03.021+0000] {processor.py:830} INFO - Processing file /usr/local/python/3.10.13/lib/python3.10/site-packages/airflow/example_dags/example_dynamic_task_mapping_with_no_taskflow_operators.py for tasks to queue
[2023-12-26T01:03:03.022+0000] {logging_mixin.py:188} INFO - [2023-12-26T01:03:03.022+0000] {dagbag.py:538} INFO - Filling up the DagBag from /usr/local/python/3.10.13/lib/python3.10/site-packages/airflow/example_dags/example_dynamic_task_mapping_with_no_taskflow_operators.py
[2023-12-26T01:03:03.027+0000] {processor.py:840} INFO - DAG(s) 'example_dynamic_task_mapping_with_no_taskflow_operators' retrieved from /usr/local/python/3.10.13/lib/python3.10/site-packages/airflow/example_dags/example_dynamic_task_mapping_with_no_taskflow_operators.py
[2023-12-26T01:03:03.038+0000] {logging_mixin.py:188} INFO - [2023-12-26T01:03:03.037+0000] {dag.py:3033} INFO - Sync 1 DAGs
[2023-12-26T01:03:03.053+0000] {logging_mixin.py:188} INFO - [2023-12-26T01:03:03.053+0000] {dag.py:3820} INFO - Setting next_dagrun for example_dynamic_task_mapping_with_no_taskflow_operators to 2023-12-25T00:00:00+00:00, run_after=2023-12-26T00:00:00+00:00
[2023-12-26T01:03:03.094+0000] {processor.py:183} INFO - Processing /usr/local/python/3.10.13/lib/python3.10/site-packages/airflow/example_dags/example_dynamic_task_mapping_with_no_taskflow_operators.py took 0.076 seconds
[2023-12-26T01:03:58.549+0000] {processor.py:161} INFO - Started process (PID=9671) to work on /usr/local/python/3.10.13/lib/python3.10/site-packages/airflow/example_dags/example_dynamic_task_mapping_with_no_taskflow_operators.py
[2023-12-26T01:03:58.549+0000] {processor.py:830} INFO - Processing file /usr/local/python/3.10.13/lib/python3.10/site-packages/airflow/example_dags/example_dynamic_task_mapping_with_no_taskflow_operators.py for tasks to queue
[2023-12-26T01:03:58.550+0000] {logging_mixin.py:188} INFO - [2023-12-26T01:03:58.550+0000] {dagbag.py:538} INFO - Filling up the DagBag from /usr/local/python/3.10.13/lib/python3.10/site-packages/airflow/example_dags/example_dynamic_task_mapping_with_no_taskflow_operators.py
[2023-12-26T01:03:58.555+0000] {processor.py:840} INFO - DAG(s) 'example_dynamic_task_mapping_with_no_taskflow_operators' retrieved from /usr/local/python/3.10.13/lib/python3.10/site-packages/airflow/example_dags/example_dynamic_task_mapping_with_no_taskflow_operators.py
[2023-12-26T01:03:58.565+0000] {logging_mixin.py:188} INFO - [2023-12-26T01:03:58.565+0000] {dag.py:3033} INFO - Sync 1 DAGs
[2023-12-26T01:03:58.580+0000] {logging_mixin.py:188} INFO - [2023-12-26T01:03:58.579+0000] {dag.py:3820} INFO - Setting next_dagrun for example_dynamic_task_mapping_with_no_taskflow_operators to 2023-12-25T00:00:00+00:00, run_after=2023-12-26T00:00:00+00:00
[2023-12-26T01:03:58.613+0000] {processor.py:183} INFO - Processing /usr/local/python/3.10.13/lib/python3.10/site-packages/airflow/example_dags/example_dynamic_task_mapping_with_no_taskflow_operators.py took 0.066 seconds
[2023-12-26T01:04:58.685+0000] {processor.py:161} INFO - Started process (PID=10427) to work on /usr/local/python/3.10.13/lib/python3.10/site-packages/airflow/example_dags/example_dynamic_task_mapping_with_no_taskflow_operators.py
[2023-12-26T01:04:58.686+0000] {processor.py:830} INFO - Processing file /usr/local/python/3.10.13/lib/python3.10/site-packages/airflow/example_dags/example_dynamic_task_mapping_with_no_taskflow_operators.py for tasks to queue
[2023-12-26T01:04:58.686+0000] {logging_mixin.py:188} INFO - [2023-12-26T01:04:58.686+0000] {dagbag.py:538} INFO - Filling up the DagBag from /usr/local/python/3.10.13/lib/python3.10/site-packages/airflow/example_dags/example_dynamic_task_mapping_with_no_taskflow_operators.py
[2023-12-26T01:04:58.691+0000] {processor.py:840} INFO - DAG(s) 'example_dynamic_task_mapping_with_no_taskflow_operators' retrieved from /usr/local/python/3.10.13/lib/python3.10/site-packages/airflow/example_dags/example_dynamic_task_mapping_with_no_taskflow_operators.py
[2023-12-26T01:04:58.701+0000] {logging_mixin.py:188} INFO - [2023-12-26T01:04:58.701+0000] {dag.py:3033} INFO - Sync 1 DAGs
[2023-12-26T01:04:58.715+0000] {logging_mixin.py:188} INFO - [2023-12-26T01:04:58.715+0000] {dag.py:3820} INFO - Setting next_dagrun for example_dynamic_task_mapping_with_no_taskflow_operators to 2023-12-25T00:00:00+00:00, run_after=2023-12-26T00:00:00+00:00
[2023-12-26T01:04:58.748+0000] {processor.py:183} INFO - Processing /usr/local/python/3.10.13/lib/python3.10/site-packages/airflow/example_dags/example_dynamic_task_mapping_with_no_taskflow_operators.py took 0.065 seconds
[2023-12-26T01:05:57.430+0000] {processor.py:161} INFO - Started process (PID=11276) to work on /usr/local/python/3.10.13/lib/python3.10/site-packages/airflow/example_dags/example_dynamic_task_mapping_with_no_taskflow_operators.py
[2023-12-26T01:05:57.431+0000] {processor.py:830} INFO - Processing file /usr/local/python/3.10.13/lib/python3.10/site-packages/airflow/example_dags/example_dynamic_task_mapping_with_no_taskflow_operators.py for tasks to queue
[2023-12-26T01:05:57.432+0000] {logging_mixin.py:188} INFO - [2023-12-26T01:05:57.431+0000] {dagbag.py:538} INFO - Filling up the DagBag from /usr/local/python/3.10.13/lib/python3.10/site-packages/airflow/example_dags/example_dynamic_task_mapping_with_no_taskflow_operators.py
[2023-12-26T01:05:57.437+0000] {processor.py:840} INFO - DAG(s) 'example_dynamic_task_mapping_with_no_taskflow_operators' retrieved from /usr/local/python/3.10.13/lib/python3.10/site-packages/airflow/example_dags/example_dynamic_task_mapping_with_no_taskflow_operators.py
[2023-12-26T01:05:57.447+0000] {logging_mixin.py:188} INFO - [2023-12-26T01:05:57.447+0000] {dag.py:3033} INFO - Sync 1 DAGs
[2023-12-26T01:05:57.462+0000] {logging_mixin.py:188} INFO - [2023-12-26T01:05:57.462+0000] {dag.py:3820} INFO - Setting next_dagrun for example_dynamic_task_mapping_with_no_taskflow_operators to 2023-12-25T00:00:00+00:00, run_after=2023-12-26T00:00:00+00:00
[2023-12-26T01:05:57.505+0000] {processor.py:183} INFO - Processing /usr/local/python/3.10.13/lib/python3.10/site-packages/airflow/example_dags/example_dynamic_task_mapping_with_no_taskflow_operators.py took 0.077 seconds
[2023-12-26T01:07:05.064+0000] {processor.py:161} INFO - Started process (PID=12325) to work on /usr/local/python/3.10.13/lib/python3.10/site-packages/airflow/example_dags/example_dynamic_task_mapping_with_no_taskflow_operators.py
[2023-12-26T01:07:05.064+0000] {processor.py:830} INFO - Processing file /usr/local/python/3.10.13/lib/python3.10/site-packages/airflow/example_dags/example_dynamic_task_mapping_with_no_taskflow_operators.py for tasks to queue
[2023-12-26T01:07:05.065+0000] {logging_mixin.py:188} INFO - [2023-12-26T01:07:05.065+0000] {dagbag.py:538} INFO - Filling up the DagBag from /usr/local/python/3.10.13/lib/python3.10/site-packages/airflow/example_dags/example_dynamic_task_mapping_with_no_taskflow_operators.py
[2023-12-26T01:07:05.070+0000] {processor.py:840} INFO - DAG(s) 'example_dynamic_task_mapping_with_no_taskflow_operators' retrieved from /usr/local/python/3.10.13/lib/python3.10/site-packages/airflow/example_dags/example_dynamic_task_mapping_with_no_taskflow_operators.py
[2023-12-26T01:07:05.080+0000] {logging_mixin.py:188} INFO - [2023-12-26T01:07:05.080+0000] {dag.py:3033} INFO - Sync 1 DAGs
[2023-12-26T01:07:05.095+0000] {logging_mixin.py:188} INFO - [2023-12-26T01:07:05.095+0000] {dag.py:3820} INFO - Setting next_dagrun for example_dynamic_task_mapping_with_no_taskflow_operators to 2023-12-25T00:00:00+00:00, run_after=2023-12-26T00:00:00+00:00
[2023-12-26T01:07:05.129+0000] {processor.py:183} INFO - Processing /usr/local/python/3.10.13/lib/python3.10/site-packages/airflow/example_dags/example_dynamic_task_mapping_with_no_taskflow_operators.py took 0.067 seconds
[2023-12-26T01:07:57.440+0000] {processor.py:161} INFO - Started process (PID=12753) to work on /usr/local/python/3.10.13/lib/python3.10/site-packages/airflow/example_dags/example_dynamic_task_mapping_with_no_taskflow_operators.py
[2023-12-26T01:07:57.440+0000] {processor.py:830} INFO - Processing file /usr/local/python/3.10.13/lib/python3.10/site-packages/airflow/example_dags/example_dynamic_task_mapping_with_no_taskflow_operators.py for tasks to queue
[2023-12-26T01:07:57.441+0000] {logging_mixin.py:188} INFO - [2023-12-26T01:07:57.441+0000] {dagbag.py:538} INFO - Filling up the DagBag from /usr/local/python/3.10.13/lib/python3.10/site-packages/airflow/example_dags/example_dynamic_task_mapping_with_no_taskflow_operators.py
[2023-12-26T01:07:57.447+0000] {processor.py:840} INFO - DAG(s) 'example_dynamic_task_mapping_with_no_taskflow_operators' retrieved from /usr/local/python/3.10.13/lib/python3.10/site-packages/airflow/example_dags/example_dynamic_task_mapping_with_no_taskflow_operators.py
[2023-12-26T01:07:57.459+0000] {logging_mixin.py:188} INFO - [2023-12-26T01:07:57.459+0000] {dag.py:3033} INFO - Sync 1 DAGs
[2023-12-26T01:07:57.474+0000] {logging_mixin.py:188} INFO - [2023-12-26T01:07:57.474+0000] {dag.py:3820} INFO - Setting next_dagrun for example_dynamic_task_mapping_with_no_taskflow_operators to 2023-12-25T00:00:00+00:00, run_after=2023-12-26T00:00:00+00:00
[2023-12-26T01:07:57.509+0000] {processor.py:183} INFO - Processing /usr/local/python/3.10.13/lib/python3.10/site-packages/airflow/example_dags/example_dynamic_task_mapping_with_no_taskflow_operators.py took 0.072 seconds
[2023-12-26T01:08:58.110+0000] {processor.py:161} INFO - Started process (PID=13430) to work on /usr/local/python/3.10.13/lib/python3.10/site-packages/airflow/example_dags/example_dynamic_task_mapping_with_no_taskflow_operators.py
[2023-12-26T01:08:58.110+0000] {processor.py:830} INFO - Processing file /usr/local/python/3.10.13/lib/python3.10/site-packages/airflow/example_dags/example_dynamic_task_mapping_with_no_taskflow_operators.py for tasks to queue
[2023-12-26T01:08:58.111+0000] {logging_mixin.py:188} INFO - [2023-12-26T01:08:58.111+0000] {dagbag.py:538} INFO - Filling up the DagBag from /usr/local/python/3.10.13/lib/python3.10/site-packages/airflow/example_dags/example_dynamic_task_mapping_with_no_taskflow_operators.py
[2023-12-26T01:08:58.117+0000] {processor.py:840} INFO - DAG(s) 'example_dynamic_task_mapping_with_no_taskflow_operators' retrieved from /usr/local/python/3.10.13/lib/python3.10/site-packages/airflow/example_dags/example_dynamic_task_mapping_with_no_taskflow_operators.py
[2023-12-26T01:08:58.127+0000] {logging_mixin.py:188} INFO - [2023-12-26T01:08:58.127+0000] {dag.py:3033} INFO - Sync 1 DAGs
[2023-12-26T01:08:58.142+0000] {logging_mixin.py:188} INFO - [2023-12-26T01:08:58.142+0000] {dag.py:3820} INFO - Setting next_dagrun for example_dynamic_task_mapping_with_no_taskflow_operators to 2023-12-25T00:00:00+00:00, run_after=2023-12-26T00:00:00+00:00
[2023-12-26T01:08:58.176+0000] {processor.py:183} INFO - Processing /usr/local/python/3.10.13/lib/python3.10/site-packages/airflow/example_dags/example_dynamic_task_mapping_with_no_taskflow_operators.py took 0.069 seconds
