[2023-12-26T01:01:51.220+0000] {processor.py:161} INFO - Started process (PID=7390) to work on /usr/local/python/3.10.13/lib/python3.10/site-packages/airflow/example_dags/example_latest_only.py
[2023-12-26T01:01:51.221+0000] {processor.py:830} INFO - Processing file /usr/local/python/3.10.13/lib/python3.10/site-packages/airflow/example_dags/example_latest_only.py for tasks to queue
[2023-12-26T01:01:51.222+0000] {logging_mixin.py:188} INFO - [2023-12-26T01:01:51.221+0000] {dagbag.py:538} INFO - Filling up the DagBag from /usr/local/python/3.10.13/lib/python3.10/site-packages/airflow/example_dags/example_latest_only.py
[2023-12-26T01:01:51.234+0000] {processor.py:840} INFO - DAG(s) 'latest_only' retrieved from /usr/local/python/3.10.13/lib/python3.10/site-packages/airflow/example_dags/example_latest_only.py
[2023-12-26T01:01:51.448+0000] {logging_mixin.py:188} INFO - [2023-12-26T01:01:51.447+0000] {override.py:1769} INFO - Created Permission View: can delete on DAG:latest_only
[2023-12-26T01:01:51.481+0000] {logging_mixin.py:188} INFO - [2023-12-26T01:01:51.481+0000] {override.py:1769} INFO - Created Permission View: can read on DAG:latest_only
[2023-12-26T01:01:51.539+0000] {logging_mixin.py:188} INFO - [2023-12-26T01:01:51.538+0000] {override.py:1769} INFO - Created Permission View: can edit on DAG:latest_only
[2023-12-26T01:01:51.539+0000] {logging_mixin.py:188} INFO - [2023-12-26T01:01:51.539+0000] {dag.py:3033} INFO - Sync 1 DAGs
[2023-12-26T01:01:51.555+0000] {logging_mixin.py:188} INFO - [2023-12-26T01:01:51.555+0000] {dag.py:3055} INFO - Creating ORM DAG for latest_only
[2023-12-26T01:01:51.566+0000] {logging_mixin.py:188} INFO - [2023-12-26T01:01:51.566+0000] {dag.py:3820} INFO - Setting next_dagrun for latest_only to 2023-12-25T20:00:00+00:00, run_after=2023-12-26T00:00:00+00:00
[2023-12-26T01:01:51.621+0000] {processor.py:183} INFO - Processing /usr/local/python/3.10.13/lib/python3.10/site-packages/airflow/example_dags/example_latest_only.py took 0.405 seconds
[2023-12-26T01:02:42.745+0000] {processor.py:161} INFO - Started process (PID=8642) to work on /usr/local/python/3.10.13/lib/python3.10/site-packages/airflow/example_dags/example_latest_only.py
[2023-12-26T01:02:42.745+0000] {processor.py:830} INFO - Processing file /usr/local/python/3.10.13/lib/python3.10/site-packages/airflow/example_dags/example_latest_only.py for tasks to queue
[2023-12-26T01:02:42.746+0000] {logging_mixin.py:188} INFO - [2023-12-26T01:02:42.746+0000] {dagbag.py:538} INFO - Filling up the DagBag from /usr/local/python/3.10.13/lib/python3.10/site-packages/airflow/example_dags/example_latest_only.py
[2023-12-26T01:02:42.751+0000] {processor.py:840} INFO - DAG(s) 'latest_only' retrieved from /usr/local/python/3.10.13/lib/python3.10/site-packages/airflow/example_dags/example_latest_only.py
[2023-12-26T01:02:42.762+0000] {logging_mixin.py:188} INFO - [2023-12-26T01:02:42.762+0000] {dag.py:3033} INFO - Sync 1 DAGs
[2023-12-26T01:02:42.787+0000] {logging_mixin.py:188} INFO - [2023-12-26T01:02:42.786+0000] {dag.py:3820} INFO - Setting next_dagrun for latest_only to 2023-12-25T20:00:00+00:00, run_after=2023-12-26T00:00:00+00:00
[2023-12-26T01:02:42.839+0000] {processor.py:183} INFO - Processing /usr/local/python/3.10.13/lib/python3.10/site-packages/airflow/example_dags/example_latest_only.py took 0.096 seconds
[2023-12-26T01:03:32.288+0000] {processor.py:161} INFO - Started process (PID=9313) to work on /usr/local/python/3.10.13/lib/python3.10/site-packages/airflow/example_dags/example_latest_only.py
[2023-12-26T01:03:32.288+0000] {processor.py:830} INFO - Processing file /usr/local/python/3.10.13/lib/python3.10/site-packages/airflow/example_dags/example_latest_only.py for tasks to queue
[2023-12-26T01:03:32.289+0000] {logging_mixin.py:188} INFO - [2023-12-26T01:03:32.289+0000] {dagbag.py:538} INFO - Filling up the DagBag from /usr/local/python/3.10.13/lib/python3.10/site-packages/airflow/example_dags/example_latest_only.py
[2023-12-26T01:03:32.294+0000] {processor.py:840} INFO - DAG(s) 'latest_only' retrieved from /usr/local/python/3.10.13/lib/python3.10/site-packages/airflow/example_dags/example_latest_only.py
[2023-12-26T01:03:32.306+0000] {logging_mixin.py:188} INFO - [2023-12-26T01:03:32.305+0000] {dag.py:3033} INFO - Sync 1 DAGs
[2023-12-26T01:03:32.320+0000] {logging_mixin.py:188} INFO - [2023-12-26T01:03:32.320+0000] {dag.py:3820} INFO - Setting next_dagrun for latest_only to 2023-12-25T20:00:00+00:00, run_after=2023-12-26T00:00:00+00:00
[2023-12-26T01:03:32.356+0000] {processor.py:183} INFO - Processing /usr/local/python/3.10.13/lib/python3.10/site-packages/airflow/example_dags/example_latest_only.py took 0.071 seconds
[2023-12-26T01:04:34.846+0000] {processor.py:161} INFO - Started process (PID=10231) to work on /usr/local/python/3.10.13/lib/python3.10/site-packages/airflow/example_dags/example_latest_only.py
[2023-12-26T01:04:34.847+0000] {processor.py:830} INFO - Processing file /usr/local/python/3.10.13/lib/python3.10/site-packages/airflow/example_dags/example_latest_only.py for tasks to queue
[2023-12-26T01:04:34.847+0000] {logging_mixin.py:188} INFO - [2023-12-26T01:04:34.847+0000] {dagbag.py:538} INFO - Filling up the DagBag from /usr/local/python/3.10.13/lib/python3.10/site-packages/airflow/example_dags/example_latest_only.py
[2023-12-26T01:04:34.852+0000] {processor.py:840} INFO - DAG(s) 'latest_only' retrieved from /usr/local/python/3.10.13/lib/python3.10/site-packages/airflow/example_dags/example_latest_only.py
[2023-12-26T01:04:34.865+0000] {logging_mixin.py:188} INFO - [2023-12-26T01:04:34.865+0000] {dag.py:3033} INFO - Sync 1 DAGs
[2023-12-26T01:04:34.884+0000] {logging_mixin.py:188} INFO - [2023-12-26T01:04:34.884+0000] {dag.py:3820} INFO - Setting next_dagrun for latest_only to 2023-12-25T20:00:00+00:00, run_after=2023-12-26T00:00:00+00:00
[2023-12-26T01:04:34.922+0000] {processor.py:183} INFO - Processing /usr/local/python/3.10.13/lib/python3.10/site-packages/airflow/example_dags/example_latest_only.py took 0.079 seconds
[2023-12-26T01:05:30.349+0000] {processor.py:161} INFO - Started process (PID=10750) to work on /usr/local/python/3.10.13/lib/python3.10/site-packages/airflow/example_dags/example_latest_only.py
[2023-12-26T01:05:30.350+0000] {processor.py:830} INFO - Processing file /usr/local/python/3.10.13/lib/python3.10/site-packages/airflow/example_dags/example_latest_only.py for tasks to queue
[2023-12-26T01:05:30.350+0000] {logging_mixin.py:188} INFO - [2023-12-26T01:05:30.350+0000] {dagbag.py:538} INFO - Filling up the DagBag from /usr/local/python/3.10.13/lib/python3.10/site-packages/airflow/example_dags/example_latest_only.py
[2023-12-26T01:05:30.355+0000] {processor.py:840} INFO - DAG(s) 'latest_only' retrieved from /usr/local/python/3.10.13/lib/python3.10/site-packages/airflow/example_dags/example_latest_only.py
[2023-12-26T01:05:30.365+0000] {logging_mixin.py:188} INFO - [2023-12-26T01:05:30.365+0000] {dag.py:3033} INFO - Sync 1 DAGs
[2023-12-26T01:05:30.380+0000] {logging_mixin.py:188} INFO - [2023-12-26T01:05:30.380+0000] {dag.py:3820} INFO - Setting next_dagrun for latest_only to 2023-12-25T20:00:00+00:00, run_after=2023-12-26T00:00:00+00:00
[2023-12-26T01:05:30.416+0000] {processor.py:183} INFO - Processing /usr/local/python/3.10.13/lib/python3.10/site-packages/airflow/example_dags/example_latest_only.py took 0.069 seconds
[2023-12-26T01:06:36.667+0000] {processor.py:161} INFO - Started process (PID=12005) to work on /usr/local/python/3.10.13/lib/python3.10/site-packages/airflow/example_dags/example_latest_only.py
[2023-12-26T01:06:36.668+0000] {processor.py:830} INFO - Processing file /usr/local/python/3.10.13/lib/python3.10/site-packages/airflow/example_dags/example_latest_only.py for tasks to queue
[2023-12-26T01:06:36.669+0000] {logging_mixin.py:188} INFO - [2023-12-26T01:06:36.668+0000] {dagbag.py:538} INFO - Filling up the DagBag from /usr/local/python/3.10.13/lib/python3.10/site-packages/airflow/example_dags/example_latest_only.py
[2023-12-26T01:06:36.673+0000] {processor.py:840} INFO - DAG(s) 'latest_only' retrieved from /usr/local/python/3.10.13/lib/python3.10/site-packages/airflow/example_dags/example_latest_only.py
[2023-12-26T01:06:36.684+0000] {logging_mixin.py:188} INFO - [2023-12-26T01:06:36.684+0000] {dag.py:3033} INFO - Sync 1 DAGs
[2023-12-26T01:06:36.699+0000] {logging_mixin.py:188} INFO - [2023-12-26T01:06:36.699+0000] {dag.py:3820} INFO - Setting next_dagrun for latest_only to 2023-12-25T20:00:00+00:00, run_after=2023-12-26T00:00:00+00:00
[2023-12-26T01:06:36.732+0000] {processor.py:183} INFO - Processing /usr/local/python/3.10.13/lib/python3.10/site-packages/airflow/example_dags/example_latest_only.py took 0.067 seconds
[2023-12-26T01:07:32.144+0000] {processor.py:161} INFO - Started process (PID=12571) to work on /usr/local/python/3.10.13/lib/python3.10/site-packages/airflow/example_dags/example_latest_only.py
[2023-12-26T01:07:32.144+0000] {processor.py:830} INFO - Processing file /usr/local/python/3.10.13/lib/python3.10/site-packages/airflow/example_dags/example_latest_only.py for tasks to queue
[2023-12-26T01:07:32.145+0000] {logging_mixin.py:188} INFO - [2023-12-26T01:07:32.145+0000] {dagbag.py:538} INFO - Filling up the DagBag from /usr/local/python/3.10.13/lib/python3.10/site-packages/airflow/example_dags/example_latest_only.py
[2023-12-26T01:07:32.150+0000] {processor.py:840} INFO - DAG(s) 'latest_only' retrieved from /usr/local/python/3.10.13/lib/python3.10/site-packages/airflow/example_dags/example_latest_only.py
[2023-12-26T01:07:32.164+0000] {logging_mixin.py:188} INFO - [2023-12-26T01:07:32.163+0000] {dag.py:3033} INFO - Sync 1 DAGs
[2023-12-26T01:07:32.185+0000] {logging_mixin.py:188} INFO - [2023-12-26T01:07:32.185+0000] {dag.py:3820} INFO - Setting next_dagrun for latest_only to 2023-12-25T20:00:00+00:00, run_after=2023-12-26T00:00:00+00:00
[2023-12-26T01:07:32.219+0000] {processor.py:183} INFO - Processing /usr/local/python/3.10.13/lib/python3.10/site-packages/airflow/example_dags/example_latest_only.py took 0.078 seconds
[2023-12-26T01:08:33.944+0000] {processor.py:161} INFO - Started process (PID=13260) to work on /usr/local/python/3.10.13/lib/python3.10/site-packages/airflow/example_dags/example_latest_only.py
[2023-12-26T01:08:33.944+0000] {processor.py:830} INFO - Processing file /usr/local/python/3.10.13/lib/python3.10/site-packages/airflow/example_dags/example_latest_only.py for tasks to queue
[2023-12-26T01:08:33.945+0000] {logging_mixin.py:188} INFO - [2023-12-26T01:08:33.945+0000] {dagbag.py:538} INFO - Filling up the DagBag from /usr/local/python/3.10.13/lib/python3.10/site-packages/airflow/example_dags/example_latest_only.py
[2023-12-26T01:08:33.949+0000] {processor.py:840} INFO - DAG(s) 'latest_only' retrieved from /usr/local/python/3.10.13/lib/python3.10/site-packages/airflow/example_dags/example_latest_only.py
[2023-12-26T01:08:33.961+0000] {logging_mixin.py:188} INFO - [2023-12-26T01:08:33.961+0000] {dag.py:3033} INFO - Sync 1 DAGs
[2023-12-26T01:08:33.977+0000] {logging_mixin.py:188} INFO - [2023-12-26T01:08:33.977+0000] {dag.py:3820} INFO - Setting next_dagrun for latest_only to 2023-12-25T20:00:00+00:00, run_after=2023-12-26T00:00:00+00:00
[2023-12-26T01:08:34.014+0000] {processor.py:183} INFO - Processing /usr/local/python/3.10.13/lib/python3.10/site-packages/airflow/example_dags/example_latest_only.py took 0.073 seconds
[2023-12-26T01:09:26.701+0000] {processor.py:161} INFO - Started process (PID=13799) to work on /usr/local/python/3.10.13/lib/python3.10/site-packages/airflow/example_dags/example_latest_only.py
[2023-12-26T01:09:26.702+0000] {processor.py:830} INFO - Processing file /usr/local/python/3.10.13/lib/python3.10/site-packages/airflow/example_dags/example_latest_only.py for tasks to queue
[2023-12-26T01:09:26.703+0000] {logging_mixin.py:188} INFO - [2023-12-26T01:09:26.702+0000] {dagbag.py:538} INFO - Filling up the DagBag from /usr/local/python/3.10.13/lib/python3.10/site-packages/airflow/example_dags/example_latest_only.py
[2023-12-26T01:09:26.707+0000] {processor.py:840} INFO - DAG(s) 'latest_only' retrieved from /usr/local/python/3.10.13/lib/python3.10/site-packages/airflow/example_dags/example_latest_only.py
[2023-12-26T01:09:26.718+0000] {logging_mixin.py:188} INFO - [2023-12-26T01:09:26.718+0000] {dag.py:3033} INFO - Sync 1 DAGs
[2023-12-26T01:09:26.735+0000] {logging_mixin.py:188} INFO - [2023-12-26T01:09:26.734+0000] {dag.py:3820} INFO - Setting next_dagrun for latest_only to 2023-12-25T20:00:00+00:00, run_after=2023-12-26T00:00:00+00:00
[2023-12-26T01:09:26.768+0000] {processor.py:183} INFO - Processing /usr/local/python/3.10.13/lib/python3.10/site-packages/airflow/example_dags/example_latest_only.py took 0.068 seconds
