[2023-12-26T01:01:11.982+0000] {processor.py:161} INFO - Started process (PID=6794) to work on /usr/local/python/3.10.13/lib/python3.10/site-packages/airflow/example_dags/example_xcom.py
[2023-12-26T01:01:11.982+0000] {processor.py:830} INFO - Processing file /usr/local/python/3.10.13/lib/python3.10/site-packages/airflow/example_dags/example_xcom.py for tasks to queue
[2023-12-26T01:01:11.983+0000] {logging_mixin.py:188} INFO - [2023-12-26T01:01:11.983+0000] {dagbag.py:538} INFO - Filling up the DagBag from /usr/local/python/3.10.13/lib/python3.10/site-packages/airflow/example_dags/example_xcom.py
[2023-12-26T01:01:11.991+0000] {processor.py:840} INFO - DAG(s) 'example_xcom' retrieved from /usr/local/python/3.10.13/lib/python3.10/site-packages/airflow/example_dags/example_xcom.py
[2023-12-26T01:01:12.119+0000] {logging_mixin.py:188} INFO - [2023-12-26T01:01:12.118+0000] {override.py:1769} INFO - Created Permission View: can delete on DAG:example_xcom
[2023-12-26T01:01:12.147+0000] {logging_mixin.py:188} INFO - [2023-12-26T01:01:12.147+0000] {override.py:1769} INFO - Created Permission View: can read on DAG:example_xcom
[2023-12-26T01:01:12.174+0000] {logging_mixin.py:188} INFO - [2023-12-26T01:01:12.174+0000] {override.py:1769} INFO - Created Permission View: can edit on DAG:example_xcom
[2023-12-26T01:01:12.174+0000] {logging_mixin.py:188} INFO - [2023-12-26T01:01:12.174+0000] {dag.py:3033} INFO - Sync 1 DAGs
[2023-12-26T01:01:12.183+0000] {logging_mixin.py:188} INFO - [2023-12-26T01:01:12.183+0000] {dag.py:3055} INFO - Creating ORM DAG for example_xcom
[2023-12-26T01:01:12.190+0000] {logging_mixin.py:188} INFO - [2023-12-26T01:01:12.190+0000] {dag.py:3820} INFO - Setting next_dagrun for example_xcom to 2021-01-01T00:00:00+00:00, run_after=2021-01-01T00:00:00+00:00
[2023-12-26T01:01:12.229+0000] {processor.py:183} INFO - Processing /usr/local/python/3.10.13/lib/python3.10/site-packages/airflow/example_dags/example_xcom.py took 0.249 seconds
[2023-12-26T01:02:12.344+0000] {processor.py:161} INFO - Started process (PID=8190) to work on /usr/local/python/3.10.13/lib/python3.10/site-packages/airflow/example_dags/example_xcom.py
[2023-12-26T01:02:12.344+0000] {processor.py:830} INFO - Processing file /usr/local/python/3.10.13/lib/python3.10/site-packages/airflow/example_dags/example_xcom.py for tasks to queue
[2023-12-26T01:02:12.345+0000] {logging_mixin.py:188} INFO - [2023-12-26T01:02:12.345+0000] {dagbag.py:538} INFO - Filling up the DagBag from /usr/local/python/3.10.13/lib/python3.10/site-packages/airflow/example_dags/example_xcom.py
[2023-12-26T01:02:12.352+0000] {processor.py:840} INFO - DAG(s) 'example_xcom' retrieved from /usr/local/python/3.10.13/lib/python3.10/site-packages/airflow/example_dags/example_xcom.py
[2023-12-26T01:02:12.365+0000] {logging_mixin.py:188} INFO - [2023-12-26T01:02:12.365+0000] {dag.py:3033} INFO - Sync 1 DAGs
[2023-12-26T01:02:12.380+0000] {logging_mixin.py:188} INFO - [2023-12-26T01:02:12.379+0000] {dag.py:3820} INFO - Setting next_dagrun for example_xcom to 2021-01-01T00:00:00+00:00, run_after=2021-01-01T00:00:00+00:00
[2023-12-26T01:02:12.421+0000] {processor.py:183} INFO - Processing /usr/local/python/3.10.13/lib/python3.10/site-packages/airflow/example_dags/example_xcom.py took 0.079 seconds
[2023-12-26T01:02:56.538+0000] {processor.py:161} INFO - Started process (PID=8787) to work on /usr/local/python/3.10.13/lib/python3.10/site-packages/airflow/example_dags/example_xcom.py
[2023-12-26T01:02:56.539+0000] {processor.py:830} INFO - Processing file /usr/local/python/3.10.13/lib/python3.10/site-packages/airflow/example_dags/example_xcom.py for tasks to queue
[2023-12-26T01:02:56.539+0000] {logging_mixin.py:188} INFO - [2023-12-26T01:02:56.539+0000] {dagbag.py:538} INFO - Filling up the DagBag from /usr/local/python/3.10.13/lib/python3.10/site-packages/airflow/example_dags/example_xcom.py
[2023-12-26T01:02:56.545+0000] {processor.py:840} INFO - DAG(s) 'example_xcom' retrieved from /usr/local/python/3.10.13/lib/python3.10/site-packages/airflow/example_dags/example_xcom.py
[2023-12-26T01:02:56.557+0000] {logging_mixin.py:188} INFO - [2023-12-26T01:02:56.557+0000] {dag.py:3033} INFO - Sync 1 DAGs
[2023-12-26T01:02:56.571+0000] {logging_mixin.py:188} INFO - [2023-12-26T01:02:56.571+0000] {dag.py:3820} INFO - Setting next_dagrun for example_xcom to 2021-01-01T00:00:00+00:00, run_after=2021-01-01T00:00:00+00:00
[2023-12-26T01:02:56.609+0000] {processor.py:183} INFO - Processing /usr/local/python/3.10.13/lib/python3.10/site-packages/airflow/example_dags/example_xcom.py took 0.073 seconds
[2023-12-26T01:03:44.555+0000] {processor.py:161} INFO - Started process (PID=9511) to work on /usr/local/python/3.10.13/lib/python3.10/site-packages/airflow/example_dags/example_xcom.py
[2023-12-26T01:03:44.556+0000] {processor.py:830} INFO - Processing file /usr/local/python/3.10.13/lib/python3.10/site-packages/airflow/example_dags/example_xcom.py for tasks to queue
[2023-12-26T01:03:44.557+0000] {logging_mixin.py:188} INFO - [2023-12-26T01:03:44.556+0000] {dagbag.py:538} INFO - Filling up the DagBag from /usr/local/python/3.10.13/lib/python3.10/site-packages/airflow/example_dags/example_xcom.py
[2023-12-26T01:03:44.562+0000] {processor.py:840} INFO - DAG(s) 'example_xcom' retrieved from /usr/local/python/3.10.13/lib/python3.10/site-packages/airflow/example_dags/example_xcom.py
[2023-12-26T01:03:44.575+0000] {logging_mixin.py:188} INFO - [2023-12-26T01:03:44.575+0000] {dag.py:3033} INFO - Sync 1 DAGs
[2023-12-26T01:03:44.589+0000] {logging_mixin.py:188} INFO - [2023-12-26T01:03:44.589+0000] {dag.py:3820} INFO - Setting next_dagrun for example_xcom to 2021-01-01T00:00:00+00:00, run_after=2021-01-01T00:00:00+00:00
[2023-12-26T01:03:44.625+0000] {processor.py:183} INFO - Processing /usr/local/python/3.10.13/lib/python3.10/site-packages/airflow/example_dags/example_xcom.py took 0.072 seconds
[2023-12-26T01:04:26.791+0000] {processor.py:161} INFO - Started process (PID=10190) to work on /usr/local/python/3.10.13/lib/python3.10/site-packages/airflow/example_dags/example_xcom.py
[2023-12-26T01:04:26.792+0000] {processor.py:830} INFO - Processing file /usr/local/python/3.10.13/lib/python3.10/site-packages/airflow/example_dags/example_xcom.py for tasks to queue
[2023-12-26T01:04:26.793+0000] {logging_mixin.py:188} INFO - [2023-12-26T01:04:26.793+0000] {dagbag.py:538} INFO - Filling up the DagBag from /usr/local/python/3.10.13/lib/python3.10/site-packages/airflow/example_dags/example_xcom.py
[2023-12-26T01:04:26.800+0000] {processor.py:840} INFO - DAG(s) 'example_xcom' retrieved from /usr/local/python/3.10.13/lib/python3.10/site-packages/airflow/example_dags/example_xcom.py
[2023-12-26T01:04:26.817+0000] {logging_mixin.py:188} INFO - [2023-12-26T01:04:26.816+0000] {dag.py:3033} INFO - Sync 1 DAGs
[2023-12-26T01:04:26.836+0000] {logging_mixin.py:188} INFO - [2023-12-26T01:04:26.835+0000] {dag.py:3820} INFO - Setting next_dagrun for example_xcom to 2021-01-01T00:00:00+00:00, run_after=2021-01-01T00:00:00+00:00
[2023-12-26T01:04:26.871+0000] {processor.py:183} INFO - Processing /usr/local/python/3.10.13/lib/python3.10/site-packages/airflow/example_dags/example_xcom.py took 0.083 seconds
[2023-12-26T01:05:05.799+0000] {processor.py:161} INFO - Started process (PID=10511) to work on /usr/local/python/3.10.13/lib/python3.10/site-packages/airflow/example_dags/example_xcom.py
[2023-12-26T01:05:05.799+0000] {processor.py:830} INFO - Processing file /usr/local/python/3.10.13/lib/python3.10/site-packages/airflow/example_dags/example_xcom.py for tasks to queue
[2023-12-26T01:05:05.800+0000] {logging_mixin.py:188} INFO - [2023-12-26T01:05:05.799+0000] {dagbag.py:538} INFO - Filling up the DagBag from /usr/local/python/3.10.13/lib/python3.10/site-packages/airflow/example_dags/example_xcom.py
[2023-12-26T01:05:05.805+0000] {processor.py:840} INFO - DAG(s) 'example_xcom' retrieved from /usr/local/python/3.10.13/lib/python3.10/site-packages/airflow/example_dags/example_xcom.py
[2023-12-26T01:05:05.817+0000] {logging_mixin.py:188} INFO - [2023-12-26T01:05:05.817+0000] {dag.py:3033} INFO - Sync 1 DAGs
[2023-12-26T01:05:05.831+0000] {logging_mixin.py:188} INFO - [2023-12-26T01:05:05.831+0000] {dag.py:3820} INFO - Setting next_dagrun for example_xcom to 2021-01-01T00:00:00+00:00, run_after=2021-01-01T00:00:00+00:00
[2023-12-26T01:05:05.865+0000] {processor.py:183} INFO - Processing /usr/local/python/3.10.13/lib/python3.10/site-packages/airflow/example_dags/example_xcom.py took 0.069 seconds
[2023-12-26T01:05:42.967+0000] {processor.py:161} INFO - Started process (PID=10986) to work on /usr/local/python/3.10.13/lib/python3.10/site-packages/airflow/example_dags/example_xcom.py
[2023-12-26T01:05:42.968+0000] {processor.py:830} INFO - Processing file /usr/local/python/3.10.13/lib/python3.10/site-packages/airflow/example_dags/example_xcom.py for tasks to queue
[2023-12-26T01:05:42.968+0000] {logging_mixin.py:188} INFO - [2023-12-26T01:05:42.968+0000] {dagbag.py:538} INFO - Filling up the DagBag from /usr/local/python/3.10.13/lib/python3.10/site-packages/airflow/example_dags/example_xcom.py
[2023-12-26T01:05:42.974+0000] {processor.py:840} INFO - DAG(s) 'example_xcom' retrieved from /usr/local/python/3.10.13/lib/python3.10/site-packages/airflow/example_dags/example_xcom.py
[2023-12-26T01:05:42.986+0000] {logging_mixin.py:188} INFO - [2023-12-26T01:05:42.986+0000] {dag.py:3033} INFO - Sync 1 DAGs
[2023-12-26T01:05:43.001+0000] {logging_mixin.py:188} INFO - [2023-12-26T01:05:43.001+0000] {dag.py:3820} INFO - Setting next_dagrun for example_xcom to 2021-01-01T00:00:00+00:00, run_after=2021-01-01T00:00:00+00:00
[2023-12-26T01:05:43.039+0000] {processor.py:183} INFO - Processing /usr/local/python/3.10.13/lib/python3.10/site-packages/airflow/example_dags/example_xcom.py took 0.074 seconds
[2023-12-26T01:06:27.483+0000] {processor.py:161} INFO - Started process (PID=11846) to work on /usr/local/python/3.10.13/lib/python3.10/site-packages/airflow/example_dags/example_xcom.py
[2023-12-26T01:06:27.483+0000] {processor.py:830} INFO - Processing file /usr/local/python/3.10.13/lib/python3.10/site-packages/airflow/example_dags/example_xcom.py for tasks to queue
[2023-12-26T01:06:27.484+0000] {logging_mixin.py:188} INFO - [2023-12-26T01:06:27.484+0000] {dagbag.py:538} INFO - Filling up the DagBag from /usr/local/python/3.10.13/lib/python3.10/site-packages/airflow/example_dags/example_xcom.py
[2023-12-26T01:06:27.490+0000] {processor.py:840} INFO - DAG(s) 'example_xcom' retrieved from /usr/local/python/3.10.13/lib/python3.10/site-packages/airflow/example_dags/example_xcom.py
[2023-12-26T01:06:27.502+0000] {logging_mixin.py:188} INFO - [2023-12-26T01:06:27.502+0000] {dag.py:3033} INFO - Sync 1 DAGs
[2023-12-26T01:06:27.517+0000] {logging_mixin.py:188} INFO - [2023-12-26T01:06:27.517+0000] {dag.py:3820} INFO - Setting next_dagrun for example_xcom to 2021-01-01T00:00:00+00:00, run_after=2021-01-01T00:00:00+00:00
[2023-12-26T01:06:27.561+0000] {processor.py:183} INFO - Processing /usr/local/python/3.10.13/lib/python3.10/site-packages/airflow/example_dags/example_xcom.py took 0.081 seconds
[2023-12-26T01:07:11.484+0000] {processor.py:161} INFO - Started process (PID=12374) to work on /usr/local/python/3.10.13/lib/python3.10/site-packages/airflow/example_dags/example_xcom.py
[2023-12-26T01:07:11.485+0000] {processor.py:830} INFO - Processing file /usr/local/python/3.10.13/lib/python3.10/site-packages/airflow/example_dags/example_xcom.py for tasks to queue
[2023-12-26T01:07:11.486+0000] {logging_mixin.py:188} INFO - [2023-12-26T01:07:11.485+0000] {dagbag.py:538} INFO - Filling up the DagBag from /usr/local/python/3.10.13/lib/python3.10/site-packages/airflow/example_dags/example_xcom.py
[2023-12-26T01:07:11.491+0000] {processor.py:840} INFO - DAG(s) 'example_xcom' retrieved from /usr/local/python/3.10.13/lib/python3.10/site-packages/airflow/example_dags/example_xcom.py
[2023-12-26T01:07:11.503+0000] {logging_mixin.py:188} INFO - [2023-12-26T01:07:11.503+0000] {dag.py:3033} INFO - Sync 1 DAGs
[2023-12-26T01:07:11.517+0000] {logging_mixin.py:188} INFO - [2023-12-26T01:07:11.517+0000] {dag.py:3820} INFO - Setting next_dagrun for example_xcom to 2021-01-01T00:00:00+00:00, run_after=2021-01-01T00:00:00+00:00
[2023-12-26T01:07:11.551+0000] {processor.py:183} INFO - Processing /usr/local/python/3.10.13/lib/python3.10/site-packages/airflow/example_dags/example_xcom.py took 0.068 seconds
[2023-12-26T01:08:04.282+0000] {processor.py:161} INFO - Started process (PID=12892) to work on /usr/local/python/3.10.13/lib/python3.10/site-packages/airflow/example_dags/example_xcom.py
[2023-12-26T01:08:04.283+0000] {processor.py:830} INFO - Processing file /usr/local/python/3.10.13/lib/python3.10/site-packages/airflow/example_dags/example_xcom.py for tasks to queue
[2023-12-26T01:08:04.284+0000] {logging_mixin.py:188} INFO - [2023-12-26T01:08:04.284+0000] {dagbag.py:538} INFO - Filling up the DagBag from /usr/local/python/3.10.13/lib/python3.10/site-packages/airflow/example_dags/example_xcom.py
[2023-12-26T01:08:04.294+0000] {processor.py:840} INFO - DAG(s) 'example_xcom' retrieved from /usr/local/python/3.10.13/lib/python3.10/site-packages/airflow/example_dags/example_xcom.py
[2023-12-26T01:08:04.315+0000] {logging_mixin.py:188} INFO - [2023-12-26T01:08:04.315+0000] {dag.py:3033} INFO - Sync 1 DAGs
[2023-12-26T01:08:04.337+0000] {logging_mixin.py:188} INFO - [2023-12-26T01:08:04.337+0000] {dag.py:3820} INFO - Setting next_dagrun for example_xcom to 2021-01-01T00:00:00+00:00, run_after=2021-01-01T00:00:00+00:00
[2023-12-26T01:08:04.389+0000] {processor.py:183} INFO - Processing /usr/local/python/3.10.13/lib/python3.10/site-packages/airflow/example_dags/example_xcom.py took 0.110 seconds
[2023-12-26T01:08:46.566+0000] {processor.py:161} INFO - Started process (PID=13349) to work on /usr/local/python/3.10.13/lib/python3.10/site-packages/airflow/example_dags/example_xcom.py
[2023-12-26T01:08:46.567+0000] {processor.py:830} INFO - Processing file /usr/local/python/3.10.13/lib/python3.10/site-packages/airflow/example_dags/example_xcom.py for tasks to queue
[2023-12-26T01:08:46.567+0000] {logging_mixin.py:188} INFO - [2023-12-26T01:08:46.567+0000] {dagbag.py:538} INFO - Filling up the DagBag from /usr/local/python/3.10.13/lib/python3.10/site-packages/airflow/example_dags/example_xcom.py
[2023-12-26T01:08:46.573+0000] {processor.py:840} INFO - DAG(s) 'example_xcom' retrieved from /usr/local/python/3.10.13/lib/python3.10/site-packages/airflow/example_dags/example_xcom.py
[2023-12-26T01:08:46.585+0000] {logging_mixin.py:188} INFO - [2023-12-26T01:08:46.585+0000] {dag.py:3033} INFO - Sync 1 DAGs
[2023-12-26T01:08:46.600+0000] {logging_mixin.py:188} INFO - [2023-12-26T01:08:46.600+0000] {dag.py:3820} INFO - Setting next_dagrun for example_xcom to 2021-01-01T00:00:00+00:00, run_after=2021-01-01T00:00:00+00:00
[2023-12-26T01:08:46.633+0000] {processor.py:183} INFO - Processing /usr/local/python/3.10.13/lib/python3.10/site-packages/airflow/example_dags/example_xcom.py took 0.070 seconds
[2023-12-26T01:09:21.544+0000] {processor.py:161} INFO - Started process (PID=13773) to work on /usr/local/python/3.10.13/lib/python3.10/site-packages/airflow/example_dags/example_xcom.py
[2023-12-26T01:09:21.544+0000] {processor.py:830} INFO - Processing file /usr/local/python/3.10.13/lib/python3.10/site-packages/airflow/example_dags/example_xcom.py for tasks to queue
[2023-12-26T01:09:21.545+0000] {logging_mixin.py:188} INFO - [2023-12-26T01:09:21.545+0000] {dagbag.py:538} INFO - Filling up the DagBag from /usr/local/python/3.10.13/lib/python3.10/site-packages/airflow/example_dags/example_xcom.py
[2023-12-26T01:09:21.551+0000] {processor.py:840} INFO - DAG(s) 'example_xcom' retrieved from /usr/local/python/3.10.13/lib/python3.10/site-packages/airflow/example_dags/example_xcom.py
[2023-12-26T01:09:21.564+0000] {logging_mixin.py:188} INFO - [2023-12-26T01:09:21.564+0000] {dag.py:3033} INFO - Sync 1 DAGs
[2023-12-26T01:09:21.580+0000] {logging_mixin.py:188} INFO - [2023-12-26T01:09:21.579+0000] {dag.py:3820} INFO - Setting next_dagrun for example_xcom to 2021-01-01T00:00:00+00:00, run_after=2021-01-01T00:00:00+00:00
[2023-12-26T01:09:21.615+0000] {processor.py:183} INFO - Processing /usr/local/python/3.10.13/lib/python3.10/site-packages/airflow/example_dags/example_xcom.py took 0.074 seconds
