[2023-12-26T01:01:08.344+0000] {processor.py:161} INFO - Started process (PID=6674) to work on /usr/local/python/3.10.13/lib/python3.10/site-packages/airflow/example_dags/example_task_group_decorator.py
[2023-12-26T01:01:08.345+0000] {processor.py:830} INFO - Processing file /usr/local/python/3.10.13/lib/python3.10/site-packages/airflow/example_dags/example_task_group_decorator.py for tasks to queue
[2023-12-26T01:01:08.345+0000] {logging_mixin.py:188} INFO - [2023-12-26T01:01:08.345+0000] {dagbag.py:538} INFO - Filling up the DagBag from /usr/local/python/3.10.13/lib/python3.10/site-packages/airflow/example_dags/example_task_group_decorator.py
[2023-12-26T01:01:08.364+0000] {processor.py:840} INFO - DAG(s) 'example_task_group_decorator' retrieved from /usr/local/python/3.10.13/lib/python3.10/site-packages/airflow/example_dags/example_task_group_decorator.py
[2023-12-26T01:01:08.496+0000] {logging_mixin.py:188} INFO - [2023-12-26T01:01:08.495+0000] {override.py:1769} INFO - Created Permission View: can delete on DAG:example_task_group_decorator
[2023-12-26T01:01:08.522+0000] {logging_mixin.py:188} INFO - [2023-12-26T01:01:08.522+0000] {override.py:1769} INFO - Created Permission View: can read on DAG:example_task_group_decorator
[2023-12-26T01:01:08.553+0000] {logging_mixin.py:188} INFO - [2023-12-26T01:01:08.553+0000] {override.py:1769} INFO - Created Permission View: can edit on DAG:example_task_group_decorator
[2023-12-26T01:01:08.554+0000] {logging_mixin.py:188} INFO - [2023-12-26T01:01:08.554+0000] {dag.py:3033} INFO - Sync 1 DAGs
[2023-12-26T01:01:08.568+0000] {logging_mixin.py:188} INFO - [2023-12-26T01:01:08.567+0000] {dag.py:3055} INFO - Creating ORM DAG for example_task_group_decorator
[2023-12-26T01:01:08.576+0000] {logging_mixin.py:188} INFO - [2023-12-26T01:01:08.576+0000] {dag.py:3820} INFO - Setting next_dagrun for example_task_group_decorator to 2023-12-25T00:00:00+00:00, run_after=2023-12-26T00:00:00+00:00
[2023-12-26T01:01:08.627+0000] {processor.py:183} INFO - Processing /usr/local/python/3.10.13/lib/python3.10/site-packages/airflow/example_dags/example_task_group_decorator.py took 0.285 seconds
[2023-12-26T01:02:09.858+0000] {processor.py:161} INFO - Started process (PID=8110) to work on /usr/local/python/3.10.13/lib/python3.10/site-packages/airflow/example_dags/example_task_group_decorator.py
[2023-12-26T01:02:09.858+0000] {processor.py:830} INFO - Processing file /usr/local/python/3.10.13/lib/python3.10/site-packages/airflow/example_dags/example_task_group_decorator.py for tasks to queue
[2023-12-26T01:02:09.859+0000] {logging_mixin.py:188} INFO - [2023-12-26T01:02:09.858+0000] {dagbag.py:538} INFO - Filling up the DagBag from /usr/local/python/3.10.13/lib/python3.10/site-packages/airflow/example_dags/example_task_group_decorator.py
[2023-12-26T01:02:09.871+0000] {processor.py:840} INFO - DAG(s) 'example_task_group_decorator' retrieved from /usr/local/python/3.10.13/lib/python3.10/site-packages/airflow/example_dags/example_task_group_decorator.py
[2023-12-26T01:02:09.885+0000] {logging_mixin.py:188} INFO - [2023-12-26T01:02:09.885+0000] {dag.py:3033} INFO - Sync 1 DAGs
[2023-12-26T01:02:09.901+0000] {logging_mixin.py:188} INFO - [2023-12-26T01:02:09.901+0000] {dag.py:3820} INFO - Setting next_dagrun for example_task_group_decorator to 2023-12-25T00:00:00+00:00, run_after=2023-12-26T00:00:00+00:00
[2023-12-26T01:02:09.940+0000] {processor.py:183} INFO - Processing /usr/local/python/3.10.13/lib/python3.10/site-packages/airflow/example_dags/example_task_group_decorator.py took 0.085 seconds
[2023-12-26T01:02:54.014+0000] {processor.py:161} INFO - Started process (PID=8778) to work on /usr/local/python/3.10.13/lib/python3.10/site-packages/airflow/example_dags/example_task_group_decorator.py
[2023-12-26T01:02:54.015+0000] {processor.py:830} INFO - Processing file /usr/local/python/3.10.13/lib/python3.10/site-packages/airflow/example_dags/example_task_group_decorator.py for tasks to queue
[2023-12-26T01:02:54.015+0000] {logging_mixin.py:188} INFO - [2023-12-26T01:02:54.015+0000] {dagbag.py:538} INFO - Filling up the DagBag from /usr/local/python/3.10.13/lib/python3.10/site-packages/airflow/example_dags/example_task_group_decorator.py
[2023-12-26T01:02:54.028+0000] {processor.py:840} INFO - DAG(s) 'example_task_group_decorator' retrieved from /usr/local/python/3.10.13/lib/python3.10/site-packages/airflow/example_dags/example_task_group_decorator.py
[2023-12-26T01:02:54.042+0000] {logging_mixin.py:188} INFO - [2023-12-26T01:02:54.042+0000] {dag.py:3033} INFO - Sync 1 DAGs
[2023-12-26T01:02:54.057+0000] {logging_mixin.py:188} INFO - [2023-12-26T01:02:54.057+0000] {dag.py:3820} INFO - Setting next_dagrun for example_task_group_decorator to 2023-12-25T00:00:00+00:00, run_after=2023-12-26T00:00:00+00:00
[2023-12-26T01:02:54.090+0000] {processor.py:183} INFO - Processing /usr/local/python/3.10.13/lib/python3.10/site-packages/airflow/example_dags/example_task_group_decorator.py took 0.078 seconds
[2023-12-26T01:03:42.151+0000] {processor.py:161} INFO - Started process (PID=9484) to work on /usr/local/python/3.10.13/lib/python3.10/site-packages/airflow/example_dags/example_task_group_decorator.py
[2023-12-26T01:03:42.151+0000] {processor.py:830} INFO - Processing file /usr/local/python/3.10.13/lib/python3.10/site-packages/airflow/example_dags/example_task_group_decorator.py for tasks to queue
[2023-12-26T01:03:42.152+0000] {logging_mixin.py:188} INFO - [2023-12-26T01:03:42.152+0000] {dagbag.py:538} INFO - Filling up the DagBag from /usr/local/python/3.10.13/lib/python3.10/site-packages/airflow/example_dags/example_task_group_decorator.py
[2023-12-26T01:03:42.164+0000] {processor.py:840} INFO - DAG(s) 'example_task_group_decorator' retrieved from /usr/local/python/3.10.13/lib/python3.10/site-packages/airflow/example_dags/example_task_group_decorator.py
[2023-12-26T01:03:42.179+0000] {logging_mixin.py:188} INFO - [2023-12-26T01:03:42.178+0000] {dag.py:3033} INFO - Sync 1 DAGs
[2023-12-26T01:03:42.193+0000] {logging_mixin.py:188} INFO - [2023-12-26T01:03:42.193+0000] {dag.py:3820} INFO - Setting next_dagrun for example_task_group_decorator to 2023-12-25T00:00:00+00:00, run_after=2023-12-26T00:00:00+00:00
[2023-12-26T01:03:42.229+0000] {processor.py:183} INFO - Processing /usr/local/python/3.10.13/lib/python3.10/site-packages/airflow/example_dags/example_task_group_decorator.py took 0.080 seconds
[2023-12-26T01:04:23.362+0000] {processor.py:161} INFO - Started process (PID=10122) to work on /usr/local/python/3.10.13/lib/python3.10/site-packages/airflow/example_dags/example_task_group_decorator.py
[2023-12-26T01:04:23.363+0000] {processor.py:830} INFO - Processing file /usr/local/python/3.10.13/lib/python3.10/site-packages/airflow/example_dags/example_task_group_decorator.py for tasks to queue
[2023-12-26T01:04:23.364+0000] {logging_mixin.py:188} INFO - [2023-12-26T01:04:23.363+0000] {dagbag.py:538} INFO - Filling up the DagBag from /usr/local/python/3.10.13/lib/python3.10/site-packages/airflow/example_dags/example_task_group_decorator.py
[2023-12-26T01:04:23.375+0000] {processor.py:840} INFO - DAG(s) 'example_task_group_decorator' retrieved from /usr/local/python/3.10.13/lib/python3.10/site-packages/airflow/example_dags/example_task_group_decorator.py
[2023-12-26T01:04:23.390+0000] {logging_mixin.py:188} INFO - [2023-12-26T01:04:23.389+0000] {dag.py:3033} INFO - Sync 1 DAGs
[2023-12-26T01:04:23.404+0000] {logging_mixin.py:188} INFO - [2023-12-26T01:04:23.404+0000] {dag.py:3820} INFO - Setting next_dagrun for example_task_group_decorator to 2023-12-25T00:00:00+00:00, run_after=2023-12-26T00:00:00+00:00
[2023-12-26T01:04:23.443+0000] {processor.py:183} INFO - Processing /usr/local/python/3.10.13/lib/python3.10/site-packages/airflow/example_dags/example_task_group_decorator.py took 0.083 seconds
[2023-12-26T01:05:02.507+0000] {processor.py:161} INFO - Started process (PID=10472) to work on /usr/local/python/3.10.13/lib/python3.10/site-packages/airflow/example_dags/example_task_group_decorator.py
[2023-12-26T01:05:02.508+0000] {processor.py:830} INFO - Processing file /usr/local/python/3.10.13/lib/python3.10/site-packages/airflow/example_dags/example_task_group_decorator.py for tasks to queue
[2023-12-26T01:05:02.509+0000] {logging_mixin.py:188} INFO - [2023-12-26T01:05:02.508+0000] {dagbag.py:538} INFO - Filling up the DagBag from /usr/local/python/3.10.13/lib/python3.10/site-packages/airflow/example_dags/example_task_group_decorator.py
[2023-12-26T01:05:02.521+0000] {processor.py:840} INFO - DAG(s) 'example_task_group_decorator' retrieved from /usr/local/python/3.10.13/lib/python3.10/site-packages/airflow/example_dags/example_task_group_decorator.py
[2023-12-26T01:05:02.536+0000] {logging_mixin.py:188} INFO - [2023-12-26T01:05:02.535+0000] {dag.py:3033} INFO - Sync 1 DAGs
[2023-12-26T01:05:02.551+0000] {logging_mixin.py:188} INFO - [2023-12-26T01:05:02.551+0000] {dag.py:3820} INFO - Setting next_dagrun for example_task_group_decorator to 2023-12-25T00:00:00+00:00, run_after=2023-12-26T00:00:00+00:00
[2023-12-26T01:05:02.584+0000] {processor.py:183} INFO - Processing /usr/local/python/3.10.13/lib/python3.10/site-packages/airflow/example_dags/example_task_group_decorator.py took 0.080 seconds
[2023-12-26T01:05:40.106+0000] {processor.py:161} INFO - Started process (PID=10909) to work on /usr/local/python/3.10.13/lib/python3.10/site-packages/airflow/example_dags/example_task_group_decorator.py
[2023-12-26T01:05:40.107+0000] {processor.py:830} INFO - Processing file /usr/local/python/3.10.13/lib/python3.10/site-packages/airflow/example_dags/example_task_group_decorator.py for tasks to queue
[2023-12-26T01:05:40.108+0000] {logging_mixin.py:188} INFO - [2023-12-26T01:05:40.108+0000] {dagbag.py:538} INFO - Filling up the DagBag from /usr/local/python/3.10.13/lib/python3.10/site-packages/airflow/example_dags/example_task_group_decorator.py
[2023-12-26T01:05:40.131+0000] {processor.py:840} INFO - DAG(s) 'example_task_group_decorator' retrieved from /usr/local/python/3.10.13/lib/python3.10/site-packages/airflow/example_dags/example_task_group_decorator.py
[2023-12-26T01:05:40.551+0000] {logging_mixin.py:188} INFO - [2023-12-26T01:05:40.551+0000] {dag.py:3033} INFO - Sync 1 DAGs
[2023-12-26T01:05:40.566+0000] {logging_mixin.py:188} INFO - [2023-12-26T01:05:40.566+0000] {dag.py:3820} INFO - Setting next_dagrun for example_task_group_decorator to 2023-12-25T00:00:00+00:00, run_after=2023-12-26T00:00:00+00:00
[2023-12-26T01:05:40.600+0000] {processor.py:183} INFO - Processing /usr/local/python/3.10.13/lib/python3.10/site-packages/airflow/example_dags/example_task_group_decorator.py took 0.498 seconds
[2023-12-26T01:06:21.498+0000] {processor.py:161} INFO - Started process (PID=11691) to work on /usr/local/python/3.10.13/lib/python3.10/site-packages/airflow/example_dags/example_task_group_decorator.py
[2023-12-26T01:06:21.499+0000] {processor.py:830} INFO - Processing file /usr/local/python/3.10.13/lib/python3.10/site-packages/airflow/example_dags/example_task_group_decorator.py for tasks to queue
[2023-12-26T01:06:21.500+0000] {logging_mixin.py:188} INFO - [2023-12-26T01:06:21.499+0000] {dagbag.py:538} INFO - Filling up the DagBag from /usr/local/python/3.10.13/lib/python3.10/site-packages/airflow/example_dags/example_task_group_decorator.py
[2023-12-26T01:06:21.517+0000] {processor.py:840} INFO - DAG(s) 'example_task_group_decorator' retrieved from /usr/local/python/3.10.13/lib/python3.10/site-packages/airflow/example_dags/example_task_group_decorator.py
[2023-12-26T01:06:21.609+0000] {logging_mixin.py:188} INFO - [2023-12-26T01:06:21.609+0000] {dag.py:3033} INFO - Sync 1 DAGs
[2023-12-26T01:06:21.775+0000] {logging_mixin.py:188} INFO - [2023-12-26T01:06:21.775+0000] {dag.py:3820} INFO - Setting next_dagrun for example_task_group_decorator to 2023-12-25T00:00:00+00:00, run_after=2023-12-26T00:00:00+00:00
[2023-12-26T01:06:21.868+0000] {processor.py:183} INFO - Processing /usr/local/python/3.10.13/lib/python3.10/site-packages/airflow/example_dags/example_task_group_decorator.py took 0.372 seconds
[2023-12-26T01:07:08.087+0000] {processor.py:161} INFO - Started process (PID=12353) to work on /usr/local/python/3.10.13/lib/python3.10/site-packages/airflow/example_dags/example_task_group_decorator.py
[2023-12-26T01:07:08.087+0000] {processor.py:830} INFO - Processing file /usr/local/python/3.10.13/lib/python3.10/site-packages/airflow/example_dags/example_task_group_decorator.py for tasks to queue
[2023-12-26T01:07:08.088+0000] {logging_mixin.py:188} INFO - [2023-12-26T01:07:08.088+0000] {dagbag.py:538} INFO - Filling up the DagBag from /usr/local/python/3.10.13/lib/python3.10/site-packages/airflow/example_dags/example_task_group_decorator.py
[2023-12-26T01:07:08.100+0000] {processor.py:840} INFO - DAG(s) 'example_task_group_decorator' retrieved from /usr/local/python/3.10.13/lib/python3.10/site-packages/airflow/example_dags/example_task_group_decorator.py
[2023-12-26T01:07:08.113+0000] {logging_mixin.py:188} INFO - [2023-12-26T01:07:08.113+0000] {dag.py:3033} INFO - Sync 1 DAGs
[2023-12-26T01:07:08.131+0000] {logging_mixin.py:188} INFO - [2023-12-26T01:07:08.131+0000] {dag.py:3820} INFO - Setting next_dagrun for example_task_group_decorator to 2023-12-25T00:00:00+00:00, run_after=2023-12-26T00:00:00+00:00
[2023-12-26T01:07:08.166+0000] {processor.py:183} INFO - Processing /usr/local/python/3.10.13/lib/python3.10/site-packages/airflow/example_dags/example_task_group_decorator.py took 0.081 seconds
[2023-12-26T01:07:41.880+0000] {processor.py:161} INFO - Started process (PID=12640) to work on /usr/local/python/3.10.13/lib/python3.10/site-packages/airflow/example_dags/example_task_group_decorator.py
[2023-12-26T01:07:41.881+0000] {processor.py:830} INFO - Processing file /usr/local/python/3.10.13/lib/python3.10/site-packages/airflow/example_dags/example_task_group_decorator.py for tasks to queue
[2023-12-26T01:07:41.881+0000] {logging_mixin.py:188} INFO - [2023-12-26T01:07:41.881+0000] {dagbag.py:538} INFO - Filling up the DagBag from /usr/local/python/3.10.13/lib/python3.10/site-packages/airflow/example_dags/example_task_group_decorator.py
[2023-12-26T01:07:41.893+0000] {processor.py:840} INFO - DAG(s) 'example_task_group_decorator' retrieved from /usr/local/python/3.10.13/lib/python3.10/site-packages/airflow/example_dags/example_task_group_decorator.py
[2023-12-26T01:07:41.907+0000] {logging_mixin.py:188} INFO - [2023-12-26T01:07:41.907+0000] {dag.py:3033} INFO - Sync 1 DAGs
[2023-12-26T01:07:41.922+0000] {logging_mixin.py:188} INFO - [2023-12-26T01:07:41.922+0000] {dag.py:3820} INFO - Setting next_dagrun for example_task_group_decorator to 2023-12-25T00:00:00+00:00, run_after=2023-12-26T00:00:00+00:00
[2023-12-26T01:07:41.957+0000] {processor.py:183} INFO - Processing /usr/local/python/3.10.13/lib/python3.10/site-packages/airflow/example_dags/example_task_group_decorator.py took 0.079 seconds
[2023-12-26T01:08:22.397+0000] {processor.py:161} INFO - Started process (PID=13178) to work on /usr/local/python/3.10.13/lib/python3.10/site-packages/airflow/example_dags/example_task_group_decorator.py
[2023-12-26T01:08:22.398+0000] {processor.py:830} INFO - Processing file /usr/local/python/3.10.13/lib/python3.10/site-packages/airflow/example_dags/example_task_group_decorator.py for tasks to queue
[2023-12-26T01:08:22.399+0000] {logging_mixin.py:188} INFO - [2023-12-26T01:08:22.398+0000] {dagbag.py:538} INFO - Filling up the DagBag from /usr/local/python/3.10.13/lib/python3.10/site-packages/airflow/example_dags/example_task_group_decorator.py
[2023-12-26T01:08:22.416+0000] {processor.py:840} INFO - DAG(s) 'example_task_group_decorator' retrieved from /usr/local/python/3.10.13/lib/python3.10/site-packages/airflow/example_dags/example_task_group_decorator.py
[2023-12-26T01:08:22.431+0000] {logging_mixin.py:188} INFO - [2023-12-26T01:08:22.431+0000] {dag.py:3033} INFO - Sync 1 DAGs
[2023-12-26T01:08:22.446+0000] {logging_mixin.py:188} INFO - [2023-12-26T01:08:22.446+0000] {dag.py:3820} INFO - Setting next_dagrun for example_task_group_decorator to 2023-12-25T00:00:00+00:00, run_after=2023-12-26T00:00:00+00:00
[2023-12-26T01:08:22.485+0000] {processor.py:183} INFO - Processing /usr/local/python/3.10.13/lib/python3.10/site-packages/airflow/example_dags/example_task_group_decorator.py took 0.090 seconds
[2023-12-26T01:09:00.917+0000] {processor.py:161} INFO - Started process (PID=13528) to work on /usr/local/python/3.10.13/lib/python3.10/site-packages/airflow/example_dags/example_task_group_decorator.py
[2023-12-26T01:09:00.918+0000] {processor.py:830} INFO - Processing file /usr/local/python/3.10.13/lib/python3.10/site-packages/airflow/example_dags/example_task_group_decorator.py for tasks to queue
[2023-12-26T01:09:00.918+0000] {logging_mixin.py:188} INFO - [2023-12-26T01:09:00.918+0000] {dagbag.py:538} INFO - Filling up the DagBag from /usr/local/python/3.10.13/lib/python3.10/site-packages/airflow/example_dags/example_task_group_decorator.py
[2023-12-26T01:09:00.930+0000] {processor.py:840} INFO - DAG(s) 'example_task_group_decorator' retrieved from /usr/local/python/3.10.13/lib/python3.10/site-packages/airflow/example_dags/example_task_group_decorator.py
[2023-12-26T01:09:00.944+0000] {logging_mixin.py:188} INFO - [2023-12-26T01:09:00.944+0000] {dag.py:3033} INFO - Sync 1 DAGs
[2023-12-26T01:09:00.959+0000] {logging_mixin.py:188} INFO - [2023-12-26T01:09:00.958+0000] {dag.py:3820} INFO - Setting next_dagrun for example_task_group_decorator to 2023-12-25T00:00:00+00:00, run_after=2023-12-26T00:00:00+00:00
[2023-12-26T01:09:00.992+0000] {processor.py:183} INFO - Processing /usr/local/python/3.10.13/lib/python3.10/site-packages/airflow/example_dags/example_task_group_decorator.py took 0.078 seconds
