[2023-12-26T01:01:11.119+0000] {processor.py:161} INFO - Started process (PID=6767) to work on /usr/local/python/3.10.13/lib/python3.10/site-packages/airflow/example_dags/tutorial_taskflow_api_virtualenv.py
[2023-12-26T01:01:11.120+0000] {processor.py:830} INFO - Processing file /usr/local/python/3.10.13/lib/python3.10/site-packages/airflow/example_dags/tutorial_taskflow_api_virtualenv.py for tasks to queue
[2023-12-26T01:01:11.121+0000] {logging_mixin.py:188} INFO - [2023-12-26T01:01:11.120+0000] {dagbag.py:538} INFO - Filling up the DagBag from /usr/local/python/3.10.13/lib/python3.10/site-packages/airflow/example_dags/tutorial_taskflow_api_virtualenv.py
[2023-12-26T01:01:11.183+0000] {processor.py:840} INFO - DAG(s) 'tutorial_taskflow_api_virtualenv' retrieved from /usr/local/python/3.10.13/lib/python3.10/site-packages/airflow/example_dags/tutorial_taskflow_api_virtualenv.py
[2023-12-26T01:01:11.346+0000] {logging_mixin.py:188} INFO - [2023-12-26T01:01:11.345+0000] {override.py:1769} INFO - Created Permission View: can delete on DAG:tutorial_taskflow_api_virtualenv
[2023-12-26T01:01:11.377+0000] {logging_mixin.py:188} INFO - [2023-12-26T01:01:11.376+0000] {override.py:1769} INFO - Created Permission View: can read on DAG:tutorial_taskflow_api_virtualenv
[2023-12-26T01:01:11.401+0000] {logging_mixin.py:188} INFO - [2023-12-26T01:01:11.401+0000] {override.py:1769} INFO - Created Permission View: can edit on DAG:tutorial_taskflow_api_virtualenv
[2023-12-26T01:01:11.402+0000] {logging_mixin.py:188} INFO - [2023-12-26T01:01:11.402+0000] {dag.py:3033} INFO - Sync 1 DAGs
[2023-12-26T01:01:11.412+0000] {logging_mixin.py:188} INFO - [2023-12-26T01:01:11.412+0000] {dag.py:3055} INFO - Creating ORM DAG for tutorial_taskflow_api_virtualenv
[2023-12-26T01:01:11.412+0000] {logging_mixin.py:188} INFO - [2023-12-26T01:01:11.412+0000] {dag.py:3820} INFO - Setting next_dagrun for tutorial_taskflow_api_virtualenv to None, run_after=None
[2023-12-26T01:01:11.455+0000] {processor.py:183} INFO - Processing /usr/local/python/3.10.13/lib/python3.10/site-packages/airflow/example_dags/tutorial_taskflow_api_virtualenv.py took 0.338 seconds
[2023-12-26T01:02:11.209+0000] {processor.py:161} INFO - Started process (PID=8159) to work on /usr/local/python/3.10.13/lib/python3.10/site-packages/airflow/example_dags/tutorial_taskflow_api_virtualenv.py
[2023-12-26T01:02:11.209+0000] {processor.py:830} INFO - Processing file /usr/local/python/3.10.13/lib/python3.10/site-packages/airflow/example_dags/tutorial_taskflow_api_virtualenv.py for tasks to queue
[2023-12-26T01:02:11.210+0000] {logging_mixin.py:188} INFO - [2023-12-26T01:02:11.210+0000] {dagbag.py:538} INFO - Filling up the DagBag from /usr/local/python/3.10.13/lib/python3.10/site-packages/airflow/example_dags/tutorial_taskflow_api_virtualenv.py
[2023-12-26T01:02:11.218+0000] {processor.py:840} INFO - DAG(s) 'tutorial_taskflow_api_virtualenv' retrieved from /usr/local/python/3.10.13/lib/python3.10/site-packages/airflow/example_dags/tutorial_taskflow_api_virtualenv.py
[2023-12-26T01:02:11.234+0000] {logging_mixin.py:188} INFO - [2023-12-26T01:02:11.234+0000] {dag.py:3033} INFO - Sync 1 DAGs
[2023-12-26T01:02:11.243+0000] {logging_mixin.py:188} INFO - [2023-12-26T01:02:11.243+0000] {dag.py:3820} INFO - Setting next_dagrun for tutorial_taskflow_api_virtualenv to None, run_after=None
[2023-12-26T01:02:11.277+0000] {processor.py:183} INFO - Processing /usr/local/python/3.10.13/lib/python3.10/site-packages/airflow/example_dags/tutorial_taskflow_api_virtualenv.py took 0.071 seconds
[2023-12-26T01:02:55.406+0000] {processor.py:161} INFO - Started process (PID=8780) to work on /usr/local/python/3.10.13/lib/python3.10/site-packages/airflow/example_dags/tutorial_taskflow_api_virtualenv.py
[2023-12-26T01:02:55.406+0000] {processor.py:830} INFO - Processing file /usr/local/python/3.10.13/lib/python3.10/site-packages/airflow/example_dags/tutorial_taskflow_api_virtualenv.py for tasks to queue
[2023-12-26T01:02:55.407+0000] {logging_mixin.py:188} INFO - [2023-12-26T01:02:55.406+0000] {dagbag.py:538} INFO - Filling up the DagBag from /usr/local/python/3.10.13/lib/python3.10/site-packages/airflow/example_dags/tutorial_taskflow_api_virtualenv.py
[2023-12-26T01:02:55.412+0000] {processor.py:840} INFO - DAG(s) 'tutorial_taskflow_api_virtualenv' retrieved from /usr/local/python/3.10.13/lib/python3.10/site-packages/airflow/example_dags/tutorial_taskflow_api_virtualenv.py
[2023-12-26T01:02:55.424+0000] {logging_mixin.py:188} INFO - [2023-12-26T01:02:55.423+0000] {dag.py:3033} INFO - Sync 1 DAGs
[2023-12-26T01:02:55.432+0000] {logging_mixin.py:188} INFO - [2023-12-26T01:02:55.432+0000] {dag.py:3820} INFO - Setting next_dagrun for tutorial_taskflow_api_virtualenv to None, run_after=None
[2023-12-26T01:02:55.471+0000] {processor.py:183} INFO - Processing /usr/local/python/3.10.13/lib/python3.10/site-packages/airflow/example_dags/tutorial_taskflow_api_virtualenv.py took 0.067 seconds
[2023-12-26T01:03:43.555+0000] {processor.py:161} INFO - Started process (PID=9492) to work on /usr/local/python/3.10.13/lib/python3.10/site-packages/airflow/example_dags/tutorial_taskflow_api_virtualenv.py
[2023-12-26T01:03:43.556+0000] {processor.py:830} INFO - Processing file /usr/local/python/3.10.13/lib/python3.10/site-packages/airflow/example_dags/tutorial_taskflow_api_virtualenv.py for tasks to queue
[2023-12-26T01:03:43.556+0000] {logging_mixin.py:188} INFO - [2023-12-26T01:03:43.556+0000] {dagbag.py:538} INFO - Filling up the DagBag from /usr/local/python/3.10.13/lib/python3.10/site-packages/airflow/example_dags/tutorial_taskflow_api_virtualenv.py
[2023-12-26T01:03:43.562+0000] {processor.py:840} INFO - DAG(s) 'tutorial_taskflow_api_virtualenv' retrieved from /usr/local/python/3.10.13/lib/python3.10/site-packages/airflow/example_dags/tutorial_taskflow_api_virtualenv.py
[2023-12-26T01:03:43.573+0000] {logging_mixin.py:188} INFO - [2023-12-26T01:03:43.573+0000] {dag.py:3033} INFO - Sync 1 DAGs
[2023-12-26T01:03:43.581+0000] {logging_mixin.py:188} INFO - [2023-12-26T01:03:43.581+0000] {dag.py:3820} INFO - Setting next_dagrun for tutorial_taskflow_api_virtualenv to None, run_after=None
[2023-12-26T01:03:43.617+0000] {processor.py:183} INFO - Processing /usr/local/python/3.10.13/lib/python3.10/site-packages/airflow/example_dags/tutorial_taskflow_api_virtualenv.py took 0.064 seconds
[2023-12-26T01:04:25.653+0000] {processor.py:161} INFO - Started process (PID=10183) to work on /usr/local/python/3.10.13/lib/python3.10/site-packages/airflow/example_dags/tutorial_taskflow_api_virtualenv.py
[2023-12-26T01:04:25.654+0000] {processor.py:830} INFO - Processing file /usr/local/python/3.10.13/lib/python3.10/site-packages/airflow/example_dags/tutorial_taskflow_api_virtualenv.py for tasks to queue
[2023-12-26T01:04:25.655+0000] {logging_mixin.py:188} INFO - [2023-12-26T01:04:25.655+0000] {dagbag.py:538} INFO - Filling up the DagBag from /usr/local/python/3.10.13/lib/python3.10/site-packages/airflow/example_dags/tutorial_taskflow_api_virtualenv.py
[2023-12-26T01:04:25.660+0000] {processor.py:840} INFO - DAG(s) 'tutorial_taskflow_api_virtualenv' retrieved from /usr/local/python/3.10.13/lib/python3.10/site-packages/airflow/example_dags/tutorial_taskflow_api_virtualenv.py
[2023-12-26T01:04:25.672+0000] {logging_mixin.py:188} INFO - [2023-12-26T01:04:25.672+0000] {dag.py:3033} INFO - Sync 1 DAGs
[2023-12-26T01:04:25.681+0000] {logging_mixin.py:188} INFO - [2023-12-26T01:04:25.680+0000] {dag.py:3820} INFO - Setting next_dagrun for tutorial_taskflow_api_virtualenv to None, run_after=None
[2023-12-26T01:04:25.716+0000] {processor.py:183} INFO - Processing /usr/local/python/3.10.13/lib/python3.10/site-packages/airflow/example_dags/tutorial_taskflow_api_virtualenv.py took 0.065 seconds
[2023-12-26T01:05:04.638+0000] {processor.py:161} INFO - Started process (PID=10486) to work on /usr/local/python/3.10.13/lib/python3.10/site-packages/airflow/example_dags/tutorial_taskflow_api_virtualenv.py
[2023-12-26T01:05:04.639+0000] {processor.py:830} INFO - Processing file /usr/local/python/3.10.13/lib/python3.10/site-packages/airflow/example_dags/tutorial_taskflow_api_virtualenv.py for tasks to queue
[2023-12-26T01:05:04.640+0000] {logging_mixin.py:188} INFO - [2023-12-26T01:05:04.639+0000] {dagbag.py:538} INFO - Filling up the DagBag from /usr/local/python/3.10.13/lib/python3.10/site-packages/airflow/example_dags/tutorial_taskflow_api_virtualenv.py
[2023-12-26T01:05:04.645+0000] {processor.py:840} INFO - DAG(s) 'tutorial_taskflow_api_virtualenv' retrieved from /usr/local/python/3.10.13/lib/python3.10/site-packages/airflow/example_dags/tutorial_taskflow_api_virtualenv.py
[2023-12-26T01:05:04.660+0000] {logging_mixin.py:188} INFO - [2023-12-26T01:05:04.660+0000] {dag.py:3033} INFO - Sync 1 DAGs
[2023-12-26T01:05:04.671+0000] {logging_mixin.py:188} INFO - [2023-12-26T01:05:04.671+0000] {dag.py:3820} INFO - Setting next_dagrun for tutorial_taskflow_api_virtualenv to None, run_after=None
[2023-12-26T01:05:04.708+0000] {processor.py:183} INFO - Processing /usr/local/python/3.10.13/lib/python3.10/site-packages/airflow/example_dags/tutorial_taskflow_api_virtualenv.py took 0.072 seconds
[2023-12-26T01:05:41.832+0000] {processor.py:161} INFO - Started process (PID=10979) to work on /usr/local/python/3.10.13/lib/python3.10/site-packages/airflow/example_dags/tutorial_taskflow_api_virtualenv.py
[2023-12-26T01:05:41.832+0000] {processor.py:830} INFO - Processing file /usr/local/python/3.10.13/lib/python3.10/site-packages/airflow/example_dags/tutorial_taskflow_api_virtualenv.py for tasks to queue
[2023-12-26T01:05:41.833+0000] {logging_mixin.py:188} INFO - [2023-12-26T01:05:41.833+0000] {dagbag.py:538} INFO - Filling up the DagBag from /usr/local/python/3.10.13/lib/python3.10/site-packages/airflow/example_dags/tutorial_taskflow_api_virtualenv.py
[2023-12-26T01:05:41.838+0000] {processor.py:840} INFO - DAG(s) 'tutorial_taskflow_api_virtualenv' retrieved from /usr/local/python/3.10.13/lib/python3.10/site-packages/airflow/example_dags/tutorial_taskflow_api_virtualenv.py
[2023-12-26T01:05:41.850+0000] {logging_mixin.py:188} INFO - [2023-12-26T01:05:41.849+0000] {dag.py:3033} INFO - Sync 1 DAGs
[2023-12-26T01:05:41.858+0000] {logging_mixin.py:188} INFO - [2023-12-26T01:05:41.858+0000] {dag.py:3820} INFO - Setting next_dagrun for tutorial_taskflow_api_virtualenv to None, run_after=None
[2023-12-26T01:05:41.893+0000] {processor.py:183} INFO - Processing /usr/local/python/3.10.13/lib/python3.10/site-packages/airflow/example_dags/tutorial_taskflow_api_virtualenv.py took 0.063 seconds
[2023-12-26T01:06:24.463+0000] {processor.py:161} INFO - Started process (PID=11740) to work on /usr/local/python/3.10.13/lib/python3.10/site-packages/airflow/example_dags/tutorial_taskflow_api_virtualenv.py
[2023-12-26T01:06:24.463+0000] {processor.py:830} INFO - Processing file /usr/local/python/3.10.13/lib/python3.10/site-packages/airflow/example_dags/tutorial_taskflow_api_virtualenv.py for tasks to queue
[2023-12-26T01:06:24.464+0000] {logging_mixin.py:188} INFO - [2023-12-26T01:06:24.464+0000] {dagbag.py:538} INFO - Filling up the DagBag from /usr/local/python/3.10.13/lib/python3.10/site-packages/airflow/example_dags/tutorial_taskflow_api_virtualenv.py
[2023-12-26T01:06:24.469+0000] {processor.py:840} INFO - DAG(s) 'tutorial_taskflow_api_virtualenv' retrieved from /usr/local/python/3.10.13/lib/python3.10/site-packages/airflow/example_dags/tutorial_taskflow_api_virtualenv.py
[2023-12-26T01:06:24.480+0000] {logging_mixin.py:188} INFO - [2023-12-26T01:06:24.480+0000] {dag.py:3033} INFO - Sync 1 DAGs
[2023-12-26T01:06:24.488+0000] {logging_mixin.py:188} INFO - [2023-12-26T01:06:24.488+0000] {dag.py:3820} INFO - Setting next_dagrun for tutorial_taskflow_api_virtualenv to None, run_after=None
[2023-12-26T01:06:24.520+0000] {processor.py:183} INFO - Processing /usr/local/python/3.10.13/lib/python3.10/site-packages/airflow/example_dags/tutorial_taskflow_api_virtualenv.py took 0.060 seconds
[2023-12-26T01:07:10.351+0000] {processor.py:161} INFO - Started process (PID=12367) to work on /usr/local/python/3.10.13/lib/python3.10/site-packages/airflow/example_dags/tutorial_taskflow_api_virtualenv.py
[2023-12-26T01:07:10.352+0000] {processor.py:830} INFO - Processing file /usr/local/python/3.10.13/lib/python3.10/site-packages/airflow/example_dags/tutorial_taskflow_api_virtualenv.py for tasks to queue
[2023-12-26T01:07:10.353+0000] {logging_mixin.py:188} INFO - [2023-12-26T01:07:10.352+0000] {dagbag.py:538} INFO - Filling up the DagBag from /usr/local/python/3.10.13/lib/python3.10/site-packages/airflow/example_dags/tutorial_taskflow_api_virtualenv.py
[2023-12-26T01:07:10.358+0000] {processor.py:840} INFO - DAG(s) 'tutorial_taskflow_api_virtualenv' retrieved from /usr/local/python/3.10.13/lib/python3.10/site-packages/airflow/example_dags/tutorial_taskflow_api_virtualenv.py
[2023-12-26T01:07:10.369+0000] {logging_mixin.py:188} INFO - [2023-12-26T01:07:10.369+0000] {dag.py:3033} INFO - Sync 1 DAGs
[2023-12-26T01:07:10.378+0000] {logging_mixin.py:188} INFO - [2023-12-26T01:07:10.378+0000] {dag.py:3820} INFO - Setting next_dagrun for tutorial_taskflow_api_virtualenv to None, run_after=None
[2023-12-26T01:07:10.415+0000] {processor.py:183} INFO - Processing /usr/local/python/3.10.13/lib/python3.10/site-packages/airflow/example_dags/tutorial_taskflow_api_virtualenv.py took 0.066 seconds
[2023-12-26T01:08:03.107+0000] {processor.py:161} INFO - Started process (PID=12883) to work on /usr/local/python/3.10.13/lib/python3.10/site-packages/airflow/example_dags/tutorial_taskflow_api_virtualenv.py
[2023-12-26T01:08:03.107+0000] {processor.py:830} INFO - Processing file /usr/local/python/3.10.13/lib/python3.10/site-packages/airflow/example_dags/tutorial_taskflow_api_virtualenv.py for tasks to queue
[2023-12-26T01:08:03.108+0000] {logging_mixin.py:188} INFO - [2023-12-26T01:08:03.108+0000] {dagbag.py:538} INFO - Filling up the DagBag from /usr/local/python/3.10.13/lib/python3.10/site-packages/airflow/example_dags/tutorial_taskflow_api_virtualenv.py
[2023-12-26T01:08:03.114+0000] {processor.py:840} INFO - DAG(s) 'tutorial_taskflow_api_virtualenv' retrieved from /usr/local/python/3.10.13/lib/python3.10/site-packages/airflow/example_dags/tutorial_taskflow_api_virtualenv.py
[2023-12-26T01:08:03.125+0000] {logging_mixin.py:188} INFO - [2023-12-26T01:08:03.125+0000] {dag.py:3033} INFO - Sync 1 DAGs
[2023-12-26T01:08:03.134+0000] {logging_mixin.py:188} INFO - [2023-12-26T01:08:03.133+0000] {dag.py:3820} INFO - Setting next_dagrun for tutorial_taskflow_api_virtualenv to None, run_after=None
[2023-12-26T01:08:03.168+0000] {processor.py:183} INFO - Processing /usr/local/python/3.10.13/lib/python3.10/site-packages/airflow/example_dags/tutorial_taskflow_api_virtualenv.py took 0.064 seconds
[2023-12-26T01:08:45.434+0000] {processor.py:161} INFO - Started process (PID=13342) to work on /usr/local/python/3.10.13/lib/python3.10/site-packages/airflow/example_dags/tutorial_taskflow_api_virtualenv.py
[2023-12-26T01:08:45.435+0000] {processor.py:830} INFO - Processing file /usr/local/python/3.10.13/lib/python3.10/site-packages/airflow/example_dags/tutorial_taskflow_api_virtualenv.py for tasks to queue
[2023-12-26T01:08:45.435+0000] {logging_mixin.py:188} INFO - [2023-12-26T01:08:45.435+0000] {dagbag.py:538} INFO - Filling up the DagBag from /usr/local/python/3.10.13/lib/python3.10/site-packages/airflow/example_dags/tutorial_taskflow_api_virtualenv.py
[2023-12-26T01:08:45.441+0000] {processor.py:840} INFO - DAG(s) 'tutorial_taskflow_api_virtualenv' retrieved from /usr/local/python/3.10.13/lib/python3.10/site-packages/airflow/example_dags/tutorial_taskflow_api_virtualenv.py
[2023-12-26T01:08:45.452+0000] {logging_mixin.py:188} INFO - [2023-12-26T01:08:45.452+0000] {dag.py:3033} INFO - Sync 1 DAGs
[2023-12-26T01:08:45.461+0000] {logging_mixin.py:188} INFO - [2023-12-26T01:08:45.461+0000] {dag.py:3820} INFO - Setting next_dagrun for tutorial_taskflow_api_virtualenv to None, run_after=None
[2023-12-26T01:08:45.493+0000] {processor.py:183} INFO - Processing /usr/local/python/3.10.13/lib/python3.10/site-packages/airflow/example_dags/tutorial_taskflow_api_virtualenv.py took 0.061 seconds
