[2023-12-26T01:01:00.946+0000] {processor.py:161} INFO - Started process (PID=6569) to work on /usr/local/python/3.10.13/lib/python3.10/site-packages/airflow/example_dags/tutorial.py
[2023-12-26T01:01:00.947+0000] {processor.py:830} INFO - Processing file /usr/local/python/3.10.13/lib/python3.10/site-packages/airflow/example_dags/tutorial.py for tasks to queue
[2023-12-26T01:01:00.947+0000] {logging_mixin.py:188} INFO - [2023-12-26T01:01:00.947+0000] {dagbag.py:538} INFO - Filling up the DagBag from /usr/local/python/3.10.13/lib/python3.10/site-packages/airflow/example_dags/tutorial.py
[2023-12-26T01:01:00.954+0000] {processor.py:840} INFO - DAG(s) 'tutorial' retrieved from /usr/local/python/3.10.13/lib/python3.10/site-packages/airflow/example_dags/tutorial.py
[2023-12-26T01:01:01.317+0000] {logging_mixin.py:188} INFO - [2023-12-26T01:01:01.316+0000] {override.py:1769} INFO - Created Permission View: can delete on DAG:tutorial
[2023-12-26T01:01:01.368+0000] {logging_mixin.py:188} INFO - [2023-12-26T01:01:01.368+0000] {override.py:1769} INFO - Created Permission View: can read on DAG:tutorial
[2023-12-26T01:01:01.394+0000] {logging_mixin.py:188} INFO - [2023-12-26T01:01:01.394+0000] {override.py:1769} INFO - Created Permission View: can edit on DAG:tutorial
[2023-12-26T01:01:01.394+0000] {logging_mixin.py:188} INFO - [2023-12-26T01:01:01.394+0000] {dag.py:3033} INFO - Sync 1 DAGs
[2023-12-26T01:01:01.486+0000] {logging_mixin.py:188} INFO - [2023-12-26T01:01:01.486+0000] {dag.py:3055} INFO - Creating ORM DAG for tutorial
[2023-12-26T01:01:02.023+0000] {logging_mixin.py:188} INFO - [2023-12-26T01:01:02.023+0000] {dag.py:3820} INFO - Setting next_dagrun for tutorial to 2023-12-25T00:00:00+00:00, run_after=2023-12-26T00:00:00+00:00
[2023-12-26T01:01:02.067+0000] {processor.py:183} INFO - Processing /usr/local/python/3.10.13/lib/python3.10/site-packages/airflow/example_dags/tutorial.py took 1.123 seconds
[2023-12-26T01:02:06.975+0000] {processor.py:161} INFO - Started process (PID=8032) to work on /usr/local/python/3.10.13/lib/python3.10/site-packages/airflow/example_dags/tutorial.py
[2023-12-26T01:02:06.975+0000] {processor.py:830} INFO - Processing file /usr/local/python/3.10.13/lib/python3.10/site-packages/airflow/example_dags/tutorial.py for tasks to queue
[2023-12-26T01:02:06.976+0000] {logging_mixin.py:188} INFO - [2023-12-26T01:02:06.976+0000] {dagbag.py:538} INFO - Filling up the DagBag from /usr/local/python/3.10.13/lib/python3.10/site-packages/airflow/example_dags/tutorial.py
[2023-12-26T01:02:06.981+0000] {processor.py:840} INFO - DAG(s) 'tutorial' retrieved from /usr/local/python/3.10.13/lib/python3.10/site-packages/airflow/example_dags/tutorial.py
[2023-12-26T01:02:06.992+0000] {logging_mixin.py:188} INFO - [2023-12-26T01:02:06.992+0000] {dag.py:3033} INFO - Sync 1 DAGs
[2023-12-26T01:02:07.008+0000] {logging_mixin.py:188} INFO - [2023-12-26T01:02:07.008+0000] {dag.py:3820} INFO - Setting next_dagrun for tutorial to 2023-12-25T00:00:00+00:00, run_after=2023-12-26T00:00:00+00:00
[2023-12-26T01:02:07.041+0000] {processor.py:183} INFO - Processing /usr/local/python/3.10.13/lib/python3.10/site-packages/airflow/example_dags/tutorial.py took 0.068 seconds
[2023-12-26T01:02:51.388+0000] {processor.py:161} INFO - Started process (PID=8745) to work on /usr/local/python/3.10.13/lib/python3.10/site-packages/airflow/example_dags/tutorial.py
[2023-12-26T01:02:51.389+0000] {processor.py:830} INFO - Processing file /usr/local/python/3.10.13/lib/python3.10/site-packages/airflow/example_dags/tutorial.py for tasks to queue
[2023-12-26T01:02:51.390+0000] {logging_mixin.py:188} INFO - [2023-12-26T01:02:51.390+0000] {dagbag.py:538} INFO - Filling up the DagBag from /usr/local/python/3.10.13/lib/python3.10/site-packages/airflow/example_dags/tutorial.py
[2023-12-26T01:02:51.395+0000] {processor.py:840} INFO - DAG(s) 'tutorial' retrieved from /usr/local/python/3.10.13/lib/python3.10/site-packages/airflow/example_dags/tutorial.py
[2023-12-26T01:02:51.407+0000] {logging_mixin.py:188} INFO - [2023-12-26T01:02:51.407+0000] {dag.py:3033} INFO - Sync 1 DAGs
[2023-12-26T01:02:51.424+0000] {logging_mixin.py:188} INFO - [2023-12-26T01:02:51.424+0000] {dag.py:3820} INFO - Setting next_dagrun for tutorial to 2023-12-25T00:00:00+00:00, run_after=2023-12-26T00:00:00+00:00
[2023-12-26T01:02:51.470+0000] {processor.py:183} INFO - Processing /usr/local/python/3.10.13/lib/python3.10/site-packages/airflow/example_dags/tutorial.py took 0.084 seconds
[2023-12-26T01:03:23.288+0000] {processor.py:161} INFO - Started process (PID=9129) to work on /usr/local/python/3.10.13/lib/python3.10/site-packages/airflow/example_dags/tutorial.py
[2023-12-26T01:03:23.289+0000] {processor.py:830} INFO - Processing file /usr/local/python/3.10.13/lib/python3.10/site-packages/airflow/example_dags/tutorial.py for tasks to queue
[2023-12-26T01:03:23.290+0000] {logging_mixin.py:188} INFO - [2023-12-26T01:03:23.289+0000] {dagbag.py:538} INFO - Filling up the DagBag from /usr/local/python/3.10.13/lib/python3.10/site-packages/airflow/example_dags/tutorial.py
[2023-12-26T01:03:23.295+0000] {processor.py:840} INFO - DAG(s) 'tutorial' retrieved from /usr/local/python/3.10.13/lib/python3.10/site-packages/airflow/example_dags/tutorial.py
[2023-12-26T01:03:23.308+0000] {logging_mixin.py:188} INFO - [2023-12-26T01:03:23.308+0000] {dag.py:3033} INFO - Sync 1 DAGs
[2023-12-26T01:03:23.323+0000] {logging_mixin.py:188} INFO - [2023-12-26T01:03:23.323+0000] {dag.py:3820} INFO - Setting next_dagrun for tutorial to 2023-12-25T00:00:00+00:00, run_after=2023-12-26T00:00:00+00:00
[2023-12-26T01:03:23.364+0000] {processor.py:183} INFO - Processing /usr/local/python/3.10.13/lib/python3.10/site-packages/airflow/example_dags/tutorial.py took 0.078 seconds
[2023-12-26T01:04:02.601+0000] {processor.py:161} INFO - Started process (PID=9728) to work on /usr/local/python/3.10.13/lib/python3.10/site-packages/airflow/example_dags/tutorial.py
[2023-12-26T01:04:02.601+0000] {processor.py:830} INFO - Processing file /usr/local/python/3.10.13/lib/python3.10/site-packages/airflow/example_dags/tutorial.py for tasks to queue
[2023-12-26T01:04:02.602+0000] {logging_mixin.py:188} INFO - [2023-12-26T01:04:02.602+0000] {dagbag.py:538} INFO - Filling up the DagBag from /usr/local/python/3.10.13/lib/python3.10/site-packages/airflow/example_dags/tutorial.py
[2023-12-26T01:04:02.607+0000] {processor.py:840} INFO - DAG(s) 'tutorial' retrieved from /usr/local/python/3.10.13/lib/python3.10/site-packages/airflow/example_dags/tutorial.py
[2023-12-26T01:04:02.617+0000] {logging_mixin.py:188} INFO - [2023-12-26T01:04:02.617+0000] {dag.py:3033} INFO - Sync 1 DAGs
[2023-12-26T01:04:02.632+0000] {logging_mixin.py:188} INFO - [2023-12-26T01:04:02.632+0000] {dag.py:3820} INFO - Setting next_dagrun for tutorial to 2023-12-25T00:00:00+00:00, run_after=2023-12-26T00:00:00+00:00
[2023-12-26T01:04:02.673+0000] {processor.py:183} INFO - Processing /usr/local/python/3.10.13/lib/python3.10/site-packages/airflow/example_dags/tutorial.py took 0.074 seconds
[2023-12-26T01:04:44.005+0000] {processor.py:161} INFO - Started process (PID=10295) to work on /usr/local/python/3.10.13/lib/python3.10/site-packages/airflow/example_dags/tutorial.py
[2023-12-26T01:04:44.006+0000] {processor.py:830} INFO - Processing file /usr/local/python/3.10.13/lib/python3.10/site-packages/airflow/example_dags/tutorial.py for tasks to queue
[2023-12-26T01:04:44.007+0000] {logging_mixin.py:188} INFO - [2023-12-26T01:04:44.006+0000] {dagbag.py:538} INFO - Filling up the DagBag from /usr/local/python/3.10.13/lib/python3.10/site-packages/airflow/example_dags/tutorial.py
[2023-12-26T01:04:44.012+0000] {processor.py:840} INFO - DAG(s) 'tutorial' retrieved from /usr/local/python/3.10.13/lib/python3.10/site-packages/airflow/example_dags/tutorial.py
[2023-12-26T01:04:44.023+0000] {logging_mixin.py:188} INFO - [2023-12-26T01:04:44.023+0000] {dag.py:3033} INFO - Sync 1 DAGs
[2023-12-26T01:04:44.038+0000] {logging_mixin.py:188} INFO - [2023-12-26T01:04:44.038+0000] {dag.py:3820} INFO - Setting next_dagrun for tutorial to 2023-12-25T00:00:00+00:00, run_after=2023-12-26T00:00:00+00:00
[2023-12-26T01:04:44.072+0000] {processor.py:183} INFO - Processing /usr/local/python/3.10.13/lib/python3.10/site-packages/airflow/example_dags/tutorial.py took 0.069 seconds
[2023-12-26T01:05:21.069+0000] {processor.py:161} INFO - Started process (PID=10598) to work on /usr/local/python/3.10.13/lib/python3.10/site-packages/airflow/example_dags/tutorial.py
[2023-12-26T01:05:21.070+0000] {processor.py:830} INFO - Processing file /usr/local/python/3.10.13/lib/python3.10/site-packages/airflow/example_dags/tutorial.py for tasks to queue
[2023-12-26T01:05:21.070+0000] {logging_mixin.py:188} INFO - [2023-12-26T01:05:21.070+0000] {dagbag.py:538} INFO - Filling up the DagBag from /usr/local/python/3.10.13/lib/python3.10/site-packages/airflow/example_dags/tutorial.py
[2023-12-26T01:05:21.075+0000] {processor.py:840} INFO - DAG(s) 'tutorial' retrieved from /usr/local/python/3.10.13/lib/python3.10/site-packages/airflow/example_dags/tutorial.py
[2023-12-26T01:05:21.086+0000] {logging_mixin.py:188} INFO - [2023-12-26T01:05:21.086+0000] {dag.py:3033} INFO - Sync 1 DAGs
[2023-12-26T01:05:21.100+0000] {logging_mixin.py:188} INFO - [2023-12-26T01:05:21.100+0000] {dag.py:3820} INFO - Setting next_dagrun for tutorial to 2023-12-25T00:00:00+00:00, run_after=2023-12-26T00:00:00+00:00
[2023-12-26T01:05:21.135+0000] {processor.py:183} INFO - Processing /usr/local/python/3.10.13/lib/python3.10/site-packages/airflow/example_dags/tutorial.py took 0.068 seconds
[2023-12-26T01:06:01.081+0000] {processor.py:161} INFO - Started process (PID=11318) to work on /usr/local/python/3.10.13/lib/python3.10/site-packages/airflow/example_dags/tutorial.py
[2023-12-26T01:06:01.082+0000] {processor.py:830} INFO - Processing file /usr/local/python/3.10.13/lib/python3.10/site-packages/airflow/example_dags/tutorial.py for tasks to queue
[2023-12-26T01:06:01.083+0000] {logging_mixin.py:188} INFO - [2023-12-26T01:06:01.082+0000] {dagbag.py:538} INFO - Filling up the DagBag from /usr/local/python/3.10.13/lib/python3.10/site-packages/airflow/example_dags/tutorial.py
[2023-12-26T01:06:01.088+0000] {processor.py:840} INFO - DAG(s) 'tutorial' retrieved from /usr/local/python/3.10.13/lib/python3.10/site-packages/airflow/example_dags/tutorial.py
[2023-12-26T01:06:01.098+0000] {logging_mixin.py:188} INFO - [2023-12-26T01:06:01.098+0000] {dag.py:3033} INFO - Sync 1 DAGs
[2023-12-26T01:06:01.113+0000] {logging_mixin.py:188} INFO - [2023-12-26T01:06:01.113+0000] {dag.py:3820} INFO - Setting next_dagrun for tutorial to 2023-12-25T00:00:00+00:00, run_after=2023-12-26T00:00:00+00:00
[2023-12-26T01:06:01.147+0000] {processor.py:183} INFO - Processing /usr/local/python/3.10.13/lib/python3.10/site-packages/airflow/example_dags/tutorial.py took 0.068 seconds
[2023-12-26T01:06:46.524+0000] {processor.py:161} INFO - Started process (PID=12132) to work on /usr/local/python/3.10.13/lib/python3.10/site-packages/airflow/example_dags/tutorial.py
[2023-12-26T01:06:46.525+0000] {processor.py:830} INFO - Processing file /usr/local/python/3.10.13/lib/python3.10/site-packages/airflow/example_dags/tutorial.py for tasks to queue
[2023-12-26T01:06:46.526+0000] {logging_mixin.py:188} INFO - [2023-12-26T01:06:46.525+0000] {dagbag.py:538} INFO - Filling up the DagBag from /usr/local/python/3.10.13/lib/python3.10/site-packages/airflow/example_dags/tutorial.py
[2023-12-26T01:06:46.531+0000] {processor.py:840} INFO - DAG(s) 'tutorial' retrieved from /usr/local/python/3.10.13/lib/python3.10/site-packages/airflow/example_dags/tutorial.py
[2023-12-26T01:06:46.541+0000] {logging_mixin.py:188} INFO - [2023-12-26T01:06:46.541+0000] {dag.py:3033} INFO - Sync 1 DAGs
[2023-12-26T01:06:46.556+0000] {logging_mixin.py:188} INFO - [2023-12-26T01:06:46.556+0000] {dag.py:3820} INFO - Setting next_dagrun for tutorial to 2023-12-25T00:00:00+00:00, run_after=2023-12-26T00:00:00+00:00
[2023-12-26T01:06:46.593+0000] {processor.py:183} INFO - Processing /usr/local/python/3.10.13/lib/python3.10/site-packages/airflow/example_dags/tutorial.py took 0.071 seconds
[2023-12-26T01:07:26.388+0000] {processor.py:161} INFO - Started process (PID=12522) to work on /usr/local/python/3.10.13/lib/python3.10/site-packages/airflow/example_dags/tutorial.py
[2023-12-26T01:07:26.389+0000] {processor.py:830} INFO - Processing file /usr/local/python/3.10.13/lib/python3.10/site-packages/airflow/example_dags/tutorial.py for tasks to queue
[2023-12-26T01:07:26.390+0000] {logging_mixin.py:188} INFO - [2023-12-26T01:07:26.390+0000] {dagbag.py:538} INFO - Filling up the DagBag from /usr/local/python/3.10.13/lib/python3.10/site-packages/airflow/example_dags/tutorial.py
[2023-12-26T01:07:26.395+0000] {processor.py:840} INFO - DAG(s) 'tutorial' retrieved from /usr/local/python/3.10.13/lib/python3.10/site-packages/airflow/example_dags/tutorial.py
[2023-12-26T01:07:26.408+0000] {logging_mixin.py:188} INFO - [2023-12-26T01:07:26.408+0000] {dag.py:3033} INFO - Sync 1 DAGs
[2023-12-26T01:07:26.424+0000] {logging_mixin.py:188} INFO - [2023-12-26T01:07:26.424+0000] {dag.py:3820} INFO - Setting next_dagrun for tutorial to 2023-12-25T00:00:00+00:00, run_after=2023-12-26T00:00:00+00:00
[2023-12-26T01:07:26.461+0000] {processor.py:183} INFO - Processing /usr/local/python/3.10.13/lib/python3.10/site-packages/airflow/example_dags/tutorial.py took 0.075 seconds
[2023-12-26T01:08:02.104+0000] {processor.py:161} INFO - Started process (PID=12882) to work on /usr/local/python/3.10.13/lib/python3.10/site-packages/airflow/example_dags/tutorial.py
[2023-12-26T01:08:02.105+0000] {processor.py:830} INFO - Processing file /usr/local/python/3.10.13/lib/python3.10/site-packages/airflow/example_dags/tutorial.py for tasks to queue
[2023-12-26T01:08:02.105+0000] {logging_mixin.py:188} INFO - [2023-12-26T01:08:02.105+0000] {dagbag.py:538} INFO - Filling up the DagBag from /usr/local/python/3.10.13/lib/python3.10/site-packages/airflow/example_dags/tutorial.py
[2023-12-26T01:08:02.111+0000] {processor.py:840} INFO - DAG(s) 'tutorial' retrieved from /usr/local/python/3.10.13/lib/python3.10/site-packages/airflow/example_dags/tutorial.py
[2023-12-26T01:08:02.122+0000] {logging_mixin.py:188} INFO - [2023-12-26T01:08:02.121+0000] {dag.py:3033} INFO - Sync 1 DAGs
[2023-12-26T01:08:02.136+0000] {logging_mixin.py:188} INFO - [2023-12-26T01:08:02.136+0000] {dag.py:3820} INFO - Setting next_dagrun for tutorial to 2023-12-25T00:00:00+00:00, run_after=2023-12-26T00:00:00+00:00
[2023-12-26T01:08:02.169+0000] {processor.py:183} INFO - Processing /usr/local/python/3.10.13/lib/python3.10/site-packages/airflow/example_dags/tutorial.py took 0.068 seconds
[2023-12-26T01:08:44.272+0000] {processor.py:161} INFO - Started process (PID=13339) to work on /usr/local/python/3.10.13/lib/python3.10/site-packages/airflow/example_dags/tutorial.py
[2023-12-26T01:08:44.273+0000] {processor.py:830} INFO - Processing file /usr/local/python/3.10.13/lib/python3.10/site-packages/airflow/example_dags/tutorial.py for tasks to queue
[2023-12-26T01:08:44.274+0000] {logging_mixin.py:188} INFO - [2023-12-26T01:08:44.273+0000] {dagbag.py:538} INFO - Filling up the DagBag from /usr/local/python/3.10.13/lib/python3.10/site-packages/airflow/example_dags/tutorial.py
[2023-12-26T01:08:44.279+0000] {processor.py:840} INFO - DAG(s) 'tutorial' retrieved from /usr/local/python/3.10.13/lib/python3.10/site-packages/airflow/example_dags/tutorial.py
[2023-12-26T01:08:44.290+0000] {logging_mixin.py:188} INFO - [2023-12-26T01:08:44.290+0000] {dag.py:3033} INFO - Sync 1 DAGs
[2023-12-26T01:08:44.306+0000] {logging_mixin.py:188} INFO - [2023-12-26T01:08:44.306+0000] {dag.py:3820} INFO - Setting next_dagrun for tutorial to 2023-12-25T00:00:00+00:00, run_after=2023-12-26T00:00:00+00:00
[2023-12-26T01:08:44.342+0000] {processor.py:183} INFO - Processing /usr/local/python/3.10.13/lib/python3.10/site-packages/airflow/example_dags/tutorial.py took 0.072 seconds
[2023-12-26T01:09:19.607+0000] {processor.py:161} INFO - Started process (PID=13749) to work on /usr/local/python/3.10.13/lib/python3.10/site-packages/airflow/example_dags/tutorial.py
[2023-12-26T01:09:19.607+0000] {processor.py:830} INFO - Processing file /usr/local/python/3.10.13/lib/python3.10/site-packages/airflow/example_dags/tutorial.py for tasks to queue
[2023-12-26T01:09:19.608+0000] {logging_mixin.py:188} INFO - [2023-12-26T01:09:19.608+0000] {dagbag.py:538} INFO - Filling up the DagBag from /usr/local/python/3.10.13/lib/python3.10/site-packages/airflow/example_dags/tutorial.py
[2023-12-26T01:09:19.614+0000] {processor.py:840} INFO - DAG(s) 'tutorial' retrieved from /usr/local/python/3.10.13/lib/python3.10/site-packages/airflow/example_dags/tutorial.py
[2023-12-26T01:09:19.629+0000] {logging_mixin.py:188} INFO - [2023-12-26T01:09:19.629+0000] {dag.py:3033} INFO - Sync 1 DAGs
[2023-12-26T01:09:19.645+0000] {logging_mixin.py:188} INFO - [2023-12-26T01:09:19.645+0000] {dag.py:3820} INFO - Setting next_dagrun for tutorial to 2023-12-25T00:00:00+00:00, run_after=2023-12-26T00:00:00+00:00
[2023-12-26T01:09:19.685+0000] {processor.py:183} INFO - Processing /usr/local/python/3.10.13/lib/python3.10/site-packages/airflow/example_dags/tutorial.py took 0.082 seconds
