[2023-12-26T01:05:57.007+0000] {processor.py:161} INFO - Started process (PID=11275) to work on /workspaces/git_branch_test_class_2/airflow/dags/Branch_Example.py
[2023-12-26T01:05:57.008+0000] {processor.py:830} INFO - Processing file /workspaces/git_branch_test_class_2/airflow/dags/Branch_Example.py for tasks to queue
[2023-12-26T01:05:57.009+0000] {logging_mixin.py:188} INFO - [2023-12-26T01:05:57.008+0000] {dagbag.py:538} INFO - Filling up the DagBag from /workspaces/git_branch_test_class_2/airflow/dags/Branch_Example.py
[2023-12-26T01:05:57.018+0000] {logging_mixin.py:188} WARNING - /usr/local/python/3.10.13/lib/python3.10/site-packages/airflow/models/baseoperator.py:437 RemovedInAirflow3Warning: provide_context is deprecated as of 2.0 and is no longer required
[2023-12-26T01:05:57.020+0000] {processor.py:840} INFO - DAG(s) 'branch_example' retrieved from /workspaces/git_branch_test_class_2/airflow/dags/Branch_Example.py
[2023-12-26T01:05:57.142+0000] {logging_mixin.py:188} INFO - [2023-12-26T01:05:57.141+0000] {override.py:1769} INFO - Created Permission View: can delete on DAG:branch_example
[2023-12-26T01:05:57.171+0000] {logging_mixin.py:188} INFO - [2023-12-26T01:05:57.171+0000] {override.py:1769} INFO - Created Permission View: can read on DAG:branch_example
[2023-12-26T01:05:57.196+0000] {logging_mixin.py:188} INFO - [2023-12-26T01:05:57.196+0000] {override.py:1769} INFO - Created Permission View: can edit on DAG:branch_example
[2023-12-26T01:05:57.196+0000] {logging_mixin.py:188} INFO - [2023-12-26T01:05:57.196+0000] {dag.py:3033} INFO - Sync 1 DAGs
[2023-12-26T01:05:57.204+0000] {logging_mixin.py:188} INFO - [2023-12-26T01:05:57.204+0000] {dag.py:3055} INFO - Creating ORM DAG for branch_example
[2023-12-26T01:05:57.205+0000] {logging_mixin.py:188} INFO - [2023-12-26T01:05:57.205+0000] {dag.py:3820} INFO - Setting next_dagrun for branch_example to None, run_after=None
[2023-12-26T01:05:57.238+0000] {processor.py:183} INFO - Processing /workspaces/git_branch_test_class_2/airflow/dags/Branch_Example.py took 0.233 seconds
[2023-12-26T01:06:44.096+0000] {processor.py:161} INFO - Started process (PID=12123) to work on /workspaces/git_branch_test_class_2/airflow/dags/Branch_Example.py
[2023-12-26T01:06:44.097+0000] {processor.py:830} INFO - Processing file /workspaces/git_branch_test_class_2/airflow/dags/Branch_Example.py for tasks to queue
[2023-12-26T01:06:44.097+0000] {logging_mixin.py:188} INFO - [2023-12-26T01:06:44.097+0000] {dagbag.py:538} INFO - Filling up the DagBag from /workspaces/git_branch_test_class_2/airflow/dags/Branch_Example.py
[2023-12-26T01:06:44.106+0000] {logging_mixin.py:188} WARNING - /usr/local/python/3.10.13/lib/python3.10/site-packages/airflow/models/baseoperator.py:437 RemovedInAirflow3Warning: provide_context is deprecated as of 2.0 and is no longer required
[2023-12-26T01:06:44.107+0000] {processor.py:840} INFO - DAG(s) 'branch_example' retrieved from /workspaces/git_branch_test_class_2/airflow/dags/Branch_Example.py
[2023-12-26T01:06:44.118+0000] {logging_mixin.py:188} INFO - [2023-12-26T01:06:44.117+0000] {dag.py:3033} INFO - Sync 1 DAGs
[2023-12-26T01:06:44.126+0000] {logging_mixin.py:188} INFO - [2023-12-26T01:06:44.126+0000] {dag.py:3820} INFO - Setting next_dagrun for branch_example to None, run_after=None
[2023-12-26T01:06:44.162+0000] {processor.py:183} INFO - Processing /workspaces/git_branch_test_class_2/airflow/dags/Branch_Example.py took 0.068 seconds
[2023-12-26T01:07:22.990+0000] {processor.py:161} INFO - Started process (PID=12507) to work on /workspaces/git_branch_test_class_2/airflow/dags/Branch_Example.py
[2023-12-26T01:07:22.990+0000] {processor.py:830} INFO - Processing file /workspaces/git_branch_test_class_2/airflow/dags/Branch_Example.py for tasks to queue
[2023-12-26T01:07:22.991+0000] {logging_mixin.py:188} INFO - [2023-12-26T01:07:22.991+0000] {dagbag.py:538} INFO - Filling up the DagBag from /workspaces/git_branch_test_class_2/airflow/dags/Branch_Example.py
[2023-12-26T01:07:23.000+0000] {logging_mixin.py:188} WARNING - /usr/local/python/3.10.13/lib/python3.10/site-packages/airflow/models/baseoperator.py:437 RemovedInAirflow3Warning: provide_context is deprecated as of 2.0 and is no longer required
[2023-12-26T01:07:23.001+0000] {processor.py:840} INFO - DAG(s) 'branch_example' retrieved from /workspaces/git_branch_test_class_2/airflow/dags/Branch_Example.py
[2023-12-26T01:07:23.012+0000] {logging_mixin.py:188} INFO - [2023-12-26T01:07:23.012+0000] {dag.py:3033} INFO - Sync 1 DAGs
[2023-12-26T01:07:23.021+0000] {logging_mixin.py:188} INFO - [2023-12-26T01:07:23.021+0000] {dag.py:3820} INFO - Setting next_dagrun for branch_example to None, run_after=None
[2023-12-26T01:07:23.060+0000] {processor.py:183} INFO - Processing /workspaces/git_branch_test_class_2/airflow/dags/Branch_Example.py took 0.072 seconds
[2023-12-26T01:07:58.730+0000] {processor.py:161} INFO - Started process (PID=12803) to work on /workspaces/git_branch_test_class_2/airflow/dags/Branch_Example.py
[2023-12-26T01:07:58.731+0000] {processor.py:830} INFO - Processing file /workspaces/git_branch_test_class_2/airflow/dags/Branch_Example.py for tasks to queue
[2023-12-26T01:07:58.731+0000] {logging_mixin.py:188} INFO - [2023-12-26T01:07:58.731+0000] {dagbag.py:538} INFO - Filling up the DagBag from /workspaces/git_branch_test_class_2/airflow/dags/Branch_Example.py
[2023-12-26T01:07:58.740+0000] {logging_mixin.py:188} WARNING - /usr/local/python/3.10.13/lib/python3.10/site-packages/airflow/models/baseoperator.py:437 RemovedInAirflow3Warning: provide_context is deprecated as of 2.0 and is no longer required
[2023-12-26T01:07:58.741+0000] {processor.py:840} INFO - DAG(s) 'branch_example' retrieved from /workspaces/git_branch_test_class_2/airflow/dags/Branch_Example.py
[2023-12-26T01:07:58.752+0000] {logging_mixin.py:188} INFO - [2023-12-26T01:07:58.752+0000] {dag.py:3033} INFO - Sync 1 DAGs
[2023-12-26T01:07:58.761+0000] {logging_mixin.py:188} INFO - [2023-12-26T01:07:58.761+0000] {dag.py:3820} INFO - Setting next_dagrun for branch_example to None, run_after=None
[2023-12-26T01:07:58.801+0000] {processor.py:183} INFO - Processing /workspaces/git_branch_test_class_2/airflow/dags/Branch_Example.py took 0.073 seconds
[2023-12-26T01:08:41.407+0000] {processor.py:161} INFO - Started process (PID=13317) to work on /workspaces/git_branch_test_class_2/airflow/dags/Branch_Example.py
[2023-12-26T01:08:41.408+0000] {processor.py:830} INFO - Processing file /workspaces/git_branch_test_class_2/airflow/dags/Branch_Example.py for tasks to queue
[2023-12-26T01:08:41.409+0000] {logging_mixin.py:188} INFO - [2023-12-26T01:08:41.408+0000] {dagbag.py:538} INFO - Filling up the DagBag from /workspaces/git_branch_test_class_2/airflow/dags/Branch_Example.py
[2023-12-26T01:08:41.418+0000] {logging_mixin.py:188} WARNING - /usr/local/python/3.10.13/lib/python3.10/site-packages/airflow/models/baseoperator.py:437 RemovedInAirflow3Warning: provide_context is deprecated as of 2.0 and is no longer required
[2023-12-26T01:08:41.419+0000] {processor.py:840} INFO - DAG(s) 'branch_example' retrieved from /workspaces/git_branch_test_class_2/airflow/dags/Branch_Example.py
[2023-12-26T01:08:41.431+0000] {logging_mixin.py:188} INFO - [2023-12-26T01:08:41.430+0000] {dag.py:3033} INFO - Sync 1 DAGs
[2023-12-26T01:08:41.439+0000] {logging_mixin.py:188} INFO - [2023-12-26T01:08:41.439+0000] {dag.py:3820} INFO - Setting next_dagrun for branch_example to None, run_after=None
[2023-12-26T01:08:41.474+0000] {processor.py:183} INFO - Processing /workspaces/git_branch_test_class_2/airflow/dags/Branch_Example.py took 0.069 seconds
